[35m[1mConsolidate compiler generated dependencies of target simple_action_server[0m
[35m[1mConsolidate compiler generated dependencies of target simple_action_server_node[0m
[ 50%] [32mBuilding CXX object CMakeFiles/simple_action_server.dir/src/simple_action_server.cpp.o[0m
[ 50%] Built target simple_action_server_node
[ 83%] Built target simple_moveit_interface
[100%] [32m[1mLinking CXX shared library libsimple_action_server.so[0m
[100%] Built target simple_action_server
-- Install configuration: ""
-- Installing: /home/jitesh/arduinobot_ws/install/arduinobot_cpp_examples/lib/arduinobot_cpp_examples/simple_action_server_node
-- Set runtime path of "/home/jitesh/arduinobot_ws/install/arduinobot_cpp_examples/lib/arduinobot_cpp_examples/simple_action_server_node" to ""
-- Up-to-date: /home/jitesh/arduinobot_ws/install/arduinobot_cpp_examples/lib/arduinobot_cpp_examples/simple_moveit_interface
-- Installing: /home/jitesh/arduinobot_ws/install/arduinobot_cpp_examples/lib/libsimple_action_server.so
-- Set runtime path of "/home/jitesh/arduinobot_ws/install/arduinobot_cpp_examples/lib/libsimple_action_server.so" to ""
-- Up-to-date: /home/jitesh/arduinobot_ws/install/arduinobot_cpp_examples/share/ament_index/resource_index/package_run_dependencies/arduinobot_cpp_examples
-- Up-to-date: /home/jitesh/arduinobot_ws/install/arduinobot_cpp_examples/share/ament_index/resource_index/parent_prefix_path/arduinobot_cpp_examples
-- Up-to-date: /home/jitesh/arduinobot_ws/install/arduinobot_cpp_examples/share/arduinobot_cpp_examples/environment/ament_prefix_path.sh
-- Installing: /home/jitesh/arduinobot_ws/install/arduinobot_cpp_examples/share/arduinobot_cpp_examples/environment/ament_prefix_path.dsv
-- Up-to-date: /home/jitesh/arduinobot_ws/install/arduinobot_cpp_examples/share/arduinobot_cpp_examples/environment/path.sh
-- Installing: /home/jitesh/arduinobot_ws/install/arduinobot_cpp_examples/share/arduinobot_cpp_examples/environment/path.dsv
-- Up-to-date: /home/jitesh/arduinobot_ws/install/arduinobot_cpp_examples/share/arduinobot_cpp_examples/local_setup.bash
-- Up-to-date: /home/jitesh/arduinobot_ws/install/arduinobot_cpp_examples/share/arduinobot_cpp_examples/local_setup.sh
-- Up-to-date: /home/jitesh/arduinobot_ws/install/arduinobot_cpp_examples/share/arduinobot_cpp_examples/local_setup.zsh
-- Installing: /home/jitesh/arduinobot_ws/install/arduinobot_cpp_examples/share/arduinobot_cpp_examples/local_setup.dsv
-- Installing: /home/jitesh/arduinobot_ws/install/arduinobot_cpp_examples/share/arduinobot_cpp_examples/package.dsv
-- Up-to-date: /home/jitesh/arduinobot_ws/install/arduinobot_cpp_examples/share/ament_index/resource_index/packages/arduinobot_cpp_examples
-- Installing: /home/jitesh/arduinobot_ws/install/arduinobot_cpp_examples/share/ament_index/resource_index/rclcpp_components/arduinobot_cpp_examples
-- Up-to-date: /home/jitesh/arduinobot_ws/install/arduinobot_cpp_examples/share/arduinobot_cpp_examples/cmake/arduinobot_cpp_examplesConfig.cmake
-- Up-to-date: /home/jitesh/arduinobot_ws/install/arduinobot_cpp_examples/share/arduinobot_cpp_examples/cmake/arduinobot_cpp_examplesConfig-version.cmake
-- Up-to-date: /home/jitesh/arduinobot_ws/install/arduinobot_cpp_examples/share/arduinobot_cpp_examples/package.xml
