[0.408s] Invoking command in '/home/jitesh/arduinobot_ws/build/arduinobot_firmware': CMAKE_PREFIX_PATH=${CMAKE_PREFIX_PATH}:/home/jitesh/ws_moveit2/install/moveit_configs_utils:/home/jitesh/ws_moveit2/install/launch_param_builder:/home/jitesh/bookros2_ws/install/launch_pal:/home/jitesh/bookros2_ws/install/br2_fsm_bumpgo_py:/home/jitesh/roboarm_ws/install/my_robot_arm:/home/jitesh/ros2_ws/install/urdf_tutorial:/home/jitesh/ros2_ws/install/py_srvcli:/home/jitesh/ros2_ws/install/py_pubsub:/home/jitesh/ros2_ws/install/my_robot_controller:/home/jitesh/ros2_ws/install/cpp_pubsub:/opt/ros/humble /usr/bin/cmake /home/jitesh/arduinobot_ws/src/arduinobot_firmware -DCMAKE_INSTALL_PREFIX=/home/jitesh/arduinobot_ws/install/arduinobot_firmware
[0.644s] -- The C compiler identification is GNU 11.4.0
[0.742s] -- The CXX compiler identification is GNU 11.4.0
[0.757s] -- Detecting C compiler ABI info
[0.907s] -- Detecting C compiler ABI info - done
[0.913s] -- Check for working C compiler: /usr/bin/cc - skipped
[0.914s] -- Detecting C compile features
[0.914s] -- Detecting C compile features - done
[0.917s] -- Detecting CXX compiler ABI info
[1.067s] -- Detecting CXX compiler ABI info - done
[1.074s] -- Check for working CXX compiler: /usr/bin/c++ - skipped
[1.075s] -- Detecting CXX compile features
[1.075s] -- Detecting CXX compile features - done
[1.104s] -- Found ament_cmake: 1.3.6 (/opt/ros/humble/share/ament_cmake/cmake)
[1.729s] -- Found Python3: /usr/bin/python3.10 (found version "3.10.12") found components: Interpreter 
[2.114s] -- Found ament_lint_auto: 0.12.9 (/opt/ros/humble/share/ament_lint_auto/cmake)
[2.317s] -- Added test 'lint_cmake' to check CMake code style
[2.321s] -- Added test 'xmllint' to check XML markup files
[2.328s] -- Configuring done
[2.332s] -- Generating done
[2.332s] -- Build files have been written to: /home/jitesh/arduinobot_ws/build/arduinobot_firmware
[2.339s] Invoked command in '/home/jitesh/arduinobot_ws/build/arduinobot_firmware' returned '0': CMAKE_PREFIX_PATH=${CMAKE_PREFIX_PATH}:/home/jitesh/ws_moveit2/install/moveit_configs_utils:/home/jitesh/ws_moveit2/install/launch_param_builder:/home/jitesh/bookros2_ws/install/launch_pal:/home/jitesh/bookros2_ws/install/br2_fsm_bumpgo_py:/home/jitesh/roboarm_ws/install/my_robot_arm:/home/jitesh/ros2_ws/install/urdf_tutorial:/home/jitesh/ros2_ws/install/py_srvcli:/home/jitesh/ros2_ws/install/py_pubsub:/home/jitesh/ros2_ws/install/my_robot_controller:/home/jitesh/ros2_ws/install/cpp_pubsub:/opt/ros/humble /usr/bin/cmake /home/jitesh/arduinobot_ws/src/arduinobot_firmware -DCMAKE_INSTALL_PREFIX=/home/jitesh/arduinobot_ws/install/arduinobot_firmware
[2.341s] Invoking command in '/home/jitesh/arduinobot_ws/build/arduinobot_firmware': CMAKE_PREFIX_PATH=${CMAKE_PREFIX_PATH}:/home/jitesh/ws_moveit2/install/moveit_configs_utils:/home/jitesh/ws_moveit2/install/launch_param_builder:/home/jitesh/bookros2_ws/install/launch_pal:/home/jitesh/bookros2_ws/install/br2_fsm_bumpgo_py:/home/jitesh/roboarm_ws/install/my_robot_arm:/home/jitesh/ros2_ws/install/urdf_tutorial:/home/jitesh/ros2_ws/install/py_srvcli:/home/jitesh/ros2_ws/install/py_pubsub:/home/jitesh/ros2_ws/install/my_robot_controller:/home/jitesh/ros2_ws/install/cpp_pubsub:/opt/ros/humble /usr/bin/cmake --build /home/jitesh/arduinobot_ws/build/arduinobot_firmware -- -j12 -l12
[2.424s] Invoked command in '/home/jitesh/arduinobot_ws/build/arduinobot_firmware' returned '0': CMAKE_PREFIX_PATH=${CMAKE_PREFIX_PATH}:/home/jitesh/ws_moveit2/install/moveit_configs_utils:/home/jitesh/ws_moveit2/install/launch_param_builder:/home/jitesh/bookros2_ws/install/launch_pal:/home/jitesh/bookros2_ws/install/br2_fsm_bumpgo_py:/home/jitesh/roboarm_ws/install/my_robot_arm:/home/jitesh/ros2_ws/install/urdf_tutorial:/home/jitesh/ros2_ws/install/py_srvcli:/home/jitesh/ros2_ws/install/py_pubsub:/home/jitesh/ros2_ws/install/my_robot_controller:/home/jitesh/ros2_ws/install/cpp_pubsub:/opt/ros/humble /usr/bin/cmake --build /home/jitesh/arduinobot_ws/build/arduinobot_firmware -- -j12 -l12
[2.493s] Invoking command in '/home/jitesh/arduinobot_ws/build/arduinobot_firmware': CMAKE_PREFIX_PATH=${CMAKE_PREFIX_PATH}:/home/jitesh/ws_moveit2/install/moveit_configs_utils:/home/jitesh/ws_moveit2/install/launch_param_builder:/home/jitesh/bookros2_ws/install/launch_pal:/home/jitesh/bookros2_ws/install/br2_fsm_bumpgo_py:/home/jitesh/roboarm_ws/install/my_robot_arm:/home/jitesh/ros2_ws/install/urdf_tutorial:/home/jitesh/ros2_ws/install/py_srvcli:/home/jitesh/ros2_ws/install/py_pubsub:/home/jitesh/ros2_ws/install/my_robot_controller:/home/jitesh/ros2_ws/install/cpp_pubsub:/opt/ros/humble /usr/bin/cmake --install /home/jitesh/arduinobot_ws/build/arduinobot_firmware
[2.510s] -- Install configuration: ""
[2.510s] -- Installing: /home/jitesh/arduinobot_ws/install/arduinobot_firmware/share/ament_index/resource_index/package_run_dependencies/arduinobot_firmware
[2.511s] -- Installing: /home/jitesh/arduinobot_ws/install/arduinobot_firmware/share/ament_index/resource_index/parent_prefix_path/arduinobot_firmware
[2.512s] -- Installing: /home/jitesh/arduinobot_ws/install/arduinobot_firmware/share/arduinobot_firmware/environment/ament_prefix_path.sh
[2.512s] -- Installing: /home/jitesh/arduinobot_ws/install/arduinobot_firmware/share/arduinobot_firmware/environment/ament_prefix_path.dsv
[2.512s] -- Installing: /home/jitesh/arduinobot_ws/install/arduinobot_firmware/share/arduinobot_firmware/environment/path.sh
[2.512s] -- Installing: /home/jitesh/arduinobot_ws/install/arduinobot_firmware/share/arduinobot_firmware/environment/path.dsv
[2.512s] -- Installing: /home/jitesh/arduinobot_ws/install/arduinobot_firmware/share/arduinobot_firmware/local_setup.bash
[2.512s] -- Installing: /home/jitesh/arduinobot_ws/install/arduinobot_firmware/share/arduinobot_firmware/local_setup.sh
[2.512s] -- Installing: /home/jitesh/arduinobot_ws/install/arduinobot_firmware/share/arduinobot_firmware/local_setup.zsh
[2.512s] -- Installing: /home/jitesh/arduinobot_ws/install/arduinobot_firmware/share/arduinobot_firmware/local_setup.dsv
[2.513s] -- Installing: /home/jitesh/arduinobot_ws/install/arduinobot_firmware/share/arduinobot_firmware/package.dsv
[2.513s] -- Installing: /home/jitesh/arduinobot_ws/install/arduinobot_firmware/share/ament_index/resource_index/packages/arduinobot_firmware
[2.513s] -- Installing: /home/jitesh/arduinobot_ws/install/arduinobot_firmware/share/arduinobot_firmware/cmake/arduinobot_firmwareConfig.cmake
[2.513s] -- Installing: /home/jitesh/arduinobot_ws/install/arduinobot_firmware/share/arduinobot_firmware/cmake/arduinobot_firmwareConfig-version.cmake
[2.513s] -- Installing: /home/jitesh/arduinobot_ws/install/arduinobot_firmware/share/arduinobot_firmware/package.xml
[2.999s] Invoked command in '/home/jitesh/arduinobot_ws/build/arduinobot_firmware' returned '0': CMAKE_PREFIX_PATH=${CMAKE_PREFIX_PATH}:/home/jitesh/ws_moveit2/install/moveit_configs_utils:/home/jitesh/ws_moveit2/install/launch_param_builder:/home/jitesh/bookros2_ws/install/launch_pal:/home/jitesh/bookros2_ws/install/br2_fsm_bumpgo_py:/home/jitesh/roboarm_ws/install/my_robot_arm:/home/jitesh/ros2_ws/install/urdf_tutorial:/home/jitesh/ros2_ws/install/py_srvcli:/home/jitesh/ros2_ws/install/py_pubsub:/home/jitesh/ros2_ws/install/my_robot_controller:/home/jitesh/ros2_ws/install/cpp_pubsub:/opt/ros/humble /usr/bin/cmake --install /home/jitesh/arduinobot_ws/build/arduinobot_firmware
