[0.400s] Invoking command in '/home/jitesh/arduinobot_ws/build/arduinobot_firmware': CMAKE_PREFIX_PATH=${CMAKE_PREFIX_PATH}:/home/jitesh/ws_moveit2/install/moveit_configs_utils:/home/jitesh/ws_moveit2/install/launch_param_builder:/home/jitesh/bookros2_ws/install/launch_pal:/home/jitesh/bookros2_ws/install/br2_fsm_bumpgo_py:/home/jitesh/roboarm_ws/install/my_robot_arm:/home/jitesh/ros2_ws/install/urdf_tutorial:/home/jitesh/ros2_ws/install/py_srvcli:/home/jitesh/ros2_ws/install/py_pubsub:/home/jitesh/ros2_ws/install/my_robot_controller:/home/jitesh/ros2_ws/install/cpp_pubsub:/opt/ros/humble /usr/bin/cmake --build /home/jitesh/arduinobot_ws/build/arduinobot_firmware -- -j12 -l12
[0.445s] -- Found ament_cmake: 1.3.6 (/opt/ros/humble/share/ament_cmake/cmake)
[0.715s] -- Found rclpy: 3.3.11 (/opt/ros/humble/share/rclpy/cmake)
[0.736s] -- Found rclcpp: 16.0.7 (/opt/ros/humble/share/rclcpp/cmake)
[1.029s] -- Found rosidl_generator_c: 3.1.5 (/opt/ros/humble/share/rosidl_generator_c/cmake)
[1.080s] -- Found rosidl_adapter: 3.1.5 (/opt/ros/humble/share/rosidl_adapter/cmake)
[1.120s] -- Found rosidl_generator_cpp: 3.1.5 (/opt/ros/humble/share/rosidl_generator_cpp/cmake)
[1.172s] -- Using all available rosidl_typesupport_c: rosidl_typesupport_fastrtps_c;rosidl_typesupport_introspection_c
[1.242s] -- Using all available rosidl_typesupport_cpp: rosidl_typesupport_fastrtps_cpp;rosidl_typesupport_introspection_cpp
[1.499s] -- Found rmw_implementation_cmake: 6.1.1 (/opt/ros/humble/share/rmw_implementation_cmake/cmake)
[1.529s] -- Found rmw_fastrtps_cpp: 6.2.5 (/opt/ros/humble/share/rmw_fastrtps_cpp/cmake)
[1.932s] -- Found OpenSSL: /usr/lib/x86_64-linux-gnu/libcrypto.so (found version "3.0.2")  
[2.011s] -- Found FastRTPS: /opt/ros/humble/include  
[2.131s] -- Using RMW implementation 'rmw_fastrtps_cpp' as default
[2.203s] -- Looking for pthread.h
[2.369s] -- Looking for pthread.h - found
[2.369s] -- Performing Test CMAKE_HAVE_LIBC_PTHREAD
[2.528s] -- Performing Test CMAKE_HAVE_LIBC_PTHREAD - Success
[2.529s] -- Found Threads: TRUE  
[2.907s] -- Found ament_lint_auto: 0.12.9 (/opt/ros/humble/share/ament_lint_auto/cmake)
[3.027s] -- Added test 'cppcheck' to perform static code analysis on C / C++ code
[3.027s] -- Configured cppcheck include dirs: 
[3.027s] -- Configured cppcheck exclude dirs and/or files: 
[3.031s] -- Added test 'flake8' to check Python code syntax and style conventions
[3.032s] -- Added test 'lint_cmake' to check CMake code style
[3.032s] -- Added test 'pep257' to check Python code against some of the docstring style conventions in PEP 257
[3.034s] -- Added test 'uncrustify' to check C / C++ code style
[3.034s] -- Configured uncrustify additional arguments: 
[3.038s] -- Added test 'xmllint' to check XML markup files
[3.039s] -- Configuring done
[3.048s] -- Generating done
[3.050s] -- Build files have been written to: /home/jitesh/arduinobot_ws/build/arduinobot_firmware
[3.177s] Built target ament_cmake_python_copy_arduinobot_firmware
[3.476s] running egg_info
[3.494s] writing arduinobot_firmware.egg-info/PKG-INFO
[3.494s] writing dependency_links to arduinobot_firmware.egg-info/dependency_links.txt
[3.495s] writing top-level names to arduinobot_firmware.egg-info/top_level.txt
[3.680s] reading manifest file 'arduinobot_firmware.egg-info/SOURCES.txt'
[3.681s] writing manifest file 'arduinobot_firmware.egg-info/SOURCES.txt'
[3.781s] Built target ament_cmake_python_build_arduinobot_firmware_egg
[3.813s] Invoked command in '/home/jitesh/arduinobot_ws/build/arduinobot_firmware' returned '0': CMAKE_PREFIX_PATH=${CMAKE_PREFIX_PATH}:/home/jitesh/ws_moveit2/install/moveit_configs_utils:/home/jitesh/ws_moveit2/install/launch_param_builder:/home/jitesh/bookros2_ws/install/launch_pal:/home/jitesh/bookros2_ws/install/br2_fsm_bumpgo_py:/home/jitesh/roboarm_ws/install/my_robot_arm:/home/jitesh/ros2_ws/install/urdf_tutorial:/home/jitesh/ros2_ws/install/py_srvcli:/home/jitesh/ros2_ws/install/py_pubsub:/home/jitesh/ros2_ws/install/my_robot_controller:/home/jitesh/ros2_ws/install/cpp_pubsub:/opt/ros/humble /usr/bin/cmake --build /home/jitesh/arduinobot_ws/build/arduinobot_firmware -- -j12 -l12
[4.044s] Invoking command in '/home/jitesh/arduinobot_ws/build/arduinobot_firmware': CMAKE_PREFIX_PATH=${CMAKE_PREFIX_PATH}:/home/jitesh/ws_moveit2/install/moveit_configs_utils:/home/jitesh/ws_moveit2/install/launch_param_builder:/home/jitesh/bookros2_ws/install/launch_pal:/home/jitesh/bookros2_ws/install/br2_fsm_bumpgo_py:/home/jitesh/roboarm_ws/install/my_robot_arm:/home/jitesh/ros2_ws/install/urdf_tutorial:/home/jitesh/ros2_ws/install/py_srvcli:/home/jitesh/ros2_ws/install/py_pubsub:/home/jitesh/ros2_ws/install/my_robot_controller:/home/jitesh/ros2_ws/install/cpp_pubsub:/opt/ros/humble /usr/bin/cmake --install /home/jitesh/arduinobot_ws/build/arduinobot_firmware
[4.065s] -- Install configuration: ""
[4.065s] -- Up-to-date: /home/jitesh/arduinobot_ws/install/arduinobot_firmware/share/arduinobot_firmware/environment/pythonpath.sh
[4.066s] -- Installing: /home/jitesh/arduinobot_ws/install/arduinobot_firmware/share/arduinobot_firmware/environment/pythonpath.dsv
[4.066s] -- Up-to-date: /home/jitesh/arduinobot_ws/install/arduinobot_firmware/local/lib/python3.10/dist-packages/arduinobot_firmware-0.0.0-py3.10.egg-info
[4.066s] -- Installing: /home/jitesh/arduinobot_ws/install/arduinobot_firmware/local/lib/python3.10/dist-packages/arduinobot_firmware-0.0.0-py3.10.egg-info/top_level.txt
[4.066s] -- Installing: /home/jitesh/arduinobot_ws/install/arduinobot_firmware/local/lib/python3.10/dist-packages/arduinobot_firmware-0.0.0-py3.10.egg-info/PKG-INFO
[4.066s] -- Installing: /home/jitesh/arduinobot_ws/install/arduinobot_firmware/local/lib/python3.10/dist-packages/arduinobot_firmware-0.0.0-py3.10.egg-info/dependency_links.txt
[4.066s] -- Installing: /home/jitesh/arduinobot_ws/install/arduinobot_firmware/local/lib/python3.10/dist-packages/arduinobot_firmware-0.0.0-py3.10.egg-info/SOURCES.txt
[4.067s] -- Up-to-date: /home/jitesh/arduinobot_ws/install/arduinobot_firmware/local/lib/python3.10/dist-packages/arduinobot_firmware
[4.069s] -- Up-to-date: /home/jitesh/arduinobot_ws/install/arduinobot_firmware/local/lib/python3.10/dist-packages/arduinobot_firmware/simple_serial_transmitter.py
[4.069s] -- Up-to-date: /home/jitesh/arduinobot_ws/install/arduinobot_firmware/local/lib/python3.10/dist-packages/arduinobot_firmware/__init__.py
[4.122s] Listing '/home/jitesh/arduinobot_ws/install/arduinobot_firmware/local/lib/python3.10/dist-packages/arduinobot_firmware'...
[4.132s] -- Up-to-date: /home/jitesh/arduinobot_ws/install/arduinobot_firmware/lib/arduinobot_firmware/simple_serial_transmitter.py
[4.133s] -- Installing: /home/jitesh/arduinobot_ws/install/arduinobot_firmware/share/ament_index/resource_index/package_run_dependencies/arduinobot_firmware
[4.133s] -- Up-to-date: /home/jitesh/arduinobot_ws/install/arduinobot_firmware/share/ament_index/resource_index/parent_prefix_path/arduinobot_firmware
[4.133s] -- Up-to-date: /home/jitesh/arduinobot_ws/install/arduinobot_firmware/share/arduinobot_firmware/environment/ament_prefix_path.sh
[4.133s] -- Installing: /home/jitesh/arduinobot_ws/install/arduinobot_firmware/share/arduinobot_firmware/environment/ament_prefix_path.dsv
[4.133s] -- Up-to-date: /home/jitesh/arduinobot_ws/install/arduinobot_firmware/share/arduinobot_firmware/environment/path.sh
[4.133s] -- Installing: /home/jitesh/arduinobot_ws/install/arduinobot_firmware/share/arduinobot_firmware/environment/path.dsv
[4.133s] -- Up-to-date: /home/jitesh/arduinobot_ws/install/arduinobot_firmware/share/arduinobot_firmware/local_setup.bash
[4.133s] -- Up-to-date: /home/jitesh/arduinobot_ws/install/arduinobot_firmware/share/arduinobot_firmware/local_setup.sh
[4.134s] -- Up-to-date: /home/jitesh/arduinobot_ws/install/arduinobot_firmware/share/arduinobot_firmware/local_setup.zsh
[4.134s] -- Installing: /home/jitesh/arduinobot_ws/install/arduinobot_firmware/share/arduinobot_firmware/local_setup.dsv
[4.134s] -- Installing: /home/jitesh/arduinobot_ws/install/arduinobot_firmware/share/arduinobot_firmware/package.dsv
[4.134s] -- Up-to-date: /home/jitesh/arduinobot_ws/install/arduinobot_firmware/share/ament_index/resource_index/packages/arduinobot_firmware
[4.134s] -- Up-to-date: /home/jitesh/arduinobot_ws/install/arduinobot_firmware/share/arduinobot_firmware/cmake/arduinobot_firmwareConfig.cmake
[4.134s] -- Up-to-date: /home/jitesh/arduinobot_ws/install/arduinobot_firmware/share/arduinobot_firmware/cmake/arduinobot_firmwareConfig-version.cmake
[4.134s] -- Installing: /home/jitesh/arduinobot_ws/install/arduinobot_firmware/share/arduinobot_firmware/package.xml
[4.139s] Invoked command in '/home/jitesh/arduinobot_ws/build/arduinobot_firmware' returned '0': CMAKE_PREFIX_PATH=${CMAKE_PREFIX_PATH}:/home/jitesh/ws_moveit2/install/moveit_configs_utils:/home/jitesh/ws_moveit2/install/launch_param_builder:/home/jitesh/bookros2_ws/install/launch_pal:/home/jitesh/bookros2_ws/install/br2_fsm_bumpgo_py:/home/jitesh/roboarm_ws/install/my_robot_arm:/home/jitesh/ros2_ws/install/urdf_tutorial:/home/jitesh/ros2_ws/install/py_srvcli:/home/jitesh/ros2_ws/install/py_pubsub:/home/jitesh/ros2_ws/install/my_robot_controller:/home/jitesh/ros2_ws/install/cpp_pubsub:/opt/ros/humble /usr/bin/cmake --install /home/jitesh/arduinobot_ws/build/arduinobot_firmware
