[0.600s] Invoking command in '/home/jitesh/arduinobot_ws/build/arduinobot_description': CMAKE_PREFIX_PATH=${CMAKE_PREFIX_PATH}:/home/jitesh/ws_moveit2/install/moveit_configs_utils:/home/jitesh/ws_moveit2/install/launch_param_builder:/home/jitesh/bookros2_ws/install/launch_pal:/home/jitesh/bookros2_ws/install/br2_fsm_bumpgo_py:/home/jitesh/roboarm_ws/install/my_robot_arm:/home/jitesh/ros2_ws/install/urdf_tutorial:/home/jitesh/ros2_ws/install/py_srvcli:/home/jitesh/ros2_ws/install/py_pubsub:/home/jitesh/ros2_ws/install/my_robot_controller:/home/jitesh/ros2_ws/install/cpp_pubsub:/opt/ros/humble /usr/bin/cmake --build /home/jitesh/arduinobot_ws/build/arduinobot_description -- -j12 -l12
[0.747s] Invoked command in '/home/jitesh/arduinobot_ws/build/arduinobot_description' returned '0': CMAKE_PREFIX_PATH=${CMAKE_PREFIX_PATH}:/home/jitesh/ws_moveit2/install/moveit_configs_utils:/home/jitesh/ws_moveit2/install/launch_param_builder:/home/jitesh/bookros2_ws/install/launch_pal:/home/jitesh/bookros2_ws/install/br2_fsm_bumpgo_py:/home/jitesh/roboarm_ws/install/my_robot_arm:/home/jitesh/ros2_ws/install/urdf_tutorial:/home/jitesh/ros2_ws/install/py_srvcli:/home/jitesh/ros2_ws/install/py_pubsub:/home/jitesh/ros2_ws/install/my_robot_controller:/home/jitesh/ros2_ws/install/cpp_pubsub:/opt/ros/humble /usr/bin/cmake --build /home/jitesh/arduinobot_ws/build/arduinobot_description -- -j12 -l12
[0.977s] Invoking command in '/home/jitesh/arduinobot_ws/build/arduinobot_description': CMAKE_PREFIX_PATH=${CMAKE_PREFIX_PATH}:/home/jitesh/ws_moveit2/install/moveit_configs_utils:/home/jitesh/ws_moveit2/install/launch_param_builder:/home/jitesh/bookros2_ws/install/launch_pal:/home/jitesh/bookros2_ws/install/br2_fsm_bumpgo_py:/home/jitesh/roboarm_ws/install/my_robot_arm:/home/jitesh/ros2_ws/install/urdf_tutorial:/home/jitesh/ros2_ws/install/py_srvcli:/home/jitesh/ros2_ws/install/py_pubsub:/home/jitesh/ros2_ws/install/my_robot_controller:/home/jitesh/ros2_ws/install/cpp_pubsub:/opt/ros/humble /usr/bin/cmake --install /home/jitesh/arduinobot_ws/build/arduinobot_description
[1.018s] -- Install configuration: ""
[1.023s] -- Up-to-date: /home/jitesh/arduinobot_ws/install/arduinobot_description/share/arduinobot_description/meshes
[1.023s] -- Up-to-date: /home/jitesh/arduinobot_ws/install/arduinobot_description/share/arduinobot_description/meshes/plate.STL
[1.023s] -- Up-to-date: /home/jitesh/arduinobot_ws/install/arduinobot_description/share/arduinobot_description/meshes/forward_drive_arm.STL
[1.024s] -- Up-to-date: /home/jitesh/arduinobot_ws/install/arduinobot_description/share/arduinobot_description/meshes/link.STL
[1.024s] -- Up-to-date: /home/jitesh/arduinobot_ws/install/arduinobot_description/share/arduinobot_description/meshes/left_finger.STL
[1.024s] -- Up-to-date: /home/jitesh/arduinobot_ws/install/arduinobot_description/share/arduinobot_description/meshes/triangular_link.STL
[1.024s] -- Up-to-date: /home/jitesh/arduinobot_ws/install/arduinobot_description/share/arduinobot_description/meshes/base_plate.STL
[1.024s] -- Up-to-date: /home/jitesh/arduinobot_ws/install/arduinobot_description/share/arduinobot_description/meshes/horizontal_arm.STL
[1.024s] -- Up-to-date: /home/jitesh/arduinobot_ws/install/arduinobot_description/share/arduinobot_description/meshes/basement.STL
[1.024s] -- Up-to-date: /home/jitesh/arduinobot_ws/install/arduinobot_description/share/arduinobot_description/meshes/round_plate.STL
[1.024s] -- Up-to-date: /home/jitesh/arduinobot_ws/install/arduinobot_description/share/arduinobot_description/meshes/claw_support.STL
[1.024s] -- Up-to-date: /home/jitesh/arduinobot_ws/install/arduinobot_description/share/arduinobot_description/meshes/right_finger.STL
[1.024s] -- Up-to-date: /home/jitesh/arduinobot_ws/install/arduinobot_description/share/arduinobot_description/meshes/vertical_drive_arm.STL
[1.024s] -- Up-to-date: /home/jitesh/arduinobot_ws/install/arduinobot_description/share/arduinobot_description/meshes/servo_plate.STL
[1.024s] -- Up-to-date: /home/jitesh/arduinobot_ws/install/arduinobot_description/share/arduinobot_description/urdf
[1.024s] -- Up-to-date: /home/jitesh/arduinobot_ws/install/arduinobot_description/share/arduinobot_description/urdf/arduinobot.urdf.xacro
[1.025s] -- Up-to-date: /home/jitesh/arduinobot_ws/install/arduinobot_description/share/arduinobot_description/urdf/arduinobot_ros2_control.xacro
[1.025s] -- Up-to-date: /home/jitesh/arduinobot_ws/install/arduinobot_description/share/arduinobot_description/urdf/arduinobot_gazebo.xacro
[1.025s] -- Up-to-date: /home/jitesh/arduinobot_ws/install/arduinobot_description/share/arduinobot_description/launch
[1.025s] -- Up-to-date: /home/jitesh/arduinobot_ws/install/arduinobot_description/share/arduinobot_description/launch/display.launch.py
[1.025s] -- Up-to-date: /home/jitesh/arduinobot_ws/install/arduinobot_description/share/arduinobot_description/launch/gazebo.launch.py
[1.025s] -- Up-to-date: /home/jitesh/arduinobot_ws/install/arduinobot_description/share/arduinobot_description/rviz
[1.025s] -- Up-to-date: /home/jitesh/arduinobot_ws/install/arduinobot_description/share/arduinobot_description/rviz/display.rviz
[1.025s] -- Up-to-date: /home/jitesh/arduinobot_ws/install/arduinobot_description/share/ament_index/resource_index/package_run_dependencies/arduinobot_description
[1.025s] -- Up-to-date: /home/jitesh/arduinobot_ws/install/arduinobot_description/share/ament_index/resource_index/parent_prefix_path/arduinobot_description
[1.025s] -- Up-to-date: /home/jitesh/arduinobot_ws/install/arduinobot_description/share/arduinobot_description/environment/ament_prefix_path.sh
[1.025s] -- Up-to-date: /home/jitesh/arduinobot_ws/install/arduinobot_description/share/arduinobot_description/environment/ament_prefix_path.dsv
[1.025s] -- Up-to-date: /home/jitesh/arduinobot_ws/install/arduinobot_description/share/arduinobot_description/environment/path.sh
[1.026s] -- Up-to-date: /home/jitesh/arduinobot_ws/install/arduinobot_description/share/arduinobot_description/environment/path.dsv
[1.026s] -- Up-to-date: /home/jitesh/arduinobot_ws/install/arduinobot_description/share/arduinobot_description/local_setup.bash
[1.026s] -- Up-to-date: /home/jitesh/arduinobot_ws/install/arduinobot_description/share/arduinobot_description/local_setup.sh
[1.026s] -- Up-to-date: /home/jitesh/arduinobot_ws/install/arduinobot_description/share/arduinobot_description/local_setup.zsh
[1.026s] -- Up-to-date: /home/jitesh/arduinobot_ws/install/arduinobot_description/share/arduinobot_description/local_setup.dsv
[1.026s] -- Installing: /home/jitesh/arduinobot_ws/install/arduinobot_description/share/arduinobot_description/package.dsv
[1.027s] -- Up-to-date: /home/jitesh/arduinobot_ws/install/arduinobot_description/share/ament_index/resource_index/packages/arduinobot_description
[1.027s] -- Up-to-date: /home/jitesh/arduinobot_ws/install/arduinobot_description/share/arduinobot_description/cmake/arduinobot_descriptionConfig.cmake
[1.027s] -- Up-to-date: /home/jitesh/arduinobot_ws/install/arduinobot_description/share/arduinobot_description/cmake/arduinobot_descriptionConfig-version.cmake
[1.027s] -- Up-to-date: /home/jitesh/arduinobot_ws/install/arduinobot_description/share/arduinobot_description/package.xml
[1.205s] Invoked command in '/home/jitesh/arduinobot_ws/build/arduinobot_description' returned '0': CMAKE_PREFIX_PATH=${CMAKE_PREFIX_PATH}:/home/jitesh/ws_moveit2/install/moveit_configs_utils:/home/jitesh/ws_moveit2/install/launch_param_builder:/home/jitesh/bookros2_ws/install/launch_pal:/home/jitesh/bookros2_ws/install/br2_fsm_bumpgo_py:/home/jitesh/roboarm_ws/install/my_robot_arm:/home/jitesh/ros2_ws/install/urdf_tutorial:/home/jitesh/ros2_ws/install/py_srvcli:/home/jitesh/ros2_ws/install/py_pubsub:/home/jitesh/ros2_ws/install/my_robot_controller:/home/jitesh/ros2_ws/install/cpp_pubsub:/opt/ros/humble /usr/bin/cmake --install /home/jitesh/arduinobot_ws/build/arduinobot_description
