[  7%] Built target arduinobot_msgs__cpp
[ 12%] Built target arduinobot_msgs__rosidl_generator_c
[ 12%] Built target ament_cmake_python_copy_arduinobot_msgs
[ 23%] Built target arduinobot_msgs__rosidl_typesupport_introspection_c
[ 49%] Built target arduinobot_msgs__rosidl_typesupport_fastrtps_c
[ 56%] Built target arduinobot_msgs__rosidl_typesupport_introspection_cpp
[ 56%] Built target arduinobot_msgs__rosidl_typesupport_c
[ 67%] Built target arduinobot_msgs__rosidl_typesupport_cpp
[ 78%] Built target arduinobot_msgs__rosidl_typesupport_fastrtps_cpp
[ 78%] Built target arduinobot_msgs
[ 80%] Built target arduinobot_msgs__py
[ 89%] Built target arduinobot_msgs__rosidl_generator_py
running egg_info
writing arduinobot_msgs.egg-info/PKG-INFO
writing dependency_links to arduinobot_msgs.egg-info/dependency_links.txt
writing top-level names to arduinobot_msgs.egg-info/top_level.txt
[ 92%] Built target arduinobot_msgs__rosidl_typesupport_c__pyext
[ 96%] Built target arduinobot_msgs__rosidl_typesupport_introspection_c__pyext
[100%] Built target arduinobot_msgs__rosidl_typesupport_fastrtps_c__pyext
reading manifest file 'arduinobot_msgs.egg-info/SOURCES.txt'
writing manifest file 'arduinobot_msgs.egg-info/SOURCES.txt'
[100%] Built target ament_cmake_python_build_arduinobot_msgs_egg
