[01m[K/home/jitesh/arduinobot_ws/src/arduinobot_cpp_examples/src/simple_action_server.cpp:18:51:[m[K [01;31m[Kerror: [m[K‘[01m[KNodeOptios[m[K’ in namespace ‘[01m[Krclcpp[m[K’ does not name a type; did you mean ‘[01m[KNodeOptions[m[K’?
   18 |         explicit SimpleActionServer(const rclcpp::[01;31m[KNodeOptios[m[K options = rclcpp::NodeOptions()) : Node("simple_action_sever", options)
      |                                                   [01;31m[K^~~~~~~~~~[m[K
      |                                                   [32m[KNodeOptions[m[K
[01m[K/home/jitesh/arduinobot_ws/src/arduinobot_cpp_examples/src/simple_action_server.cpp:18:80:[m[K [01;31m[Kerror: [m[Kcould not convert ‘[01m[Krclcpp::NodeOptions(rcutils_get_default_allocator())[m[K’ from ‘[01m[Krclcpp::NodeOptions[m[K’ to ‘[01m[Kint[m[K’
   18 |         explicit SimpleActionServer(const rclcpp::NodeOptios options = rclcpp::[01;31m[KNodeOptions()[m[K) : Node("simple_action_sever", options)
      |                                                                                [01;31m[K^~~~~~~~~~~~~[m[K
      |                                                                                [01;31m[K|[m[K
      |                                                                                [01;31m[Krclcpp::NodeOptions[m[K
[01m[K/home/jitesh/arduinobot_ws/src/arduinobot_cpp_examples/src/simple_action_server.cpp:[m[K In constructor ‘[01m[Karduinobot_cpp_examples::SimpleActionServer::SimpleActionServer(int)[m[K’:
[01m[K/home/jitesh/arduinobot_ws/src/arduinobot_cpp_examples/src/simple_action_server.cpp:18:132:[m[K [01;31m[Kerror: [m[Kno matching function for call to ‘[01m[Krclcpp::Node::Node(const char [20], const int&)[m[K’
   18 |         explicit SimpleActionServer(const rclcpp::NodeOptios options = rclcpp::NodeOptions()) : Node("simple_action_sever", options[01;31m[K)[m[K
      |                                                                                                                                    [01;31m[K^[m[K
In file included from [01m[K/opt/ros/humble/include/rclcpp/rclcpp/executors/single_threaded_executor.hpp:28[m[K,
                 from [01m[K/opt/ros/humble/include/rclcpp/rclcpp/executors.hpp:22[m[K,
                 from [01m[K/opt/ros/humble/include/rclcpp/rclcpp/rclcpp.hpp:155[m[K,
                 from [01m[K/home/jitesh/arduinobot_ws/src/arduinobot_cpp_examples/src/simple_action_server.cpp:1[m[K:
[01m[K/opt/ros/humble/include/rclcpp/rclcpp/node.hpp:1294:3:[m[K [01;36m[Knote: [m[Kcandidate: ‘[01m[Krclcpp::Node::Node(const rclcpp::Node&, const string&)[m[K’
 1294 |   [01;36m[KNode[m[K(
      |   [01;36m[K^~~~[m[K
[01m[K/opt/ros/humble/include/rclcpp/rclcpp/node.hpp:1295:18:[m[K [01;36m[Knote: [m[K  no known conversion for argument 1 from ‘[01m[Kconst char [20][m[K’ to ‘[01m[Kconst rclcpp::Node&[m[K’
 1295 |     [01;36m[Kconst Node & other[m[K,
      |     [01;36m[K~~~~~~~~~~~~~^~~~~[m[K
[01m[K/opt/ros/humble/include/rclcpp/rclcpp/node.hpp:101:12:[m[K [01;36m[Knote: [m[Kcandidate: ‘[01m[Krclcpp::Node::Node(const string&, const string&, const rclcpp::NodeOptions&)[m[K’
  101 |   explicit [01;36m[KNode[m[K(
      |            [01;36m[K^~~~[m[K
[01m[K/opt/ros/humble/include/rclcpp/rclcpp/node.hpp:103:25:[m[K [01;36m[Knote: [m[K  no known conversion for argument 2 from ‘[01m[Kconst int[m[K’ to ‘[01m[Kconst string&[m[K’ {aka ‘[01m[Kconst std::__cxx11::basic_string<char>&[m[K’}
  103 |     [01;36m[Kconst std::string & namespace_[m[K,
      |     [01;36m[K~~~~~~~~~~~~~~~~~~~~^~~~~~~~~~[m[K
[01m[K/opt/ros/humble/include/rclcpp/rclcpp/node.hpp:89:12:[m[K [01;36m[Knote: [m[Kcandidate: ‘[01m[Krclcpp::Node::Node(const string&, const rclcpp::NodeOptions&)[m[K’
   89 |   explicit [01;36m[KNode[m[K(
      |            [01;36m[K^~~~[m[K
[01m[K/opt/ros/humble/include/rclcpp/rclcpp/node.hpp:91:25:[m[K [01;36m[Knote: [m[K  no known conversion for argument 2 from ‘[01m[Kconst int[m[K’ to ‘[01m[Kconst rclcpp::NodeOptions&[m[K’
   91 |     [01;36m[Kconst NodeOptions & options = NodeOptions()[m[K);
      |     [01;36m[K~~~~~~~~~~~~~~~~~~~~^~~~~~~~~~~~~~~~~~~~~~~[m[K
[01m[K/home/jitesh/arduinobot_ws/src/arduinobot_cpp_examples/src/simple_action_server.cpp:[m[K In member function ‘[01m[Krclcpp_action::GoalResponse arduinobot_cpp_examples::SimpleActionServer::goalCallback(const GoalUUID&, std::shared_ptr<const arduinobot_msgs::action::Fibonacci_Goal_<std::allocator<void> > >)[m[K’:
[01m[K/home/jitesh/arduinobot_ws/src/arduinobot_cpp_examples/src/simple_action_server.cpp:31:81:[m[K [01;35m[Kwarning: [m[Kunused parameter ‘[01m[Kuuid[m[K’ [[01;35m[K]8;;https://gcc.gnu.org/onlinedocs/gcc/Warning-Options.html#index-Wunused-parameter-Wunused-parameter]8;;[m[K]
   31 |         rclcpp_action::GoalResponse goalCallback([01;35m[Kconst rclcpp_action::GoalUUID &uuid[m[K, std::shared_ptr<const arduinobot_msgs::action::Fibonacci::Goal> goal)
      |                                                  [01;35m[K~~~~~~~~~~~~~~~~~~~~~~~~~~~~~~~^~~~[m[K
[01m[K/home/jitesh/arduinobot_ws/src/arduinobot_cpp_examples/src/simple_action_server.cpp:[m[K In member function ‘[01m[Krclcpp_action::CancelResponse arduinobot_cpp_examples::SimpleActionServer::cancelCallback(std::shared_ptr<rclcpp_action::ServerGoalHandle<arduinobot_msgs::action::Fibonacci> >)[m[K’:
[01m[K/home/jitesh/arduinobot_ws/src/arduinobot_cpp_examples/src/simple_action_server.cpp:80:145:[m[K [01;35m[Kwarning: [m[Kunused parameter ‘[01m[Kgoal_handle[m[K’ [[01;35m[K]8;;https://gcc.gnu.org/onlinedocs/gcc/Warning-Options.html#index-Wunused-parameter-Wunused-parameter]8;;[m[K]
   80 |         rclcpp_action::CancelResponse cancelCallback([01;35m[Kconst std::shared_ptr<rclcpp_action::ServerGoalHandle<arduinobot_msgs::action::Fibonacci>> goal_handle[m[K)
      |                                                      [01;35m[K~~~~~~~~~~~~~~~~~~~~~~~~~~~~~~~~~~~~~~~~~~~~~~~~~~~~~~~~~~~~~~~~~~~~~~~~~~~~~~~~~~~~~~~~~~~^~~~~~~~~~~[m[K
In file included from [01m[K/usr/include/x86_64-linux-gnu/c++/11/bits/c++allocator.h:33[m[K,
                 from [01m[K/usr/include/c++/11/bits/allocator.h:46[m[K,
                 from [01m[K/usr/include/c++/11/memory:64[m[K,
                 from [01m[K/opt/ros/humble/include/rclcpp/rclcpp/rclcpp.hpp:153[m[K,
                 from [01m[K/home/jitesh/arduinobot_ws/src/arduinobot_cpp_examples/src/simple_action_server.cpp:1[m[K:
/usr/include/c++/11/ext/new_allocator.h: In instantiation of ‘[01m[Kvoid __gnu_cxx::new_allocator<_Tp>::construct(_Up*, _Args&& ...) [with _Up = arduinobot_cpp_examples::SimpleActionServer; _Args = {const rclcpp::NodeOptions&}; _Tp = arduinobot_cpp_examples::SimpleActionServer][m[K’:
[01m[K/usr/include/c++/11/bits/alloc_traits.h:516:17:[m[K   required from ‘[01m[Kstatic void std::allocator_traits<std::allocator<_Tp1> >::construct(std::allocator_traits<std::allocator<_Tp1> >::allocator_type&, _Up*, _Args&& ...) [with _Up = arduinobot_cpp_examples::SimpleActionServer; _Args = {const rclcpp::NodeOptions&}; _Tp = arduinobot_cpp_examples::SimpleActionServer; std::allocator_traits<std::allocator<_Tp1> >::allocator_type = std::allocator<arduinobot_cpp_examples::SimpleActionServer>][m[K’
[01m[K/usr/include/c++/11/bits/shared_ptr_base.h:519:39:[m[K   required from ‘[01m[Kstd::_Sp_counted_ptr_inplace<_Tp, _Alloc, _Lp>::_Sp_counted_ptr_inplace(_Alloc, _Args&& ...) [with _Args = {const rclcpp::NodeOptions&}; _Tp = arduinobot_cpp_examples::SimpleActionServer; _Alloc = std::allocator<arduinobot_cpp_examples::SimpleActionServer>; __gnu_cxx::_Lock_policy _Lp = __gnu_cxx::_S_atomic][m[K’
[01m[K/usr/include/c++/11/bits/shared_ptr_base.h:650:16:[m[K   required from ‘[01m[Kstd::__shared_count<_Lp>::__shared_count(_Tp*&, std::_Sp_alloc_shared_tag<_Alloc>, _Args&& ...) [with _Tp = arduinobot_cpp_examples::SimpleActionServer; _Alloc = std::allocator<arduinobot_cpp_examples::SimpleActionServer>; _Args = {const rclcpp::NodeOptions&}; __gnu_cxx::_Lock_policy _Lp = __gnu_cxx::_S_atomic][m[K’
[01m[K/usr/include/c++/11/bits/shared_ptr_base.h:1342:14:[m[K   required from ‘[01m[Kstd::__shared_ptr<_Tp, _Lp>::__shared_ptr(std::_Sp_alloc_shared_tag<_Tp>, _Args&& ...) [with _Alloc = std::allocator<arduinobot_cpp_examples::SimpleActionServer>; _Args = {const rclcpp::NodeOptions&}; _Tp = arduinobot_cpp_examples::SimpleActionServer; __gnu_cxx::_Lock_policy _Lp = __gnu_cxx::_S_atomic][m[K’
[01m[K/usr/include/c++/11/bits/shared_ptr.h:409:59:[m[K   required from ‘[01m[Kstd::shared_ptr<_Tp>::shared_ptr(std::_Sp_alloc_shared_tag<_Tp>, _Args&& ...) [with _Alloc = std::allocator<arduinobot_cpp_examples::SimpleActionServer>; _Args = {const rclcpp::NodeOptions&}; _Tp = arduinobot_cpp_examples::SimpleActionServer][m[K’
[01m[K/usr/include/c++/11/bits/shared_ptr.h:862:14:[m[K   required from ‘[01m[Kstd::shared_ptr<_Tp> std::allocate_shared(const _Alloc&, _Args&& ...) [with _Tp = arduinobot_cpp_examples::SimpleActionServer; _Alloc = std::allocator<arduinobot_cpp_examples::SimpleActionServer>; _Args = {const rclcpp::NodeOptions&}][m[K’
[01m[K/usr/include/c++/11/bits/shared_ptr.h:878:39:[m[K   required from ‘[01m[Kstd::shared_ptr<_Tp> std::make_shared(_Args&& ...) [with _Tp = arduinobot_cpp_examples::SimpleActionServer; _Args = {const rclcpp::NodeOptions&}][m[K’
[01m[K/opt/ros/humble/include/rclcpp_components/rclcpp_components/node_factory_template.hpp:45:40:[m[K   required from ‘[01m[Krclcpp_components::NodeInstanceWrapper rclcpp_components::NodeFactoryTemplate<NodeT>::create_node_instance(const rclcpp::NodeOptions&) [with NodeT = arduinobot_cpp_examples::SimpleActionServer][m[K’
[01m[K/opt/ros/humble/include/rclcpp_components/rclcpp_components/node_factory_template.hpp:43:3:[m[K   required from here
[01m[K/usr/include/c++/11/ext/new_allocator.h:162:11:[m[K [01;31m[Kerror: [m[Kno matching function for call to ‘[01m[Karduinobot_cpp_examples::SimpleActionServer::SimpleActionServer(const rclcpp::NodeOptions&)[m[K’
  162 |         { [01;31m[K::new((void *)__p) _Up(std::forward<_Args>(__args)...)[m[K; }
      |           [01;31m[K^~~~~~~~~~~~~~~~~~~~~~~~~~~~~~~~~~~~~~~~~~~~~~~~~~~~~~[m[K
[01m[K/home/jitesh/arduinobot_ws/src/arduinobot_cpp_examples/src/simple_action_server.cpp:18:18:[m[K [01;36m[Knote: [m[Kcandidate: ‘[01m[Karduinobot_cpp_examples::SimpleActionServer::SimpleActionServer(int)[m[K’
   18 |         explicit [01;36m[KSimpleActionServer[m[K(const rclcpp::NodeOptios options = rclcpp::NodeOptions()) : Node("simple_action_sever", options)
      |                  [01;36m[K^~~~~~~~~~~~~~~~~~[m[K
[01m[K/home/jitesh/arduinobot_ws/src/arduinobot_cpp_examples/src/simple_action_server.cpp:18:62:[m[K [01;36m[Knote: [m[K  no known conversion for argument 1 from ‘[01m[Kconst rclcpp::NodeOptions[m[K’ to ‘[01m[Kint[m[K’
   18 |         explicit SimpleActionServer([01;36m[Kconst rclcpp::NodeOptios options = rclcpp::NodeOptions()[m[K) : Node("simple_action_sever", options)
      |                                     [01;36m[K~~~~~~~~~~~~~~~~~~~~~~~~~^~~~~~~~~~~~~~~~~~~~~~~~~~~~~~~[m[K
gmake[2]: *** [CMakeFiles/simple_action_server.dir/build.make:76: CMakeFiles/simple_action_server.dir/src/simple_action_server.cpp.o] Error 1
gmake[1]: *** [CMakeFiles/Makefile2:167: CMakeFiles/simple_action_server.dir/all] Error 2
gmake[1]: *** Waiting for unfinished jobs....
gmake: *** [Makefile:146: all] Error 2
