[1.971s] DEBUG:colcon:Command line arguments: ['/usr/bin/colcon', 'list', '-p', '--base-paths', '/home/jitesh/arduinobot_ws']
[1.971s] DEBUG:colcon:Parsed command line arguments: Namespace(log_base=None, log_level=None, verb_name='list', build_base='build', ignore_user_meta=False, metas=['./colcon.meta'], base_paths=['/home/jitesh/arduinobot_ws'], packages_ignore=None, packages_ignore_regex=None, paths=None, packages_up_to=None, packages_up_to_regex=None, packages_above=None, packages_above_and_dependencies=None, packages_above_depth=None, packages_select_by_dep=None, packages_skip_by_dep=None, packages_skip_up_to=None, packages_select_build_failed=False, packages_skip_build_finished=False, packages_select_test_failures=False, packages_skip_test_passed=False, packages_select=None, packages_skip=None, packages_select_regex=None, packages_skip_regex=None, packages_start=None, packages_end=None, allow_overriding=[], topological_order=False, names_only=False, paths_only=True, topological_graph=False, topological_graph_dot=False, topological_graph_density=False, topological_graph_legend=False, topological_graph_dot_cluster=False, topological_graph_dot_include_skipped=False, mixin_files=None, mixin=None, verb_parser=<colcon_mixin.mixin.mixin_argument.MixinArgumentDecorator object at 0x7f162d7a3520>, verb_extension=<colcon_package_information.verb.list.ListVerb object at 0x7f162d78ef80>, main=<bound method ListVerb.main of <colcon_package_information.verb.list.ListVerb object at 0x7f162d78ef80>>, mixin_verb=('list',))
[2.026s] Level 1:colcon.colcon_core.package_discovery:discover_packages(colcon_meta) check parameters
[2.027s] Level 1:colcon.colcon_core.package_discovery:discover_packages(recursive) check parameters
[2.027s] Level 1:colcon.colcon_core.package_discovery:discover_packages(ignore) check parameters
[2.027s] Level 1:colcon.colcon_core.package_discovery:discover_packages(path) check parameters
[2.027s] Level 1:colcon.colcon_core.package_discovery:discover_packages(recursive) discover
[2.027s] INFO:colcon.colcon_core.package_discovery:Crawling recursively for packages in '/home/jitesh/arduinobot_ws'
[2.027s] Level 1:colcon.colcon_core.package_identification:_identify(/home/jitesh/arduinobot_ws) by extensions ['ignore', 'ignore_ament_install']
[2.027s] Level 1:colcon.colcon_core.package_identification:_identify(/home/jitesh/arduinobot_ws) by extension 'ignore'
[2.027s] Level 1:colcon.colcon_core.package_identification:_identify(/home/jitesh/arduinobot_ws) by extension 'ignore_ament_install'
[2.027s] Level 1:colcon.colcon_core.package_identification:_identify(/home/jitesh/arduinobot_ws) by extensions ['colcon_pkg']
[2.027s] Level 1:colcon.colcon_core.package_identification:_identify(/home/jitesh/arduinobot_ws) by extension 'colcon_pkg'
[2.027s] Level 1:colcon.colcon_core.package_identification:_identify(/home/jitesh/arduinobot_ws) by extensions ['colcon_meta']
[2.027s] Level 1:colcon.colcon_core.package_identification:_identify(/home/jitesh/arduinobot_ws) by extension 'colcon_meta'
[2.027s] Level 1:colcon.colcon_core.package_identification:_identify(/home/jitesh/arduinobot_ws) by extensions ['ros']
[2.027s] Level 1:colcon.colcon_core.package_identification:_identify(/home/jitesh/arduinobot_ws) by extension 'ros'
[2.039s] Level 1:colcon.colcon_core.package_identification:_identify(/home/jitesh/arduinobot_ws) by extensions ['cmake', 'python']
[2.039s] Level 1:colcon.colcon_core.package_identification:_identify(/home/jitesh/arduinobot_ws) by extension 'cmake'
[2.040s] Level 1:colcon.colcon_core.package_identification:_identify(/home/jitesh/arduinobot_ws) by extension 'python'
[2.040s] Level 1:colcon.colcon_core.package_identification:_identify(/home/jitesh/arduinobot_ws) by extensions ['python_setup_py']
[2.040s] Level 1:colcon.colcon_core.package_identification:_identify(/home/jitesh/arduinobot_ws) by extension 'python_setup_py'
[2.040s] Level 1:colcon.colcon_core.package_identification:_identify(/home/jitesh/arduinobot_ws/build) by extensions ['ignore', 'ignore_ament_install']
[2.040s] Level 1:colcon.colcon_core.package_identification:_identify(/home/jitesh/arduinobot_ws/build) by extension 'ignore'
[2.040s] Level 1:colcon.colcon_core.package_identification:_identify(/home/jitesh/arduinobot_ws/build) ignored
[2.040s] Level 1:colcon.colcon_core.package_identification:_identify(/home/jitesh/arduinobot_ws/install) by extensions ['ignore', 'ignore_ament_install']
[2.040s] Level 1:colcon.colcon_core.package_identification:_identify(/home/jitesh/arduinobot_ws/install) by extension 'ignore'
[2.040s] Level 1:colcon.colcon_core.package_identification:_identify(/home/jitesh/arduinobot_ws/install) ignored
[2.040s] Level 1:colcon.colcon_core.package_identification:_identify(/home/jitesh/arduinobot_ws/log) by extensions ['ignore', 'ignore_ament_install']
[2.040s] Level 1:colcon.colcon_core.package_identification:_identify(/home/jitesh/arduinobot_ws/log) by extension 'ignore'
[2.040s] Level 1:colcon.colcon_core.package_identification:_identify(/home/jitesh/arduinobot_ws/log) ignored
[2.040s] Level 1:colcon.colcon_core.package_identification:_identify(/home/jitesh/arduinobot_ws/src) by extensions ['ignore', 'ignore_ament_install']
[2.040s] Level 1:colcon.colcon_core.package_identification:_identify(/home/jitesh/arduinobot_ws/src) by extension 'ignore'
[2.040s] Level 1:colcon.colcon_core.package_identification:_identify(/home/jitesh/arduinobot_ws/src) by extension 'ignore_ament_install'
[2.041s] Level 1:colcon.colcon_core.package_identification:_identify(/home/jitesh/arduinobot_ws/src) by extensions ['colcon_pkg']
[2.041s] Level 1:colcon.colcon_core.package_identification:_identify(/home/jitesh/arduinobot_ws/src) by extension 'colcon_pkg'
[2.041s] Level 1:colcon.colcon_core.package_identification:_identify(/home/jitesh/arduinobot_ws/src) by extensions ['colcon_meta']
[2.041s] Level 1:colcon.colcon_core.package_identification:_identify(/home/jitesh/arduinobot_ws/src) by extension 'colcon_meta'
[2.041s] Level 1:colcon.colcon_core.package_identification:_identify(/home/jitesh/arduinobot_ws/src) by extensions ['ros']
[2.041s] Level 1:colcon.colcon_core.package_identification:_identify(/home/jitesh/arduinobot_ws/src) by extension 'ros'
[2.041s] Level 1:colcon.colcon_core.package_identification:_identify(/home/jitesh/arduinobot_ws/src) by extensions ['cmake', 'python']
[2.041s] Level 1:colcon.colcon_core.package_identification:_identify(/home/jitesh/arduinobot_ws/src) by extension 'cmake'
[2.041s] Level 1:colcon.colcon_core.package_identification:_identify(/home/jitesh/arduinobot_ws/src) by extension 'python'
[2.041s] Level 1:colcon.colcon_core.package_identification:_identify(/home/jitesh/arduinobot_ws/src) by extensions ['python_setup_py']
[2.041s] Level 1:colcon.colcon_core.package_identification:_identify(/home/jitesh/arduinobot_ws/src) by extension 'python_setup_py'
[2.041s] Level 1:colcon.colcon_core.package_identification:_identify(/home/jitesh/arduinobot_ws/src/arduinobot_cpp_examples) by extensions ['ignore', 'ignore_ament_install']
[2.041s] Level 1:colcon.colcon_core.package_identification:_identify(/home/jitesh/arduinobot_ws/src/arduinobot_cpp_examples) by extension 'ignore'
[2.041s] Level 1:colcon.colcon_core.package_identification:_identify(/home/jitesh/arduinobot_ws/src/arduinobot_cpp_examples) by extension 'ignore_ament_install'
[2.041s] Level 1:colcon.colcon_core.package_identification:_identify(/home/jitesh/arduinobot_ws/src/arduinobot_cpp_examples) by extensions ['colcon_pkg']
[2.041s] Level 1:colcon.colcon_core.package_identification:_identify(/home/jitesh/arduinobot_ws/src/arduinobot_cpp_examples) by extension 'colcon_pkg'
[2.041s] Level 1:colcon.colcon_core.package_identification:_identify(/home/jitesh/arduinobot_ws/src/arduinobot_cpp_examples) by extensions ['colcon_meta']
[2.041s] Level 1:colcon.colcon_core.package_identification:_identify(/home/jitesh/arduinobot_ws/src/arduinobot_cpp_examples) by extension 'colcon_meta'
[2.041s] Level 1:colcon.colcon_core.package_identification:_identify(/home/jitesh/arduinobot_ws/src/arduinobot_cpp_examples) by extensions ['ros']
[2.041s] Level 1:colcon.colcon_core.package_identification:_identify(/home/jitesh/arduinobot_ws/src/arduinobot_cpp_examples) by extension 'ros'
[2.044s] DEBUG:colcon.colcon_core.package_identification:Package '/home/jitesh/arduinobot_ws/src/arduinobot_cpp_examples' with type 'ros.ament_cmake' and name 'arduinobot_cpp_examples'
[2.044s] Level 1:colcon.colcon_core.package_identification:_identify(/home/jitesh/arduinobot_ws/src/arduinobot_py_examples) by extensions ['ignore', 'ignore_ament_install']
[2.044s] Level 1:colcon.colcon_core.package_identification:_identify(/home/jitesh/arduinobot_ws/src/arduinobot_py_examples) by extension 'ignore'
[2.044s] Level 1:colcon.colcon_core.package_identification:_identify(/home/jitesh/arduinobot_ws/src/arduinobot_py_examples) by extension 'ignore_ament_install'
[2.044s] Level 1:colcon.colcon_core.package_identification:_identify(/home/jitesh/arduinobot_ws/src/arduinobot_py_examples) by extensions ['colcon_pkg']
[2.044s] Level 1:colcon.colcon_core.package_identification:_identify(/home/jitesh/arduinobot_ws/src/arduinobot_py_examples) by extension 'colcon_pkg'
[2.044s] Level 1:colcon.colcon_core.package_identification:_identify(/home/jitesh/arduinobot_ws/src/arduinobot_py_examples) by extensions ['colcon_meta']
[2.044s] Level 1:colcon.colcon_core.package_identification:_identify(/home/jitesh/arduinobot_ws/src/arduinobot_py_examples) by extension 'colcon_meta'
[2.045s] Level 1:colcon.colcon_core.package_identification:_identify(/home/jitesh/arduinobot_ws/src/arduinobot_py_examples) by extensions ['ros']
[2.045s] Level 1:colcon.colcon_core.package_identification:_identify(/home/jitesh/arduinobot_ws/src/arduinobot_py_examples) by extension 'ros'
[2.045s] DEBUG:colcon.colcon_core.package_identification:Package '/home/jitesh/arduinobot_ws/src/arduinobot_py_examples' with type 'ros.ament_python' and name 'arduinobot_py_examples'
[2.045s] Level 1:colcon.colcon_core.package_identification:_identify(/home/jitesh/arduinobot_ws/src/build) by extensions ['ignore', 'ignore_ament_install']
[2.046s] Level 1:colcon.colcon_core.package_identification:_identify(/home/jitesh/arduinobot_ws/src/build) by extension 'ignore'
[2.046s] Level 1:colcon.colcon_core.package_identification:_identify(/home/jitesh/arduinobot_ws/src/build) ignored
[2.046s] Level 1:colcon.colcon_core.package_identification:_identify(/home/jitesh/arduinobot_ws/src/install) by extensions ['ignore', 'ignore_ament_install']
[2.046s] Level 1:colcon.colcon_core.package_identification:_identify(/home/jitesh/arduinobot_ws/src/install) by extension 'ignore'
[2.046s] Level 1:colcon.colcon_core.package_identification:_identify(/home/jitesh/arduinobot_ws/src/install) ignored
[2.046s] Level 1:colcon.colcon_core.package_identification:_identify(/home/jitesh/arduinobot_ws/src/log) by extensions ['ignore', 'ignore_ament_install']
[2.046s] Level 1:colcon.colcon_core.package_identification:_identify(/home/jitesh/arduinobot_ws/src/log) by extension 'ignore'
[2.046s] Level 1:colcon.colcon_core.package_identification:_identify(/home/jitesh/arduinobot_ws/src/log) ignored
[2.046s] Level 1:colcon.colcon_core.package_discovery:discover_packages(recursive) using defaults
