[1.350s] Invoking command in '/home/jitesh/arduinobot_ws/src/arduinobot_py_examples': PYTHONPATH=/home/jitesh/arduinobot_ws/build/arduinobot_py_examples/prefix_override:/home/jitesh/arduinobot_ws/install/arduinobot_py_examples/lib/python3.10/site-packages:${PYTHONPATH} /usr/bin/python3 setup.py egg_info --egg-base ../../build/arduinobot_py_examples build --build-base /home/jitesh/arduinobot_ws/build/arduinobot_py_examples/build install --record /home/jitesh/arduinobot_ws/build/arduinobot_py_examples/install.log --single-version-externally-managed
[1.707s] running egg_info
[1.708s] writing ../../build/arduinobot_py_examples/arduinobot_py_examples.egg-info/PKG-INFO
[1.708s] writing dependency_links to ../../build/arduinobot_py_examples/arduinobot_py_examples.egg-info/dependency_links.txt
[1.708s] writing entry points to ../../build/arduinobot_py_examples/arduinobot_py_examples.egg-info/entry_points.txt
[1.709s] writing requirements to ../../build/arduinobot_py_examples/arduinobot_py_examples.egg-info/requires.txt
[1.709s] writing top-level names to ../../build/arduinobot_py_examples/arduinobot_py_examples.egg-info/top_level.txt
[1.713s] reading manifest file '../../build/arduinobot_py_examples/arduinobot_py_examples.egg-info/SOURCES.txt'
[1.714s] writing manifest file '../../build/arduinobot_py_examples/arduinobot_py_examples.egg-info/SOURCES.txt'
[1.714s] running build
[1.714s] running build_py
[1.714s] copying arduinobot_py_examples/simple_service_server.py -> /home/jitesh/arduinobot_ws/build/arduinobot_py_examples/build/lib/arduinobot_py_examples
[1.714s] running install
[1.715s] running install_lib
[1.716s] copying /home/jitesh/arduinobot_ws/build/arduinobot_py_examples/build/lib/arduinobot_py_examples/simple_service_server.py -> /home/jitesh/arduinobot_ws/install/arduinobot_py_examples/lib/python3.10/site-packages/arduinobot_py_examples
[1.717s] byte-compiling /home/jitesh/arduinobot_ws/install/arduinobot_py_examples/lib/python3.10/site-packages/arduinobot_py_examples/simple_service_server.py to simple_service_server.cpython-310.pyc
[1.718s] running install_data
[1.718s] running install_egg_info
[1.721s] removing '/home/jitesh/arduinobot_ws/install/arduinobot_py_examples/lib/python3.10/site-packages/arduinobot_py_examples-0.0.0-py3.10.egg-info' (and everything under it)
[1.721s] Copying ../../build/arduinobot_py_examples/arduinobot_py_examples.egg-info to /home/jitesh/arduinobot_ws/install/arduinobot_py_examples/lib/python3.10/site-packages/arduinobot_py_examples-0.0.0-py3.10.egg-info
[1.722s] running install_scripts
[1.748s] Installing simple_parameter script to /home/jitesh/arduinobot_ws/install/arduinobot_py_examples/lib/arduinobot_py_examples
[1.748s] Installing simple_publisher script to /home/jitesh/arduinobot_ws/install/arduinobot_py_examples/lib/arduinobot_py_examples
[1.748s] Installing simple_subscriber script to /home/jitesh/arduinobot_ws/install/arduinobot_py_examples/lib/arduinobot_py_examples
[1.749s] writing list of installed files to '/home/jitesh/arduinobot_ws/build/arduinobot_py_examples/install.log'
[1.813s] Invoked command in '/home/jitesh/arduinobot_ws/src/arduinobot_py_examples' returned '0': PYTHONPATH=/home/jitesh/arduinobot_ws/build/arduinobot_py_examples/prefix_override:/home/jitesh/arduinobot_ws/install/arduinobot_py_examples/lib/python3.10/site-packages:${PYTHONPATH} /usr/bin/python3 setup.py egg_info --egg-base ../../build/arduinobot_py_examples build --build-base /home/jitesh/arduinobot_ws/build/arduinobot_py_examples/build install --record /home/jitesh/arduinobot_ws/build/arduinobot_py_examples/install.log --single-version-externally-managed
