[0.580s] Invoking command in '/home/jitesh/arduinobot_ws/build/arduinobot_msgs': CMAKE_PREFIX_PATH=/home/jitesh/ws_moveit2/install/pilz_industrial_motion_planner_testutils:/home/jitesh/ws_moveit2/install/panda_moveit_config:/home/jitesh/ws_moveit2/install/mrm_moveit_config:/home/jitesh/ws_moveit2/install/moveit_runtime:/home/jitesh/ws_moveit2/install/moveit2_tutorials:/home/jitesh/ws_moveit2/install/moveit:/home/jitesh/ws_moveit2/install/moveit_planners:/home/jitesh/ws_moveit2/install/pilz_industrial_motion_planner:/home/jitesh/ws_moveit2/install/mtc_tutorial:/home/jitesh/ws_moveit2/install/hello_moveit:/home/jitesh/ws_moveit2/install/moveit_visual_tools:/home/jitesh/ws_moveit2/install/moveit_task_constructor_visualization:/home/jitesh/ws_moveit2/install/moveit_task_constructor_demo:/home/jitesh/ws_moveit2/install/moveit_task_constructor_capabilities:/home/jitesh/ws_moveit2/install/moveit_task_constructor_core:/home/jitesh/ws_moveit2/install/moveit_ros_control_interface:/home/jitesh/ws_moveit2/install/moveit_plugins:/home/jitesh/ws_moveit2/install/moveit_simple_controller_manager:/home/jitesh/ws_moveit2/install/moveit_setup_assistant:/home/jitesh/ws_moveit2/install/moveit_setup_srdf_plugins:/home/jitesh/ws_moveit2/install/moveit_setup_core_plugins:/home/jitesh/ws_moveit2/install/moveit_setup_controllers:/home/jitesh/ws_moveit2/install/moveit_setup_app_plugins:/home/jitesh/ws_moveit2/install/moveit_setup_framework:/home/jitesh/ws_moveit2/install/moveit_servo:/home/jitesh/ws_moveit2/install/moveit_ros:/home/jitesh/ws_moveit2/install/moveit_ros_visualization:/home/jitesh/ws_moveit2/install/moveit_hybrid_planning:/home/jitesh/ws_moveit2/install/moveit_ros_planning_interface:/home/jitesh/ws_moveit2/install/moveit_ros_benchmarks:/home/jitesh/ws_moveit2/install/moveit_ros_warehouse:/home/jitesh/ws_moveit2/install/moveit_ros_robot_interaction:/home/jitesh/ws_moveit2/install/moveit_ros_perception:/home/jitesh/ws_moveit2/install/moveit_resources_prbt_pg70_support:/home/jitesh/ws_moveit2/install/moveit_resources_prbt_moveit_config:/home/jitesh/ws_moveit2/install/moveit_ros_move_group:/home/jitesh/ws_moveit2/install/moveit_planners_ompl:/home/jitesh/ws_moveit2/install/moveit_ros_planning:/home/jitesh/ws_moveit2/install/moveit_ros_occupancy_map_monitor:/home/jitesh/ws_moveit2/install/moveit_resources_prbt_ikfast_manipulator_plugin:/home/jitesh/ws_moveit2/install/moveit_planners_chomp:/home/jitesh/ws_moveit2/install/moveit_kinematics:/home/jitesh/ws_moveit2/install/moveit_chomp_optimizer_adapter:/home/jitesh/ws_moveit2/install/chomp_motion_planner:/home/jitesh/ws_moveit2/install/moveit_core:/home/jitesh/ws_moveit2/install/srdfdom:/home/jitesh/ws_moveit2/install/rviz_marker_tools:/home/jitesh/ws_moveit2/install/rosparam_shortcuts:/home/jitesh/ws_moveit2/install/mrm_description:/home/jitesh/ws_moveit2/install/moveit_task_constructor_msgs:/home/jitesh/ws_moveit2/install/moveit_resources_prbt_support:/home/jitesh/ws_moveit2/install/moveit_resources:/home/jitesh/ws_moveit2/install/moveit_resources_pr2_description:/home/jitesh/ws_moveit2/install/moveit_resources_panda_moveit_config:/home/jitesh/ws_moveit2/install/moveit_resources_panda_description:/home/jitesh/ws_moveit2/install/moveit_resources_fanuc_moveit_config:/home/jitesh/ws_moveit2/install/moveit_resources_fanuc_description:/home/jitesh/ws_moveit2/install/moveit_common:/home/jitesh/bookros2_ws/install/urdf_test:/home/jitesh/bookros2_ws/install/tiago_simulation:/home/jitesh/bookros2_ws/install/tiago_robot:/home/jitesh/bookros2_ws/install/tiago_navigation:/home/jitesh/bookros2_ws/install/tiago_gazebo:/home/jitesh/bookros2_ws/install/tiago_moveit_config:/home/jitesh/bookros2_ws/install/tiago_laser_sensors:/home/jitesh/bookros2_ws/install/tiago_bringup:/home/jitesh/bookros2_ws/install/tiago_description:/home/jitesh/bookros2_ws/install/tiago_controller_configuration:/home/jitesh/bookros2_ws/install/tiago_2dnav:/home/jitesh/bookros2_ws/install/pmb2_robot:/home/jitesh/bookros2_ws/install/pmb2_navigation:/home/jitesh/bookros2_ws/install/pmb2_2dnav:/home/jitesh/bookros2_ws/install/pmb2_maps:/home/jitesh/bookros2_ws/install/pmb2_laser_sensors:/home/jitesh/bookros2_ws/install/pmb2_bringup:/home/jitesh/bookros2_ws/install/pmb2_description:/home/jitesh/bookros2_ws/install/pmb2_controller_configuration:/home/jitesh/bookros2_ws/install/pal_gripper:/home/jitesh/bookros2_ws/install/pal_gripper_description:/home/jitesh/bookros2_ws/install/pal_gripper_controller_configuration:/home/jitesh/bookros2_ws/install/pal_gazebo_worlds:/home/jitesh/bookros2_ws/install/hey5_description:/home/jitesh/bookros2_ws/install/groot:/home/jitesh/bookros2_ws/install/br2_vff_avoidance:/home/jitesh/bookros2_ws/install/br2_tracking:/home/jitesh/bookros2_ws/install/br2_tracking_msgs:/home/jitesh/bookros2_ws/install/br2_tiago:/home/jitesh/bookros2_ws/install/br2_tf2_detector:/home/jitesh/bookros2_ws/install/br2_navigation:/home/jitesh/bookros2_ws/install/br2_fsm_bumpgo_cpp:/home/jitesh/bookros2_ws/install/br2_bt_patrolling:/home/jitesh/bookros2_ws/install/br2_bt_bumpgo:/home/jitesh/bookros2_ws/install/br2_basics:/home/jitesh/roboarm_ws/install/mrm_description:/home/jitesh/ws_moveit2/install/moveit_configs_utils:/home/jitesh/ws_moveit2/install/launch_param_builder:/home/jitesh/bookros2_ws/install/launch_pal:/home/jitesh/bookros2_ws/install/br2_fsm_bumpgo_py:/home/jitesh/roboarm_ws/install/my_robot_arm:/home/jitesh/ros2_ws/install/py_srvcli:/home/jitesh/ros2_ws/install/py_pubsub:/opt/ros/humble:/home/jitesh/ros2_ws/install/urdf_tutorial:/home/jitesh/ros2_ws/install/tutorial_interfaces:/home/jitesh/ros2_ws/install/turtlesim:/home/jitesh/ros2_ws/install/polygon_plugins:/home/jitesh/ros2_ws/install/polygon_base:/home/jitesh/ros2_ws/install/my_package:/home/jitesh/ros2_ws/install/more_interfaces:/home/jitesh/ros2_ws/install/dolly:/home/jitesh/ros2_ws/install/dolly_tests:/home/jitesh/ros2_ws/install/dolly_ignition:/home/jitesh/ros2_ws/install/dolly_gazebo:/home/jitesh/ros2_ws/install/dolly_follow:/home/jitesh/ros2_ws/install/cpp_pubsub:/home/jitesh/ros2_ws/install/cpp_parameter:/home/jitesh/ros2_ws/install/action_tutorials_cpp:/home/jitesh/ros2_ws/install/action_tutorials_interfaces /usr/bin/cmake --build /home/jitesh/arduinobot_ws/build/arduinobot_msgs -- -j12 -l12
[0.725s] [  9%] Built target arduinobot_msgs__cpp
[0.725s] [ 12%] Built target arduinobot_msgs__rosidl_generator_c
[0.755s] [ 12%] Built target ament_cmake_python_copy_arduinobot_msgs
[0.801s] [ 25%] Built target arduinobot_msgs__rosidl_typesupport_fastrtps_c
[0.801s] [ 35%] Built target arduinobot_msgs__rosidl_typesupport_cpp
[0.801s] [ 41%] Built target arduinobot_msgs__rosidl_typesupport_c
[0.806s] [ 61%] Built target arduinobot_msgs__rosidl_typesupport_introspection_c
[0.807s] [ 61%] Built target arduinobot_msgs__rosidl_typesupport_introspection_cpp
[0.807s] [ 70%] Built target arduinobot_msgs__rosidl_typesupport_fastrtps_cpp
[0.855s] [ 70%] Built target arduinobot_msgs
[0.908s] [ 74%] Built target arduinobot_msgs__py
[0.962s] [ 80%] Built target arduinobot_msgs__rosidl_generator_py
[1.016s] [ 93%] Built target arduinobot_msgs__rosidl_typesupport_c__pyext
[1.016s] [ 93%] Built target arduinobot_msgs__rosidl_typesupport_fastrtps_c__pyext
[1.017s] [100%] Built target arduinobot_msgs__rosidl_typesupport_introspection_c__pyext
[1.079s] running egg_info
[1.080s] writing arduinobot_msgs.egg-info/PKG-INFO
[1.080s] writing dependency_links to arduinobot_msgs.egg-info/dependency_links.txt
[1.080s] writing top-level names to arduinobot_msgs.egg-info/top_level.txt
[1.083s] reading manifest file 'arduinobot_msgs.egg-info/SOURCES.txt'
[1.083s] writing manifest file 'arduinobot_msgs.egg-info/SOURCES.txt'
[1.133s] [100%] Built target ament_cmake_python_build_arduinobot_msgs_egg
[1.231s] Invoked command in '/home/jitesh/arduinobot_ws/build/arduinobot_msgs' returned '0': CMAKE_PREFIX_PATH=/home/jitesh/ws_moveit2/install/pilz_industrial_motion_planner_testutils:/home/jitesh/ws_moveit2/install/panda_moveit_config:/home/jitesh/ws_moveit2/install/mrm_moveit_config:/home/jitesh/ws_moveit2/install/moveit_runtime:/home/jitesh/ws_moveit2/install/moveit2_tutorials:/home/jitesh/ws_moveit2/install/moveit:/home/jitesh/ws_moveit2/install/moveit_planners:/home/jitesh/ws_moveit2/install/pilz_industrial_motion_planner:/home/jitesh/ws_moveit2/install/mtc_tutorial:/home/jitesh/ws_moveit2/install/hello_moveit:/home/jitesh/ws_moveit2/install/moveit_visual_tools:/home/jitesh/ws_moveit2/install/moveit_task_constructor_visualization:/home/jitesh/ws_moveit2/install/moveit_task_constructor_demo:/home/jitesh/ws_moveit2/install/moveit_task_constructor_capabilities:/home/jitesh/ws_moveit2/install/moveit_task_constructor_core:/home/jitesh/ws_moveit2/install/moveit_ros_control_interface:/home/jitesh/ws_moveit2/install/moveit_plugins:/home/jitesh/ws_moveit2/install/moveit_simple_controller_manager:/home/jitesh/ws_moveit2/install/moveit_setup_assistant:/home/jitesh/ws_moveit2/install/moveit_setup_srdf_plugins:/home/jitesh/ws_moveit2/install/moveit_setup_core_plugins:/home/jitesh/ws_moveit2/install/moveit_setup_controllers:/home/jitesh/ws_moveit2/install/moveit_setup_app_plugins:/home/jitesh/ws_moveit2/install/moveit_setup_framework:/home/jitesh/ws_moveit2/install/moveit_servo:/home/jitesh/ws_moveit2/install/moveit_ros:/home/jitesh/ws_moveit2/install/moveit_ros_visualization:/home/jitesh/ws_moveit2/install/moveit_hybrid_planning:/home/jitesh/ws_moveit2/install/moveit_ros_planning_interface:/home/jitesh/ws_moveit2/install/moveit_ros_benchmarks:/home/jitesh/ws_moveit2/install/moveit_ros_warehouse:/home/jitesh/ws_moveit2/install/moveit_ros_robot_interaction:/home/jitesh/ws_moveit2/install/moveit_ros_perception:/home/jitesh/ws_moveit2/install/moveit_resources_prbt_pg70_support:/home/jitesh/ws_moveit2/install/moveit_resources_prbt_moveit_config:/home/jitesh/ws_moveit2/install/moveit_ros_move_group:/home/jitesh/ws_moveit2/install/moveit_planners_ompl:/home/jitesh/ws_moveit2/install/moveit_ros_planning:/home/jitesh/ws_moveit2/install/moveit_ros_occupancy_map_monitor:/home/jitesh/ws_moveit2/install/moveit_resources_prbt_ikfast_manipulator_plugin:/home/jitesh/ws_moveit2/install/moveit_planners_chomp:/home/jitesh/ws_moveit2/install/moveit_kinematics:/home/jitesh/ws_moveit2/install/moveit_chomp_optimizer_adapter:/home/jitesh/ws_moveit2/install/chomp_motion_planner:/home/jitesh/ws_moveit2/install/moveit_core:/home/jitesh/ws_moveit2/install/srdfdom:/home/jitesh/ws_moveit2/install/rviz_marker_tools:/home/jitesh/ws_moveit2/install/rosparam_shortcuts:/home/jitesh/ws_moveit2/install/mrm_description:/home/jitesh/ws_moveit2/install/moveit_task_constructor_msgs:/home/jitesh/ws_moveit2/install/moveit_resources_prbt_support:/home/jitesh/ws_moveit2/install/moveit_resources:/home/jitesh/ws_moveit2/install/moveit_resources_pr2_description:/home/jitesh/ws_moveit2/install/moveit_resources_panda_moveit_config:/home/jitesh/ws_moveit2/install/moveit_resources_panda_description:/home/jitesh/ws_moveit2/install/moveit_resources_fanuc_moveit_config:/home/jitesh/ws_moveit2/install/moveit_resources_fanuc_description:/home/jitesh/ws_moveit2/install/moveit_common:/home/jitesh/bookros2_ws/install/urdf_test:/home/jitesh/bookros2_ws/install/tiago_simulation:/home/jitesh/bookros2_ws/install/tiago_robot:/home/jitesh/bookros2_ws/install/tiago_navigation:/home/jitesh/bookros2_ws/install/tiago_gazebo:/home/jitesh/bookros2_ws/install/tiago_moveit_config:/home/jitesh/bookros2_ws/install/tiago_laser_sensors:/home/jitesh/bookros2_ws/install/tiago_bringup:/home/jitesh/bookros2_ws/install/tiago_description:/home/jitesh/bookros2_ws/install/tiago_controller_configuration:/home/jitesh/bookros2_ws/install/tiago_2dnav:/home/jitesh/bookros2_ws/install/pmb2_robot:/home/jitesh/bookros2_ws/install/pmb2_navigation:/home/jitesh/bookros2_ws/install/pmb2_2dnav:/home/jitesh/bookros2_ws/install/pmb2_maps:/home/jitesh/bookros2_ws/install/pmb2_laser_sensors:/home/jitesh/bookros2_ws/install/pmb2_bringup:/home/jitesh/bookros2_ws/install/pmb2_description:/home/jitesh/bookros2_ws/install/pmb2_controller_configuration:/home/jitesh/bookros2_ws/install/pal_gripper:/home/jitesh/bookros2_ws/install/pal_gripper_description:/home/jitesh/bookros2_ws/install/pal_gripper_controller_configuration:/home/jitesh/bookros2_ws/install/pal_gazebo_worlds:/home/jitesh/bookros2_ws/install/hey5_description:/home/jitesh/bookros2_ws/install/groot:/home/jitesh/bookros2_ws/install/br2_vff_avoidance:/home/jitesh/bookros2_ws/install/br2_tracking:/home/jitesh/bookros2_ws/install/br2_tracking_msgs:/home/jitesh/bookros2_ws/install/br2_tiago:/home/jitesh/bookros2_ws/install/br2_tf2_detector:/home/jitesh/bookros2_ws/install/br2_navigation:/home/jitesh/bookros2_ws/install/br2_fsm_bumpgo_cpp:/home/jitesh/bookros2_ws/install/br2_bt_patrolling:/home/jitesh/bookros2_ws/install/br2_bt_bumpgo:/home/jitesh/bookros2_ws/install/br2_basics:/home/jitesh/roboarm_ws/install/mrm_description:/home/jitesh/ws_moveit2/install/moveit_configs_utils:/home/jitesh/ws_moveit2/install/launch_param_builder:/home/jitesh/bookros2_ws/install/launch_pal:/home/jitesh/bookros2_ws/install/br2_fsm_bumpgo_py:/home/jitesh/roboarm_ws/install/my_robot_arm:/home/jitesh/ros2_ws/install/py_srvcli:/home/jitesh/ros2_ws/install/py_pubsub:/opt/ros/humble:/home/jitesh/ros2_ws/install/urdf_tutorial:/home/jitesh/ros2_ws/install/tutorial_interfaces:/home/jitesh/ros2_ws/install/turtlesim:/home/jitesh/ros2_ws/install/polygon_plugins:/home/jitesh/ros2_ws/install/polygon_base:/home/jitesh/ros2_ws/install/my_package:/home/jitesh/ros2_ws/install/more_interfaces:/home/jitesh/ros2_ws/install/dolly:/home/jitesh/ros2_ws/install/dolly_tests:/home/jitesh/ros2_ws/install/dolly_ignition:/home/jitesh/ros2_ws/install/dolly_gazebo:/home/jitesh/ros2_ws/install/dolly_follow:/home/jitesh/ros2_ws/install/cpp_pubsub:/home/jitesh/ros2_ws/install/cpp_parameter:/home/jitesh/ros2_ws/install/action_tutorials_cpp:/home/jitesh/ros2_ws/install/action_tutorials_interfaces /usr/bin/cmake --build /home/jitesh/arduinobot_ws/build/arduinobot_msgs -- -j12 -l12
[1.457s] Invoking command in '/home/jitesh/arduinobot_ws/build/arduinobot_msgs': CMAKE_PREFIX_PATH=/home/jitesh/ws_moveit2/install/pilz_industrial_motion_planner_testutils:/home/jitesh/ws_moveit2/install/panda_moveit_config:/home/jitesh/ws_moveit2/install/mrm_moveit_config:/home/jitesh/ws_moveit2/install/moveit_runtime:/home/jitesh/ws_moveit2/install/moveit2_tutorials:/home/jitesh/ws_moveit2/install/moveit:/home/jitesh/ws_moveit2/install/moveit_planners:/home/jitesh/ws_moveit2/install/pilz_industrial_motion_planner:/home/jitesh/ws_moveit2/install/mtc_tutorial:/home/jitesh/ws_moveit2/install/hello_moveit:/home/jitesh/ws_moveit2/install/moveit_visual_tools:/home/jitesh/ws_moveit2/install/moveit_task_constructor_visualization:/home/jitesh/ws_moveit2/install/moveit_task_constructor_demo:/home/jitesh/ws_moveit2/install/moveit_task_constructor_capabilities:/home/jitesh/ws_moveit2/install/moveit_task_constructor_core:/home/jitesh/ws_moveit2/install/moveit_ros_control_interface:/home/jitesh/ws_moveit2/install/moveit_plugins:/home/jitesh/ws_moveit2/install/moveit_simple_controller_manager:/home/jitesh/ws_moveit2/install/moveit_setup_assistant:/home/jitesh/ws_moveit2/install/moveit_setup_srdf_plugins:/home/jitesh/ws_moveit2/install/moveit_setup_core_plugins:/home/jitesh/ws_moveit2/install/moveit_setup_controllers:/home/jitesh/ws_moveit2/install/moveit_setup_app_plugins:/home/jitesh/ws_moveit2/install/moveit_setup_framework:/home/jitesh/ws_moveit2/install/moveit_servo:/home/jitesh/ws_moveit2/install/moveit_ros:/home/jitesh/ws_moveit2/install/moveit_ros_visualization:/home/jitesh/ws_moveit2/install/moveit_hybrid_planning:/home/jitesh/ws_moveit2/install/moveit_ros_planning_interface:/home/jitesh/ws_moveit2/install/moveit_ros_benchmarks:/home/jitesh/ws_moveit2/install/moveit_ros_warehouse:/home/jitesh/ws_moveit2/install/moveit_ros_robot_interaction:/home/jitesh/ws_moveit2/install/moveit_ros_perception:/home/jitesh/ws_moveit2/install/moveit_resources_prbt_pg70_support:/home/jitesh/ws_moveit2/install/moveit_resources_prbt_moveit_config:/home/jitesh/ws_moveit2/install/moveit_ros_move_group:/home/jitesh/ws_moveit2/install/moveit_planners_ompl:/home/jitesh/ws_moveit2/install/moveit_ros_planning:/home/jitesh/ws_moveit2/install/moveit_ros_occupancy_map_monitor:/home/jitesh/ws_moveit2/install/moveit_resources_prbt_ikfast_manipulator_plugin:/home/jitesh/ws_moveit2/install/moveit_planners_chomp:/home/jitesh/ws_moveit2/install/moveit_kinematics:/home/jitesh/ws_moveit2/install/moveit_chomp_optimizer_adapter:/home/jitesh/ws_moveit2/install/chomp_motion_planner:/home/jitesh/ws_moveit2/install/moveit_core:/home/jitesh/ws_moveit2/install/srdfdom:/home/jitesh/ws_moveit2/install/rviz_marker_tools:/home/jitesh/ws_moveit2/install/rosparam_shortcuts:/home/jitesh/ws_moveit2/install/mrm_description:/home/jitesh/ws_moveit2/install/moveit_task_constructor_msgs:/home/jitesh/ws_moveit2/install/moveit_resources_prbt_support:/home/jitesh/ws_moveit2/install/moveit_resources:/home/jitesh/ws_moveit2/install/moveit_resources_pr2_description:/home/jitesh/ws_moveit2/install/moveit_resources_panda_moveit_config:/home/jitesh/ws_moveit2/install/moveit_resources_panda_description:/home/jitesh/ws_moveit2/install/moveit_resources_fanuc_moveit_config:/home/jitesh/ws_moveit2/install/moveit_resources_fanuc_description:/home/jitesh/ws_moveit2/install/moveit_common:/home/jitesh/bookros2_ws/install/urdf_test:/home/jitesh/bookros2_ws/install/tiago_simulation:/home/jitesh/bookros2_ws/install/tiago_robot:/home/jitesh/bookros2_ws/install/tiago_navigation:/home/jitesh/bookros2_ws/install/tiago_gazebo:/home/jitesh/bookros2_ws/install/tiago_moveit_config:/home/jitesh/bookros2_ws/install/tiago_laser_sensors:/home/jitesh/bookros2_ws/install/tiago_bringup:/home/jitesh/bookros2_ws/install/tiago_description:/home/jitesh/bookros2_ws/install/tiago_controller_configuration:/home/jitesh/bookros2_ws/install/tiago_2dnav:/home/jitesh/bookros2_ws/install/pmb2_robot:/home/jitesh/bookros2_ws/install/pmb2_navigation:/home/jitesh/bookros2_ws/install/pmb2_2dnav:/home/jitesh/bookros2_ws/install/pmb2_maps:/home/jitesh/bookros2_ws/install/pmb2_laser_sensors:/home/jitesh/bookros2_ws/install/pmb2_bringup:/home/jitesh/bookros2_ws/install/pmb2_description:/home/jitesh/bookros2_ws/install/pmb2_controller_configuration:/home/jitesh/bookros2_ws/install/pal_gripper:/home/jitesh/bookros2_ws/install/pal_gripper_description:/home/jitesh/bookros2_ws/install/pal_gripper_controller_configuration:/home/jitesh/bookros2_ws/install/pal_gazebo_worlds:/home/jitesh/bookros2_ws/install/hey5_description:/home/jitesh/bookros2_ws/install/groot:/home/jitesh/bookros2_ws/install/br2_vff_avoidance:/home/jitesh/bookros2_ws/install/br2_tracking:/home/jitesh/bookros2_ws/install/br2_tracking_msgs:/home/jitesh/bookros2_ws/install/br2_tiago:/home/jitesh/bookros2_ws/install/br2_tf2_detector:/home/jitesh/bookros2_ws/install/br2_navigation:/home/jitesh/bookros2_ws/install/br2_fsm_bumpgo_cpp:/home/jitesh/bookros2_ws/install/br2_bt_patrolling:/home/jitesh/bookros2_ws/install/br2_bt_bumpgo:/home/jitesh/bookros2_ws/install/br2_basics:/home/jitesh/roboarm_ws/install/mrm_description:/home/jitesh/ws_moveit2/install/moveit_configs_utils:/home/jitesh/ws_moveit2/install/launch_param_builder:/home/jitesh/bookros2_ws/install/launch_pal:/home/jitesh/bookros2_ws/install/br2_fsm_bumpgo_py:/home/jitesh/roboarm_ws/install/my_robot_arm:/home/jitesh/ros2_ws/install/py_srvcli:/home/jitesh/ros2_ws/install/py_pubsub:/opt/ros/humble:/home/jitesh/ros2_ws/install/urdf_tutorial:/home/jitesh/ros2_ws/install/tutorial_interfaces:/home/jitesh/ros2_ws/install/turtlesim:/home/jitesh/ros2_ws/install/polygon_plugins:/home/jitesh/ros2_ws/install/polygon_base:/home/jitesh/ros2_ws/install/my_package:/home/jitesh/ros2_ws/install/more_interfaces:/home/jitesh/ros2_ws/install/dolly:/home/jitesh/ros2_ws/install/dolly_tests:/home/jitesh/ros2_ws/install/dolly_ignition:/home/jitesh/ros2_ws/install/dolly_gazebo:/home/jitesh/ros2_ws/install/dolly_follow:/home/jitesh/ros2_ws/install/cpp_pubsub:/home/jitesh/ros2_ws/install/cpp_parameter:/home/jitesh/ros2_ws/install/action_tutorials_cpp:/home/jitesh/ros2_ws/install/action_tutorials_interfaces /usr/bin/cmake --install /home/jitesh/arduinobot_ws/build/arduinobot_msgs
[1.475s] -- Install configuration: ""
[1.475s] -- Up-to-date: /home/jitesh/arduinobot_ws/install/arduinobot_msgs/share/ament_index/resource_index/rosidl_interfaces/arduinobot_msgs
[1.475s] -- Up-to-date: /home/jitesh/arduinobot_ws/install/arduinobot_msgs/include/arduinobot_msgs/arduinobot_msgs
[1.475s] -- Up-to-date: /home/jitesh/arduinobot_ws/install/arduinobot_msgs/include/arduinobot_msgs/arduinobot_msgs/srv
[1.475s] -- Up-to-date: /home/jitesh/arduinobot_ws/install/arduinobot_msgs/include/arduinobot_msgs/arduinobot_msgs/srv/add_two_ints.h
[1.476s] -- Up-to-date: /home/jitesh/arduinobot_ws/install/arduinobot_msgs/include/arduinobot_msgs/arduinobot_msgs/srv/detail
[1.476s] -- Up-to-date: /home/jitesh/arduinobot_ws/install/arduinobot_msgs/include/arduinobot_msgs/arduinobot_msgs/srv/detail/add_two_ints__functions.c
[1.476s] -- Up-to-date: /home/jitesh/arduinobot_ws/install/arduinobot_msgs/include/arduinobot_msgs/arduinobot_msgs/srv/detail/add_two_ints__functions.h
[1.476s] -- Up-to-date: /home/jitesh/arduinobot_ws/install/arduinobot_msgs/include/arduinobot_msgs/arduinobot_msgs/srv/detail/add_two_ints__struct.h
[1.476s] -- Up-to-date: /home/jitesh/arduinobot_ws/install/arduinobot_msgs/include/arduinobot_msgs/arduinobot_msgs/srv/detail/add_two_ints__type_support.h
[1.476s] -- Up-to-date: /home/jitesh/arduinobot_ws/install/arduinobot_msgs/include/arduinobot_msgs/arduinobot_msgs/msg
[1.477s] -- Up-to-date: /home/jitesh/arduinobot_ws/install/arduinobot_msgs/include/arduinobot_msgs/arduinobot_msgs/msg/rosidl_generator_c__visibility_control.h
[1.477s] -- Up-to-date: /home/jitesh/arduinobot_ws/install/arduinobot_msgs/share/arduinobot_msgs/environment/library_path.sh
[1.477s] -- Up-to-date: /home/jitesh/arduinobot_ws/install/arduinobot_msgs/share/arduinobot_msgs/environment/library_path.dsv
[1.477s] -- Up-to-date: /home/jitesh/arduinobot_ws/install/arduinobot_msgs/lib/libarduinobot_msgs__rosidl_generator_c.so
[1.477s] -- Up-to-date: /home/jitesh/arduinobot_ws/install/arduinobot_msgs/include/arduinobot_msgs/arduinobot_msgs
[1.477s] -- Up-to-date: /home/jitesh/arduinobot_ws/install/arduinobot_msgs/include/arduinobot_msgs/arduinobot_msgs/srv
[1.477s] -- Up-to-date: /home/jitesh/arduinobot_ws/install/arduinobot_msgs/include/arduinobot_msgs/arduinobot_msgs/srv/detail
[1.477s] -- Up-to-date: /home/jitesh/arduinobot_ws/install/arduinobot_msgs/include/arduinobot_msgs/arduinobot_msgs/srv/detail/add_two_ints__rosidl_typesupport_fastrtps_c.h
[1.477s] -- Up-to-date: /home/jitesh/arduinobot_ws/install/arduinobot_msgs/include/arduinobot_msgs/arduinobot_msgs/msg
[1.477s] -- Up-to-date: /home/jitesh/arduinobot_ws/install/arduinobot_msgs/include/arduinobot_msgs/arduinobot_msgs/msg/rosidl_typesupport_fastrtps_c__visibility_control.h
[1.477s] -- Up-to-date: /home/jitesh/arduinobot_ws/install/arduinobot_msgs/lib/libarduinobot_msgs__rosidl_typesupport_fastrtps_c.so
[1.477s] -- Up-to-date: /home/jitesh/arduinobot_ws/install/arduinobot_msgs/include/arduinobot_msgs/arduinobot_msgs
[1.478s] -- Up-to-date: /home/jitesh/arduinobot_ws/install/arduinobot_msgs/include/arduinobot_msgs/arduinobot_msgs/srv
[1.478s] -- Up-to-date: /home/jitesh/arduinobot_ws/install/arduinobot_msgs/include/arduinobot_msgs/arduinobot_msgs/srv/detail
[1.478s] -- Up-to-date: /home/jitesh/arduinobot_ws/install/arduinobot_msgs/include/arduinobot_msgs/arduinobot_msgs/srv/detail/add_two_ints__struct.hpp
[1.478s] -- Up-to-date: /home/jitesh/arduinobot_ws/install/arduinobot_msgs/include/arduinobot_msgs/arduinobot_msgs/srv/detail/add_two_ints__builder.hpp
[1.478s] -- Up-to-date: /home/jitesh/arduinobot_ws/install/arduinobot_msgs/include/arduinobot_msgs/arduinobot_msgs/srv/detail/add_two_ints__traits.hpp
[1.478s] -- Up-to-date: /home/jitesh/arduinobot_ws/install/arduinobot_msgs/include/arduinobot_msgs/arduinobot_msgs/srv/add_two_ints.hpp
[1.478s] -- Up-to-date: /home/jitesh/arduinobot_ws/install/arduinobot_msgs/include/arduinobot_msgs/arduinobot_msgs
[1.478s] -- Up-to-date: /home/jitesh/arduinobot_ws/install/arduinobot_msgs/include/arduinobot_msgs/arduinobot_msgs/srv
[1.478s] -- Up-to-date: /home/jitesh/arduinobot_ws/install/arduinobot_msgs/include/arduinobot_msgs/arduinobot_msgs/srv/detail
[1.478s] -- Up-to-date: /home/jitesh/arduinobot_ws/install/arduinobot_msgs/include/arduinobot_msgs/arduinobot_msgs/srv/detail/dds_fastrtps
[1.478s] -- Up-to-date: /home/jitesh/arduinobot_ws/install/arduinobot_msgs/include/arduinobot_msgs/arduinobot_msgs/srv/detail/add_two_ints__rosidl_typesupport_fastrtps_cpp.hpp
[1.478s] -- Up-to-date: /home/jitesh/arduinobot_ws/install/arduinobot_msgs/include/arduinobot_msgs/arduinobot_msgs/msg
[1.479s] -- Up-to-date: /home/jitesh/arduinobot_ws/install/arduinobot_msgs/include/arduinobot_msgs/arduinobot_msgs/msg/rosidl_typesupport_fastrtps_cpp__visibility_control.h
[1.479s] -- Up-to-date: /home/jitesh/arduinobot_ws/install/arduinobot_msgs/lib/libarduinobot_msgs__rosidl_typesupport_fastrtps_cpp.so
[1.479s] -- Up-to-date: /home/jitesh/arduinobot_ws/install/arduinobot_msgs/include/arduinobot_msgs/arduinobot_msgs
[1.479s] -- Up-to-date: /home/jitesh/arduinobot_ws/install/arduinobot_msgs/include/arduinobot_msgs/arduinobot_msgs/srv
[1.479s] -- Up-to-date: /home/jitesh/arduinobot_ws/install/arduinobot_msgs/include/arduinobot_msgs/arduinobot_msgs/srv/detail
[1.479s] -- Up-to-date: /home/jitesh/arduinobot_ws/install/arduinobot_msgs/include/arduinobot_msgs/arduinobot_msgs/srv/detail/add_two_ints__rosidl_typesupport_introspection_c.h
[1.479s] -- Up-to-date: /home/jitesh/arduinobot_ws/install/arduinobot_msgs/include/arduinobot_msgs/arduinobot_msgs/srv/detail/add_two_ints__type_support.c
[1.479s] -- Up-to-date: /home/jitesh/arduinobot_ws/install/arduinobot_msgs/include/arduinobot_msgs/arduinobot_msgs/msg
[1.479s] -- Up-to-date: /home/jitesh/arduinobot_ws/install/arduinobot_msgs/include/arduinobot_msgs/arduinobot_msgs/msg/rosidl_typesupport_introspection_c__visibility_control.h
[1.479s] -- Up-to-date: /home/jitesh/arduinobot_ws/install/arduinobot_msgs/lib/libarduinobot_msgs__rosidl_typesupport_introspection_c.so
[1.479s] -- Up-to-date: /home/jitesh/arduinobot_ws/install/arduinobot_msgs/lib/libarduinobot_msgs__rosidl_typesupport_c.so
[1.479s] -- Up-to-date: /home/jitesh/arduinobot_ws/install/arduinobot_msgs/include/arduinobot_msgs/arduinobot_msgs
[1.480s] -- Up-to-date: /home/jitesh/arduinobot_ws/install/arduinobot_msgs/include/arduinobot_msgs/arduinobot_msgs/srv
[1.480s] -- Up-to-date: /home/jitesh/arduinobot_ws/install/arduinobot_msgs/include/arduinobot_msgs/arduinobot_msgs/srv/detail
[1.480s] -- Up-to-date: /home/jitesh/arduinobot_ws/install/arduinobot_msgs/include/arduinobot_msgs/arduinobot_msgs/srv/detail/add_two_ints__rosidl_typesupport_introspection_cpp.hpp
[1.480s] -- Up-to-date: /home/jitesh/arduinobot_ws/install/arduinobot_msgs/include/arduinobot_msgs/arduinobot_msgs/srv/detail/add_two_ints__type_support.cpp
[1.480s] -- Up-to-date: /home/jitesh/arduinobot_ws/install/arduinobot_msgs/lib/libarduinobot_msgs__rosidl_typesupport_introspection_cpp.so
[1.480s] -- Up-to-date: /home/jitesh/arduinobot_ws/install/arduinobot_msgs/lib/libarduinobot_msgs__rosidl_typesupport_cpp.so
[1.480s] -- Up-to-date: /home/jitesh/arduinobot_ws/install/arduinobot_msgs/share/arduinobot_msgs/environment/pythonpath.sh
[1.480s] -- Up-to-date: /home/jitesh/arduinobot_ws/install/arduinobot_msgs/share/arduinobot_msgs/environment/pythonpath.dsv
[1.480s] -- Up-to-date: /home/jitesh/arduinobot_ws/install/arduinobot_msgs/local/lib/python3.10/dist-packages/arduinobot_msgs-0.0.0-py3.10.egg-info
[1.480s] -- Installing: /home/jitesh/arduinobot_ws/install/arduinobot_msgs/local/lib/python3.10/dist-packages/arduinobot_msgs-0.0.0-py3.10.egg-info/top_level.txt
[1.480s] -- Installing: /home/jitesh/arduinobot_ws/install/arduinobot_msgs/local/lib/python3.10/dist-packages/arduinobot_msgs-0.0.0-py3.10.egg-info/PKG-INFO
[1.480s] -- Installing: /home/jitesh/arduinobot_ws/install/arduinobot_msgs/local/lib/python3.10/dist-packages/arduinobot_msgs-0.0.0-py3.10.egg-info/dependency_links.txt
[1.480s] -- Installing: /home/jitesh/arduinobot_ws/install/arduinobot_msgs/local/lib/python3.10/dist-packages/arduinobot_msgs-0.0.0-py3.10.egg-info/SOURCES.txt
[1.481s] -- Up-to-date: /home/jitesh/arduinobot_ws/install/arduinobot_msgs/local/lib/python3.10/dist-packages/arduinobot_msgs
[1.481s] -- Up-to-date: /home/jitesh/arduinobot_ws/install/arduinobot_msgs/local/lib/python3.10/dist-packages/arduinobot_msgs/_arduinobot_msgs_s.ep.rosidl_typesupport_c.c
[1.481s] -- Up-to-date: /home/jitesh/arduinobot_ws/install/arduinobot_msgs/local/lib/python3.10/dist-packages/arduinobot_msgs/arduinobot_msgs_s__rosidl_typesupport_c.cpython-310-x86_64-linux-gnu.so
[1.481s] -- Up-to-date: /home/jitesh/arduinobot_ws/install/arduinobot_msgs/local/lib/python3.10/dist-packages/arduinobot_msgs/arduinobot_msgs_s__rosidl_typesupport_introspection_c.cpython-310-x86_64-linux-gnu.so
[1.481s] -- Up-to-date: /home/jitesh/arduinobot_ws/install/arduinobot_msgs/local/lib/python3.10/dist-packages/arduinobot_msgs/arduinobot_msgs_s__rosidl_typesupport_fastrtps_c.cpython-310-x86_64-linux-gnu.so
[1.481s] -- Up-to-date: /home/jitesh/arduinobot_ws/install/arduinobot_msgs/local/lib/python3.10/dist-packages/arduinobot_msgs/_arduinobot_msgs_s.ep.rosidl_typesupport_introspection_c.c
[1.481s] -- Up-to-date: /home/jitesh/arduinobot_ws/install/arduinobot_msgs/local/lib/python3.10/dist-packages/arduinobot_msgs/srv
[1.481s] -- Up-to-date: /home/jitesh/arduinobot_ws/install/arduinobot_msgs/local/lib/python3.10/dist-packages/arduinobot_msgs/srv/_add_two_ints_s.c
[1.481s] -- Up-to-date: /home/jitesh/arduinobot_ws/install/arduinobot_msgs/local/lib/python3.10/dist-packages/arduinobot_msgs/srv/_add_two_ints.py
[1.481s] -- Up-to-date: /home/jitesh/arduinobot_ws/install/arduinobot_msgs/local/lib/python3.10/dist-packages/arduinobot_msgs/srv/__init__.py
[1.481s] -- Up-to-date: /home/jitesh/arduinobot_ws/install/arduinobot_msgs/local/lib/python3.10/dist-packages/arduinobot_msgs/libarduinobot_msgs__rosidl_generator_py.so
[1.481s] -- Up-to-date: /home/jitesh/arduinobot_ws/install/arduinobot_msgs/local/lib/python3.10/dist-packages/arduinobot_msgs/_arduinobot_msgs_s.ep.rosidl_typesupport_fastrtps_c.c
[1.481s] -- Up-to-date: /home/jitesh/arduinobot_ws/install/arduinobot_msgs/local/lib/python3.10/dist-packages/arduinobot_msgs/__init__.py
[1.517s] Listing '/home/jitesh/arduinobot_ws/install/arduinobot_msgs/local/lib/python3.10/dist-packages/arduinobot_msgs'...
[1.517s] Listing '/home/jitesh/arduinobot_ws/install/arduinobot_msgs/local/lib/python3.10/dist-packages/arduinobot_msgs/srv'...
[1.522s] -- Up-to-date: /home/jitesh/arduinobot_ws/install/arduinobot_msgs/local/lib/python3.10/dist-packages/arduinobot_msgs/arduinobot_msgs_s__rosidl_typesupport_fastrtps_c.cpython-310-x86_64-linux-gnu.so
[1.523s] -- Up-to-date: /home/jitesh/arduinobot_ws/install/arduinobot_msgs/local/lib/python3.10/dist-packages/arduinobot_msgs/arduinobot_msgs_s__rosidl_typesupport_introspection_c.cpython-310-x86_64-linux-gnu.so
[1.523s] -- Up-to-date: /home/jitesh/arduinobot_ws/install/arduinobot_msgs/local/lib/python3.10/dist-packages/arduinobot_msgs/arduinobot_msgs_s__rosidl_typesupport_c.cpython-310-x86_64-linux-gnu.so
[1.524s] -- Up-to-date: /home/jitesh/arduinobot_ws/install/arduinobot_msgs/lib/libarduinobot_msgs__rosidl_generator_py.so
[1.524s] -- Up-to-date: /home/jitesh/arduinobot_ws/install/arduinobot_msgs/share/arduinobot_msgs/srv/AddTwoInts.idl
[1.524s] -- Up-to-date: /home/jitesh/arduinobot_ws/install/arduinobot_msgs/share/arduinobot_msgs/srv/AddTwoInts.srv
[1.524s] -- Up-to-date: /home/jitesh/arduinobot_ws/install/arduinobot_msgs/share/arduinobot_msgs/srv/AddTwoInts_Request.msg
[1.525s] -- Up-to-date: /home/jitesh/arduinobot_ws/install/arduinobot_msgs/share/arduinobot_msgs/srv/AddTwoInts_Response.msg
[1.525s] -- Up-to-date: /home/jitesh/arduinobot_ws/install/arduinobot_msgs/share/ament_index/resource_index/package_run_dependencies/arduinobot_msgs
[1.525s] -- Up-to-date: /home/jitesh/arduinobot_ws/install/arduinobot_msgs/share/ament_index/resource_index/parent_prefix_path/arduinobot_msgs
[1.525s] -- Up-to-date: /home/jitesh/arduinobot_ws/install/arduinobot_msgs/share/arduinobot_msgs/environment/ament_prefix_path.sh
[1.525s] -- Up-to-date: /home/jitesh/arduinobot_ws/install/arduinobot_msgs/share/arduinobot_msgs/environment/ament_prefix_path.dsv
[1.525s] -- Up-to-date: /home/jitesh/arduinobot_ws/install/arduinobot_msgs/share/arduinobot_msgs/environment/path.sh
[1.525s] -- Up-to-date: /home/jitesh/arduinobot_ws/install/arduinobot_msgs/share/arduinobot_msgs/environment/path.dsv
[1.525s] -- Up-to-date: /home/jitesh/arduinobot_ws/install/arduinobot_msgs/share/arduinobot_msgs/local_setup.bash
[1.525s] -- Up-to-date: /home/jitesh/arduinobot_ws/install/arduinobot_msgs/share/arduinobot_msgs/local_setup.sh
[1.525s] -- Up-to-date: /home/jitesh/arduinobot_ws/install/arduinobot_msgs/share/arduinobot_msgs/local_setup.zsh
[1.526s] -- Up-to-date: /home/jitesh/arduinobot_ws/install/arduinobot_msgs/share/arduinobot_msgs/local_setup.dsv
[1.526s] -- Installing: /home/jitesh/arduinobot_ws/install/arduinobot_msgs/share/arduinobot_msgs/package.dsv
[1.526s] -- Up-to-date: /home/jitesh/arduinobot_ws/install/arduinobot_msgs/share/ament_index/resource_index/packages/arduinobot_msgs
[1.526s] -- Up-to-date: /home/jitesh/arduinobot_ws/install/arduinobot_msgs/share/arduinobot_msgs/cmake/export_arduinobot_msgs__rosidl_generator_cExport.cmake
[1.526s] -- Up-to-date: /home/jitesh/arduinobot_ws/install/arduinobot_msgs/share/arduinobot_msgs/cmake/export_arduinobot_msgs__rosidl_generator_cExport-noconfig.cmake
[1.526s] -- Up-to-date: /home/jitesh/arduinobot_ws/install/arduinobot_msgs/share/arduinobot_msgs/cmake/export_arduinobot_msgs__rosidl_typesupport_fastrtps_cExport.cmake
[1.526s] -- Up-to-date: /home/jitesh/arduinobot_ws/install/arduinobot_msgs/share/arduinobot_msgs/cmake/export_arduinobot_msgs__rosidl_typesupport_fastrtps_cExport-noconfig.cmake
[1.526s] -- Up-to-date: /home/jitesh/arduinobot_ws/install/arduinobot_msgs/share/arduinobot_msgs/cmake/export_arduinobot_msgs__rosidl_generator_cppExport.cmake
[1.526s] -- Up-to-date: /home/jitesh/arduinobot_ws/install/arduinobot_msgs/share/arduinobot_msgs/cmake/export_arduinobot_msgs__rosidl_typesupport_fastrtps_cppExport.cmake
[1.526s] -- Up-to-date: /home/jitesh/arduinobot_ws/install/arduinobot_msgs/share/arduinobot_msgs/cmake/export_arduinobot_msgs__rosidl_typesupport_fastrtps_cppExport-noconfig.cmake
[1.527s] -- Up-to-date: /home/jitesh/arduinobot_ws/install/arduinobot_msgs/share/arduinobot_msgs/cmake/arduinobot_msgs__rosidl_typesupport_introspection_cExport.cmake
[1.527s] -- Up-to-date: /home/jitesh/arduinobot_ws/install/arduinobot_msgs/share/arduinobot_msgs/cmake/arduinobot_msgs__rosidl_typesupport_introspection_cExport-noconfig.cmake
[1.527s] -- Up-to-date: /home/jitesh/arduinobot_ws/install/arduinobot_msgs/share/arduinobot_msgs/cmake/arduinobot_msgs__rosidl_typesupport_cExport.cmake
[1.527s] -- Up-to-date: /home/jitesh/arduinobot_ws/install/arduinobot_msgs/share/arduinobot_msgs/cmake/arduinobot_msgs__rosidl_typesupport_cExport-noconfig.cmake
[1.527s] -- Up-to-date: /home/jitesh/arduinobot_ws/install/arduinobot_msgs/share/arduinobot_msgs/cmake/arduinobot_msgs__rosidl_typesupport_introspection_cppExport.cmake
[1.527s] -- Up-to-date: /home/jitesh/arduinobot_ws/install/arduinobot_msgs/share/arduinobot_msgs/cmake/arduinobot_msgs__rosidl_typesupport_introspection_cppExport-noconfig.cmake
[1.527s] -- Up-to-date: /home/jitesh/arduinobot_ws/install/arduinobot_msgs/share/arduinobot_msgs/cmake/arduinobot_msgs__rosidl_typesupport_cppExport.cmake
[1.527s] -- Up-to-date: /home/jitesh/arduinobot_ws/install/arduinobot_msgs/share/arduinobot_msgs/cmake/arduinobot_msgs__rosidl_typesupport_cppExport-noconfig.cmake
[1.527s] -- Up-to-date: /home/jitesh/arduinobot_ws/install/arduinobot_msgs/share/arduinobot_msgs/cmake/export_arduinobot_msgs__rosidl_generator_pyExport.cmake
[1.527s] -- Up-to-date: /home/jitesh/arduinobot_ws/install/arduinobot_msgs/share/arduinobot_msgs/cmake/export_arduinobot_msgs__rosidl_generator_pyExport-noconfig.cmake
[1.527s] -- Up-to-date: /home/jitesh/arduinobot_ws/install/arduinobot_msgs/share/arduinobot_msgs/cmake/rosidl_cmake-extras.cmake
[1.527s] -- Up-to-date: /home/jitesh/arduinobot_ws/install/arduinobot_msgs/share/arduinobot_msgs/cmake/ament_cmake_export_include_directories-extras.cmake
[1.528s] -- Up-to-date: /home/jitesh/arduinobot_ws/install/arduinobot_msgs/share/arduinobot_msgs/cmake/ament_cmake_export_libraries-extras.cmake
[1.528s] -- Up-to-date: /home/jitesh/arduinobot_ws/install/arduinobot_msgs/share/arduinobot_msgs/cmake/ament_cmake_export_targets-extras.cmake
[1.528s] -- Up-to-date: /home/jitesh/arduinobot_ws/install/arduinobot_msgs/share/arduinobot_msgs/cmake/rosidl_cmake_export_typesupport_targets-extras.cmake
[1.528s] -- Up-to-date: /home/jitesh/arduinobot_ws/install/arduinobot_msgs/share/arduinobot_msgs/cmake/ament_cmake_export_dependencies-extras.cmake
[1.528s] -- Up-to-date: /home/jitesh/arduinobot_ws/install/arduinobot_msgs/share/arduinobot_msgs/cmake/rosidl_cmake_export_typesupport_libraries-extras.cmake
[1.528s] -- Up-to-date: /home/jitesh/arduinobot_ws/install/arduinobot_msgs/share/arduinobot_msgs/cmake/arduinobot_msgsConfig.cmake
[1.528s] -- Up-to-date: /home/jitesh/arduinobot_ws/install/arduinobot_msgs/share/arduinobot_msgs/cmake/arduinobot_msgsConfig-version.cmake
[1.528s] -- Up-to-date: /home/jitesh/arduinobot_ws/install/arduinobot_msgs/share/arduinobot_msgs/package.xml
[1.531s] Invoked command in '/home/jitesh/arduinobot_ws/build/arduinobot_msgs' returned '0': CMAKE_PREFIX_PATH=/home/jitesh/ws_moveit2/install/pilz_industrial_motion_planner_testutils:/home/jitesh/ws_moveit2/install/panda_moveit_config:/home/jitesh/ws_moveit2/install/mrm_moveit_config:/home/jitesh/ws_moveit2/install/moveit_runtime:/home/jitesh/ws_moveit2/install/moveit2_tutorials:/home/jitesh/ws_moveit2/install/moveit:/home/jitesh/ws_moveit2/install/moveit_planners:/home/jitesh/ws_moveit2/install/pilz_industrial_motion_planner:/home/jitesh/ws_moveit2/install/mtc_tutorial:/home/jitesh/ws_moveit2/install/hello_moveit:/home/jitesh/ws_moveit2/install/moveit_visual_tools:/home/jitesh/ws_moveit2/install/moveit_task_constructor_visualization:/home/jitesh/ws_moveit2/install/moveit_task_constructor_demo:/home/jitesh/ws_moveit2/install/moveit_task_constructor_capabilities:/home/jitesh/ws_moveit2/install/moveit_task_constructor_core:/home/jitesh/ws_moveit2/install/moveit_ros_control_interface:/home/jitesh/ws_moveit2/install/moveit_plugins:/home/jitesh/ws_moveit2/install/moveit_simple_controller_manager:/home/jitesh/ws_moveit2/install/moveit_setup_assistant:/home/jitesh/ws_moveit2/install/moveit_setup_srdf_plugins:/home/jitesh/ws_moveit2/install/moveit_setup_core_plugins:/home/jitesh/ws_moveit2/install/moveit_setup_controllers:/home/jitesh/ws_moveit2/install/moveit_setup_app_plugins:/home/jitesh/ws_moveit2/install/moveit_setup_framework:/home/jitesh/ws_moveit2/install/moveit_servo:/home/jitesh/ws_moveit2/install/moveit_ros:/home/jitesh/ws_moveit2/install/moveit_ros_visualization:/home/jitesh/ws_moveit2/install/moveit_hybrid_planning:/home/jitesh/ws_moveit2/install/moveit_ros_planning_interface:/home/jitesh/ws_moveit2/install/moveit_ros_benchmarks:/home/jitesh/ws_moveit2/install/moveit_ros_warehouse:/home/jitesh/ws_moveit2/install/moveit_ros_robot_interaction:/home/jitesh/ws_moveit2/install/moveit_ros_perception:/home/jitesh/ws_moveit2/install/moveit_resources_prbt_pg70_support:/home/jitesh/ws_moveit2/install/moveit_resources_prbt_moveit_config:/home/jitesh/ws_moveit2/install/moveit_ros_move_group:/home/jitesh/ws_moveit2/install/moveit_planners_ompl:/home/jitesh/ws_moveit2/install/moveit_ros_planning:/home/jitesh/ws_moveit2/install/moveit_ros_occupancy_map_monitor:/home/jitesh/ws_moveit2/install/moveit_resources_prbt_ikfast_manipulator_plugin:/home/jitesh/ws_moveit2/install/moveit_planners_chomp:/home/jitesh/ws_moveit2/install/moveit_kinematics:/home/jitesh/ws_moveit2/install/moveit_chomp_optimizer_adapter:/home/jitesh/ws_moveit2/install/chomp_motion_planner:/home/jitesh/ws_moveit2/install/moveit_core:/home/jitesh/ws_moveit2/install/srdfdom:/home/jitesh/ws_moveit2/install/rviz_marker_tools:/home/jitesh/ws_moveit2/install/rosparam_shortcuts:/home/jitesh/ws_moveit2/install/mrm_description:/home/jitesh/ws_moveit2/install/moveit_task_constructor_msgs:/home/jitesh/ws_moveit2/install/moveit_resources_prbt_support:/home/jitesh/ws_moveit2/install/moveit_resources:/home/jitesh/ws_moveit2/install/moveit_resources_pr2_description:/home/jitesh/ws_moveit2/install/moveit_resources_panda_moveit_config:/home/jitesh/ws_moveit2/install/moveit_resources_panda_description:/home/jitesh/ws_moveit2/install/moveit_resources_fanuc_moveit_config:/home/jitesh/ws_moveit2/install/moveit_resources_fanuc_description:/home/jitesh/ws_moveit2/install/moveit_common:/home/jitesh/bookros2_ws/install/urdf_test:/home/jitesh/bookros2_ws/install/tiago_simulation:/home/jitesh/bookros2_ws/install/tiago_robot:/home/jitesh/bookros2_ws/install/tiago_navigation:/home/jitesh/bookros2_ws/install/tiago_gazebo:/home/jitesh/bookros2_ws/install/tiago_moveit_config:/home/jitesh/bookros2_ws/install/tiago_laser_sensors:/home/jitesh/bookros2_ws/install/tiago_bringup:/home/jitesh/bookros2_ws/install/tiago_description:/home/jitesh/bookros2_ws/install/tiago_controller_configuration:/home/jitesh/bookros2_ws/install/tiago_2dnav:/home/jitesh/bookros2_ws/install/pmb2_robot:/home/jitesh/bookros2_ws/install/pmb2_navigation:/home/jitesh/bookros2_ws/install/pmb2_2dnav:/home/jitesh/bookros2_ws/install/pmb2_maps:/home/jitesh/bookros2_ws/install/pmb2_laser_sensors:/home/jitesh/bookros2_ws/install/pmb2_bringup:/home/jitesh/bookros2_ws/install/pmb2_description:/home/jitesh/bookros2_ws/install/pmb2_controller_configuration:/home/jitesh/bookros2_ws/install/pal_gripper:/home/jitesh/bookros2_ws/install/pal_gripper_description:/home/jitesh/bookros2_ws/install/pal_gripper_controller_configuration:/home/jitesh/bookros2_ws/install/pal_gazebo_worlds:/home/jitesh/bookros2_ws/install/hey5_description:/home/jitesh/bookros2_ws/install/groot:/home/jitesh/bookros2_ws/install/br2_vff_avoidance:/home/jitesh/bookros2_ws/install/br2_tracking:/home/jitesh/bookros2_ws/install/br2_tracking_msgs:/home/jitesh/bookros2_ws/install/br2_tiago:/home/jitesh/bookros2_ws/install/br2_tf2_detector:/home/jitesh/bookros2_ws/install/br2_navigation:/home/jitesh/bookros2_ws/install/br2_fsm_bumpgo_cpp:/home/jitesh/bookros2_ws/install/br2_bt_patrolling:/home/jitesh/bookros2_ws/install/br2_bt_bumpgo:/home/jitesh/bookros2_ws/install/br2_basics:/home/jitesh/roboarm_ws/install/mrm_description:/home/jitesh/ws_moveit2/install/moveit_configs_utils:/home/jitesh/ws_moveit2/install/launch_param_builder:/home/jitesh/bookros2_ws/install/launch_pal:/home/jitesh/bookros2_ws/install/br2_fsm_bumpgo_py:/home/jitesh/roboarm_ws/install/my_robot_arm:/home/jitesh/ros2_ws/install/py_srvcli:/home/jitesh/ros2_ws/install/py_pubsub:/opt/ros/humble:/home/jitesh/ros2_ws/install/urdf_tutorial:/home/jitesh/ros2_ws/install/tutorial_interfaces:/home/jitesh/ros2_ws/install/turtlesim:/home/jitesh/ros2_ws/install/polygon_plugins:/home/jitesh/ros2_ws/install/polygon_base:/home/jitesh/ros2_ws/install/my_package:/home/jitesh/ros2_ws/install/more_interfaces:/home/jitesh/ros2_ws/install/dolly:/home/jitesh/ros2_ws/install/dolly_tests:/home/jitesh/ros2_ws/install/dolly_ignition:/home/jitesh/ros2_ws/install/dolly_gazebo:/home/jitesh/ros2_ws/install/dolly_follow:/home/jitesh/ros2_ws/install/cpp_pubsub:/home/jitesh/ros2_ws/install/cpp_parameter:/home/jitesh/ros2_ws/install/action_tutorials_cpp:/home/jitesh/ros2_ws/install/action_tutorials_interfaces /usr/bin/cmake --install /home/jitesh/arduinobot_ws/build/arduinobot_msgs
