[0.518s] Invoking command in '/home/jitesh/arduinobot_ws/build/arduinobot_description': CMAKE_PREFIX_PATH=${CMAKE_PREFIX_PATH}:/home/jitesh/ws_moveit2/install/moveit_configs_utils:/home/jitesh/ws_moveit2/install/launch_param_builder:/home/jitesh/bookros2_ws/install/launch_pal:/home/jitesh/bookros2_ws/install/br2_fsm_bumpgo_py:/home/jitesh/roboarm_ws/install/my_robot_arm:/home/jitesh/ros2_ws/install/urdf_tutorial:/home/jitesh/ros2_ws/install/py_srvcli:/home/jitesh/ros2_ws/install/py_pubsub:/home/jitesh/ros2_ws/install/my_robot_controller:/home/jitesh/ros2_ws/install/cpp_pubsub:/opt/ros/humble /usr/bin/cmake --build /home/jitesh/arduinobot_ws/build/arduinobot_description -- -j12 -l12
[0.612s] Invoked command in '/home/jitesh/arduinobot_ws/build/arduinobot_description' returned '0': CMAKE_PREFIX_PATH=${CMAKE_PREFIX_PATH}:/home/jitesh/ws_moveit2/install/moveit_configs_utils:/home/jitesh/ws_moveit2/install/launch_param_builder:/home/jitesh/bookros2_ws/install/launch_pal:/home/jitesh/bookros2_ws/install/br2_fsm_bumpgo_py:/home/jitesh/roboarm_ws/install/my_robot_arm:/home/jitesh/ros2_ws/install/urdf_tutorial:/home/jitesh/ros2_ws/install/py_srvcli:/home/jitesh/ros2_ws/install/py_pubsub:/home/jitesh/ros2_ws/install/my_robot_controller:/home/jitesh/ros2_ws/install/cpp_pubsub:/opt/ros/humble /usr/bin/cmake --build /home/jitesh/arduinobot_ws/build/arduinobot_description -- -j12 -l12
[0.819s] Invoking command in '/home/jitesh/arduinobot_ws/build/arduinobot_description': CMAKE_PREFIX_PATH=${CMAKE_PREFIX_PATH}:/home/jitesh/ws_moveit2/install/moveit_configs_utils:/home/jitesh/ws_moveit2/install/launch_param_builder:/home/jitesh/bookros2_ws/install/launch_pal:/home/jitesh/bookros2_ws/install/br2_fsm_bumpgo_py:/home/jitesh/roboarm_ws/install/my_robot_arm:/home/jitesh/ros2_ws/install/urdf_tutorial:/home/jitesh/ros2_ws/install/py_srvcli:/home/jitesh/ros2_ws/install/py_pubsub:/home/jitesh/ros2_ws/install/my_robot_controller:/home/jitesh/ros2_ws/install/cpp_pubsub:/opt/ros/humble /usr/bin/cmake --install /home/jitesh/arduinobot_ws/build/arduinobot_description
[0.886s] -- Install configuration: ""
[0.889s] -- Up-to-date: /home/jitesh/arduinobot_ws/install/arduinobot_description/share/arduinobot_description/meshes
[0.894s] -- Up-to-date: /home/jitesh/arduinobot_ws/install/arduinobot_description/share/arduinobot_description/meshes/plate.STL
[0.896s] -- Up-to-date: /home/jitesh/arduinobot_ws/install/arduinobot_description/share/arduinobot_description/meshes/forward_drive_arm.STL
[0.898s] -- Up-to-date: /home/jitesh/arduinobot_ws/install/arduinobot_description/share/arduinobot_description/meshes/link.STL
[0.900s] -- Up-to-date: /home/jitesh/arduinobot_ws/install/arduinobot_description/share/arduinobot_description/meshes/left_finger.STL
[0.902s] -- Up-to-date: /home/jitesh/arduinobot_ws/install/arduinobot_description/share/arduinobot_description/meshes/triangular_link.STL
[0.903s] -- Up-to-date: /home/jitesh/arduinobot_ws/install/arduinobot_description/share/arduinobot_description/meshes/base_plate.STL
[0.908s] -- Up-to-date: /home/jitesh/arduinobot_ws/install/arduinobot_description/share/arduinobot_description/meshes/horizontal_arm.STL
[0.908s] -- Up-to-date: /home/jitesh/arduinobot_ws/install/arduinobot_description/share/arduinobot_description/meshes/basement.STL
[0.909s] -- Up-to-date: /home/jitesh/arduinobot_ws/install/arduinobot_description/share/arduinobot_description/meshes/round_plate.STL
[0.910s] -- Up-to-date: /home/jitesh/arduinobot_ws/install/arduinobot_description/share/arduinobot_description/meshes/claw_support.STL
[0.911s] -- Up-to-date: /home/jitesh/arduinobot_ws/install/arduinobot_description/share/arduinobot_description/meshes/right_finger.STL
[0.911s] -- Up-to-date: /home/jitesh/arduinobot_ws/install/arduinobot_description/share/arduinobot_description/meshes/vertical_drive_arm.STL
[0.912s] -- Up-to-date: /home/jitesh/arduinobot_ws/install/arduinobot_description/share/arduinobot_description/meshes/servo_plate.STL
[0.913s] -- Up-to-date: /home/jitesh/arduinobot_ws/install/arduinobot_description/share/arduinobot_description/urdf
[0.918s] -- Up-to-date: /home/jitesh/arduinobot_ws/install/arduinobot_description/share/arduinobot_description/urdf/arduinobot.urdf.xacro
[0.920s] -- Up-to-date: /home/jitesh/arduinobot_ws/install/arduinobot_description/share/arduinobot_description/urdf/arduinobot_ros2_control.xacro
[0.922s] -- Up-to-date: /home/jitesh/arduinobot_ws/install/arduinobot_description/share/arduinobot_description/urdf/arduinobot_gazebo.xacro
[0.925s] -- Up-to-date: /home/jitesh/arduinobot_ws/install/arduinobot_description/share/arduinobot_description/launch
[0.933s] -- Up-to-date: /home/jitesh/arduinobot_ws/install/arduinobot_description/share/arduinobot_description/launch/display.launch.py
[0.936s] -- Up-to-date: /home/jitesh/arduinobot_ws/install/arduinobot_description/share/arduinobot_description/launch/gazebo.launch.py
[0.945s] -- Up-to-date: /home/jitesh/arduinobot_ws/install/arduinobot_description/share/arduinobot_description/rviz
[0.947s] -- Up-to-date: /home/jitesh/arduinobot_ws/install/arduinobot_description/share/arduinobot_description/rviz/display.rviz
[0.957s] -- Up-to-date: /home/jitesh/arduinobot_ws/install/arduinobot_description/share/ament_index/resource_index/package_run_dependencies/arduinobot_description
[0.963s] -- Up-to-date: /home/jitesh/arduinobot_ws/install/arduinobot_description/share/ament_index/resource_index/parent_prefix_path/arduinobot_description
[0.967s] -- Up-to-date: /home/jitesh/arduinobot_ws/install/arduinobot_description/share/arduinobot_description/environment/ament_prefix_path.sh
[0.969s] -- Up-to-date: /home/jitesh/arduinobot_ws/install/arduinobot_description/share/arduinobot_description/environment/ament_prefix_path.dsv
[0.970s] -- Up-to-date: /home/jitesh/arduinobot_ws/install/arduinobot_description/share/arduinobot_description/environment/path.sh
[0.973s] -- Up-to-date: /home/jitesh/arduinobot_ws/install/arduinobot_description/share/arduinobot_description/environment/path.dsv
[0.979s] -- Up-to-date: /home/jitesh/arduinobot_ws/install/arduinobot_description/share/arduinobot_description/local_setup.bash
[0.981s] -- Up-to-date: /home/jitesh/arduinobot_ws/install/arduinobot_description/share/arduinobot_description/local_setup.sh
[0.983s] -- Up-to-date: /home/jitesh/arduinobot_ws/install/arduinobot_description/share/arduinobot_description/local_setup.zsh
[0.987s] -- Up-to-date: /home/jitesh/arduinobot_ws/install/arduinobot_description/share/arduinobot_description/local_setup.dsv
[0.991s] -- Installing: /home/jitesh/arduinobot_ws/install/arduinobot_description/share/arduinobot_description/package.dsv
[0.992s] -- Up-to-date: /home/jitesh/arduinobot_ws/install/arduinobot_description/share/ament_index/resource_index/packages/arduinobot_description
[0.993s] -- Up-to-date: /home/jitesh/arduinobot_ws/install/arduinobot_description/share/arduinobot_description/cmake/arduinobot_descriptionConfig.cmake
[0.995s] -- Up-to-date: /home/jitesh/arduinobot_ws/install/arduinobot_description/share/arduinobot_description/cmake/arduinobot_descriptionConfig-version.cmake
[0.996s] -- Up-to-date: /home/jitesh/arduinobot_ws/install/arduinobot_description/share/arduinobot_description/package.xml
[1.134s] Invoked command in '/home/jitesh/arduinobot_ws/build/arduinobot_description' returned '0': CMAKE_PREFIX_PATH=${CMAKE_PREFIX_PATH}:/home/jitesh/ws_moveit2/install/moveit_configs_utils:/home/jitesh/ws_moveit2/install/launch_param_builder:/home/jitesh/bookros2_ws/install/launch_pal:/home/jitesh/bookros2_ws/install/br2_fsm_bumpgo_py:/home/jitesh/roboarm_ws/install/my_robot_arm:/home/jitesh/ros2_ws/install/urdf_tutorial:/home/jitesh/ros2_ws/install/py_srvcli:/home/jitesh/ros2_ws/install/py_pubsub:/home/jitesh/ros2_ws/install/my_robot_controller:/home/jitesh/ros2_ws/install/cpp_pubsub:/opt/ros/humble /usr/bin/cmake --install /home/jitesh/arduinobot_ws/build/arduinobot_description
