[1.473s] Invoking command in '/home/jitesh/arduinobot_ws/src/arduinobot_py_examples': AMENT_PREFIX_PATH=/home/jitesh/arduinobot_ws/install/arduinobot_msgs:${AMENT_PREFIX_PATH} CMAKE_PREFIX_PATH=/home/jitesh/arduinobot_ws/install/arduinobot_msgs:${CMAKE_PREFIX_PATH} LD_LIBRARY_PATH=/home/jitesh/arduinobot_ws/install/arduinobot_msgs/lib:/home/jitesh/ws_moveit2/install/pilz_industrial_motion_planner_testutils/lib:/home/jitesh/ws_moveit2/install/pilz_industrial_motion_planner/lib:/home/jitesh/ws_moveit2/install/moveit_visual_tools/lib:/home/jitesh/ws_moveit2/install/moveit_task_constructor_visualization/lib:/home/jitesh/ws_moveit2/install/moveit_task_constructor_demo/lib:/home/jitesh/ws_moveit2/install/moveit_task_constructor_capabilities/lib:/home/jitesh/ws_moveit2/install/moveit_task_constructor_core/lib:/home/jitesh/ws_moveit2/install/moveit_ros_control_interface/lib:/home/jitesh/ws_moveit2/install/moveit_simple_controller_manager/lib:/home/jitesh/ws_moveit2/install/moveit_setup_assistant/lib:/home/jitesh/ws_moveit2/install/moveit_setup_srdf_plugins/lib:/home/jitesh/ws_moveit2/install/moveit_setup_core_plugins/lib:/home/jitesh/ws_moveit2/install/moveit_setup_controllers/lib:/home/jitesh/ws_moveit2/install/moveit_setup_app_plugins/lib:/home/jitesh/ws_moveit2/install/moveit_setup_framework/lib:/home/jitesh/ws_moveit2/install/moveit_servo/lib:/home/jitesh/ws_moveit2/install/moveit_ros_visualization/lib:/home/jitesh/ws_moveit2/install/moveit_hybrid_planning/lib:/home/jitesh/ws_moveit2/install/moveit_ros_planning_interface/lib:/home/jitesh/ws_moveit2/install/moveit_ros_benchmarks/lib:/home/jitesh/ws_moveit2/install/moveit_ros_warehouse/lib:/home/jitesh/ws_moveit2/install/moveit_ros_robot_interaction/lib:/home/jitesh/ws_moveit2/install/moveit_ros_perception/lib:/home/jitesh/ws_moveit2/install/moveit_ros_move_group/lib:/home/jitesh/ws_moveit2/install/moveit_planners_ompl/lib:/home/jitesh/ws_moveit2/install/moveit_ros_planning/lib:/home/jitesh/ws_moveit2/install/moveit_ros_occupancy_map_monitor/lib:/home/jitesh/ws_moveit2/install/moveit_resources_prbt_ikfast_manipulator_plugin/lib:/home/jitesh/ws_moveit2/install/moveit_planners_chomp/lib:/home/jitesh/ws_moveit2/install/moveit_kinematics/lib:/home/jitesh/ws_moveit2/install/moveit_chomp_optimizer_adapter/lib:/home/jitesh/ws_moveit2/install/chomp_motion_planner/lib:/home/jitesh/ws_moveit2/install/moveit_core/lib:/home/jitesh/ws_moveit2/install/srdfdom/lib:/home/jitesh/ws_moveit2/install/rviz_marker_tools/lib:/home/jitesh/ws_moveit2/install/rosparam_shortcuts/lib:/home/jitesh/ws_moveit2/install/moveit_task_constructor_msgs/lib:/home/jitesh/bookros2_ws/install/groot/lib:/home/jitesh/bookros2_ws/install/br2_vff_avoidance/lib:/home/jitesh/bookros2_ws/install/br2_tracking/lib:/home/jitesh/bookros2_ws/install/br2_tracking_msgs/lib:/home/jitesh/bookros2_ws/install/br2_tf2_detector/lib:/home/jitesh/bookros2_ws/install/br2_bt_patrolling/lib:/home/jitesh/bookros2_ws/install/br2_bt_bumpgo/lib:/home/jitesh/ros2_ws/install/tutorial_interfaces/lib:/home/jitesh/ros2_ws/install/turtlesim/lib:/home/jitesh/ros2_ws/install/polygon_plugins/lib:/home/jitesh/ros2_ws/install/more_interfaces/lib:/home/jitesh/ros2_ws/install/action_tutorials_cpp/lib:/home/jitesh/ros2_ws/install/action_tutorials_interfaces/lib:/usr/lib/x86_64-linux-gnu/gazebo-11/plugins:/opt/ros/humble/opt/rviz_ogre_vendor/lib:/opt/ros/humble/lib/x86_64-linux-gnu:/opt/ros/humble/lib:/usr/lib/x86_64-linux-gnu/gazebo-11/plugins PYTHONPATH=/home/jitesh/arduinobot_ws/build/arduinobot_py_examples/prefix_override:/home/jitesh/arduinobot_ws/install/arduinobot_py_examples/lib/python3.10/site-packages:/home/jitesh/arduinobot_ws/install/arduinobot_msgs/local/lib/python3.10/dist-packages:${PYTHONPATH} /usr/bin/python3 setup.py egg_info --egg-base ../../build/arduinobot_py_examples build --build-base /home/jitesh/arduinobot_ws/build/arduinobot_py_examples/build install --record /home/jitesh/arduinobot_ws/build/arduinobot_py_examples/install.log --single-version-externally-managed
[1.774s] running egg_info
[1.795s] writing ../../build/arduinobot_py_examples/arduinobot_py_examples.egg-info/PKG-INFO
[1.795s] writing dependency_links to ../../build/arduinobot_py_examples/arduinobot_py_examples.egg-info/dependency_links.txt
[1.795s] writing entry points to ../../build/arduinobot_py_examples/arduinobot_py_examples.egg-info/entry_points.txt
[1.796s] writing requirements to ../../build/arduinobot_py_examples/arduinobot_py_examples.egg-info/requires.txt
[1.796s] writing top-level names to ../../build/arduinobot_py_examples/arduinobot_py_examples.egg-info/top_level.txt
[1.939s] reading manifest file '../../build/arduinobot_py_examples/arduinobot_py_examples.egg-info/SOURCES.txt'
[1.940s] writing manifest file '../../build/arduinobot_py_examples/arduinobot_py_examples.egg-info/SOURCES.txt'
[1.940s] running build
[1.940s] running build_py
[1.941s] running install
[1.941s] /home/jitesh/.local/lib/python3.10/site-packages/setuptools/_distutils/cmd.py:66: SetuptoolsDeprecationWarning: setup.py install is deprecated.
[1.941s] !!
[1.941s] 
[1.941s]         ********************************************************************************
[1.942s]         Please avoid running ``setup.py`` directly.
[1.942s]         Instead, use pypa/build, pypa/installer or other
[1.942s]         standards-based tools.
[1.942s] 
[1.942s]         See https://blog.ganssle.io/articles/2021/10/setup-py-deprecated.html for details.
[1.942s]         ********************************************************************************
[1.942s] 
[1.942s] !!
[1.942s]   self.initialize_options()
[1.946s] running install_lib
[1.965s] running install_data
[1.982s] running install_egg_info
[2.004s] removing '/home/jitesh/arduinobot_ws/install/arduinobot_py_examples/lib/python3.10/site-packages/arduinobot_py_examples-0.0.0-py3.10.egg-info' (and everything under it)
[2.004s] Copying ../../build/arduinobot_py_examples/arduinobot_py_examples.egg-info to /home/jitesh/arduinobot_ws/install/arduinobot_py_examples/lib/python3.10/site-packages/arduinobot_py_examples-0.0.0-py3.10.egg-info
[2.005s] running install_scripts
[2.057s] Installing simple_action_client script to /home/jitesh/arduinobot_ws/install/arduinobot_py_examples/lib/arduinobot_py_examples
[2.057s] Installing simple_action_server script to /home/jitesh/arduinobot_ws/install/arduinobot_py_examples/lib/arduinobot_py_examples
[2.057s] Installing simple_parameter script to /home/jitesh/arduinobot_ws/install/arduinobot_py_examples/lib/arduinobot_py_examples
[2.057s] Installing simple_publisher script to /home/jitesh/arduinobot_ws/install/arduinobot_py_examples/lib/arduinobot_py_examples
[2.058s] Installing simple_service_client script to /home/jitesh/arduinobot_ws/install/arduinobot_py_examples/lib/arduinobot_py_examples
[2.058s] Installing simple_service_server script to /home/jitesh/arduinobot_ws/install/arduinobot_py_examples/lib/arduinobot_py_examples
[2.058s] Installing simple_subscriber script to /home/jitesh/arduinobot_ws/install/arduinobot_py_examples/lib/arduinobot_py_examples
[2.058s] writing list of installed files to '/home/jitesh/arduinobot_ws/build/arduinobot_py_examples/install.log'
[2.108s] Invoked command in '/home/jitesh/arduinobot_ws/src/arduinobot_py_examples' returned '0': AMENT_PREFIX_PATH=/home/jitesh/arduinobot_ws/install/arduinobot_msgs:${AMENT_PREFIX_PATH} CMAKE_PREFIX_PATH=/home/jitesh/arduinobot_ws/install/arduinobot_msgs:${CMAKE_PREFIX_PATH} LD_LIBRARY_PATH=/home/jitesh/arduinobot_ws/install/arduinobot_msgs/lib:/home/jitesh/ws_moveit2/install/pilz_industrial_motion_planner_testutils/lib:/home/jitesh/ws_moveit2/install/pilz_industrial_motion_planner/lib:/home/jitesh/ws_moveit2/install/moveit_visual_tools/lib:/home/jitesh/ws_moveit2/install/moveit_task_constructor_visualization/lib:/home/jitesh/ws_moveit2/install/moveit_task_constructor_demo/lib:/home/jitesh/ws_moveit2/install/moveit_task_constructor_capabilities/lib:/home/jitesh/ws_moveit2/install/moveit_task_constructor_core/lib:/home/jitesh/ws_moveit2/install/moveit_ros_control_interface/lib:/home/jitesh/ws_moveit2/install/moveit_simple_controller_manager/lib:/home/jitesh/ws_moveit2/install/moveit_setup_assistant/lib:/home/jitesh/ws_moveit2/install/moveit_setup_srdf_plugins/lib:/home/jitesh/ws_moveit2/install/moveit_setup_core_plugins/lib:/home/jitesh/ws_moveit2/install/moveit_setup_controllers/lib:/home/jitesh/ws_moveit2/install/moveit_setup_app_plugins/lib:/home/jitesh/ws_moveit2/install/moveit_setup_framework/lib:/home/jitesh/ws_moveit2/install/moveit_servo/lib:/home/jitesh/ws_moveit2/install/moveit_ros_visualization/lib:/home/jitesh/ws_moveit2/install/moveit_hybrid_planning/lib:/home/jitesh/ws_moveit2/install/moveit_ros_planning_interface/lib:/home/jitesh/ws_moveit2/install/moveit_ros_benchmarks/lib:/home/jitesh/ws_moveit2/install/moveit_ros_warehouse/lib:/home/jitesh/ws_moveit2/install/moveit_ros_robot_interaction/lib:/home/jitesh/ws_moveit2/install/moveit_ros_perception/lib:/home/jitesh/ws_moveit2/install/moveit_ros_move_group/lib:/home/jitesh/ws_moveit2/install/moveit_planners_ompl/lib:/home/jitesh/ws_moveit2/install/moveit_ros_planning/lib:/home/jitesh/ws_moveit2/install/moveit_ros_occupancy_map_monitor/lib:/home/jitesh/ws_moveit2/install/moveit_resources_prbt_ikfast_manipulator_plugin/lib:/home/jitesh/ws_moveit2/install/moveit_planners_chomp/lib:/home/jitesh/ws_moveit2/install/moveit_kinematics/lib:/home/jitesh/ws_moveit2/install/moveit_chomp_optimizer_adapter/lib:/home/jitesh/ws_moveit2/install/chomp_motion_planner/lib:/home/jitesh/ws_moveit2/install/moveit_core/lib:/home/jitesh/ws_moveit2/install/srdfdom/lib:/home/jitesh/ws_moveit2/install/rviz_marker_tools/lib:/home/jitesh/ws_moveit2/install/rosparam_shortcuts/lib:/home/jitesh/ws_moveit2/install/moveit_task_constructor_msgs/lib:/home/jitesh/bookros2_ws/install/groot/lib:/home/jitesh/bookros2_ws/install/br2_vff_avoidance/lib:/home/jitesh/bookros2_ws/install/br2_tracking/lib:/home/jitesh/bookros2_ws/install/br2_tracking_msgs/lib:/home/jitesh/bookros2_ws/install/br2_tf2_detector/lib:/home/jitesh/bookros2_ws/install/br2_bt_patrolling/lib:/home/jitesh/bookros2_ws/install/br2_bt_bumpgo/lib:/home/jitesh/ros2_ws/install/tutorial_interfaces/lib:/home/jitesh/ros2_ws/install/turtlesim/lib:/home/jitesh/ros2_ws/install/polygon_plugins/lib:/home/jitesh/ros2_ws/install/more_interfaces/lib:/home/jitesh/ros2_ws/install/action_tutorials_cpp/lib:/home/jitesh/ros2_ws/install/action_tutorials_interfaces/lib:/usr/lib/x86_64-linux-gnu/gazebo-11/plugins:/opt/ros/humble/opt/rviz_ogre_vendor/lib:/opt/ros/humble/lib/x86_64-linux-gnu:/opt/ros/humble/lib:/usr/lib/x86_64-linux-gnu/gazebo-11/plugins PYTHONPATH=/home/jitesh/arduinobot_ws/build/arduinobot_py_examples/prefix_override:/home/jitesh/arduinobot_ws/install/arduinobot_py_examples/lib/python3.10/site-packages:/home/jitesh/arduinobot_ws/install/arduinobot_msgs/local/lib/python3.10/dist-packages:${PYTHONPATH} /usr/bin/python3 setup.py egg_info --egg-base ../../build/arduinobot_py_examples build --build-base /home/jitesh/arduinobot_ws/build/arduinobot_py_examples/build install --record /home/jitesh/arduinobot_ws/build/arduinobot_py_examples/install.log --single-version-externally-managed
