[0.638s] Invoking command in '/home/jitesh/arduinobot_ws/build/arduinobot_controller': CMAKE_PREFIX_PATH=${CMAKE_PREFIX_PATH}:/home/jitesh/ws_moveit2/install/moveit_configs_utils:/home/jitesh/ws_moveit2/install/launch_param_builder:/home/jitesh/bookros2_ws/install/launch_pal:/home/jitesh/bookros2_ws/install/br2_fsm_bumpgo_py:/home/jitesh/roboarm_ws/install/my_robot_arm:/home/jitesh/ros2_ws/install/urdf_tutorial:/home/jitesh/ros2_ws/install/py_srvcli:/home/jitesh/ros2_ws/install/py_pubsub:/home/jitesh/ros2_ws/install/my_robot_controller:/home/jitesh/ros2_ws/install/cpp_pubsub:/opt/ros/humble /usr/bin/cmake --build /home/jitesh/arduinobot_ws/build/arduinobot_controller -- -j12 -l12
[0.734s] Invoked command in '/home/jitesh/arduinobot_ws/build/arduinobot_controller' returned '0': CMAKE_PREFIX_PATH=${CMAKE_PREFIX_PATH}:/home/jitesh/ws_moveit2/install/moveit_configs_utils:/home/jitesh/ws_moveit2/install/launch_param_builder:/home/jitesh/bookros2_ws/install/launch_pal:/home/jitesh/bookros2_ws/install/br2_fsm_bumpgo_py:/home/jitesh/roboarm_ws/install/my_robot_arm:/home/jitesh/ros2_ws/install/urdf_tutorial:/home/jitesh/ros2_ws/install/py_srvcli:/home/jitesh/ros2_ws/install/py_pubsub:/home/jitesh/ros2_ws/install/my_robot_controller:/home/jitesh/ros2_ws/install/cpp_pubsub:/opt/ros/humble /usr/bin/cmake --build /home/jitesh/arduinobot_ws/build/arduinobot_controller -- -j12 -l12
[0.940s] Invoking command in '/home/jitesh/arduinobot_ws/build/arduinobot_controller': CMAKE_PREFIX_PATH=${CMAKE_PREFIX_PATH}:/home/jitesh/ws_moveit2/install/moveit_configs_utils:/home/jitesh/ws_moveit2/install/launch_param_builder:/home/jitesh/bookros2_ws/install/launch_pal:/home/jitesh/bookros2_ws/install/br2_fsm_bumpgo_py:/home/jitesh/roboarm_ws/install/my_robot_arm:/home/jitesh/ros2_ws/install/urdf_tutorial:/home/jitesh/ros2_ws/install/py_srvcli:/home/jitesh/ros2_ws/install/py_pubsub:/home/jitesh/ros2_ws/install/my_robot_controller:/home/jitesh/ros2_ws/install/cpp_pubsub:/opt/ros/humble /usr/bin/cmake --install /home/jitesh/arduinobot_ws/build/arduinobot_controller
[1.030s] -- Install configuration: ""
[1.031s] -- Up-to-date: /home/jitesh/arduinobot_ws/install/arduinobot_controller/share/arduinobot_controller/config
[1.037s] -- Up-to-date: /home/jitesh/arduinobot_ws/install/arduinobot_controller/share/arduinobot_controller/config/arduinobot_controllers.yaml
[1.038s] -- Up-to-date: /home/jitesh/arduinobot_ws/install/arduinobot_controller/share/arduinobot_controller/launch
[1.039s] -- Up-to-date: /home/jitesh/arduinobot_ws/install/arduinobot_controller/share/arduinobot_controller/launch/controller.launch.py
[1.039s] -- Up-to-date: /home/jitesh/arduinobot_ws/install/arduinobot_controller/share/ament_index/resource_index/package_run_dependencies/arduinobot_controller
[1.040s] -- Up-to-date: /home/jitesh/arduinobot_ws/install/arduinobot_controller/share/ament_index/resource_index/parent_prefix_path/arduinobot_controller
[1.041s] -- Up-to-date: /home/jitesh/arduinobot_ws/install/arduinobot_controller/share/arduinobot_controller/environment/ament_prefix_path.sh
[1.042s] -- Up-to-date: /home/jitesh/arduinobot_ws/install/arduinobot_controller/share/arduinobot_controller/environment/ament_prefix_path.dsv
[1.063s] -- Up-to-date: /home/jitesh/arduinobot_ws/install/arduinobot_controller/share/arduinobot_controller/environment/path.sh
[1.065s] -- Up-to-date: /home/jitesh/arduinobot_ws/install/arduinobot_controller/share/arduinobot_controller/environment/path.dsv
[1.067s] -- Up-to-date: /home/jitesh/arduinobot_ws/install/arduinobot_controller/share/arduinobot_controller/local_setup.bash
[1.073s] -- Up-to-date: /home/jitesh/arduinobot_ws/install/arduinobot_controller/share/arduinobot_controller/local_setup.sh
[1.075s] -- Up-to-date: /home/jitesh/arduinobot_ws/install/arduinobot_controller/share/arduinobot_controller/local_setup.zsh
[1.076s] -- Up-to-date: /home/jitesh/arduinobot_ws/install/arduinobot_controller/share/arduinobot_controller/local_setup.dsv
[1.078s] -- Installing: /home/jitesh/arduinobot_ws/install/arduinobot_controller/share/arduinobot_controller/package.dsv
[1.099s] -- Up-to-date: /home/jitesh/arduinobot_ws/install/arduinobot_controller/share/ament_index/resource_index/packages/arduinobot_controller
[1.101s] -- Up-to-date: /home/jitesh/arduinobot_ws/install/arduinobot_controller/share/arduinobot_controller/cmake/arduinobot_controllerConfig.cmake
[1.108s] -- Up-to-date: /home/jitesh/arduinobot_ws/install/arduinobot_controller/share/arduinobot_controller/cmake/arduinobot_controllerConfig-version.cmake
[1.113s] -- Up-to-date: /home/jitesh/arduinobot_ws/install/arduinobot_controller/share/arduinobot_controller/package.xml
[1.122s] Invoked command in '/home/jitesh/arduinobot_ws/build/arduinobot_controller' returned '0': CMAKE_PREFIX_PATH=${CMAKE_PREFIX_PATH}:/home/jitesh/ws_moveit2/install/moveit_configs_utils:/home/jitesh/ws_moveit2/install/launch_param_builder:/home/jitesh/bookros2_ws/install/launch_pal:/home/jitesh/bookros2_ws/install/br2_fsm_bumpgo_py:/home/jitesh/roboarm_ws/install/my_robot_arm:/home/jitesh/ros2_ws/install/urdf_tutorial:/home/jitesh/ros2_ws/install/py_srvcli:/home/jitesh/ros2_ws/install/py_pubsub:/home/jitesh/ros2_ws/install/my_robot_controller:/home/jitesh/ros2_ws/install/cpp_pubsub:/opt/ros/humble /usr/bin/cmake --install /home/jitesh/arduinobot_ws/build/arduinobot_controller
