[1.251s] Invoking command in '/home/jitesh/arduinobot_ws/src/arduinobot_py_examples': PYTHONPATH=/home/jitesh/arduinobot_ws/build/arduinobot_py_examples/prefix_override:/home/jitesh/arduinobot_ws/install/arduinobot_py_examples/lib/python3.10/site-packages:${PYTHONPATH} /usr/bin/python3 setup.py egg_info --egg-base ../../build/arduinobot_py_examples build --build-base /home/jitesh/arduinobot_ws/build/arduinobot_py_examples/build install --record /home/jitesh/arduinobot_ws/build/arduinobot_py_examples/install.log --single-version-externally-managed
[1.530s] running egg_info
[1.531s] writing ../../build/arduinobot_py_examples/arduinobot_py_examples.egg-info/PKG-INFO
[1.531s] writing dependency_links to ../../build/arduinobot_py_examples/arduinobot_py_examples.egg-info/dependency_links.txt
[1.531s] writing entry points to ../../build/arduinobot_py_examples/arduinobot_py_examples.egg-info/entry_points.txt
[1.531s] writing requirements to ../../build/arduinobot_py_examples/arduinobot_py_examples.egg-info/requires.txt
[1.531s] writing top-level names to ../../build/arduinobot_py_examples/arduinobot_py_examples.egg-info/top_level.txt
[1.535s] reading manifest file '../../build/arduinobot_py_examples/arduinobot_py_examples.egg-info/SOURCES.txt'
[1.536s] writing manifest file '../../build/arduinobot_py_examples/arduinobot_py_examples.egg-info/SOURCES.txt'
[1.536s] running build
[1.536s] running build_py
[1.536s] running install
[1.536s] running install_lib
[1.538s] running install_data
[1.538s] running install_egg_info
[1.540s] removing '/home/jitesh/arduinobot_ws/install/arduinobot_py_examples/lib/python3.10/site-packages/arduinobot_py_examples-0.0.0-py3.10.egg-info' (and everything under it)
[1.541s] Copying ../../build/arduinobot_py_examples/arduinobot_py_examples.egg-info to /home/jitesh/arduinobot_ws/install/arduinobot_py_examples/lib/python3.10/site-packages/arduinobot_py_examples-0.0.0-py3.10.egg-info
[1.542s] running install_scripts
[1.570s] Installing simple_publisher script to /home/jitesh/arduinobot_ws/install/arduinobot_py_examples/lib/arduinobot_py_examples
[1.570s] Installing simple_subscriber script to /home/jitesh/arduinobot_ws/install/arduinobot_py_examples/lib/arduinobot_py_examples
[1.571s] writing list of installed files to '/home/jitesh/arduinobot_ws/build/arduinobot_py_examples/install.log'
[1.627s] Invoked command in '/home/jitesh/arduinobot_ws/src/arduinobot_py_examples' returned '0': PYTHONPATH=/home/jitesh/arduinobot_ws/build/arduinobot_py_examples/prefix_override:/home/jitesh/arduinobot_ws/install/arduinobot_py_examples/lib/python3.10/site-packages:${PYTHONPATH} /usr/bin/python3 setup.py egg_info --egg-base ../../build/arduinobot_py_examples build --build-base /home/jitesh/arduinobot_ws/build/arduinobot_py_examples/build install --record /home/jitesh/arduinobot_ws/build/arduinobot_py_examples/install.log --single-version-externally-managed
