[0.948s] Invoking command in '/home/jitesh/arduinobot_ws/src/arduinobot_py_examples': PYTHONPATH=/home/jitesh/arduinobot_ws/build/arduinobot_py_examples/prefix_override:/home/jitesh/arduinobot_ws/install/arduinobot_py_examples/lib/python3.10/site-packages:${PYTHONPATH} /usr/bin/python3 setup.py egg_info --egg-base ../../build/arduinobot_py_examples build --build-base /home/jitesh/arduinobot_ws/build/arduinobot_py_examples/build install --record /home/jitesh/arduinobot_ws/build/arduinobot_py_examples/install.log --single-version-externally-managed
[1.196s] running egg_info
[1.197s] creating ../../build/arduinobot_py_examples/arduinobot_py_examples.egg-info
[1.197s] writing ../../build/arduinobot_py_examples/arduinobot_py_examples.egg-info/PKG-INFO
[1.197s] writing dependency_links to ../../build/arduinobot_py_examples/arduinobot_py_examples.egg-info/dependency_links.txt
[1.197s] writing entry points to ../../build/arduinobot_py_examples/arduinobot_py_examples.egg-info/entry_points.txt
[1.198s] writing requirements to ../../build/arduinobot_py_examples/arduinobot_py_examples.egg-info/requires.txt
[1.198s] writing top-level names to ../../build/arduinobot_py_examples/arduinobot_py_examples.egg-info/top_level.txt
[1.199s] writing manifest file '../../build/arduinobot_py_examples/arduinobot_py_examples.egg-info/SOURCES.txt'
[1.200s] reading manifest file '../../build/arduinobot_py_examples/arduinobot_py_examples.egg-info/SOURCES.txt'
[1.201s] writing manifest file '../../build/arduinobot_py_examples/arduinobot_py_examples.egg-info/SOURCES.txt'
[1.201s] running build
[1.201s] running build_py
[1.201s] creating /home/jitesh/arduinobot_ws/build/arduinobot_py_examples/build
[1.201s] creating /home/jitesh/arduinobot_ws/build/arduinobot_py_examples/build/lib
[1.202s] creating /home/jitesh/arduinobot_ws/build/arduinobot_py_examples/build/lib/arduinobot_py_examples
[1.202s] copying arduinobot_py_examples/__init__.py -> /home/jitesh/arduinobot_ws/build/arduinobot_py_examples/build/lib/arduinobot_py_examples
[1.202s] running install
[1.202s] running install_lib
[1.202s] creating /home/jitesh/arduinobot_ws/install/arduinobot_py_examples/lib/python3.10/site-packages/arduinobot_py_examples
[1.202s] copying /home/jitesh/arduinobot_ws/build/arduinobot_py_examples/build/lib/arduinobot_py_examples/__init__.py -> /home/jitesh/arduinobot_ws/install/arduinobot_py_examples/lib/python3.10/site-packages/arduinobot_py_examples
[1.203s] byte-compiling /home/jitesh/arduinobot_ws/install/arduinobot_py_examples/lib/python3.10/site-packages/arduinobot_py_examples/__init__.py to __init__.cpython-310.pyc
[1.203s] running install_data
[1.204s] creating /home/jitesh/arduinobot_ws/install/arduinobot_py_examples/share/ament_index
[1.204s] creating /home/jitesh/arduinobot_ws/install/arduinobot_py_examples/share/ament_index/resource_index
[1.204s] creating /home/jitesh/arduinobot_ws/install/arduinobot_py_examples/share/ament_index/resource_index/packages
[1.204s] copying resource/arduinobot_py_examples -> /home/jitesh/arduinobot_ws/install/arduinobot_py_examples/share/ament_index/resource_index/packages
[1.204s] copying package.xml -> /home/jitesh/arduinobot_ws/install/arduinobot_py_examples/share/arduinobot_py_examples
[1.204s] running install_egg_info
[1.205s] Copying ../../build/arduinobot_py_examples/arduinobot_py_examples.egg-info to /home/jitesh/arduinobot_ws/install/arduinobot_py_examples/lib/python3.10/site-packages/arduinobot_py_examples-0.0.0-py3.10.egg-info
[1.206s] running install_scripts
[1.226s] writing list of installed files to '/home/jitesh/arduinobot_ws/build/arduinobot_py_examples/install.log'
[1.263s] Invoked command in '/home/jitesh/arduinobot_ws/src/arduinobot_py_examples' returned '0': PYTHONPATH=/home/jitesh/arduinobot_ws/build/arduinobot_py_examples/prefix_override:/home/jitesh/arduinobot_ws/install/arduinobot_py_examples/lib/python3.10/site-packages:${PYTHONPATH} /usr/bin/python3 setup.py egg_info --egg-base ../../build/arduinobot_py_examples build --build-base /home/jitesh/arduinobot_ws/build/arduinobot_py_examples/build install --record /home/jitesh/arduinobot_ws/build/arduinobot_py_examples/install.log --single-version-externally-managed
