[0.652s] Invoking command in '/home/jitesh/arduinobot_ws/build/arduinobot_controller': CMAKE_PREFIX_PATH=${CMAKE_PREFIX_PATH}:/home/jitesh/ws_moveit2/install/moveit_configs_utils:/home/jitesh/ws_moveit2/install/launch_param_builder:/home/jitesh/bookros2_ws/install/launch_pal:/home/jitesh/bookros2_ws/install/br2_fsm_bumpgo_py:/home/jitesh/roboarm_ws/install/my_robot_arm:/home/jitesh/ros2_ws/install/urdf_tutorial:/home/jitesh/ros2_ws/install/py_srvcli:/home/jitesh/ros2_ws/install/py_pubsub:/home/jitesh/ros2_ws/install/my_robot_controller:/home/jitesh/ros2_ws/install/cpp_pubsub:/opt/ros/humble /usr/bin/cmake --build /home/jitesh/arduinobot_ws/build/arduinobot_controller -- -j12 -l12
[0.743s] Invoked command in '/home/jitesh/arduinobot_ws/build/arduinobot_controller' returned '0': CMAKE_PREFIX_PATH=${CMAKE_PREFIX_PATH}:/home/jitesh/ws_moveit2/install/moveit_configs_utils:/home/jitesh/ws_moveit2/install/launch_param_builder:/home/jitesh/bookros2_ws/install/launch_pal:/home/jitesh/bookros2_ws/install/br2_fsm_bumpgo_py:/home/jitesh/roboarm_ws/install/my_robot_arm:/home/jitesh/ros2_ws/install/urdf_tutorial:/home/jitesh/ros2_ws/install/py_srvcli:/home/jitesh/ros2_ws/install/py_pubsub:/home/jitesh/ros2_ws/install/my_robot_controller:/home/jitesh/ros2_ws/install/cpp_pubsub:/opt/ros/humble /usr/bin/cmake --build /home/jitesh/arduinobot_ws/build/arduinobot_controller -- -j12 -l12
[0.957s] Invoking command in '/home/jitesh/arduinobot_ws/build/arduinobot_controller': CMAKE_PREFIX_PATH=${CMAKE_PREFIX_PATH}:/home/jitesh/ws_moveit2/install/moveit_configs_utils:/home/jitesh/ws_moveit2/install/launch_param_builder:/home/jitesh/bookros2_ws/install/launch_pal:/home/jitesh/bookros2_ws/install/br2_fsm_bumpgo_py:/home/jitesh/roboarm_ws/install/my_robot_arm:/home/jitesh/ros2_ws/install/urdf_tutorial:/home/jitesh/ros2_ws/install/py_srvcli:/home/jitesh/ros2_ws/install/py_pubsub:/home/jitesh/ros2_ws/install/my_robot_controller:/home/jitesh/ros2_ws/install/cpp_pubsub:/opt/ros/humble /usr/bin/cmake --install /home/jitesh/arduinobot_ws/build/arduinobot_controller
[0.980s] -- Install configuration: ""
[0.980s] -- Up-to-date: /home/jitesh/arduinobot_ws/install/arduinobot_controller/share/arduinobot_controller/config
[0.995s] -- Up-to-date: /home/jitesh/arduinobot_ws/install/arduinobot_controller/share/arduinobot_controller/config/arduinobot_controllers.yaml
[0.996s] -- Up-to-date: /home/jitesh/arduinobot_ws/install/arduinobot_controller/share/arduinobot_controller/launch
[0.997s] -- Up-to-date: /home/jitesh/arduinobot_ws/install/arduinobot_controller/share/arduinobot_controller/launch/controller.launch.py
[0.998s] -- Up-to-date: /home/jitesh/arduinobot_ws/install/arduinobot_controller/share/ament_index/resource_index/package_run_dependencies/arduinobot_controller
[0.999s] -- Up-to-date: /home/jitesh/arduinobot_ws/install/arduinobot_controller/share/ament_index/resource_index/parent_prefix_path/arduinobot_controller
[1.031s] -- Up-to-date: /home/jitesh/arduinobot_ws/install/arduinobot_controller/share/arduinobot_controller/environment/ament_prefix_path.sh
[1.035s] -- Up-to-date: /home/jitesh/arduinobot_ws/install/arduinobot_controller/share/arduinobot_controller/environment/ament_prefix_path.dsv
[1.043s] -- Up-to-date: /home/jitesh/arduinobot_ws/install/arduinobot_controller/share/arduinobot_controller/environment/path.sh
[1.047s] -- Up-to-date: /home/jitesh/arduinobot_ws/install/arduinobot_controller/share/arduinobot_controller/environment/path.dsv
[1.048s] -- Up-to-date: /home/jitesh/arduinobot_ws/install/arduinobot_controller/share/arduinobot_controller/local_setup.bash
[1.050s] -- Up-to-date: /home/jitesh/arduinobot_ws/install/arduinobot_controller/share/arduinobot_controller/local_setup.sh
[1.051s] -- Up-to-date: /home/jitesh/arduinobot_ws/install/arduinobot_controller/share/arduinobot_controller/local_setup.zsh
[1.053s] -- Up-to-date: /home/jitesh/arduinobot_ws/install/arduinobot_controller/share/arduinobot_controller/local_setup.dsv
[1.064s] -- Installing: /home/jitesh/arduinobot_ws/install/arduinobot_controller/share/arduinobot_controller/package.dsv
[1.066s] -- Up-to-date: /home/jitesh/arduinobot_ws/install/arduinobot_controller/share/ament_index/resource_index/packages/arduinobot_controller
[1.067s] -- Up-to-date: /home/jitesh/arduinobot_ws/install/arduinobot_controller/share/arduinobot_controller/cmake/arduinobot_controllerConfig.cmake
[1.069s] -- Up-to-date: /home/jitesh/arduinobot_ws/install/arduinobot_controller/share/arduinobot_controller/cmake/arduinobot_controllerConfig-version.cmake
[1.070s] -- Up-to-date: /home/jitesh/arduinobot_ws/install/arduinobot_controller/share/arduinobot_controller/package.xml
[1.385s] Invoked command in '/home/jitesh/arduinobot_ws/build/arduinobot_controller' returned '0': CMAKE_PREFIX_PATH=${CMAKE_PREFIX_PATH}:/home/jitesh/ws_moveit2/install/moveit_configs_utils:/home/jitesh/ws_moveit2/install/launch_param_builder:/home/jitesh/bookros2_ws/install/launch_pal:/home/jitesh/bookros2_ws/install/br2_fsm_bumpgo_py:/home/jitesh/roboarm_ws/install/my_robot_arm:/home/jitesh/ros2_ws/install/urdf_tutorial:/home/jitesh/ros2_ws/install/py_srvcli:/home/jitesh/ros2_ws/install/py_pubsub:/home/jitesh/ros2_ws/install/my_robot_controller:/home/jitesh/ros2_ws/install/cpp_pubsub:/opt/ros/humble /usr/bin/cmake --install /home/jitesh/arduinobot_ws/build/arduinobot_controller
