[0.278s] Invoking command in '/home/jitesh/arduinobot_ws/build/arduinobot_msgs': CMAKE_PREFIX_PATH=/home/jitesh/ws_moveit2/install/pilz_industrial_motion_planner_testutils:/home/jitesh/ws_moveit2/install/panda_moveit_config:/home/jitesh/ws_moveit2/install/mrm_moveit_config:/home/jitesh/ws_moveit2/install/moveit_runtime:/home/jitesh/ws_moveit2/install/moveit2_tutorials:/home/jitesh/ws_moveit2/install/moveit:/home/jitesh/ws_moveit2/install/moveit_planners:/home/jitesh/ws_moveit2/install/pilz_industrial_motion_planner:/home/jitesh/ws_moveit2/install/mtc_tutorial:/home/jitesh/ws_moveit2/install/hello_moveit:/home/jitesh/ws_moveit2/install/moveit_visual_tools:/home/jitesh/ws_moveit2/install/moveit_task_constructor_visualization:/home/jitesh/ws_moveit2/install/moveit_task_constructor_demo:/home/jitesh/ws_moveit2/install/moveit_task_constructor_capabilities:/home/jitesh/ws_moveit2/install/moveit_task_constructor_core:/home/jitesh/ws_moveit2/install/moveit_ros_control_interface:/home/jitesh/ws_moveit2/install/moveit_plugins:/home/jitesh/ws_moveit2/install/moveit_simple_controller_manager:/home/jitesh/ws_moveit2/install/moveit_setup_assistant:/home/jitesh/ws_moveit2/install/moveit_setup_srdf_plugins:/home/jitesh/ws_moveit2/install/moveit_setup_core_plugins:/home/jitesh/ws_moveit2/install/moveit_setup_controllers:/home/jitesh/ws_moveit2/install/moveit_setup_app_plugins:/home/jitesh/ws_moveit2/install/moveit_setup_framework:/home/jitesh/ws_moveit2/install/moveit_servo:/home/jitesh/ws_moveit2/install/moveit_ros:/home/jitesh/ws_moveit2/install/moveit_ros_visualization:/home/jitesh/ws_moveit2/install/moveit_hybrid_planning:/home/jitesh/ws_moveit2/install/moveit_ros_planning_interface:/home/jitesh/ws_moveit2/install/moveit_ros_benchmarks:/home/jitesh/ws_moveit2/install/moveit_ros_warehouse:/home/jitesh/ws_moveit2/install/moveit_ros_robot_interaction:/home/jitesh/ws_moveit2/install/moveit_ros_perception:/home/jitesh/ws_moveit2/install/moveit_resources_prbt_pg70_support:/home/jitesh/ws_moveit2/install/moveit_resources_prbt_moveit_config:/home/jitesh/ws_moveit2/install/moveit_ros_move_group:/home/jitesh/ws_moveit2/install/moveit_planners_ompl:/home/jitesh/ws_moveit2/install/moveit_ros_planning:/home/jitesh/ws_moveit2/install/moveit_ros_occupancy_map_monitor:/home/jitesh/ws_moveit2/install/moveit_resources_prbt_ikfast_manipulator_plugin:/home/jitesh/ws_moveit2/install/moveit_planners_chomp:/home/jitesh/ws_moveit2/install/moveit_kinematics:/home/jitesh/ws_moveit2/install/moveit_chomp_optimizer_adapter:/home/jitesh/ws_moveit2/install/chomp_motion_planner:/home/jitesh/ws_moveit2/install/moveit_core:/home/jitesh/ws_moveit2/install/srdfdom:/home/jitesh/ws_moveit2/install/rviz_marker_tools:/home/jitesh/ws_moveit2/install/rosparam_shortcuts:/home/jitesh/ws_moveit2/install/mrm_description:/home/jitesh/ws_moveit2/install/moveit_task_constructor_msgs:/home/jitesh/ws_moveit2/install/moveit_resources_prbt_support:/home/jitesh/ws_moveit2/install/moveit_resources:/home/jitesh/ws_moveit2/install/moveit_resources_pr2_description:/home/jitesh/ws_moveit2/install/moveit_resources_panda_moveit_config:/home/jitesh/ws_moveit2/install/moveit_resources_panda_description:/home/jitesh/ws_moveit2/install/moveit_resources_fanuc_moveit_config:/home/jitesh/ws_moveit2/install/moveit_resources_fanuc_description:/home/jitesh/ws_moveit2/install/moveit_common:/home/jitesh/bookros2_ws/install/urdf_test:/home/jitesh/bookros2_ws/install/tiago_simulation:/home/jitesh/bookros2_ws/install/tiago_robot:/home/jitesh/bookros2_ws/install/tiago_navigation:/home/jitesh/bookros2_ws/install/tiago_gazebo:/home/jitesh/bookros2_ws/install/tiago_moveit_config:/home/jitesh/bookros2_ws/install/tiago_laser_sensors:/home/jitesh/bookros2_ws/install/tiago_bringup:/home/jitesh/bookros2_ws/install/tiago_description:/home/jitesh/bookros2_ws/install/tiago_controller_configuration:/home/jitesh/bookros2_ws/install/tiago_2dnav:/home/jitesh/bookros2_ws/install/pmb2_robot:/home/jitesh/bookros2_ws/install/pmb2_navigation:/home/jitesh/bookros2_ws/install/pmb2_2dnav:/home/jitesh/bookros2_ws/install/pmb2_maps:/home/jitesh/bookros2_ws/install/pmb2_laser_sensors:/home/jitesh/bookros2_ws/install/pmb2_bringup:/home/jitesh/bookros2_ws/install/pmb2_description:/home/jitesh/bookros2_ws/install/pmb2_controller_configuration:/home/jitesh/bookros2_ws/install/pal_gripper:/home/jitesh/bookros2_ws/install/pal_gripper_description:/home/jitesh/bookros2_ws/install/pal_gripper_controller_configuration:/home/jitesh/bookros2_ws/install/pal_gazebo_worlds:/home/jitesh/bookros2_ws/install/hey5_description:/home/jitesh/bookros2_ws/install/groot:/home/jitesh/bookros2_ws/install/br2_vff_avoidance:/home/jitesh/bookros2_ws/install/br2_tracking:/home/jitesh/bookros2_ws/install/br2_tracking_msgs:/home/jitesh/bookros2_ws/install/br2_tiago:/home/jitesh/bookros2_ws/install/br2_tf2_detector:/home/jitesh/bookros2_ws/install/br2_navigation:/home/jitesh/bookros2_ws/install/br2_fsm_bumpgo_cpp:/home/jitesh/bookros2_ws/install/br2_bt_patrolling:/home/jitesh/bookros2_ws/install/br2_bt_bumpgo:/home/jitesh/bookros2_ws/install/br2_basics:/home/jitesh/roboarm_ws/install/mrm_description:/home/jitesh/ws_moveit2/install/moveit_configs_utils:/home/jitesh/ws_moveit2/install/launch_param_builder:/home/jitesh/bookros2_ws/install/launch_pal:/home/jitesh/bookros2_ws/install/br2_fsm_bumpgo_py:/home/jitesh/roboarm_ws/install/my_robot_arm:/home/jitesh/ros2_ws/install/py_srvcli:/home/jitesh/ros2_ws/install/py_pubsub:/opt/ros/humble:/home/jitesh/ros2_ws/install/urdf_tutorial:/home/jitesh/ros2_ws/install/tutorial_interfaces:/home/jitesh/ros2_ws/install/turtlesim:/home/jitesh/ros2_ws/install/polygon_plugins:/home/jitesh/ros2_ws/install/polygon_base:/home/jitesh/ros2_ws/install/my_package:/home/jitesh/ros2_ws/install/more_interfaces:/home/jitesh/ros2_ws/install/dolly:/home/jitesh/ros2_ws/install/dolly_tests:/home/jitesh/ros2_ws/install/dolly_ignition:/home/jitesh/ros2_ws/install/dolly_gazebo:/home/jitesh/ros2_ws/install/dolly_follow:/home/jitesh/ros2_ws/install/cpp_pubsub:/home/jitesh/ros2_ws/install/cpp_parameter:/home/jitesh/ros2_ws/install/action_tutorials_cpp:/home/jitesh/ros2_ws/install/action_tutorials_interfaces /usr/bin/cmake --build /home/jitesh/arduinobot_ws/build/arduinobot_msgs -- -j12 -l12
[0.322s] -- Found ament_cmake: 1.3.5 (/opt/ros/humble/share/ament_cmake/cmake)
[0.512s] -- Found std_msgs: 4.2.3 (/opt/ros/humble/share/std_msgs/cmake)
[0.693s] -- Found rosidl_generator_c: 3.1.5 (/opt/ros/humble/share/rosidl_generator_c/cmake)
[0.729s] -- Found rosidl_adapter: 3.1.5 (/opt/ros/humble/share/rosidl_adapter/cmake)
[0.776s] -- Found rosidl_generator_cpp: 3.1.5 (/opt/ros/humble/share/rosidl_generator_cpp/cmake)
[0.841s] -- Using all available rosidl_typesupport_c: rosidl_typesupport_fastrtps_c;rosidl_typesupport_introspection_c
[0.927s] -- Using all available rosidl_typesupport_cpp: rosidl_typesupport_fastrtps_cpp;rosidl_typesupport_introspection_cpp
[1.064s] -- Found rosidl_default_generators: 1.2.0 (/opt/ros/humble/share/rosidl_default_generators/cmake)
[1.696s] -- Found ament_cmake_ros: 0.10.0 (/opt/ros/humble/share/ament_cmake_ros/cmake)
[2.192s] -- Using all available rosidl_typesupport_c: rosidl_typesupport_fastrtps_c;rosidl_typesupport_introspection_c
[2.342s] -- Using all available rosidl_typesupport_cpp: rosidl_typesupport_fastrtps_cpp;rosidl_typesupport_introspection_cpp
[2.377s] -- Found PythonInterp: /usr/bin/python3 (found suitable version "3.10.12", minimum required is "3.6") 
[2.392s] -- Found python_cmake_module: 0.10.0 (/opt/ros/humble/share/python_cmake_module/cmake)
[2.436s] -- Found PythonLibs: /usr/lib/x86_64-linux-gnu/libpython3.10.so (found suitable version "3.10.12", minimum required is "3.5") 
[2.437s] -- Using PYTHON_EXECUTABLE: /usr/bin/python3
[2.437s] -- Using PYTHON_INCLUDE_DIRS: /usr/include/python3.10
[2.437s] -- Using PYTHON_LIBRARIES: /usr/lib/x86_64-linux-gnu/libpython3.10.so
[2.465s] -- Found PythonExtra: .so  
[2.563s] -- Found ament_lint_auto: 0.12.8 (/opt/ros/humble/share/ament_lint_auto/cmake)
[2.574s] -- Added test 'lint_cmake' to check CMake code style
[2.575s] -- Added test 'xmllint' to check XML markup files
[2.577s] -- Configuring done
[2.607s] -- Generating done
[2.611s] -- Build files have been written to: /home/jitesh/arduinobot_ws/build/arduinobot_msgs
[2.666s] [  3%] [34m[1mGenerating C code for ROS interfaces[0m
[2.691s] [  6%] [34m[1mGenerating C++ code for ROS interfaces[0m
[2.712s] [  6%] Built target ament_cmake_python_copy_arduinobot_msgs
[3.002s] [  6%] Built target arduinobot_msgs__cpp
[3.010s] [  9%] [32mBuilding C object CMakeFiles/arduinobot_msgs__rosidl_generator_c.dir/rosidl_generator_c/arduinobot_msgs/srv/detail/add_two_ints__functions.c.o[0m
[3.029s] [ 19%] [34m[1mGenerating C++ type support dispatch for ROS interfaces[0m
[3.029s] [ 19%] [34m[1mGenerating C++ type support for eProsima Fast-RTPS[0m
[3.029s] [ 19%] [34m[1mGenerating C++ introspection for ROS interfaces[0m
[3.062s] running egg_info
[3.063s] creating arduinobot_msgs.egg-info
[3.063s] writing arduinobot_msgs.egg-info/PKG-INFO
[3.064s] writing dependency_links to arduinobot_msgs.egg-info/dependency_links.txt
[3.064s] writing top-level names to arduinobot_msgs.egg-info/top_level.txt
[3.066s] writing manifest file 'arduinobot_msgs.egg-info/SOURCES.txt'
[3.069s] reading manifest file 'arduinobot_msgs.egg-info/SOURCES.txt'
[3.070s] writing manifest file 'arduinobot_msgs.egg-info/SOURCES.txt'
[3.110s] [ 22%] [32m[1mLinking C shared library libarduinobot_msgs__rosidl_generator_c.so[0m
[3.141s] [ 22%] Built target ament_cmake_python_build_arduinobot_msgs_egg
[3.183s] [ 22%] Built target arduinobot_msgs__rosidl_generator_c
[3.209s] [ 32%] [34m[1mGenerating C type support dispatch for ROS interfaces[0m
[3.210s] [ 32%] [34m[1mGenerating C introspection for ROS interfaces[0m
[3.210s] [ 32%] [34m[1mGenerating C type support for eProsima Fast-RTPS[0m
[3.379s] [ 35%] [32mBuilding CXX object CMakeFiles/arduinobot_msgs__rosidl_typesupport_introspection_cpp.dir/rosidl_typesupport_introspection_cpp/arduinobot_msgs/srv/detail/add_two_ints__type_support.cpp.o[0m
[3.503s] [ 38%] [32mBuilding CXX object CMakeFiles/arduinobot_msgs__rosidl_typesupport_cpp.dir/rosidl_typesupport_cpp/arduinobot_msgs/srv/add_two_ints__type_support.cpp.o[0m
[3.554s] [ 41%] [32mBuilding CXX object CMakeFiles/arduinobot_msgs__rosidl_typesupport_fastrtps_cpp.dir/rosidl_typesupport_fastrtps_cpp/arduinobot_msgs/srv/detail/dds_fastrtps/add_two_ints__type_support.cpp.o[0m
[3.597s] [ 45%] [32mBuilding CXX object CMakeFiles/arduinobot_msgs__rosidl_typesupport_c.dir/rosidl_typesupport_c/arduinobot_msgs/srv/add_two_ints__type_support.cpp.o[0m
[3.680s] [ 48%] [32mBuilding CXX object CMakeFiles/arduinobot_msgs__rosidl_typesupport_fastrtps_c.dir/rosidl_typesupport_fastrtps_c/arduinobot_msgs/srv/detail/add_two_ints__type_support_c.cpp.o[0m
[3.689s] [ 51%] [32m[1mLinking CXX shared library libarduinobot_msgs__rosidl_typesupport_c.so[0m
[3.694s] [ 54%] [32mBuilding C object CMakeFiles/arduinobot_msgs__rosidl_typesupport_introspection_c.dir/rosidl_typesupport_introspection_c/arduinobot_msgs/srv/detail/add_two_ints__type_support.c.o[0m
[3.794s] [ 58%] [32m[1mLinking C shared library libarduinobot_msgs__rosidl_typesupport_introspection_c.so[0m
[3.818s] [ 58%] Built target arduinobot_msgs__rosidl_typesupport_c
[3.889s] [ 58%] Built target arduinobot_msgs__rosidl_typesupport_introspection_c
[3.920s] [ 61%] [32m[1mLinking CXX shared library libarduinobot_msgs__rosidl_typesupport_cpp.so[0m
[4.027s] [ 61%] Built target arduinobot_msgs__rosidl_typesupport_cpp
[4.059s] [ 64%] [32m[1mLinking CXX shared library libarduinobot_msgs__rosidl_typesupport_introspection_cpp.so[0m
[4.161s] [ 64%] Built target arduinobot_msgs__rosidl_typesupport_introspection_cpp
[4.172s] [ 70%] [32m[1mLinking CXX shared library libarduinobot_msgs__rosidl_typesupport_fastrtps_c.so[0m
[4.172s] [ 70%] [32m[1mLinking CXX shared library libarduinobot_msgs__rosidl_typesupport_fastrtps_cpp.so[0m
[4.455s] [ 70%] Built target arduinobot_msgs__rosidl_typesupport_fastrtps_c
[4.458s] [ 70%] Built target arduinobot_msgs__rosidl_typesupport_fastrtps_cpp
[4.520s] [ 70%] Built target arduinobot_msgs
[4.590s] [ 74%] [34m[1mGenerating Python code for ROS interfaces[0m
[4.969s] [ 74%] Built target arduinobot_msgs__py
[5.025s] [ 77%] [32mBuilding C object CMakeFiles/arduinobot_msgs__rosidl_generator_py.dir/rosidl_generator_py/arduinobot_msgs/srv/_add_two_ints_s.c.o[0m
[5.168s] [ 80%] [32m[1mLinking C shared library rosidl_generator_py/arduinobot_msgs/libarduinobot_msgs__rosidl_generator_py.so[0m
[5.243s] [ 80%] Built target arduinobot_msgs__rosidl_generator_py
[5.292s] [ 83%] [32mBuilding C object CMakeFiles/arduinobot_msgs__rosidl_typesupport_fastrtps_c__pyext.dir/rosidl_generator_py/arduinobot_msgs/_arduinobot_msgs_s.ep.rosidl_typesupport_fastrtps_c.c.o[0m
[5.293s] [ 87%] [32mBuilding C object CMakeFiles/arduinobot_msgs__rosidl_typesupport_c__pyext.dir/rosidl_generator_py/arduinobot_msgs/_arduinobot_msgs_s.ep.rosidl_typesupport_c.c.o[0m
[5.294s] [ 90%] [32mBuilding C object CMakeFiles/arduinobot_msgs__rosidl_typesupport_introspection_c__pyext.dir/rosidl_generator_py/arduinobot_msgs/_arduinobot_msgs_s.ep.rosidl_typesupport_introspection_c.c.o[0m
[5.407s] [ 96%] [32m[1mLinking C shared library rosidl_generator_py/arduinobot_msgs/arduinobot_msgs_s__rosidl_typesupport_introspection_c.cpython-310-x86_64-linux-gnu.so[0m
[5.407s] [ 96%] [32m[1mLinking C shared library rosidl_generator_py/arduinobot_msgs/arduinobot_msgs_s__rosidl_typesupport_c.cpython-310-x86_64-linux-gnu.so[0m
[5.407s] [100%] [32m[1mLinking C shared library rosidl_generator_py/arduinobot_msgs/arduinobot_msgs_s__rosidl_typesupport_fastrtps_c.cpython-310-x86_64-linux-gnu.so[0m
[5.471s] [100%] Built target arduinobot_msgs__rosidl_typesupport_fastrtps_c__pyext
[5.471s] [100%] Built target arduinobot_msgs__rosidl_typesupport_c__pyext
[5.474s] [100%] Built target arduinobot_msgs__rosidl_typesupport_introspection_c__pyext
[5.499s] Invoked command in '/home/jitesh/arduinobot_ws/build/arduinobot_msgs' returned '0': CMAKE_PREFIX_PATH=/home/jitesh/ws_moveit2/install/pilz_industrial_motion_planner_testutils:/home/jitesh/ws_moveit2/install/panda_moveit_config:/home/jitesh/ws_moveit2/install/mrm_moveit_config:/home/jitesh/ws_moveit2/install/moveit_runtime:/home/jitesh/ws_moveit2/install/moveit2_tutorials:/home/jitesh/ws_moveit2/install/moveit:/home/jitesh/ws_moveit2/install/moveit_planners:/home/jitesh/ws_moveit2/install/pilz_industrial_motion_planner:/home/jitesh/ws_moveit2/install/mtc_tutorial:/home/jitesh/ws_moveit2/install/hello_moveit:/home/jitesh/ws_moveit2/install/moveit_visual_tools:/home/jitesh/ws_moveit2/install/moveit_task_constructor_visualization:/home/jitesh/ws_moveit2/install/moveit_task_constructor_demo:/home/jitesh/ws_moveit2/install/moveit_task_constructor_capabilities:/home/jitesh/ws_moveit2/install/moveit_task_constructor_core:/home/jitesh/ws_moveit2/install/moveit_ros_control_interface:/home/jitesh/ws_moveit2/install/moveit_plugins:/home/jitesh/ws_moveit2/install/moveit_simple_controller_manager:/home/jitesh/ws_moveit2/install/moveit_setup_assistant:/home/jitesh/ws_moveit2/install/moveit_setup_srdf_plugins:/home/jitesh/ws_moveit2/install/moveit_setup_core_plugins:/home/jitesh/ws_moveit2/install/moveit_setup_controllers:/home/jitesh/ws_moveit2/install/moveit_setup_app_plugins:/home/jitesh/ws_moveit2/install/moveit_setup_framework:/home/jitesh/ws_moveit2/install/moveit_servo:/home/jitesh/ws_moveit2/install/moveit_ros:/home/jitesh/ws_moveit2/install/moveit_ros_visualization:/home/jitesh/ws_moveit2/install/moveit_hybrid_planning:/home/jitesh/ws_moveit2/install/moveit_ros_planning_interface:/home/jitesh/ws_moveit2/install/moveit_ros_benchmarks:/home/jitesh/ws_moveit2/install/moveit_ros_warehouse:/home/jitesh/ws_moveit2/install/moveit_ros_robot_interaction:/home/jitesh/ws_moveit2/install/moveit_ros_perception:/home/jitesh/ws_moveit2/install/moveit_resources_prbt_pg70_support:/home/jitesh/ws_moveit2/install/moveit_resources_prbt_moveit_config:/home/jitesh/ws_moveit2/install/moveit_ros_move_group:/home/jitesh/ws_moveit2/install/moveit_planners_ompl:/home/jitesh/ws_moveit2/install/moveit_ros_planning:/home/jitesh/ws_moveit2/install/moveit_ros_occupancy_map_monitor:/home/jitesh/ws_moveit2/install/moveit_resources_prbt_ikfast_manipulator_plugin:/home/jitesh/ws_moveit2/install/moveit_planners_chomp:/home/jitesh/ws_moveit2/install/moveit_kinematics:/home/jitesh/ws_moveit2/install/moveit_chomp_optimizer_adapter:/home/jitesh/ws_moveit2/install/chomp_motion_planner:/home/jitesh/ws_moveit2/install/moveit_core:/home/jitesh/ws_moveit2/install/srdfdom:/home/jitesh/ws_moveit2/install/rviz_marker_tools:/home/jitesh/ws_moveit2/install/rosparam_shortcuts:/home/jitesh/ws_moveit2/install/mrm_description:/home/jitesh/ws_moveit2/install/moveit_task_constructor_msgs:/home/jitesh/ws_moveit2/install/moveit_resources_prbt_support:/home/jitesh/ws_moveit2/install/moveit_resources:/home/jitesh/ws_moveit2/install/moveit_resources_pr2_description:/home/jitesh/ws_moveit2/install/moveit_resources_panda_moveit_config:/home/jitesh/ws_moveit2/install/moveit_resources_panda_description:/home/jitesh/ws_moveit2/install/moveit_resources_fanuc_moveit_config:/home/jitesh/ws_moveit2/install/moveit_resources_fanuc_description:/home/jitesh/ws_moveit2/install/moveit_common:/home/jitesh/bookros2_ws/install/urdf_test:/home/jitesh/bookros2_ws/install/tiago_simulation:/home/jitesh/bookros2_ws/install/tiago_robot:/home/jitesh/bookros2_ws/install/tiago_navigation:/home/jitesh/bookros2_ws/install/tiago_gazebo:/home/jitesh/bookros2_ws/install/tiago_moveit_config:/home/jitesh/bookros2_ws/install/tiago_laser_sensors:/home/jitesh/bookros2_ws/install/tiago_bringup:/home/jitesh/bookros2_ws/install/tiago_description:/home/jitesh/bookros2_ws/install/tiago_controller_configuration:/home/jitesh/bookros2_ws/install/tiago_2dnav:/home/jitesh/bookros2_ws/install/pmb2_robot:/home/jitesh/bookros2_ws/install/pmb2_navigation:/home/jitesh/bookros2_ws/install/pmb2_2dnav:/home/jitesh/bookros2_ws/install/pmb2_maps:/home/jitesh/bookros2_ws/install/pmb2_laser_sensors:/home/jitesh/bookros2_ws/install/pmb2_bringup:/home/jitesh/bookros2_ws/install/pmb2_description:/home/jitesh/bookros2_ws/install/pmb2_controller_configuration:/home/jitesh/bookros2_ws/install/pal_gripper:/home/jitesh/bookros2_ws/install/pal_gripper_description:/home/jitesh/bookros2_ws/install/pal_gripper_controller_configuration:/home/jitesh/bookros2_ws/install/pal_gazebo_worlds:/home/jitesh/bookros2_ws/install/hey5_description:/home/jitesh/bookros2_ws/install/groot:/home/jitesh/bookros2_ws/install/br2_vff_avoidance:/home/jitesh/bookros2_ws/install/br2_tracking:/home/jitesh/bookros2_ws/install/br2_tracking_msgs:/home/jitesh/bookros2_ws/install/br2_tiago:/home/jitesh/bookros2_ws/install/br2_tf2_detector:/home/jitesh/bookros2_ws/install/br2_navigation:/home/jitesh/bookros2_ws/install/br2_fsm_bumpgo_cpp:/home/jitesh/bookros2_ws/install/br2_bt_patrolling:/home/jitesh/bookros2_ws/install/br2_bt_bumpgo:/home/jitesh/bookros2_ws/install/br2_basics:/home/jitesh/roboarm_ws/install/mrm_description:/home/jitesh/ws_moveit2/install/moveit_configs_utils:/home/jitesh/ws_moveit2/install/launch_param_builder:/home/jitesh/bookros2_ws/install/launch_pal:/home/jitesh/bookros2_ws/install/br2_fsm_bumpgo_py:/home/jitesh/roboarm_ws/install/my_robot_arm:/home/jitesh/ros2_ws/install/py_srvcli:/home/jitesh/ros2_ws/install/py_pubsub:/opt/ros/humble:/home/jitesh/ros2_ws/install/urdf_tutorial:/home/jitesh/ros2_ws/install/tutorial_interfaces:/home/jitesh/ros2_ws/install/turtlesim:/home/jitesh/ros2_ws/install/polygon_plugins:/home/jitesh/ros2_ws/install/polygon_base:/home/jitesh/ros2_ws/install/my_package:/home/jitesh/ros2_ws/install/more_interfaces:/home/jitesh/ros2_ws/install/dolly:/home/jitesh/ros2_ws/install/dolly_tests:/home/jitesh/ros2_ws/install/dolly_ignition:/home/jitesh/ros2_ws/install/dolly_gazebo:/home/jitesh/ros2_ws/install/dolly_follow:/home/jitesh/ros2_ws/install/cpp_pubsub:/home/jitesh/ros2_ws/install/cpp_parameter:/home/jitesh/ros2_ws/install/action_tutorials_cpp:/home/jitesh/ros2_ws/install/action_tutorials_interfaces /usr/bin/cmake --build /home/jitesh/arduinobot_ws/build/arduinobot_msgs -- -j12 -l12
[5.706s] Invoking command in '/home/jitesh/arduinobot_ws/build/arduinobot_msgs': CMAKE_PREFIX_PATH=/home/jitesh/ws_moveit2/install/pilz_industrial_motion_planner_testutils:/home/jitesh/ws_moveit2/install/panda_moveit_config:/home/jitesh/ws_moveit2/install/mrm_moveit_config:/home/jitesh/ws_moveit2/install/moveit_runtime:/home/jitesh/ws_moveit2/install/moveit2_tutorials:/home/jitesh/ws_moveit2/install/moveit:/home/jitesh/ws_moveit2/install/moveit_planners:/home/jitesh/ws_moveit2/install/pilz_industrial_motion_planner:/home/jitesh/ws_moveit2/install/mtc_tutorial:/home/jitesh/ws_moveit2/install/hello_moveit:/home/jitesh/ws_moveit2/install/moveit_visual_tools:/home/jitesh/ws_moveit2/install/moveit_task_constructor_visualization:/home/jitesh/ws_moveit2/install/moveit_task_constructor_demo:/home/jitesh/ws_moveit2/install/moveit_task_constructor_capabilities:/home/jitesh/ws_moveit2/install/moveit_task_constructor_core:/home/jitesh/ws_moveit2/install/moveit_ros_control_interface:/home/jitesh/ws_moveit2/install/moveit_plugins:/home/jitesh/ws_moveit2/install/moveit_simple_controller_manager:/home/jitesh/ws_moveit2/install/moveit_setup_assistant:/home/jitesh/ws_moveit2/install/moveit_setup_srdf_plugins:/home/jitesh/ws_moveit2/install/moveit_setup_core_plugins:/home/jitesh/ws_moveit2/install/moveit_setup_controllers:/home/jitesh/ws_moveit2/install/moveit_setup_app_plugins:/home/jitesh/ws_moveit2/install/moveit_setup_framework:/home/jitesh/ws_moveit2/install/moveit_servo:/home/jitesh/ws_moveit2/install/moveit_ros:/home/jitesh/ws_moveit2/install/moveit_ros_visualization:/home/jitesh/ws_moveit2/install/moveit_hybrid_planning:/home/jitesh/ws_moveit2/install/moveit_ros_planning_interface:/home/jitesh/ws_moveit2/install/moveit_ros_benchmarks:/home/jitesh/ws_moveit2/install/moveit_ros_warehouse:/home/jitesh/ws_moveit2/install/moveit_ros_robot_interaction:/home/jitesh/ws_moveit2/install/moveit_ros_perception:/home/jitesh/ws_moveit2/install/moveit_resources_prbt_pg70_support:/home/jitesh/ws_moveit2/install/moveit_resources_prbt_moveit_config:/home/jitesh/ws_moveit2/install/moveit_ros_move_group:/home/jitesh/ws_moveit2/install/moveit_planners_ompl:/home/jitesh/ws_moveit2/install/moveit_ros_planning:/home/jitesh/ws_moveit2/install/moveit_ros_occupancy_map_monitor:/home/jitesh/ws_moveit2/install/moveit_resources_prbt_ikfast_manipulator_plugin:/home/jitesh/ws_moveit2/install/moveit_planners_chomp:/home/jitesh/ws_moveit2/install/moveit_kinematics:/home/jitesh/ws_moveit2/install/moveit_chomp_optimizer_adapter:/home/jitesh/ws_moveit2/install/chomp_motion_planner:/home/jitesh/ws_moveit2/install/moveit_core:/home/jitesh/ws_moveit2/install/srdfdom:/home/jitesh/ws_moveit2/install/rviz_marker_tools:/home/jitesh/ws_moveit2/install/rosparam_shortcuts:/home/jitesh/ws_moveit2/install/mrm_description:/home/jitesh/ws_moveit2/install/moveit_task_constructor_msgs:/home/jitesh/ws_moveit2/install/moveit_resources_prbt_support:/home/jitesh/ws_moveit2/install/moveit_resources:/home/jitesh/ws_moveit2/install/moveit_resources_pr2_description:/home/jitesh/ws_moveit2/install/moveit_resources_panda_moveit_config:/home/jitesh/ws_moveit2/install/moveit_resources_panda_description:/home/jitesh/ws_moveit2/install/moveit_resources_fanuc_moveit_config:/home/jitesh/ws_moveit2/install/moveit_resources_fanuc_description:/home/jitesh/ws_moveit2/install/moveit_common:/home/jitesh/bookros2_ws/install/urdf_test:/home/jitesh/bookros2_ws/install/tiago_simulation:/home/jitesh/bookros2_ws/install/tiago_robot:/home/jitesh/bookros2_ws/install/tiago_navigation:/home/jitesh/bookros2_ws/install/tiago_gazebo:/home/jitesh/bookros2_ws/install/tiago_moveit_config:/home/jitesh/bookros2_ws/install/tiago_laser_sensors:/home/jitesh/bookros2_ws/install/tiago_bringup:/home/jitesh/bookros2_ws/install/tiago_description:/home/jitesh/bookros2_ws/install/tiago_controller_configuration:/home/jitesh/bookros2_ws/install/tiago_2dnav:/home/jitesh/bookros2_ws/install/pmb2_robot:/home/jitesh/bookros2_ws/install/pmb2_navigation:/home/jitesh/bookros2_ws/install/pmb2_2dnav:/home/jitesh/bookros2_ws/install/pmb2_maps:/home/jitesh/bookros2_ws/install/pmb2_laser_sensors:/home/jitesh/bookros2_ws/install/pmb2_bringup:/home/jitesh/bookros2_ws/install/pmb2_description:/home/jitesh/bookros2_ws/install/pmb2_controller_configuration:/home/jitesh/bookros2_ws/install/pal_gripper:/home/jitesh/bookros2_ws/install/pal_gripper_description:/home/jitesh/bookros2_ws/install/pal_gripper_controller_configuration:/home/jitesh/bookros2_ws/install/pal_gazebo_worlds:/home/jitesh/bookros2_ws/install/hey5_description:/home/jitesh/bookros2_ws/install/groot:/home/jitesh/bookros2_ws/install/br2_vff_avoidance:/home/jitesh/bookros2_ws/install/br2_tracking:/home/jitesh/bookros2_ws/install/br2_tracking_msgs:/home/jitesh/bookros2_ws/install/br2_tiago:/home/jitesh/bookros2_ws/install/br2_tf2_detector:/home/jitesh/bookros2_ws/install/br2_navigation:/home/jitesh/bookros2_ws/install/br2_fsm_bumpgo_cpp:/home/jitesh/bookros2_ws/install/br2_bt_patrolling:/home/jitesh/bookros2_ws/install/br2_bt_bumpgo:/home/jitesh/bookros2_ws/install/br2_basics:/home/jitesh/roboarm_ws/install/mrm_description:/home/jitesh/ws_moveit2/install/moveit_configs_utils:/home/jitesh/ws_moveit2/install/launch_param_builder:/home/jitesh/bookros2_ws/install/launch_pal:/home/jitesh/bookros2_ws/install/br2_fsm_bumpgo_py:/home/jitesh/roboarm_ws/install/my_robot_arm:/home/jitesh/ros2_ws/install/py_srvcli:/home/jitesh/ros2_ws/install/py_pubsub:/opt/ros/humble:/home/jitesh/ros2_ws/install/urdf_tutorial:/home/jitesh/ros2_ws/install/tutorial_interfaces:/home/jitesh/ros2_ws/install/turtlesim:/home/jitesh/ros2_ws/install/polygon_plugins:/home/jitesh/ros2_ws/install/polygon_base:/home/jitesh/ros2_ws/install/my_package:/home/jitesh/ros2_ws/install/more_interfaces:/home/jitesh/ros2_ws/install/dolly:/home/jitesh/ros2_ws/install/dolly_tests:/home/jitesh/ros2_ws/install/dolly_ignition:/home/jitesh/ros2_ws/install/dolly_gazebo:/home/jitesh/ros2_ws/install/dolly_follow:/home/jitesh/ros2_ws/install/cpp_pubsub:/home/jitesh/ros2_ws/install/cpp_parameter:/home/jitesh/ros2_ws/install/action_tutorials_cpp:/home/jitesh/ros2_ws/install/action_tutorials_interfaces /usr/bin/cmake --install /home/jitesh/arduinobot_ws/build/arduinobot_msgs
[5.723s] -- Install configuration: ""
[5.723s] -- Installing: /home/jitesh/arduinobot_ws/install/arduinobot_msgs/share/ament_index/resource_index/rosidl_interfaces/arduinobot_msgs
[5.723s] -- Installing: /home/jitesh/arduinobot_ws/install/arduinobot_msgs/include/arduinobot_msgs/arduinobot_msgs
[5.723s] -- Installing: /home/jitesh/arduinobot_ws/install/arduinobot_msgs/include/arduinobot_msgs/arduinobot_msgs/srv
[5.724s] -- Installing: /home/jitesh/arduinobot_ws/install/arduinobot_msgs/include/arduinobot_msgs/arduinobot_msgs/srv/add_two_ints.h
[5.724s] -- Installing: /home/jitesh/arduinobot_ws/install/arduinobot_msgs/include/arduinobot_msgs/arduinobot_msgs/srv/detail
[5.724s] -- Installing: /home/jitesh/arduinobot_ws/install/arduinobot_msgs/include/arduinobot_msgs/arduinobot_msgs/srv/detail/add_two_ints__functions.c
[5.724s] -- Installing: /home/jitesh/arduinobot_ws/install/arduinobot_msgs/include/arduinobot_msgs/arduinobot_msgs/srv/detail/add_two_ints__functions.h
[5.724s] -- Installing: /home/jitesh/arduinobot_ws/install/arduinobot_msgs/include/arduinobot_msgs/arduinobot_msgs/srv/detail/add_two_ints__struct.h
[5.724s] -- Installing: /home/jitesh/arduinobot_ws/install/arduinobot_msgs/include/arduinobot_msgs/arduinobot_msgs/srv/detail/add_two_ints__type_support.h
[5.724s] -- Installing: /home/jitesh/arduinobot_ws/install/arduinobot_msgs/include/arduinobot_msgs/arduinobot_msgs/msg
[5.725s] -- Installing: /home/jitesh/arduinobot_ws/install/arduinobot_msgs/include/arduinobot_msgs/arduinobot_msgs/msg/rosidl_generator_c__visibility_control.h
[5.725s] -- Installing: /home/jitesh/arduinobot_ws/install/arduinobot_msgs/share/arduinobot_msgs/environment/library_path.sh
[5.725s] -- Installing: /home/jitesh/arduinobot_ws/install/arduinobot_msgs/share/arduinobot_msgs/environment/library_path.dsv
[5.725s] -- Installing: /home/jitesh/arduinobot_ws/install/arduinobot_msgs/lib/libarduinobot_msgs__rosidl_generator_c.so
[5.725s] -- Set runtime path of "/home/jitesh/arduinobot_ws/install/arduinobot_msgs/lib/libarduinobot_msgs__rosidl_generator_c.so" to ""
[5.725s] -- Up-to-date: /home/jitesh/arduinobot_ws/install/arduinobot_msgs/include/arduinobot_msgs/arduinobot_msgs
[5.725s] -- Up-to-date: /home/jitesh/arduinobot_ws/install/arduinobot_msgs/include/arduinobot_msgs/arduinobot_msgs/srv
[5.725s] -- Up-to-date: /home/jitesh/arduinobot_ws/install/arduinobot_msgs/include/arduinobot_msgs/arduinobot_msgs/srv/detail
[5.725s] -- Installing: /home/jitesh/arduinobot_ws/install/arduinobot_msgs/include/arduinobot_msgs/arduinobot_msgs/srv/detail/add_two_ints__rosidl_typesupport_fastrtps_c.h
[5.725s] -- Up-to-date: /home/jitesh/arduinobot_ws/install/arduinobot_msgs/include/arduinobot_msgs/arduinobot_msgs/msg
[5.725s] -- Installing: /home/jitesh/arduinobot_ws/install/arduinobot_msgs/include/arduinobot_msgs/arduinobot_msgs/msg/rosidl_typesupport_fastrtps_c__visibility_control.h
[5.725s] -- Installing: /home/jitesh/arduinobot_ws/install/arduinobot_msgs/lib/libarduinobot_msgs__rosidl_typesupport_fastrtps_c.so
[5.725s] -- Set runtime path of "/home/jitesh/arduinobot_ws/install/arduinobot_msgs/lib/libarduinobot_msgs__rosidl_typesupport_fastrtps_c.so" to ""
[5.725s] -- Up-to-date: /home/jitesh/arduinobot_ws/install/arduinobot_msgs/include/arduinobot_msgs/arduinobot_msgs
[5.725s] -- Up-to-date: /home/jitesh/arduinobot_ws/install/arduinobot_msgs/include/arduinobot_msgs/arduinobot_msgs/srv
[5.726s] -- Up-to-date: /home/jitesh/arduinobot_ws/install/arduinobot_msgs/include/arduinobot_msgs/arduinobot_msgs/srv/detail
[5.726s] -- Installing: /home/jitesh/arduinobot_ws/install/arduinobot_msgs/include/arduinobot_msgs/arduinobot_msgs/srv/detail/add_two_ints__struct.hpp
[5.726s] -- Installing: /home/jitesh/arduinobot_ws/install/arduinobot_msgs/include/arduinobot_msgs/arduinobot_msgs/srv/detail/add_two_ints__builder.hpp
[5.726s] -- Installing: /home/jitesh/arduinobot_ws/install/arduinobot_msgs/include/arduinobot_msgs/arduinobot_msgs/srv/detail/add_two_ints__traits.hpp
[5.726s] -- Installing: /home/jitesh/arduinobot_ws/install/arduinobot_msgs/include/arduinobot_msgs/arduinobot_msgs/srv/add_two_ints.hpp
[5.726s] -- Up-to-date: /home/jitesh/arduinobot_ws/install/arduinobot_msgs/include/arduinobot_msgs/arduinobot_msgs
[5.726s] -- Up-to-date: /home/jitesh/arduinobot_ws/install/arduinobot_msgs/include/arduinobot_msgs/arduinobot_msgs/srv
[5.726s] -- Up-to-date: /home/jitesh/arduinobot_ws/install/arduinobot_msgs/include/arduinobot_msgs/arduinobot_msgs/srv/detail
[5.726s] -- Installing: /home/jitesh/arduinobot_ws/install/arduinobot_msgs/include/arduinobot_msgs/arduinobot_msgs/srv/detail/dds_fastrtps
[5.726s] -- Installing: /home/jitesh/arduinobot_ws/install/arduinobot_msgs/include/arduinobot_msgs/arduinobot_msgs/srv/detail/add_two_ints__rosidl_typesupport_fastrtps_cpp.hpp
[5.726s] -- Up-to-date: /home/jitesh/arduinobot_ws/install/arduinobot_msgs/include/arduinobot_msgs/arduinobot_msgs/msg
[5.726s] -- Installing: /home/jitesh/arduinobot_ws/install/arduinobot_msgs/include/arduinobot_msgs/arduinobot_msgs/msg/rosidl_typesupport_fastrtps_cpp__visibility_control.h
[5.726s] -- Installing: /home/jitesh/arduinobot_ws/install/arduinobot_msgs/lib/libarduinobot_msgs__rosidl_typesupport_fastrtps_cpp.so
[5.727s] -- Set runtime path of "/home/jitesh/arduinobot_ws/install/arduinobot_msgs/lib/libarduinobot_msgs__rosidl_typesupport_fastrtps_cpp.so" to ""
[5.727s] -- Up-to-date: /home/jitesh/arduinobot_ws/install/arduinobot_msgs/include/arduinobot_msgs/arduinobot_msgs
[5.727s] -- Up-to-date: /home/jitesh/arduinobot_ws/install/arduinobot_msgs/include/arduinobot_msgs/arduinobot_msgs/srv
[5.727s] -- Up-to-date: /home/jitesh/arduinobot_ws/install/arduinobot_msgs/include/arduinobot_msgs/arduinobot_msgs/srv/detail
[5.727s] -- Installing: /home/jitesh/arduinobot_ws/install/arduinobot_msgs/include/arduinobot_msgs/arduinobot_msgs/srv/detail/add_two_ints__rosidl_typesupport_introspection_c.h
[5.727s] -- Installing: /home/jitesh/arduinobot_ws/install/arduinobot_msgs/include/arduinobot_msgs/arduinobot_msgs/srv/detail/add_two_ints__type_support.c
[5.727s] -- Up-to-date: /home/jitesh/arduinobot_ws/install/arduinobot_msgs/include/arduinobot_msgs/arduinobot_msgs/msg
[5.727s] -- Installing: /home/jitesh/arduinobot_ws/install/arduinobot_msgs/include/arduinobot_msgs/arduinobot_msgs/msg/rosidl_typesupport_introspection_c__visibility_control.h
[5.727s] -- Installing: /home/jitesh/arduinobot_ws/install/arduinobot_msgs/lib/libarduinobot_msgs__rosidl_typesupport_introspection_c.so
[5.728s] -- Set runtime path of "/home/jitesh/arduinobot_ws/install/arduinobot_msgs/lib/libarduinobot_msgs__rosidl_typesupport_introspection_c.so" to ""
[5.728s] -- Installing: /home/jitesh/arduinobot_ws/install/arduinobot_msgs/lib/libarduinobot_msgs__rosidl_typesupport_c.so
[5.728s] -- Set runtime path of "/home/jitesh/arduinobot_ws/install/arduinobot_msgs/lib/libarduinobot_msgs__rosidl_typesupport_c.so" to ""
[5.728s] -- Up-to-date: /home/jitesh/arduinobot_ws/install/arduinobot_msgs/include/arduinobot_msgs/arduinobot_msgs
[5.728s] -- Up-to-date: /home/jitesh/arduinobot_ws/install/arduinobot_msgs/include/arduinobot_msgs/arduinobot_msgs/srv
[5.728s] -- Up-to-date: /home/jitesh/arduinobot_ws/install/arduinobot_msgs/include/arduinobot_msgs/arduinobot_msgs/srv/detail
[5.729s] -- Installing: /home/jitesh/arduinobot_ws/install/arduinobot_msgs/include/arduinobot_msgs/arduinobot_msgs/srv/detail/add_two_ints__rosidl_typesupport_introspection_cpp.hpp
[5.729s] -- Installing: /home/jitesh/arduinobot_ws/install/arduinobot_msgs/include/arduinobot_msgs/arduinobot_msgs/srv/detail/add_two_ints__type_support.cpp
[5.729s] -- Installing: /home/jitesh/arduinobot_ws/install/arduinobot_msgs/lib/libarduinobot_msgs__rosidl_typesupport_introspection_cpp.so
[5.729s] -- Set runtime path of "/home/jitesh/arduinobot_ws/install/arduinobot_msgs/lib/libarduinobot_msgs__rosidl_typesupport_introspection_cpp.so" to ""
[5.729s] -- Installing: /home/jitesh/arduinobot_ws/install/arduinobot_msgs/lib/libarduinobot_msgs__rosidl_typesupport_cpp.so
[5.730s] -- Set runtime path of "/home/jitesh/arduinobot_ws/install/arduinobot_msgs/lib/libarduinobot_msgs__rosidl_typesupport_cpp.so" to ""
[5.730s] -- Installing: /home/jitesh/arduinobot_ws/install/arduinobot_msgs/share/arduinobot_msgs/environment/pythonpath.sh
[5.730s] -- Installing: /home/jitesh/arduinobot_ws/install/arduinobot_msgs/share/arduinobot_msgs/environment/pythonpath.dsv
[5.730s] -- Installing: /home/jitesh/arduinobot_ws/install/arduinobot_msgs/local/lib/python3.10/dist-packages/arduinobot_msgs-0.0.0-py3.10.egg-info
[5.730s] -- Installing: /home/jitesh/arduinobot_ws/install/arduinobot_msgs/local/lib/python3.10/dist-packages/arduinobot_msgs-0.0.0-py3.10.egg-info/top_level.txt
[5.730s] -- Installing: /home/jitesh/arduinobot_ws/install/arduinobot_msgs/local/lib/python3.10/dist-packages/arduinobot_msgs-0.0.0-py3.10.egg-info/PKG-INFO
[5.730s] -- Installing: /home/jitesh/arduinobot_ws/install/arduinobot_msgs/local/lib/python3.10/dist-packages/arduinobot_msgs-0.0.0-py3.10.egg-info/dependency_links.txt
[5.730s] -- Installing: /home/jitesh/arduinobot_ws/install/arduinobot_msgs/local/lib/python3.10/dist-packages/arduinobot_msgs-0.0.0-py3.10.egg-info/SOURCES.txt
[5.730s] -- Installing: /home/jitesh/arduinobot_ws/install/arduinobot_msgs/local/lib/python3.10/dist-packages/arduinobot_msgs
[5.731s] -- Installing: /home/jitesh/arduinobot_ws/install/arduinobot_msgs/local/lib/python3.10/dist-packages/arduinobot_msgs/_arduinobot_msgs_s.ep.rosidl_typesupport_c.c
[5.731s] -- Installing: /home/jitesh/arduinobot_ws/install/arduinobot_msgs/local/lib/python3.10/dist-packages/arduinobot_msgs/arduinobot_msgs_s__rosidl_typesupport_c.cpython-310-x86_64-linux-gnu.so
[5.731s] -- Installing: /home/jitesh/arduinobot_ws/install/arduinobot_msgs/local/lib/python3.10/dist-packages/arduinobot_msgs/arduinobot_msgs_s__rosidl_typesupport_introspection_c.cpython-310-x86_64-linux-gnu.so
[5.731s] -- Installing: /home/jitesh/arduinobot_ws/install/arduinobot_msgs/local/lib/python3.10/dist-packages/arduinobot_msgs/arduinobot_msgs_s__rosidl_typesupport_fastrtps_c.cpython-310-x86_64-linux-gnu.so
[5.731s] -- Installing: /home/jitesh/arduinobot_ws/install/arduinobot_msgs/local/lib/python3.10/dist-packages/arduinobot_msgs/_arduinobot_msgs_s.ep.rosidl_typesupport_introspection_c.c
[5.731s] -- Installing: /home/jitesh/arduinobot_ws/install/arduinobot_msgs/local/lib/python3.10/dist-packages/arduinobot_msgs/srv
[5.731s] -- Installing: /home/jitesh/arduinobot_ws/install/arduinobot_msgs/local/lib/python3.10/dist-packages/arduinobot_msgs/srv/_add_two_ints_s.c
[5.731s] -- Installing: /home/jitesh/arduinobot_ws/install/arduinobot_msgs/local/lib/python3.10/dist-packages/arduinobot_msgs/srv/_add_two_ints.py
[5.732s] -- Installing: /home/jitesh/arduinobot_ws/install/arduinobot_msgs/local/lib/python3.10/dist-packages/arduinobot_msgs/srv/__init__.py
[5.732s] -- Installing: /home/jitesh/arduinobot_ws/install/arduinobot_msgs/local/lib/python3.10/dist-packages/arduinobot_msgs/libarduinobot_msgs__rosidl_generator_py.so
[5.732s] -- Installing: /home/jitesh/arduinobot_ws/install/arduinobot_msgs/local/lib/python3.10/dist-packages/arduinobot_msgs/_arduinobot_msgs_s.ep.rosidl_typesupport_fastrtps_c.c
[5.732s] -- Installing: /home/jitesh/arduinobot_ws/install/arduinobot_msgs/local/lib/python3.10/dist-packages/arduinobot_msgs/__init__.py
[5.772s] Listing '/home/jitesh/arduinobot_ws/install/arduinobot_msgs/local/lib/python3.10/dist-packages/arduinobot_msgs'...
[5.772s] Compiling '/home/jitesh/arduinobot_ws/install/arduinobot_msgs/local/lib/python3.10/dist-packages/arduinobot_msgs/__init__.py'...
[5.773s] Listing '/home/jitesh/arduinobot_ws/install/arduinobot_msgs/local/lib/python3.10/dist-packages/arduinobot_msgs/srv'...
[5.773s] Compiling '/home/jitesh/arduinobot_ws/install/arduinobot_msgs/local/lib/python3.10/dist-packages/arduinobot_msgs/srv/__init__.py'...
[5.773s] Compiling '/home/jitesh/arduinobot_ws/install/arduinobot_msgs/local/lib/python3.10/dist-packages/arduinobot_msgs/srv/_add_two_ints.py'...
[5.778s] -- Installing: /home/jitesh/arduinobot_ws/install/arduinobot_msgs/local/lib/python3.10/dist-packages/arduinobot_msgs/arduinobot_msgs_s__rosidl_typesupport_fastrtps_c.cpython-310-x86_64-linux-gnu.so
[5.779s] -- Set runtime path of "/home/jitesh/arduinobot_ws/install/arduinobot_msgs/local/lib/python3.10/dist-packages/arduinobot_msgs/arduinobot_msgs_s__rosidl_typesupport_fastrtps_c.cpython-310-x86_64-linux-gnu.so" to ""
[5.779s] -- Installing: /home/jitesh/arduinobot_ws/install/arduinobot_msgs/local/lib/python3.10/dist-packages/arduinobot_msgs/arduinobot_msgs_s__rosidl_typesupport_introspection_c.cpython-310-x86_64-linux-gnu.so
[5.780s] -- Set runtime path of "/home/jitesh/arduinobot_ws/install/arduinobot_msgs/local/lib/python3.10/dist-packages/arduinobot_msgs/arduinobot_msgs_s__rosidl_typesupport_introspection_c.cpython-310-x86_64-linux-gnu.so" to ""
[5.780s] -- Installing: /home/jitesh/arduinobot_ws/install/arduinobot_msgs/local/lib/python3.10/dist-packages/arduinobot_msgs/arduinobot_msgs_s__rosidl_typesupport_c.cpython-310-x86_64-linux-gnu.so
[5.781s] -- Set runtime path of "/home/jitesh/arduinobot_ws/install/arduinobot_msgs/local/lib/python3.10/dist-packages/arduinobot_msgs/arduinobot_msgs_s__rosidl_typesupport_c.cpython-310-x86_64-linux-gnu.so" to ""
[5.781s] -- Installing: /home/jitesh/arduinobot_ws/install/arduinobot_msgs/lib/libarduinobot_msgs__rosidl_generator_py.so
[5.781s] -- Set runtime path of "/home/jitesh/arduinobot_ws/install/arduinobot_msgs/lib/libarduinobot_msgs__rosidl_generator_py.so" to ""
[5.781s] -- Installing: /home/jitesh/arduinobot_ws/install/arduinobot_msgs/share/arduinobot_msgs/srv/AddTwoInts.idl
[5.781s] -- Installing: /home/jitesh/arduinobot_ws/install/arduinobot_msgs/share/arduinobot_msgs/srv/AddTwoInts.srv
[5.781s] -- Installing: /home/jitesh/arduinobot_ws/install/arduinobot_msgs/share/arduinobot_msgs/srv/AddTwoInts_Request.msg
[5.781s] -- Installing: /home/jitesh/arduinobot_ws/install/arduinobot_msgs/share/arduinobot_msgs/srv/AddTwoInts_Response.msg
[5.781s] -- Installing: /home/jitesh/arduinobot_ws/install/arduinobot_msgs/share/ament_index/resource_index/package_run_dependencies/arduinobot_msgs
[5.782s] -- Up-to-date: /home/jitesh/arduinobot_ws/install/arduinobot_msgs/share/ament_index/resource_index/parent_prefix_path/arduinobot_msgs
[5.782s] -- Up-to-date: /home/jitesh/arduinobot_ws/install/arduinobot_msgs/share/arduinobot_msgs/environment/ament_prefix_path.sh
[5.782s] -- Installing: /home/jitesh/arduinobot_ws/install/arduinobot_msgs/share/arduinobot_msgs/environment/ament_prefix_path.dsv
[5.782s] -- Up-to-date: /home/jitesh/arduinobot_ws/install/arduinobot_msgs/share/arduinobot_msgs/environment/path.sh
[5.782s] -- Installing: /home/jitesh/arduinobot_ws/install/arduinobot_msgs/share/arduinobot_msgs/environment/path.dsv
[5.782s] -- Up-to-date: /home/jitesh/arduinobot_ws/install/arduinobot_msgs/share/arduinobot_msgs/local_setup.bash
[5.782s] -- Installing: /home/jitesh/arduinobot_ws/install/arduinobot_msgs/share/arduinobot_msgs/local_setup.sh
[5.782s] -- Up-to-date: /home/jitesh/arduinobot_ws/install/arduinobot_msgs/share/arduinobot_msgs/local_setup.zsh
[5.782s] -- Installing: /home/jitesh/arduinobot_ws/install/arduinobot_msgs/share/arduinobot_msgs/local_setup.dsv
[5.782s] -- Installing: /home/jitesh/arduinobot_ws/install/arduinobot_msgs/share/arduinobot_msgs/package.dsv
[5.783s] -- Up-to-date: /home/jitesh/arduinobot_ws/install/arduinobot_msgs/share/ament_index/resource_index/packages/arduinobot_msgs
[5.783s] -- Installing: /home/jitesh/arduinobot_ws/install/arduinobot_msgs/share/arduinobot_msgs/cmake/export_arduinobot_msgs__rosidl_generator_cExport.cmake
[5.783s] -- Installing: /home/jitesh/arduinobot_ws/install/arduinobot_msgs/share/arduinobot_msgs/cmake/export_arduinobot_msgs__rosidl_generator_cExport-noconfig.cmake
[5.783s] -- Installing: /home/jitesh/arduinobot_ws/install/arduinobot_msgs/share/arduinobot_msgs/cmake/export_arduinobot_msgs__rosidl_typesupport_fastrtps_cExport.cmake
[5.783s] -- Installing: /home/jitesh/arduinobot_ws/install/arduinobot_msgs/share/arduinobot_msgs/cmake/export_arduinobot_msgs__rosidl_typesupport_fastrtps_cExport-noconfig.cmake
[5.783s] -- Installing: /home/jitesh/arduinobot_ws/install/arduinobot_msgs/share/arduinobot_msgs/cmake/export_arduinobot_msgs__rosidl_generator_cppExport.cmake
[5.783s] -- Installing: /home/jitesh/arduinobot_ws/install/arduinobot_msgs/share/arduinobot_msgs/cmake/export_arduinobot_msgs__rosidl_typesupport_fastrtps_cppExport.cmake
[5.784s] -- Installing: /home/jitesh/arduinobot_ws/install/arduinobot_msgs/share/arduinobot_msgs/cmake/export_arduinobot_msgs__rosidl_typesupport_fastrtps_cppExport-noconfig.cmake
[5.784s] -- Installing: /home/jitesh/arduinobot_ws/install/arduinobot_msgs/share/arduinobot_msgs/cmake/arduinobot_msgs__rosidl_typesupport_introspection_cExport.cmake
[5.784s] -- Installing: /home/jitesh/arduinobot_ws/install/arduinobot_msgs/share/arduinobot_msgs/cmake/arduinobot_msgs__rosidl_typesupport_introspection_cExport-noconfig.cmake
[5.784s] -- Installing: /home/jitesh/arduinobot_ws/install/arduinobot_msgs/share/arduinobot_msgs/cmake/arduinobot_msgs__rosidl_typesupport_cExport.cmake
[5.784s] -- Installing: /home/jitesh/arduinobot_ws/install/arduinobot_msgs/share/arduinobot_msgs/cmake/arduinobot_msgs__rosidl_typesupport_cExport-noconfig.cmake
[5.784s] -- Installing: /home/jitesh/arduinobot_ws/install/arduinobot_msgs/share/arduinobot_msgs/cmake/arduinobot_msgs__rosidl_typesupport_introspection_cppExport.cmake
[5.784s] -- Installing: /home/jitesh/arduinobot_ws/install/arduinobot_msgs/share/arduinobot_msgs/cmake/arduinobot_msgs__rosidl_typesupport_introspection_cppExport-noconfig.cmake
[5.785s] -- Installing: /home/jitesh/arduinobot_ws/install/arduinobot_msgs/share/arduinobot_msgs/cmake/arduinobot_msgs__rosidl_typesupport_cppExport.cmake
[5.785s] -- Installing: /home/jitesh/arduinobot_ws/install/arduinobot_msgs/share/arduinobot_msgs/cmake/arduinobot_msgs__rosidl_typesupport_cppExport-noconfig.cmake
[5.785s] -- Installing: /home/jitesh/arduinobot_ws/install/arduinobot_msgs/share/arduinobot_msgs/cmake/export_arduinobot_msgs__rosidl_generator_pyExport.cmake
[5.785s] -- Installing: /home/jitesh/arduinobot_ws/install/arduinobot_msgs/share/arduinobot_msgs/cmake/export_arduinobot_msgs__rosidl_generator_pyExport-noconfig.cmake
[5.785s] -- Installing: /home/jitesh/arduinobot_ws/install/arduinobot_msgs/share/arduinobot_msgs/cmake/rosidl_cmake-extras.cmake
[5.785s] -- Installing: /home/jitesh/arduinobot_ws/install/arduinobot_msgs/share/arduinobot_msgs/cmake/ament_cmake_export_include_directories-extras.cmake
[5.785s] -- Installing: /home/jitesh/arduinobot_ws/install/arduinobot_msgs/share/arduinobot_msgs/cmake/ament_cmake_export_libraries-extras.cmake
[5.786s] -- Installing: /home/jitesh/arduinobot_ws/install/arduinobot_msgs/share/arduinobot_msgs/cmake/ament_cmake_export_targets-extras.cmake
[5.786s] -- Installing: /home/jitesh/arduinobot_ws/install/arduinobot_msgs/share/arduinobot_msgs/cmake/rosidl_cmake_export_typesupport_targets-extras.cmake
[5.786s] -- Installing: /home/jitesh/arduinobot_ws/install/arduinobot_msgs/share/arduinobot_msgs/cmake/ament_cmake_export_dependencies-extras.cmake
[5.786s] -- Installing: /home/jitesh/arduinobot_ws/install/arduinobot_msgs/share/arduinobot_msgs/cmake/rosidl_cmake_export_typesupport_libraries-extras.cmake
[5.786s] -- Installing: /home/jitesh/arduinobot_ws/install/arduinobot_msgs/share/arduinobot_msgs/cmake/arduinobot_msgsConfig.cmake
[5.786s] -- Up-to-date: /home/jitesh/arduinobot_ws/install/arduinobot_msgs/share/arduinobot_msgs/cmake/arduinobot_msgsConfig-version.cmake
[5.786s] -- Installing: /home/jitesh/arduinobot_ws/install/arduinobot_msgs/share/arduinobot_msgs/package.xml
[5.790s] Invoked command in '/home/jitesh/arduinobot_ws/build/arduinobot_msgs' returned '0': CMAKE_PREFIX_PATH=/home/jitesh/ws_moveit2/install/pilz_industrial_motion_planner_testutils:/home/jitesh/ws_moveit2/install/panda_moveit_config:/home/jitesh/ws_moveit2/install/mrm_moveit_config:/home/jitesh/ws_moveit2/install/moveit_runtime:/home/jitesh/ws_moveit2/install/moveit2_tutorials:/home/jitesh/ws_moveit2/install/moveit:/home/jitesh/ws_moveit2/install/moveit_planners:/home/jitesh/ws_moveit2/install/pilz_industrial_motion_planner:/home/jitesh/ws_moveit2/install/mtc_tutorial:/home/jitesh/ws_moveit2/install/hello_moveit:/home/jitesh/ws_moveit2/install/moveit_visual_tools:/home/jitesh/ws_moveit2/install/moveit_task_constructor_visualization:/home/jitesh/ws_moveit2/install/moveit_task_constructor_demo:/home/jitesh/ws_moveit2/install/moveit_task_constructor_capabilities:/home/jitesh/ws_moveit2/install/moveit_task_constructor_core:/home/jitesh/ws_moveit2/install/moveit_ros_control_interface:/home/jitesh/ws_moveit2/install/moveit_plugins:/home/jitesh/ws_moveit2/install/moveit_simple_controller_manager:/home/jitesh/ws_moveit2/install/moveit_setup_assistant:/home/jitesh/ws_moveit2/install/moveit_setup_srdf_plugins:/home/jitesh/ws_moveit2/install/moveit_setup_core_plugins:/home/jitesh/ws_moveit2/install/moveit_setup_controllers:/home/jitesh/ws_moveit2/install/moveit_setup_app_plugins:/home/jitesh/ws_moveit2/install/moveit_setup_framework:/home/jitesh/ws_moveit2/install/moveit_servo:/home/jitesh/ws_moveit2/install/moveit_ros:/home/jitesh/ws_moveit2/install/moveit_ros_visualization:/home/jitesh/ws_moveit2/install/moveit_hybrid_planning:/home/jitesh/ws_moveit2/install/moveit_ros_planning_interface:/home/jitesh/ws_moveit2/install/moveit_ros_benchmarks:/home/jitesh/ws_moveit2/install/moveit_ros_warehouse:/home/jitesh/ws_moveit2/install/moveit_ros_robot_interaction:/home/jitesh/ws_moveit2/install/moveit_ros_perception:/home/jitesh/ws_moveit2/install/moveit_resources_prbt_pg70_support:/home/jitesh/ws_moveit2/install/moveit_resources_prbt_moveit_config:/home/jitesh/ws_moveit2/install/moveit_ros_move_group:/home/jitesh/ws_moveit2/install/moveit_planners_ompl:/home/jitesh/ws_moveit2/install/moveit_ros_planning:/home/jitesh/ws_moveit2/install/moveit_ros_occupancy_map_monitor:/home/jitesh/ws_moveit2/install/moveit_resources_prbt_ikfast_manipulator_plugin:/home/jitesh/ws_moveit2/install/moveit_planners_chomp:/home/jitesh/ws_moveit2/install/moveit_kinematics:/home/jitesh/ws_moveit2/install/moveit_chomp_optimizer_adapter:/home/jitesh/ws_moveit2/install/chomp_motion_planner:/home/jitesh/ws_moveit2/install/moveit_core:/home/jitesh/ws_moveit2/install/srdfdom:/home/jitesh/ws_moveit2/install/rviz_marker_tools:/home/jitesh/ws_moveit2/install/rosparam_shortcuts:/home/jitesh/ws_moveit2/install/mrm_description:/home/jitesh/ws_moveit2/install/moveit_task_constructor_msgs:/home/jitesh/ws_moveit2/install/moveit_resources_prbt_support:/home/jitesh/ws_moveit2/install/moveit_resources:/home/jitesh/ws_moveit2/install/moveit_resources_pr2_description:/home/jitesh/ws_moveit2/install/moveit_resources_panda_moveit_config:/home/jitesh/ws_moveit2/install/moveit_resources_panda_description:/home/jitesh/ws_moveit2/install/moveit_resources_fanuc_moveit_config:/home/jitesh/ws_moveit2/install/moveit_resources_fanuc_description:/home/jitesh/ws_moveit2/install/moveit_common:/home/jitesh/bookros2_ws/install/urdf_test:/home/jitesh/bookros2_ws/install/tiago_simulation:/home/jitesh/bookros2_ws/install/tiago_robot:/home/jitesh/bookros2_ws/install/tiago_navigation:/home/jitesh/bookros2_ws/install/tiago_gazebo:/home/jitesh/bookros2_ws/install/tiago_moveit_config:/home/jitesh/bookros2_ws/install/tiago_laser_sensors:/home/jitesh/bookros2_ws/install/tiago_bringup:/home/jitesh/bookros2_ws/install/tiago_description:/home/jitesh/bookros2_ws/install/tiago_controller_configuration:/home/jitesh/bookros2_ws/install/tiago_2dnav:/home/jitesh/bookros2_ws/install/pmb2_robot:/home/jitesh/bookros2_ws/install/pmb2_navigation:/home/jitesh/bookros2_ws/install/pmb2_2dnav:/home/jitesh/bookros2_ws/install/pmb2_maps:/home/jitesh/bookros2_ws/install/pmb2_laser_sensors:/home/jitesh/bookros2_ws/install/pmb2_bringup:/home/jitesh/bookros2_ws/install/pmb2_description:/home/jitesh/bookros2_ws/install/pmb2_controller_configuration:/home/jitesh/bookros2_ws/install/pal_gripper:/home/jitesh/bookros2_ws/install/pal_gripper_description:/home/jitesh/bookros2_ws/install/pal_gripper_controller_configuration:/home/jitesh/bookros2_ws/install/pal_gazebo_worlds:/home/jitesh/bookros2_ws/install/hey5_description:/home/jitesh/bookros2_ws/install/groot:/home/jitesh/bookros2_ws/install/br2_vff_avoidance:/home/jitesh/bookros2_ws/install/br2_tracking:/home/jitesh/bookros2_ws/install/br2_tracking_msgs:/home/jitesh/bookros2_ws/install/br2_tiago:/home/jitesh/bookros2_ws/install/br2_tf2_detector:/home/jitesh/bookros2_ws/install/br2_navigation:/home/jitesh/bookros2_ws/install/br2_fsm_bumpgo_cpp:/home/jitesh/bookros2_ws/install/br2_bt_patrolling:/home/jitesh/bookros2_ws/install/br2_bt_bumpgo:/home/jitesh/bookros2_ws/install/br2_basics:/home/jitesh/roboarm_ws/install/mrm_description:/home/jitesh/ws_moveit2/install/moveit_configs_utils:/home/jitesh/ws_moveit2/install/launch_param_builder:/home/jitesh/bookros2_ws/install/launch_pal:/home/jitesh/bookros2_ws/install/br2_fsm_bumpgo_py:/home/jitesh/roboarm_ws/install/my_robot_arm:/home/jitesh/ros2_ws/install/py_srvcli:/home/jitesh/ros2_ws/install/py_pubsub:/opt/ros/humble:/home/jitesh/ros2_ws/install/urdf_tutorial:/home/jitesh/ros2_ws/install/tutorial_interfaces:/home/jitesh/ros2_ws/install/turtlesim:/home/jitesh/ros2_ws/install/polygon_plugins:/home/jitesh/ros2_ws/install/polygon_base:/home/jitesh/ros2_ws/install/my_package:/home/jitesh/ros2_ws/install/more_interfaces:/home/jitesh/ros2_ws/install/dolly:/home/jitesh/ros2_ws/install/dolly_tests:/home/jitesh/ros2_ws/install/dolly_ignition:/home/jitesh/ros2_ws/install/dolly_gazebo:/home/jitesh/ros2_ws/install/dolly_follow:/home/jitesh/ros2_ws/install/cpp_pubsub:/home/jitesh/ros2_ws/install/cpp_parameter:/home/jitesh/ros2_ws/install/action_tutorials_cpp:/home/jitesh/ros2_ws/install/action_tutorials_interfaces /usr/bin/cmake --install /home/jitesh/arduinobot_ws/build/arduinobot_msgs
