[1.357s] DEBUG:colcon:Command line arguments: ['/usr/bin/colcon', 'build', '--packages-select', 'arduinobot_py_examples']
[1.357s] DEBUG:colcon:Parsed command line arguments: Namespace(log_base=None, log_level=None, verb_name='build', build_base='build', install_base='install', merge_install=False, symlink_install=False, test_result_base=None, continue_on_error=False, executor='parallel', parallel_workers=12, event_handlers=None, ignore_user_meta=False, metas=['./colcon.meta'], base_paths=['.'], packages_ignore=None, packages_ignore_regex=None, paths=None, packages_up_to=None, packages_up_to_regex=None, packages_above=None, packages_above_and_dependencies=None, packages_above_depth=None, packages_select_by_dep=None, packages_skip_by_dep=None, packages_skip_up_to=None, packages_select_build_failed=False, packages_skip_build_finished=False, packages_select_test_failures=False, packages_skip_test_passed=False, packages_select=['arduinobot_py_examples'], packages_skip=None, packages_select_regex=None, packages_skip_regex=None, packages_start=None, packages_end=None, allow_overriding=[], cmake_args=None, cmake_target=None, cmake_target_skip_unavailable=False, cmake_clean_cache=False, cmake_clean_first=False, cmake_force_configure=False, ament_cmake_args=None, catkin_cmake_args=None, catkin_skip_building_tests=False, mixin_files=None, mixin=None, verb_parser=<colcon_mixin.mixin.mixin_argument.MixinArgumentDecorator object at 0x7ff7ae863010>, verb_extension=<colcon_core.verb.build.BuildVerb object at 0x7ff7ae862ad0>, main=<bound method BuildVerb.main of <colcon_core.verb.build.BuildVerb object at 0x7ff7ae862ad0>>, mixin_verb=('build',))
[1.412s] Level 1:colcon.colcon_core.package_discovery:discover_packages(colcon_meta) check parameters
[1.412s] Level 1:colcon.colcon_core.package_discovery:discover_packages(recursive) check parameters
[1.413s] Level 1:colcon.colcon_core.package_discovery:discover_packages(ignore) check parameters
[1.413s] Level 1:colcon.colcon_core.package_discovery:discover_packages(path) check parameters
[1.413s] Level 1:colcon.colcon_core.package_discovery:discover_packages(colcon_meta) discover
[1.413s] Level 1:colcon.colcon_core.package_discovery:discover_packages(recursive) discover
[1.413s] INFO:colcon.colcon_core.package_discovery:Crawling recursively for packages in '/home/jitesh/arduinobot_ws'
[1.413s] Level 1:colcon.colcon_core.package_identification:_identify(.) by extensions ['ignore', 'ignore_ament_install']
[1.413s] Level 1:colcon.colcon_core.package_identification:_identify(.) by extension 'ignore'
[1.413s] Level 1:colcon.colcon_core.package_identification:_identify(.) by extension 'ignore_ament_install'
[1.413s] Level 1:colcon.colcon_core.package_identification:_identify(.) by extensions ['colcon_pkg']
[1.413s] Level 1:colcon.colcon_core.package_identification:_identify(.) by extension 'colcon_pkg'
[1.413s] Level 1:colcon.colcon_core.package_identification:_identify(.) by extensions ['colcon_meta']
[1.413s] Level 1:colcon.colcon_core.package_identification:_identify(.) by extension 'colcon_meta'
[1.413s] Level 1:colcon.colcon_core.package_identification:_identify(.) by extensions ['ros']
[1.413s] Level 1:colcon.colcon_core.package_identification:_identify(.) by extension 'ros'
[1.426s] Level 1:colcon.colcon_core.package_identification:_identify(.) by extensions ['cmake', 'python']
[1.427s] Level 1:colcon.colcon_core.package_identification:_identify(.) by extension 'cmake'
[1.427s] Level 1:colcon.colcon_core.package_identification:_identify(.) by extension 'python'
[1.427s] Level 1:colcon.colcon_core.package_identification:_identify(.) by extensions ['python_setup_py']
[1.427s] Level 1:colcon.colcon_core.package_identification:_identify(.) by extension 'python_setup_py'
[1.427s] Level 1:colcon.colcon_core.package_identification:_identify(build) by extensions ['ignore', 'ignore_ament_install']
[1.427s] Level 1:colcon.colcon_core.package_identification:_identify(build) by extension 'ignore'
[1.427s] Level 1:colcon.colcon_core.package_identification:_identify(build) ignored
[1.427s] Level 1:colcon.colcon_core.package_identification:_identify(install) by extensions ['ignore', 'ignore_ament_install']
[1.427s] Level 1:colcon.colcon_core.package_identification:_identify(install) by extension 'ignore'
[1.427s] Level 1:colcon.colcon_core.package_identification:_identify(install) ignored
[1.427s] Level 1:colcon.colcon_core.package_identification:_identify(log) by extensions ['ignore', 'ignore_ament_install']
[1.427s] Level 1:colcon.colcon_core.package_identification:_identify(log) by extension 'ignore'
[1.427s] Level 1:colcon.colcon_core.package_identification:_identify(log) ignored
[1.427s] Level 1:colcon.colcon_core.package_identification:_identify(src) by extensions ['ignore', 'ignore_ament_install']
[1.427s] Level 1:colcon.colcon_core.package_identification:_identify(src) by extension 'ignore'
[1.428s] Level 1:colcon.colcon_core.package_identification:_identify(src) by extension 'ignore_ament_install'
[1.428s] Level 1:colcon.colcon_core.package_identification:_identify(src) by extensions ['colcon_pkg']
[1.428s] Level 1:colcon.colcon_core.package_identification:_identify(src) by extension 'colcon_pkg'
[1.428s] Level 1:colcon.colcon_core.package_identification:_identify(src) by extensions ['colcon_meta']
[1.428s] Level 1:colcon.colcon_core.package_identification:_identify(src) by extension 'colcon_meta'
[1.428s] Level 1:colcon.colcon_core.package_identification:_identify(src) by extensions ['ros']
[1.428s] Level 1:colcon.colcon_core.package_identification:_identify(src) by extension 'ros'
[1.428s] Level 1:colcon.colcon_core.package_identification:_identify(src) by extensions ['cmake', 'python']
[1.428s] Level 1:colcon.colcon_core.package_identification:_identify(src) by extension 'cmake'
[1.428s] Level 1:colcon.colcon_core.package_identification:_identify(src) by extension 'python'
[1.428s] Level 1:colcon.colcon_core.package_identification:_identify(src) by extensions ['python_setup_py']
[1.428s] Level 1:colcon.colcon_core.package_identification:_identify(src) by extension 'python_setup_py'
[1.428s] Level 1:colcon.colcon_core.package_identification:_identify(src/arduinobot_controller) by extensions ['ignore', 'ignore_ament_install']
[1.428s] Level 1:colcon.colcon_core.package_identification:_identify(src/arduinobot_controller) by extension 'ignore'
[1.428s] Level 1:colcon.colcon_core.package_identification:_identify(src/arduinobot_controller) by extension 'ignore_ament_install'
[1.428s] Level 1:colcon.colcon_core.package_identification:_identify(src/arduinobot_controller) by extensions ['colcon_pkg']
[1.428s] Level 1:colcon.colcon_core.package_identification:_identify(src/arduinobot_controller) by extension 'colcon_pkg'
[1.428s] Level 1:colcon.colcon_core.package_identification:_identify(src/arduinobot_controller) by extensions ['colcon_meta']
[1.428s] Level 1:colcon.colcon_core.package_identification:_identify(src/arduinobot_controller) by extension 'colcon_meta'
[1.428s] Level 1:colcon.colcon_core.package_identification:_identify(src/arduinobot_controller) by extensions ['ros']
[1.428s] Level 1:colcon.colcon_core.package_identification:_identify(src/arduinobot_controller) by extension 'ros'
[1.430s] DEBUG:colcon.colcon_core.package_identification:Package 'src/arduinobot_controller' with type 'ros.ament_cmake' and name 'arduinobot_controller'
[1.431s] Level 1:colcon.colcon_core.package_identification:_identify(src/arduinobot_cpp_examples) by extensions ['ignore', 'ignore_ament_install']
[1.431s] Level 1:colcon.colcon_core.package_identification:_identify(src/arduinobot_cpp_examples) by extension 'ignore'
[1.431s] Level 1:colcon.colcon_core.package_identification:_identify(src/arduinobot_cpp_examples) by extension 'ignore_ament_install'
[1.431s] Level 1:colcon.colcon_core.package_identification:_identify(src/arduinobot_cpp_examples) by extensions ['colcon_pkg']
[1.431s] Level 1:colcon.colcon_core.package_identification:_identify(src/arduinobot_cpp_examples) by extension 'colcon_pkg'
[1.431s] Level 1:colcon.colcon_core.package_identification:_identify(src/arduinobot_cpp_examples) by extensions ['colcon_meta']
[1.431s] Level 1:colcon.colcon_core.package_identification:_identify(src/arduinobot_cpp_examples) by extension 'colcon_meta'
[1.431s] Level 1:colcon.colcon_core.package_identification:_identify(src/arduinobot_cpp_examples) by extensions ['ros']
[1.431s] Level 1:colcon.colcon_core.package_identification:_identify(src/arduinobot_cpp_examples) by extension 'ros'
[1.431s] DEBUG:colcon.colcon_core.package_identification:Package 'src/arduinobot_cpp_examples' with type 'ros.ament_cmake' and name 'arduinobot_cpp_examples'
[1.431s] Level 1:colcon.colcon_core.package_identification:_identify(src/arduinobot_description) by extensions ['ignore', 'ignore_ament_install']
[1.431s] Level 1:colcon.colcon_core.package_identification:_identify(src/arduinobot_description) by extension 'ignore'
[1.432s] Level 1:colcon.colcon_core.package_identification:_identify(src/arduinobot_description) by extension 'ignore_ament_install'
[1.432s] Level 1:colcon.colcon_core.package_identification:_identify(src/arduinobot_description) by extensions ['colcon_pkg']
[1.432s] Level 1:colcon.colcon_core.package_identification:_identify(src/arduinobot_description) by extension 'colcon_pkg'
[1.432s] Level 1:colcon.colcon_core.package_identification:_identify(src/arduinobot_description) by extensions ['colcon_meta']
[1.432s] Level 1:colcon.colcon_core.package_identification:_identify(src/arduinobot_description) by extension 'colcon_meta'
[1.432s] Level 1:colcon.colcon_core.package_identification:_identify(src/arduinobot_description) by extensions ['ros']
[1.432s] Level 1:colcon.colcon_core.package_identification:_identify(src/arduinobot_description) by extension 'ros'
[1.432s] DEBUG:colcon.colcon_core.package_identification:Package 'src/arduinobot_description' with type 'ros.ament_cmake' and name 'arduinobot_description'
[1.432s] Level 1:colcon.colcon_core.package_identification:_identify(src/arduinobot_moveit) by extensions ['ignore', 'ignore_ament_install']
[1.432s] Level 1:colcon.colcon_core.package_identification:_identify(src/arduinobot_moveit) by extension 'ignore'
[1.432s] Level 1:colcon.colcon_core.package_identification:_identify(src/arduinobot_moveit) by extension 'ignore_ament_install'
[1.432s] Level 1:colcon.colcon_core.package_identification:_identify(src/arduinobot_moveit) by extensions ['colcon_pkg']
[1.432s] Level 1:colcon.colcon_core.package_identification:_identify(src/arduinobot_moveit) by extension 'colcon_pkg'
[1.432s] Level 1:colcon.colcon_core.package_identification:_identify(src/arduinobot_moveit) by extensions ['colcon_meta']
[1.432s] Level 1:colcon.colcon_core.package_identification:_identify(src/arduinobot_moveit) by extension 'colcon_meta'
[1.432s] Level 1:colcon.colcon_core.package_identification:_identify(src/arduinobot_moveit) by extensions ['ros']
[1.432s] Level 1:colcon.colcon_core.package_identification:_identify(src/arduinobot_moveit) by extension 'ros'
[1.433s] DEBUG:colcon.colcon_core.package_identification:Package 'src/arduinobot_moveit' with type 'ros.ament_cmake' and name 'arduinobot_moveit'
[1.433s] Level 1:colcon.colcon_core.package_identification:_identify(src/arduinobot_msgs) by extensions ['ignore', 'ignore_ament_install']
[1.433s] Level 1:colcon.colcon_core.package_identification:_identify(src/arduinobot_msgs) by extension 'ignore'
[1.433s] Level 1:colcon.colcon_core.package_identification:_identify(src/arduinobot_msgs) by extension 'ignore_ament_install'
[1.433s] Level 1:colcon.colcon_core.package_identification:_identify(src/arduinobot_msgs) by extensions ['colcon_pkg']
[1.433s] Level 1:colcon.colcon_core.package_identification:_identify(src/arduinobot_msgs) by extension 'colcon_pkg'
[1.433s] Level 1:colcon.colcon_core.package_identification:_identify(src/arduinobot_msgs) by extensions ['colcon_meta']
[1.433s] Level 1:colcon.colcon_core.package_identification:_identify(src/arduinobot_msgs) by extension 'colcon_meta'
[1.433s] Level 1:colcon.colcon_core.package_identification:_identify(src/arduinobot_msgs) by extensions ['ros']
[1.433s] Level 1:colcon.colcon_core.package_identification:_identify(src/arduinobot_msgs) by extension 'ros'
[1.434s] DEBUG:colcon.colcon_core.package_identification:Package 'src/arduinobot_msgs' with type 'ros.ament_cmake' and name 'arduinobot_msgs'
[1.434s] Level 1:colcon.colcon_core.package_identification:_identify(src/arduinobot_py_examples) by extensions ['ignore', 'ignore_ament_install']
[1.434s] Level 1:colcon.colcon_core.package_identification:_identify(src/arduinobot_py_examples) by extension 'ignore'
[1.434s] Level 1:colcon.colcon_core.package_identification:_identify(src/arduinobot_py_examples) by extension 'ignore_ament_install'
[1.434s] Level 1:colcon.colcon_core.package_identification:_identify(src/arduinobot_py_examples) by extensions ['colcon_pkg']
[1.434s] Level 1:colcon.colcon_core.package_identification:_identify(src/arduinobot_py_examples) by extension 'colcon_pkg'
[1.434s] Level 1:colcon.colcon_core.package_identification:_identify(src/arduinobot_py_examples) by extensions ['colcon_meta']
[1.434s] Level 1:colcon.colcon_core.package_identification:_identify(src/arduinobot_py_examples) by extension 'colcon_meta'
[1.434s] Level 1:colcon.colcon_core.package_identification:_identify(src/arduinobot_py_examples) by extensions ['ros']
[1.434s] Level 1:colcon.colcon_core.package_identification:_identify(src/arduinobot_py_examples) by extension 'ros'
[1.435s] DEBUG:colcon.colcon_core.package_identification:Package 'src/arduinobot_py_examples' with type 'ros.ament_python' and name 'arduinobot_py_examples'
[1.435s] Level 1:colcon.colcon_core.package_identification:_identify(src/arduinobot_utils) by extensions ['ignore', 'ignore_ament_install']
[1.435s] Level 1:colcon.colcon_core.package_identification:_identify(src/arduinobot_utils) by extension 'ignore'
[1.435s] Level 1:colcon.colcon_core.package_identification:_identify(src/arduinobot_utils) by extension 'ignore_ament_install'
[1.435s] Level 1:colcon.colcon_core.package_identification:_identify(src/arduinobot_utils) by extensions ['colcon_pkg']
[1.435s] Level 1:colcon.colcon_core.package_identification:_identify(src/arduinobot_utils) by extension 'colcon_pkg'
[1.435s] Level 1:colcon.colcon_core.package_identification:_identify(src/arduinobot_utils) by extensions ['colcon_meta']
[1.435s] Level 1:colcon.colcon_core.package_identification:_identify(src/arduinobot_utils) by extension 'colcon_meta'
[1.435s] Level 1:colcon.colcon_core.package_identification:_identify(src/arduinobot_utils) by extensions ['ros']
[1.435s] Level 1:colcon.colcon_core.package_identification:_identify(src/arduinobot_utils) by extension 'ros'
[1.435s] DEBUG:colcon.colcon_core.package_identification:Package 'src/arduinobot_utils' with type 'ros.ament_cmake' and name 'arduinobot_utils'
[1.435s] Level 1:colcon.colcon_core.package_discovery:discover_packages(recursive) using defaults
[1.435s] Level 1:colcon.colcon_core.package_discovery:discover_packages(ignore) discover
[1.435s] Level 1:colcon.colcon_core.package_discovery:discover_packages(ignore) using defaults
[1.436s] Level 1:colcon.colcon_core.package_discovery:discover_packages(path) discover
[1.436s] Level 1:colcon.colcon_core.package_discovery:discover_packages(path) using defaults
[1.517s] INFO:colcon.colcon_core.package_selection:Skipping not selected package 'arduinobot_controller' in 'src/arduinobot_controller'
[1.517s] INFO:colcon.colcon_core.package_selection:Skipping not selected package 'arduinobot_cpp_examples' in 'src/arduinobot_cpp_examples'
[1.517s] INFO:colcon.colcon_core.package_selection:Skipping not selected package 'arduinobot_description' in 'src/arduinobot_description'
[1.517s] INFO:colcon.colcon_core.package_selection:Skipping not selected package 'arduinobot_moveit' in 'src/arduinobot_moveit'
[1.517s] INFO:colcon.colcon_core.package_selection:Skipping not selected package 'arduinobot_msgs' in 'src/arduinobot_msgs'
[1.517s] INFO:colcon.colcon_core.package_selection:Skipping not selected package 'arduinobot_utils' in 'src/arduinobot_utils'
[1.549s] Level 1:colcon.colcon_core.package_discovery:discover_packages(prefix_path) check parameters
[1.549s] Level 1:colcon.colcon_core.package_discovery:discover_packages(prefix_path) discover
[1.586s] DEBUG:colcon.colcon_installed_package_information.package_discovery:Found 7 installed packages in /home/jitesh/arduinobot_ws/install
[1.603s] DEBUG:colcon.colcon_installed_package_information.package_discovery:Found 37 installed packages in /home/jitesh/bookros2_ws/install
[1.622s] DEBUG:colcon.colcon_installed_package_information.package_discovery:Found 60 installed packages in /home/jitesh/ws_moveit2/install
[1.639s] DEBUG:colcon.colcon_installed_package_information.package_discovery:Found 20 installed packages in /home/jitesh/ros2_ws/install
[1.655s] DEBUG:colcon.colcon_installed_package_information.package_discovery:Found 2 installed packages in /home/jitesh/roboarm_ws/install
[1.673s] DEBUG:colcon.colcon_installed_package_information.package_discovery:Found 476 installed packages in /opt/ros/humble
[1.676s] Level 1:colcon.colcon_core.package_discovery:discover_packages(prefix_path) using defaults
[1.773s] Level 5:colcon.colcon_core.verb:set package 'arduinobot_py_examples' build argument 'cmake_args' from command line to 'None'
[1.773s] Level 5:colcon.colcon_core.verb:set package 'arduinobot_py_examples' build argument 'cmake_target' from command line to 'None'
[1.773s] Level 5:colcon.colcon_core.verb:set package 'arduinobot_py_examples' build argument 'cmake_target_skip_unavailable' from command line to 'False'
[1.773s] Level 5:colcon.colcon_core.verb:set package 'arduinobot_py_examples' build argument 'cmake_clean_cache' from command line to 'False'
[1.773s] Level 5:colcon.colcon_core.verb:set package 'arduinobot_py_examples' build argument 'cmake_clean_first' from command line to 'False'
[1.773s] Level 5:colcon.colcon_core.verb:set package 'arduinobot_py_examples' build argument 'cmake_force_configure' from command line to 'False'
[1.773s] Level 5:colcon.colcon_core.verb:set package 'arduinobot_py_examples' build argument 'ament_cmake_args' from command line to 'None'
[1.773s] Level 5:colcon.colcon_core.verb:set package 'arduinobot_py_examples' build argument 'catkin_cmake_args' from command line to 'None'
[1.773s] Level 5:colcon.colcon_core.verb:set package 'arduinobot_py_examples' build argument 'catkin_skip_building_tests' from command line to 'False'
[1.773s] DEBUG:colcon.colcon_core.verb:Building package 'arduinobot_py_examples' with the following arguments: {'ament_cmake_args': None, 'build_base': '/home/jitesh/arduinobot_ws/build/arduinobot_py_examples', 'catkin_cmake_args': None, 'catkin_skip_building_tests': False, 'cmake_args': None, 'cmake_clean_cache': False, 'cmake_clean_first': False, 'cmake_force_configure': False, 'cmake_target': None, 'cmake_target_skip_unavailable': False, 'install_base': '/home/jitesh/arduinobot_ws/install/arduinobot_py_examples', 'merge_install': False, 'path': '/home/jitesh/arduinobot_ws/src/arduinobot_py_examples', 'symlink_install': False, 'test_result_base': None}
[1.789s] INFO:colcon.colcon_core.executor:Executing jobs using 'parallel' executor
[1.805s] DEBUG:colcon.colcon_parallel_executor.executor.parallel:run_until_complete
[1.806s] INFO:colcon.colcon_ros.task.ament_python.build:Building ROS package in '/home/jitesh/arduinobot_ws/src/arduinobot_py_examples' with build type 'ament_python'
[1.806s] Level 1:colcon.colcon_core.shell:create_environment_hook('arduinobot_py_examples', 'ament_prefix_path')
[1.824s] INFO:colcon.colcon_core.plugin_system:Skipping extension 'colcon_core.shell.bat': Not used on non-Windows systems
[1.824s] INFO:colcon.colcon_core.shell:Creating environment hook '/home/jitesh/arduinobot_ws/install/arduinobot_py_examples/share/arduinobot_py_examples/hook/ament_prefix_path.ps1'
[1.824s] INFO:colcon.colcon_core.shell:Creating environment descriptor '/home/jitesh/arduinobot_ws/install/arduinobot_py_examples/share/arduinobot_py_examples/hook/ament_prefix_path.dsv'
[1.825s] INFO:colcon.colcon_core.shell:Creating environment hook '/home/jitesh/arduinobot_ws/install/arduinobot_py_examples/share/arduinobot_py_examples/hook/ament_prefix_path.sh'
[1.841s] INFO:colcon.colcon_core.shell:Skip shell extension 'powershell' for command environment: Not usable outside of PowerShell
[1.841s] DEBUG:colcon.colcon_core.shell:Skip shell extension 'dsv' for command environment
[2.193s] INFO:colcon.colcon_core.task.python.build:Building Python package in '/home/jitesh/arduinobot_ws/src/arduinobot_py_examples'
[2.210s] INFO:colcon.colcon_core.shell:Skip shell extension 'powershell' for command environment: Not usable outside of PowerShell
[2.210s] DEBUG:colcon.colcon_core.shell:Skip shell extension 'dsv' for command environment
[2.952s] DEBUG:colcon.colcon_core.event_handler.log_command:Invoking command in '/home/jitesh/arduinobot_ws/src/arduinobot_py_examples': CMAKE_PREFIX_PATH=/home/jitesh/arduinobot_ws/install/arduinobot_msgs:/home/jitesh/arduinobot_ws/install/arduinobot_utils:/home/jitesh/arduinobot_ws/install/arduinobot_moveit:/home/jitesh/arduinobot_ws/install/arduinobot_description:/home/jitesh/arduinobot_ws/install/arduinobot_cpp_examples:/home/jitesh/arduinobot_ws/install/arduinobot_controller:/home/jitesh/ws_moveit2/install/pilz_industrial_motion_planner_testutils:/home/jitesh/ws_moveit2/install/panda_moveit_config:/home/jitesh/ws_moveit2/install/mrm_moveit_config:/home/jitesh/ws_moveit2/install/moveit_runtime:/home/jitesh/ws_moveit2/install/moveit2_tutorials:/home/jitesh/ws_moveit2/install/moveit:/home/jitesh/ws_moveit2/install/moveit_planners:/home/jitesh/ws_moveit2/install/pilz_industrial_motion_planner:/home/jitesh/ws_moveit2/install/mtc_tutorial:/home/jitesh/ws_moveit2/install/hello_moveit:/home/jitesh/ws_moveit2/install/moveit_visual_tools:/home/jitesh/ws_moveit2/install/moveit_task_constructor_visualization:/home/jitesh/ws_moveit2/install/moveit_task_constructor_demo:/home/jitesh/ws_moveit2/install/moveit_task_constructor_capabilities:/home/jitesh/ws_moveit2/install/moveit_task_constructor_core:/home/jitesh/ws_moveit2/install/moveit_ros_control_interface:/home/jitesh/ws_moveit2/install/moveit_plugins:/home/jitesh/ws_moveit2/install/moveit_simple_controller_manager:/home/jitesh/ws_moveit2/install/moveit_setup_assistant:/home/jitesh/ws_moveit2/install/moveit_setup_srdf_plugins:/home/jitesh/ws_moveit2/install/moveit_setup_core_plugins:/home/jitesh/ws_moveit2/install/moveit_setup_controllers:/home/jitesh/ws_moveit2/install/moveit_setup_app_plugins:/home/jitesh/ws_moveit2/install/moveit_setup_framework:/home/jitesh/ws_moveit2/install/moveit_servo:/home/jitesh/ws_moveit2/install/moveit_ros:/home/jitesh/ws_moveit2/install/moveit_ros_visualization:/home/jitesh/ws_moveit2/install/moveit_hybrid_planning:/home/jitesh/ws_moveit2/install/moveit_ros_planning_interface:/home/jitesh/ws_moveit2/install/moveit_ros_benchmarks:/home/jitesh/ws_moveit2/install/moveit_ros_warehouse:/home/jitesh/ws_moveit2/install/moveit_ros_robot_interaction:/home/jitesh/ws_moveit2/install/moveit_ros_perception:/home/jitesh/ws_moveit2/install/moveit_resources_prbt_pg70_support:/home/jitesh/ws_moveit2/install/moveit_resources_prbt_moveit_config:/home/jitesh/ws_moveit2/install/moveit_ros_move_group:/home/jitesh/ws_moveit2/install/moveit_planners_ompl:/home/jitesh/ws_moveit2/install/moveit_ros_planning:/home/jitesh/ws_moveit2/install/moveit_ros_occupancy_map_monitor:/home/jitesh/ws_moveit2/install/moveit_resources_prbt_ikfast_manipulator_plugin:/home/jitesh/ws_moveit2/install/moveit_planners_chomp:/home/jitesh/ws_moveit2/install/moveit_kinematics:/home/jitesh/ws_moveit2/install/moveit_chomp_optimizer_adapter:/home/jitesh/ws_moveit2/install/chomp_motion_planner:/home/jitesh/ws_moveit2/install/moveit_core:/home/jitesh/ws_moveit2/install/srdfdom:/home/jitesh/ws_moveit2/install/rviz_marker_tools:/home/jitesh/ws_moveit2/install/rosparam_shortcuts:/home/jitesh/ws_moveit2/install/mrm_description:/home/jitesh/ws_moveit2/install/moveit_task_constructor_msgs:/home/jitesh/ws_moveit2/install/moveit_resources_prbt_support:/home/jitesh/ws_moveit2/install/moveit_resources:/home/jitesh/ws_moveit2/install/moveit_resources_pr2_description:/home/jitesh/ws_moveit2/install/moveit_resources_panda_moveit_config:/home/jitesh/ws_moveit2/install/moveit_resources_panda_description:/home/jitesh/ws_moveit2/install/moveit_resources_fanuc_moveit_config:/home/jitesh/ws_moveit2/install/moveit_resources_fanuc_description:/home/jitesh/ws_moveit2/install/moveit_common:/home/jitesh/bookros2_ws/install/urdf_test:/home/jitesh/bookros2_ws/install/tiago_simulation:/home/jitesh/bookros2_ws/install/tiago_robot:/home/jitesh/bookros2_ws/install/tiago_navigation:/home/jitesh/bookros2_ws/install/tiago_gazebo:/home/jitesh/bookros2_ws/install/tiago_moveit_config:/home/jitesh/bookros2_ws/install/tiago_laser_sensors:/home/jitesh/bookros2_ws/install/tiago_bringup:/home/jitesh/bookros2_ws/install/tiago_description:/home/jitesh/bookros2_ws/install/tiago_controller_configuration:/home/jitesh/bookros2_ws/install/tiago_2dnav:/home/jitesh/bookros2_ws/install/pmb2_robot:/home/jitesh/bookros2_ws/install/pmb2_navigation:/home/jitesh/bookros2_ws/install/pmb2_2dnav:/home/jitesh/bookros2_ws/install/pmb2_maps:/home/jitesh/bookros2_ws/install/pmb2_laser_sensors:/home/jitesh/bookros2_ws/install/pmb2_bringup:/home/jitesh/bookros2_ws/install/pmb2_description:/home/jitesh/bookros2_ws/install/pmb2_controller_configuration:/home/jitesh/bookros2_ws/install/pal_gripper:/home/jitesh/bookros2_ws/install/pal_gripper_description:/home/jitesh/bookros2_ws/install/pal_gripper_controller_configuration:/home/jitesh/bookros2_ws/install/pal_gazebo_worlds:/home/jitesh/bookros2_ws/install/hey5_description:/home/jitesh/bookros2_ws/install/groot:/home/jitesh/bookros2_ws/install/br2_vff_avoidance:/home/jitesh/bookros2_ws/install/br2_tracking:/home/jitesh/bookros2_ws/install/br2_tracking_msgs:/home/jitesh/bookros2_ws/install/br2_tiago:/home/jitesh/bookros2_ws/install/br2_tf2_detector:/home/jitesh/bookros2_ws/install/br2_navigation:/home/jitesh/bookros2_ws/install/br2_fsm_bumpgo_cpp:/home/jitesh/bookros2_ws/install/br2_bt_patrolling:/home/jitesh/bookros2_ws/install/br2_bt_bumpgo:/home/jitesh/bookros2_ws/install/br2_basics:/home/jitesh/roboarm_ws/install/mrm_description:/home/jitesh/ros2_ws/install/tutorial_interfaces:/home/jitesh/ros2_ws/install/turtlesim:/home/jitesh/ros2_ws/install/polygon_plugins:/home/jitesh/ros2_ws/install/polygon_base:/home/jitesh/ros2_ws/install/my_package:/home/jitesh/ros2_ws/install/more_interfaces:/home/jitesh/ros2_ws/install/dolly:/home/jitesh/ros2_ws/install/dolly_tests:/home/jitesh/ros2_ws/install/dolly_ignition:/home/jitesh/ros2_ws/install/dolly_gazebo:/home/jitesh/ros2_ws/install/dolly_follow:/home/jitesh/ros2_ws/install/cpp_parameter:/home/jitesh/ros2_ws/install/action_tutorials_cpp:/home/jitesh/ros2_ws/install/action_tutorials_interfaces LD_LIBRARY_PATH=/home/jitesh/arduinobot_ws/install/arduinobot_msgs/lib:/home/jitesh/ws_moveit2/install/pilz_industrial_motion_planner_testutils/lib:/home/jitesh/ws_moveit2/install/pilz_industrial_motion_planner/lib:/home/jitesh/ws_moveit2/install/moveit_visual_tools/lib:/home/jitesh/ws_moveit2/install/moveit_task_constructor_visualization/lib:/home/jitesh/ws_moveit2/install/moveit_task_constructor_demo/lib:/home/jitesh/ws_moveit2/install/moveit_task_constructor_capabilities/lib:/home/jitesh/ws_moveit2/install/moveit_task_constructor_core/lib:/home/jitesh/ws_moveit2/install/moveit_ros_control_interface/lib:/home/jitesh/ws_moveit2/install/moveit_simple_controller_manager/lib:/home/jitesh/ws_moveit2/install/moveit_setup_assistant/lib:/home/jitesh/ws_moveit2/install/moveit_setup_srdf_plugins/lib:/home/jitesh/ws_moveit2/install/moveit_setup_core_plugins/lib:/home/jitesh/ws_moveit2/install/moveit_setup_controllers/lib:/home/jitesh/ws_moveit2/install/moveit_setup_app_plugins/lib:/home/jitesh/ws_moveit2/install/moveit_setup_framework/lib:/home/jitesh/ws_moveit2/install/moveit_servo/lib:/home/jitesh/ws_moveit2/install/moveit_ros_visualization/lib:/home/jitesh/ws_moveit2/install/moveit_hybrid_planning/lib:/home/jitesh/ws_moveit2/install/moveit_ros_planning_interface/lib:/home/jitesh/ws_moveit2/install/moveit_ros_benchmarks/lib:/home/jitesh/ws_moveit2/install/moveit_ros_warehouse/lib:/home/jitesh/ws_moveit2/install/moveit_ros_robot_interaction/lib:/home/jitesh/ws_moveit2/install/moveit_ros_perception/lib:/home/jitesh/ws_moveit2/install/moveit_ros_move_group/lib:/home/jitesh/ws_moveit2/install/moveit_planners_ompl/lib:/home/jitesh/ws_moveit2/install/moveit_ros_planning/lib:/home/jitesh/ws_moveit2/install/moveit_ros_occupancy_map_monitor/lib:/home/jitesh/ws_moveit2/install/moveit_resources_prbt_ikfast_manipulator_plugin/lib:/home/jitesh/ws_moveit2/install/moveit_planners_chomp/lib:/home/jitesh/ws_moveit2/install/moveit_kinematics/lib:/home/jitesh/ws_moveit2/install/moveit_chomp_optimizer_adapter/lib:/home/jitesh/ws_moveit2/install/chomp_motion_planner/lib:/home/jitesh/ws_moveit2/install/moveit_core/lib:/home/jitesh/ws_moveit2/install/srdfdom/lib:/home/jitesh/ws_moveit2/install/rviz_marker_tools/lib:/home/jitesh/ws_moveit2/install/rosparam_shortcuts/lib:/home/jitesh/ws_moveit2/install/moveit_task_constructor_msgs/lib:/home/jitesh/bookros2_ws/install/groot/lib:/home/jitesh/bookros2_ws/install/br2_vff_avoidance/lib:/home/jitesh/bookros2_ws/install/br2_tracking/lib:/home/jitesh/bookros2_ws/install/br2_tracking_msgs/lib:/home/jitesh/bookros2_ws/install/br2_tf2_detector/lib:/home/jitesh/bookros2_ws/install/br2_bt_patrolling/lib:/home/jitesh/bookros2_ws/install/br2_bt_bumpgo/lib:/home/jitesh/ros2_ws/install/tutorial_interfaces/lib:/home/jitesh/ros2_ws/install/turtlesim/lib:/home/jitesh/ros2_ws/install/polygon_plugins/lib:/home/jitesh/ros2_ws/install/more_interfaces/lib:/home/jitesh/ros2_ws/install/action_tutorials_cpp/lib:/home/jitesh/ros2_ws/install/action_tutorials_interfaces/lib:/usr/lib/x86_64-linux-gnu/gazebo-11/plugins:/opt/ros/humble/opt/rviz_ogre_vendor/lib:/opt/ros/humble/lib/x86_64-linux-gnu:/opt/ros/humble/lib:/usr/lib/x86_64-linux-gnu/gazebo-11/plugins PYTHONPATH=/home/jitesh/arduinobot_ws/build/arduinobot_py_examples/prefix_override:/home/jitesh/arduinobot_ws/install/arduinobot_py_examples/lib/python3.10/site-packages:${PYTHONPATH} /usr/bin/python3 setup.py egg_info --egg-base ../../build/arduinobot_py_examples build --build-base /home/jitesh/arduinobot_ws/build/arduinobot_py_examples/build install --record /home/jitesh/arduinobot_ws/build/arduinobot_py_examples/install.log --single-version-externally-managed
[3.486s] DEBUG:colcon.colcon_core.event_handler.log_command:Invoked command in '/home/jitesh/arduinobot_ws/src/arduinobot_py_examples' returned '0': CMAKE_PREFIX_PATH=/home/jitesh/arduinobot_ws/install/arduinobot_msgs:/home/jitesh/arduinobot_ws/install/arduinobot_utils:/home/jitesh/arduinobot_ws/install/arduinobot_moveit:/home/jitesh/arduinobot_ws/install/arduinobot_description:/home/jitesh/arduinobot_ws/install/arduinobot_cpp_examples:/home/jitesh/arduinobot_ws/install/arduinobot_controller:/home/jitesh/ws_moveit2/install/pilz_industrial_motion_planner_testutils:/home/jitesh/ws_moveit2/install/panda_moveit_config:/home/jitesh/ws_moveit2/install/mrm_moveit_config:/home/jitesh/ws_moveit2/install/moveit_runtime:/home/jitesh/ws_moveit2/install/moveit2_tutorials:/home/jitesh/ws_moveit2/install/moveit:/home/jitesh/ws_moveit2/install/moveit_planners:/home/jitesh/ws_moveit2/install/pilz_industrial_motion_planner:/home/jitesh/ws_moveit2/install/mtc_tutorial:/home/jitesh/ws_moveit2/install/hello_moveit:/home/jitesh/ws_moveit2/install/moveit_visual_tools:/home/jitesh/ws_moveit2/install/moveit_task_constructor_visualization:/home/jitesh/ws_moveit2/install/moveit_task_constructor_demo:/home/jitesh/ws_moveit2/install/moveit_task_constructor_capabilities:/home/jitesh/ws_moveit2/install/moveit_task_constructor_core:/home/jitesh/ws_moveit2/install/moveit_ros_control_interface:/home/jitesh/ws_moveit2/install/moveit_plugins:/home/jitesh/ws_moveit2/install/moveit_simple_controller_manager:/home/jitesh/ws_moveit2/install/moveit_setup_assistant:/home/jitesh/ws_moveit2/install/moveit_setup_srdf_plugins:/home/jitesh/ws_moveit2/install/moveit_setup_core_plugins:/home/jitesh/ws_moveit2/install/moveit_setup_controllers:/home/jitesh/ws_moveit2/install/moveit_setup_app_plugins:/home/jitesh/ws_moveit2/install/moveit_setup_framework:/home/jitesh/ws_moveit2/install/moveit_servo:/home/jitesh/ws_moveit2/install/moveit_ros:/home/jitesh/ws_moveit2/install/moveit_ros_visualization:/home/jitesh/ws_moveit2/install/moveit_hybrid_planning:/home/jitesh/ws_moveit2/install/moveit_ros_planning_interface:/home/jitesh/ws_moveit2/install/moveit_ros_benchmarks:/home/jitesh/ws_moveit2/install/moveit_ros_warehouse:/home/jitesh/ws_moveit2/install/moveit_ros_robot_interaction:/home/jitesh/ws_moveit2/install/moveit_ros_perception:/home/jitesh/ws_moveit2/install/moveit_resources_prbt_pg70_support:/home/jitesh/ws_moveit2/install/moveit_resources_prbt_moveit_config:/home/jitesh/ws_moveit2/install/moveit_ros_move_group:/home/jitesh/ws_moveit2/install/moveit_planners_ompl:/home/jitesh/ws_moveit2/install/moveit_ros_planning:/home/jitesh/ws_moveit2/install/moveit_ros_occupancy_map_monitor:/home/jitesh/ws_moveit2/install/moveit_resources_prbt_ikfast_manipulator_plugin:/home/jitesh/ws_moveit2/install/moveit_planners_chomp:/home/jitesh/ws_moveit2/install/moveit_kinematics:/home/jitesh/ws_moveit2/install/moveit_chomp_optimizer_adapter:/home/jitesh/ws_moveit2/install/chomp_motion_planner:/home/jitesh/ws_moveit2/install/moveit_core:/home/jitesh/ws_moveit2/install/srdfdom:/home/jitesh/ws_moveit2/install/rviz_marker_tools:/home/jitesh/ws_moveit2/install/rosparam_shortcuts:/home/jitesh/ws_moveit2/install/mrm_description:/home/jitesh/ws_moveit2/install/moveit_task_constructor_msgs:/home/jitesh/ws_moveit2/install/moveit_resources_prbt_support:/home/jitesh/ws_moveit2/install/moveit_resources:/home/jitesh/ws_moveit2/install/moveit_resources_pr2_description:/home/jitesh/ws_moveit2/install/moveit_resources_panda_moveit_config:/home/jitesh/ws_moveit2/install/moveit_resources_panda_description:/home/jitesh/ws_moveit2/install/moveit_resources_fanuc_moveit_config:/home/jitesh/ws_moveit2/install/moveit_resources_fanuc_description:/home/jitesh/ws_moveit2/install/moveit_common:/home/jitesh/bookros2_ws/install/urdf_test:/home/jitesh/bookros2_ws/install/tiago_simulation:/home/jitesh/bookros2_ws/install/tiago_robot:/home/jitesh/bookros2_ws/install/tiago_navigation:/home/jitesh/bookros2_ws/install/tiago_gazebo:/home/jitesh/bookros2_ws/install/tiago_moveit_config:/home/jitesh/bookros2_ws/install/tiago_laser_sensors:/home/jitesh/bookros2_ws/install/tiago_bringup:/home/jitesh/bookros2_ws/install/tiago_description:/home/jitesh/bookros2_ws/install/tiago_controller_configuration:/home/jitesh/bookros2_ws/install/tiago_2dnav:/home/jitesh/bookros2_ws/install/pmb2_robot:/home/jitesh/bookros2_ws/install/pmb2_navigation:/home/jitesh/bookros2_ws/install/pmb2_2dnav:/home/jitesh/bookros2_ws/install/pmb2_maps:/home/jitesh/bookros2_ws/install/pmb2_laser_sensors:/home/jitesh/bookros2_ws/install/pmb2_bringup:/home/jitesh/bookros2_ws/install/pmb2_description:/home/jitesh/bookros2_ws/install/pmb2_controller_configuration:/home/jitesh/bookros2_ws/install/pal_gripper:/home/jitesh/bookros2_ws/install/pal_gripper_description:/home/jitesh/bookros2_ws/install/pal_gripper_controller_configuration:/home/jitesh/bookros2_ws/install/pal_gazebo_worlds:/home/jitesh/bookros2_ws/install/hey5_description:/home/jitesh/bookros2_ws/install/groot:/home/jitesh/bookros2_ws/install/br2_vff_avoidance:/home/jitesh/bookros2_ws/install/br2_tracking:/home/jitesh/bookros2_ws/install/br2_tracking_msgs:/home/jitesh/bookros2_ws/install/br2_tiago:/home/jitesh/bookros2_ws/install/br2_tf2_detector:/home/jitesh/bookros2_ws/install/br2_navigation:/home/jitesh/bookros2_ws/install/br2_fsm_bumpgo_cpp:/home/jitesh/bookros2_ws/install/br2_bt_patrolling:/home/jitesh/bookros2_ws/install/br2_bt_bumpgo:/home/jitesh/bookros2_ws/install/br2_basics:/home/jitesh/roboarm_ws/install/mrm_description:/home/jitesh/ros2_ws/install/tutorial_interfaces:/home/jitesh/ros2_ws/install/turtlesim:/home/jitesh/ros2_ws/install/polygon_plugins:/home/jitesh/ros2_ws/install/polygon_base:/home/jitesh/ros2_ws/install/my_package:/home/jitesh/ros2_ws/install/more_interfaces:/home/jitesh/ros2_ws/install/dolly:/home/jitesh/ros2_ws/install/dolly_tests:/home/jitesh/ros2_ws/install/dolly_ignition:/home/jitesh/ros2_ws/install/dolly_gazebo:/home/jitesh/ros2_ws/install/dolly_follow:/home/jitesh/ros2_ws/install/cpp_parameter:/home/jitesh/ros2_ws/install/action_tutorials_cpp:/home/jitesh/ros2_ws/install/action_tutorials_interfaces LD_LIBRARY_PATH=/home/jitesh/arduinobot_ws/install/arduinobot_msgs/lib:/home/jitesh/ws_moveit2/install/pilz_industrial_motion_planner_testutils/lib:/home/jitesh/ws_moveit2/install/pilz_industrial_motion_planner/lib:/home/jitesh/ws_moveit2/install/moveit_visual_tools/lib:/home/jitesh/ws_moveit2/install/moveit_task_constructor_visualization/lib:/home/jitesh/ws_moveit2/install/moveit_task_constructor_demo/lib:/home/jitesh/ws_moveit2/install/moveit_task_constructor_capabilities/lib:/home/jitesh/ws_moveit2/install/moveit_task_constructor_core/lib:/home/jitesh/ws_moveit2/install/moveit_ros_control_interface/lib:/home/jitesh/ws_moveit2/install/moveit_simple_controller_manager/lib:/home/jitesh/ws_moveit2/install/moveit_setup_assistant/lib:/home/jitesh/ws_moveit2/install/moveit_setup_srdf_plugins/lib:/home/jitesh/ws_moveit2/install/moveit_setup_core_plugins/lib:/home/jitesh/ws_moveit2/install/moveit_setup_controllers/lib:/home/jitesh/ws_moveit2/install/moveit_setup_app_plugins/lib:/home/jitesh/ws_moveit2/install/moveit_setup_framework/lib:/home/jitesh/ws_moveit2/install/moveit_servo/lib:/home/jitesh/ws_moveit2/install/moveit_ros_visualization/lib:/home/jitesh/ws_moveit2/install/moveit_hybrid_planning/lib:/home/jitesh/ws_moveit2/install/moveit_ros_planning_interface/lib:/home/jitesh/ws_moveit2/install/moveit_ros_benchmarks/lib:/home/jitesh/ws_moveit2/install/moveit_ros_warehouse/lib:/home/jitesh/ws_moveit2/install/moveit_ros_robot_interaction/lib:/home/jitesh/ws_moveit2/install/moveit_ros_perception/lib:/home/jitesh/ws_moveit2/install/moveit_ros_move_group/lib:/home/jitesh/ws_moveit2/install/moveit_planners_ompl/lib:/home/jitesh/ws_moveit2/install/moveit_ros_planning/lib:/home/jitesh/ws_moveit2/install/moveit_ros_occupancy_map_monitor/lib:/home/jitesh/ws_moveit2/install/moveit_resources_prbt_ikfast_manipulator_plugin/lib:/home/jitesh/ws_moveit2/install/moveit_planners_chomp/lib:/home/jitesh/ws_moveit2/install/moveit_kinematics/lib:/home/jitesh/ws_moveit2/install/moveit_chomp_optimizer_adapter/lib:/home/jitesh/ws_moveit2/install/chomp_motion_planner/lib:/home/jitesh/ws_moveit2/install/moveit_core/lib:/home/jitesh/ws_moveit2/install/srdfdom/lib:/home/jitesh/ws_moveit2/install/rviz_marker_tools/lib:/home/jitesh/ws_moveit2/install/rosparam_shortcuts/lib:/home/jitesh/ws_moveit2/install/moveit_task_constructor_msgs/lib:/home/jitesh/bookros2_ws/install/groot/lib:/home/jitesh/bookros2_ws/install/br2_vff_avoidance/lib:/home/jitesh/bookros2_ws/install/br2_tracking/lib:/home/jitesh/bookros2_ws/install/br2_tracking_msgs/lib:/home/jitesh/bookros2_ws/install/br2_tf2_detector/lib:/home/jitesh/bookros2_ws/install/br2_bt_patrolling/lib:/home/jitesh/bookros2_ws/install/br2_bt_bumpgo/lib:/home/jitesh/ros2_ws/install/tutorial_interfaces/lib:/home/jitesh/ros2_ws/install/turtlesim/lib:/home/jitesh/ros2_ws/install/polygon_plugins/lib:/home/jitesh/ros2_ws/install/more_interfaces/lib:/home/jitesh/ros2_ws/install/action_tutorials_cpp/lib:/home/jitesh/ros2_ws/install/action_tutorials_interfaces/lib:/usr/lib/x86_64-linux-gnu/gazebo-11/plugins:/opt/ros/humble/opt/rviz_ogre_vendor/lib:/opt/ros/humble/lib/x86_64-linux-gnu:/opt/ros/humble/lib:/usr/lib/x86_64-linux-gnu/gazebo-11/plugins PYTHONPATH=/home/jitesh/arduinobot_ws/build/arduinobot_py_examples/prefix_override:/home/jitesh/arduinobot_ws/install/arduinobot_py_examples/lib/python3.10/site-packages:${PYTHONPATH} /usr/bin/python3 setup.py egg_info --egg-base ../../build/arduinobot_py_examples build --build-base /home/jitesh/arduinobot_ws/build/arduinobot_py_examples/build install --record /home/jitesh/arduinobot_ws/build/arduinobot_py_examples/install.log --single-version-externally-managed
[3.534s] Level 1:colcon.colcon_core.environment:checking '/home/jitesh/arduinobot_ws/install/arduinobot_py_examples' for CMake module files
[3.535s] Level 1:colcon.colcon_core.environment:checking '/home/jitesh/arduinobot_ws/install/arduinobot_py_examples' for CMake config files
[3.536s] Level 1:colcon.colcon_core.environment:checking '/home/jitesh/arduinobot_ws/install/arduinobot_py_examples/lib'
[3.537s] Level 1:colcon.colcon_core.environment:checking '/home/jitesh/arduinobot_ws/install/arduinobot_py_examples/bin'
[3.537s] Level 1:colcon.colcon_core.environment:checking '/home/jitesh/arduinobot_ws/install/arduinobot_py_examples/lib/pkgconfig/arduinobot_py_examples.pc'
[3.537s] Level 1:colcon.colcon_core.environment:checking '/home/jitesh/arduinobot_ws/install/arduinobot_py_examples/lib/python3.10/site-packages'
[3.537s] Level 1:colcon.colcon_core.shell:create_environment_hook('arduinobot_py_examples', 'pythonpath')
[3.553s] INFO:colcon.colcon_core.shell:Creating environment hook '/home/jitesh/arduinobot_ws/install/arduinobot_py_examples/share/arduinobot_py_examples/hook/pythonpath.ps1'
[3.553s] INFO:colcon.colcon_core.shell:Creating environment descriptor '/home/jitesh/arduinobot_ws/install/arduinobot_py_examples/share/arduinobot_py_examples/hook/pythonpath.dsv'
[3.554s] INFO:colcon.colcon_core.shell:Creating environment hook '/home/jitesh/arduinobot_ws/install/arduinobot_py_examples/share/arduinobot_py_examples/hook/pythonpath.sh'
[3.554s] Level 1:colcon.colcon_core.environment:checking '/home/jitesh/arduinobot_ws/install/arduinobot_py_examples/bin'
[3.554s] Level 1:colcon.colcon_core.environment:create_environment_scripts_only(arduinobot_py_examples)
[3.570s] INFO:colcon.colcon_core.shell:Creating package script '/home/jitesh/arduinobot_ws/install/arduinobot_py_examples/share/arduinobot_py_examples/package.ps1'
[3.571s] INFO:colcon.colcon_core.shell:Creating package descriptor '/home/jitesh/arduinobot_ws/install/arduinobot_py_examples/share/arduinobot_py_examples/package.dsv'
[3.572s] INFO:colcon.colcon_core.shell:Creating package script '/home/jitesh/arduinobot_ws/install/arduinobot_py_examples/share/arduinobot_py_examples/package.sh'
[3.572s] INFO:colcon.colcon_core.shell:Creating package script '/home/jitesh/arduinobot_ws/install/arduinobot_py_examples/share/arduinobot_py_examples/package.bash'
[3.573s] INFO:colcon.colcon_core.shell:Creating package script '/home/jitesh/arduinobot_ws/install/arduinobot_py_examples/share/arduinobot_py_examples/package.zsh'
[3.573s] Level 1:colcon.colcon_core.environment:create_file_with_runtime_dependencies(/home/jitesh/arduinobot_ws/install/arduinobot_py_examples/share/colcon-core/packages/arduinobot_py_examples)
[3.574s] DEBUG:colcon.colcon_parallel_executor.executor.parallel:closing loop
[3.574s] DEBUG:colcon.colcon_parallel_executor.executor.parallel:loop closed
[3.574s] DEBUG:colcon.colcon_parallel_executor.executor.parallel:run_until_complete finished with '0'
[3.574s] DEBUG:colcon.colcon_core.event_reactor:joining thread
[3.597s] INFO:colcon.colcon_core.plugin_system:Skipping extension 'colcon_notification.desktop_notification.terminal_notifier': Not used on non-Darwin systems
[3.597s] INFO:colcon.colcon_core.plugin_system:Skipping extension 'colcon_notification.desktop_notification.win32': Not used on non-Windows systems
[3.597s] INFO:colcon.colcon_notification.desktop_notification:Sending desktop notification using 'notify2'
[3.616s] DEBUG:colcon.colcon_core.event_reactor:joined thread
[3.632s] INFO:colcon.colcon_core.shell:Creating prefix script '/home/jitesh/arduinobot_ws/install/local_setup.ps1'
[3.633s] INFO:colcon.colcon_core.shell:Creating prefix util module '/home/jitesh/arduinobot_ws/install/_local_setup_util_ps1.py'
[3.634s] INFO:colcon.colcon_core.shell:Creating prefix chain script '/home/jitesh/arduinobot_ws/install/setup.ps1'
[3.656s] INFO:colcon.colcon_core.shell:Creating prefix script '/home/jitesh/arduinobot_ws/install/local_setup.sh'
[3.657s] INFO:colcon.colcon_core.shell:Creating prefix util module '/home/jitesh/arduinobot_ws/install/_local_setup_util_sh.py'
[3.657s] INFO:colcon.colcon_core.shell:Creating prefix chain script '/home/jitesh/arduinobot_ws/install/setup.sh'
[3.679s] INFO:colcon.colcon_core.shell:Creating prefix script '/home/jitesh/arduinobot_ws/install/local_setup.bash'
[3.679s] INFO:colcon.colcon_core.shell:Creating prefix chain script '/home/jitesh/arduinobot_ws/install/setup.bash'
[3.700s] INFO:colcon.colcon_core.shell:Creating prefix script '/home/jitesh/arduinobot_ws/install/local_setup.zsh'
[3.701s] INFO:colcon.colcon_core.shell:Creating prefix chain script '/home/jitesh/arduinobot_ws/install/setup.zsh'
