[0.634s] Invoking command in '/home/jitesh/arduinobot_ws/build/arduinobot_msgs': CMAKE_PREFIX_PATH=/home/jitesh/ws_moveit2/install/pilz_industrial_motion_planner_testutils:/home/jitesh/ws_moveit2/install/panda_moveit_config:/home/jitesh/ws_moveit2/install/mrm_moveit_config:/home/jitesh/ws_moveit2/install/moveit_runtime:/home/jitesh/ws_moveit2/install/moveit2_tutorials:/home/jitesh/ws_moveit2/install/moveit:/home/jitesh/ws_moveit2/install/moveit_planners:/home/jitesh/ws_moveit2/install/pilz_industrial_motion_planner:/home/jitesh/ws_moveit2/install/mtc_tutorial:/home/jitesh/ws_moveit2/install/hello_moveit:/home/jitesh/ws_moveit2/install/moveit_visual_tools:/home/jitesh/ws_moveit2/install/moveit_task_constructor_visualization:/home/jitesh/ws_moveit2/install/moveit_task_constructor_demo:/home/jitesh/ws_moveit2/install/moveit_task_constructor_capabilities:/home/jitesh/ws_moveit2/install/moveit_task_constructor_core:/home/jitesh/ws_moveit2/install/moveit_ros_control_interface:/home/jitesh/ws_moveit2/install/moveit_plugins:/home/jitesh/ws_moveit2/install/moveit_simple_controller_manager:/home/jitesh/ws_moveit2/install/moveit_setup_assistant:/home/jitesh/ws_moveit2/install/moveit_setup_srdf_plugins:/home/jitesh/ws_moveit2/install/moveit_setup_core_plugins:/home/jitesh/ws_moveit2/install/moveit_setup_controllers:/home/jitesh/ws_moveit2/install/moveit_setup_app_plugins:/home/jitesh/ws_moveit2/install/moveit_setup_framework:/home/jitesh/ws_moveit2/install/moveit_servo:/home/jitesh/ws_moveit2/install/moveit_ros:/home/jitesh/ws_moveit2/install/moveit_ros_visualization:/home/jitesh/ws_moveit2/install/moveit_hybrid_planning:/home/jitesh/ws_moveit2/install/moveit_ros_planning_interface:/home/jitesh/ws_moveit2/install/moveit_ros_benchmarks:/home/jitesh/ws_moveit2/install/moveit_ros_warehouse:/home/jitesh/ws_moveit2/install/moveit_ros_robot_interaction:/home/jitesh/ws_moveit2/install/moveit_ros_perception:/home/jitesh/ws_moveit2/install/moveit_resources_prbt_pg70_support:/home/jitesh/ws_moveit2/install/moveit_resources_prbt_moveit_config:/home/jitesh/ws_moveit2/install/moveit_ros_move_group:/home/jitesh/ws_moveit2/install/moveit_planners_ompl:/home/jitesh/ws_moveit2/install/moveit_ros_planning:/home/jitesh/ws_moveit2/install/moveit_ros_occupancy_map_monitor:/home/jitesh/ws_moveit2/install/moveit_resources_prbt_ikfast_manipulator_plugin:/home/jitesh/ws_moveit2/install/moveit_planners_chomp:/home/jitesh/ws_moveit2/install/moveit_kinematics:/home/jitesh/ws_moveit2/install/moveit_chomp_optimizer_adapter:/home/jitesh/ws_moveit2/install/chomp_motion_planner:/home/jitesh/ws_moveit2/install/moveit_core:/home/jitesh/ws_moveit2/install/srdfdom:/home/jitesh/ws_moveit2/install/rviz_marker_tools:/home/jitesh/ws_moveit2/install/rosparam_shortcuts:/home/jitesh/ws_moveit2/install/mrm_description:/home/jitesh/ws_moveit2/install/moveit_task_constructor_msgs:/home/jitesh/ws_moveit2/install/moveit_resources_prbt_support:/home/jitesh/ws_moveit2/install/moveit_resources:/home/jitesh/ws_moveit2/install/moveit_resources_pr2_description:/home/jitesh/ws_moveit2/install/moveit_resources_panda_moveit_config:/home/jitesh/ws_moveit2/install/moveit_resources_panda_description:/home/jitesh/ws_moveit2/install/moveit_resources_fanuc_moveit_config:/home/jitesh/ws_moveit2/install/moveit_resources_fanuc_description:/home/jitesh/ws_moveit2/install/moveit_common:/home/jitesh/bookros2_ws/install/urdf_test:/home/jitesh/bookros2_ws/install/tiago_simulation:/home/jitesh/bookros2_ws/install/tiago_robot:/home/jitesh/bookros2_ws/install/tiago_navigation:/home/jitesh/bookros2_ws/install/tiago_gazebo:/home/jitesh/bookros2_ws/install/tiago_moveit_config:/home/jitesh/bookros2_ws/install/tiago_laser_sensors:/home/jitesh/bookros2_ws/install/tiago_bringup:/home/jitesh/bookros2_ws/install/tiago_description:/home/jitesh/bookros2_ws/install/tiago_controller_configuration:/home/jitesh/bookros2_ws/install/tiago_2dnav:/home/jitesh/bookros2_ws/install/pmb2_robot:/home/jitesh/bookros2_ws/install/pmb2_navigation:/home/jitesh/bookros2_ws/install/pmb2_2dnav:/home/jitesh/bookros2_ws/install/pmb2_maps:/home/jitesh/bookros2_ws/install/pmb2_laser_sensors:/home/jitesh/bookros2_ws/install/pmb2_bringup:/home/jitesh/bookros2_ws/install/pmb2_description:/home/jitesh/bookros2_ws/install/pmb2_controller_configuration:/home/jitesh/bookros2_ws/install/pal_gripper:/home/jitesh/bookros2_ws/install/pal_gripper_description:/home/jitesh/bookros2_ws/install/pal_gripper_controller_configuration:/home/jitesh/bookros2_ws/install/pal_gazebo_worlds:/home/jitesh/bookros2_ws/install/hey5_description:/home/jitesh/bookros2_ws/install/groot:/home/jitesh/bookros2_ws/install/br2_vff_avoidance:/home/jitesh/bookros2_ws/install/br2_tracking:/home/jitesh/bookros2_ws/install/br2_tracking_msgs:/home/jitesh/bookros2_ws/install/br2_tiago:/home/jitesh/bookros2_ws/install/br2_tf2_detector:/home/jitesh/bookros2_ws/install/br2_navigation:/home/jitesh/bookros2_ws/install/br2_fsm_bumpgo_cpp:/home/jitesh/bookros2_ws/install/br2_bt_patrolling:/home/jitesh/bookros2_ws/install/br2_bt_bumpgo:/home/jitesh/bookros2_ws/install/br2_basics:/home/jitesh/roboarm_ws/install/mrm_description:/home/jitesh/ws_moveit2/install/moveit_configs_utils:/home/jitesh/ws_moveit2/install/launch_param_builder:/home/jitesh/bookros2_ws/install/launch_pal:/home/jitesh/bookros2_ws/install/br2_fsm_bumpgo_py:/home/jitesh/roboarm_ws/install/my_robot_arm:/home/jitesh/ros2_ws/install/py_srvcli:/home/jitesh/ros2_ws/install/py_pubsub:/opt/ros/humble:/home/jitesh/ros2_ws/install/urdf_tutorial:/home/jitesh/ros2_ws/install/tutorial_interfaces:/home/jitesh/ros2_ws/install/turtlesim:/home/jitesh/ros2_ws/install/polygon_plugins:/home/jitesh/ros2_ws/install/polygon_base:/home/jitesh/ros2_ws/install/my_package:/home/jitesh/ros2_ws/install/more_interfaces:/home/jitesh/ros2_ws/install/dolly:/home/jitesh/ros2_ws/install/dolly_tests:/home/jitesh/ros2_ws/install/dolly_ignition:/home/jitesh/ros2_ws/install/dolly_gazebo:/home/jitesh/ros2_ws/install/dolly_follow:/home/jitesh/ros2_ws/install/cpp_pubsub:/home/jitesh/ros2_ws/install/cpp_parameter:/home/jitesh/ros2_ws/install/action_tutorials_cpp:/home/jitesh/ros2_ws/install/action_tutorials_interfaces /usr/bin/cmake --build /home/jitesh/arduinobot_ws/build/arduinobot_msgs -- -j12 -l12
[0.682s] -- Found ament_cmake: 1.3.5 (/opt/ros/humble/share/ament_cmake/cmake)
[0.870s] -- Found std_msgs: 4.2.3 (/opt/ros/humble/share/std_msgs/cmake)
[0.899s] -- Found rosidl_generator_c: 3.1.5 (/opt/ros/humble/share/rosidl_generator_c/cmake)
[0.901s] -- Found rosidl_adapter: 3.1.5 (/opt/ros/humble/share/rosidl_adapter/cmake)
[0.906s] -- Found rosidl_generator_cpp: 3.1.5 (/opt/ros/humble/share/rosidl_generator_cpp/cmake)
[0.922s] -- Using all available rosidl_typesupport_c: rosidl_typesupport_fastrtps_c;rosidl_typesupport_introspection_c
[0.941s] -- Using all available rosidl_typesupport_cpp: rosidl_typesupport_fastrtps_cpp;rosidl_typesupport_introspection_cpp
[0.996s] -- Found rosidl_default_generators: 1.2.0 (/opt/ros/humble/share/rosidl_default_generators/cmake)
[1.329s] -- Found ament_cmake_ros: 0.10.0 (/opt/ros/humble/share/ament_cmake_ros/cmake)
[1.738s] -- Using all available rosidl_typesupport_c: rosidl_typesupport_fastrtps_c;rosidl_typesupport_introspection_c
[1.912s] -- Using all available rosidl_typesupport_cpp: rosidl_typesupport_fastrtps_cpp;rosidl_typesupport_introspection_cpp
[1.991s] -- Found python_cmake_module: 0.10.0 (/opt/ros/humble/share/python_cmake_module/cmake)
[2.046s] -- Using PYTHON_EXECUTABLE: /usr/bin/python3
[2.047s] -- Using PYTHON_INCLUDE_DIRS: /usr/include/python3.10
[2.047s] -- Using PYTHON_LIBRARIES: /usr/lib/x86_64-linux-gnu/libpython3.10.so
[2.140s] -- Found ament_lint_auto: 0.12.8 (/opt/ros/humble/share/ament_lint_auto/cmake)
[2.179s] -- Added test 'lint_cmake' to check CMake code style
[2.190s] -- Added test 'xmllint' to check XML markup files
[2.208s] -- Configuring done
[2.277s] -- Generating done
[2.281s] -- Build files have been written to: /home/jitesh/arduinobot_ws/build/arduinobot_msgs
[2.455s] [  2%] [34m[1mGenerating C code for ROS interfaces[0m
[2.486s] [  4%] [34m[1mGenerating C++ code for ROS interfaces[0m
[2.615s] [  4%] Built target ament_cmake_python_copy_arduinobot_msgs
[3.572s] running egg_info
[3.576s] writing arduinobot_msgs.egg-info/PKG-INFO
[3.578s] writing dependency_links to arduinobot_msgs.egg-info/dependency_links.txt
[3.579s] writing top-level names to arduinobot_msgs.egg-info/top_level.txt
[3.607s] reading manifest file 'arduinobot_msgs.egg-info/SOURCES.txt'
[3.612s] writing manifest file 'arduinobot_msgs.egg-info/SOURCES.txt'
[3.686s] [  4%] Built target ament_cmake_python_build_arduinobot_msgs_egg
[3.780s] [  4%] Built target arduinobot_msgs__cpp
[3.959s] [  8%] [34m[1mGenerating C++ type support for eProsima Fast-RTPS[0m
[3.959s] [  8%] [34m[1mGenerating C++ type support dispatch for ROS interfaces[0m
[3.959s] [ 10%] [34m[1mGenerating C++ introspection for ROS interfaces[0m
[3.975s] [35m[1mConsolidate compiler generated dependencies of target arduinobot_msgs__rosidl_generator_c[0m
[4.004s] [ 17%] [32mBuilding C object CMakeFiles/arduinobot_msgs__rosidl_generator_c.dir/rosidl_generator_c/arduinobot_msgs/srv/detail/quaternion_to_euler__functions.c.o[0m
[4.004s] [ 17%] [32mBuilding C object CMakeFiles/arduinobot_msgs__rosidl_generator_c.dir/rosidl_generator_c/arduinobot_msgs/srv/detail/add_two_ints__functions.c.o[0m
[4.004s] [ 17%] [32mBuilding C object CMakeFiles/arduinobot_msgs__rosidl_generator_c.dir/rosidl_generator_c/arduinobot_msgs/srv/detail/euler_to_quaternion__functions.c.o[0m
[4.269s] [ 19%] [32m[1mLinking C shared library libarduinobot_msgs__rosidl_generator_c.so[0m
[4.428s] [ 19%] Built target arduinobot_msgs__rosidl_generator_c
[4.500s] [ 21%] [34m[1mGenerating C introspection for ROS interfaces[0m
[4.503s] [ 23%] [34m[1mGenerating C type support dispatch for ROS interfaces[0m
[4.505s] [ 25%] [34m[1mGenerating C type support for eProsima Fast-RTPS[0m
[4.925s] [35m[1mConsolidate compiler generated dependencies of target arduinobot_msgs__rosidl_typesupport_cpp[0m
[5.056s] [ 29%] [32mBuilding CXX object CMakeFiles/arduinobot_msgs__rosidl_typesupport_cpp.dir/rosidl_typesupport_cpp/arduinobot_msgs/srv/add_two_ints__type_support.cpp.o[0m
[5.058s] [ 29%] [32mBuilding CXX object CMakeFiles/arduinobot_msgs__rosidl_typesupport_cpp.dir/rosidl_typesupport_cpp/arduinobot_msgs/srv/quaternion_to_euler__type_support.cpp.o[0m
[5.075s] [ 31%] [32mBuilding CXX object CMakeFiles/arduinobot_msgs__rosidl_typesupport_cpp.dir/rosidl_typesupport_cpp/arduinobot_msgs/srv/euler_to_quaternion__type_support.cpp.o[0m
[5.150s] [35m[1mConsolidate compiler generated dependencies of target arduinobot_msgs__rosidl_typesupport_introspection_cpp[0m
[5.321s] [ 34%] [32mBuilding CXX object CMakeFiles/arduinobot_msgs__rosidl_typesupport_introspection_cpp.dir/rosidl_typesupport_introspection_cpp/arduinobot_msgs/srv/detail/quaternion_to_euler__type_support.cpp.o[0m
[5.323s] [ 36%] [32mBuilding CXX object CMakeFiles/arduinobot_msgs__rosidl_typesupport_introspection_cpp.dir/rosidl_typesupport_introspection_cpp/arduinobot_msgs/srv/detail/euler_to_quaternion__type_support.cpp.o[0m
[5.328s] [35m[1mConsolidate compiler generated dependencies of target arduinobot_msgs__rosidl_typesupport_fastrtps_cpp[0m
[5.331s] [ 38%] [32mBuilding CXX object CMakeFiles/arduinobot_msgs__rosidl_typesupport_introspection_cpp.dir/rosidl_typesupport_introspection_cpp/arduinobot_msgs/srv/detail/add_two_ints__type_support.cpp.o[0m
[5.434s] [ 40%] [32mBuilding CXX object CMakeFiles/arduinobot_msgs__rosidl_typesupport_fastrtps_cpp.dir/rosidl_typesupport_fastrtps_cpp/arduinobot_msgs/srv/detail/dds_fastrtps/add_two_ints__type_support.cpp.o[0m
[5.434s] [ 44%] [32mBuilding CXX object CMakeFiles/arduinobot_msgs__rosidl_typesupport_fastrtps_cpp.dir/rosidl_typesupport_fastrtps_cpp/arduinobot_msgs/srv/detail/dds_fastrtps/quaternion_to_euler__type_support.cpp.o[0m
[5.434s] [ 44%] [32mBuilding CXX object CMakeFiles/arduinobot_msgs__rosidl_typesupport_fastrtps_cpp.dir/rosidl_typesupport_fastrtps_cpp/arduinobot_msgs/srv/detail/dds_fastrtps/euler_to_quaternion__type_support.cpp.o[0m
[6.493s] [35m[1mConsolidate compiler generated dependencies of target arduinobot_msgs__rosidl_typesupport_c[0m
[6.593s] [ 46%] [32m[1mLinking CXX shared library libarduinobot_msgs__rosidl_typesupport_cpp.so[0m
[6.634s] [ 48%] [32mBuilding CXX object CMakeFiles/arduinobot_msgs__rosidl_typesupport_c.dir/rosidl_typesupport_c/arduinobot_msgs/srv/add_two_ints__type_support.cpp.o[0m
[6.687s] [ 51%] [32mBuilding CXX object CMakeFiles/arduinobot_msgs__rosidl_typesupport_c.dir/rosidl_typesupport_c/arduinobot_msgs/srv/euler_to_quaternion__type_support.cpp.o[0m
[6.736s] [ 53%] [32mBuilding CXX object CMakeFiles/arduinobot_msgs__rosidl_typesupport_c.dir/rosidl_typesupport_c/arduinobot_msgs/srv/quaternion_to_euler__type_support.cpp.o[0m
[6.750s] [35m[1mConsolidate compiler generated dependencies of target arduinobot_msgs__rosidl_typesupport_introspection_c[0m
[6.940s] [ 55%] [32mBuilding C object CMakeFiles/arduinobot_msgs__rosidl_typesupport_introspection_c.dir/rosidl_typesupport_introspection_c/arduinobot_msgs/srv/detail/add_two_ints__type_support.c.o[0m
[6.996s] [ 57%] [32m[1mLinking CXX shared library libarduinobot_msgs__rosidl_typesupport_c.so[0m
[7.019s] [ 59%] [32mBuilding C object CMakeFiles/arduinobot_msgs__rosidl_typesupport_introspection_c.dir/rosidl_typesupport_introspection_c/arduinobot_msgs/srv/detail/quaternion_to_euler__type_support.c.o[0m
[7.024s] [ 61%] [32mBuilding C object CMakeFiles/arduinobot_msgs__rosidl_typesupport_introspection_c.dir/rosidl_typesupport_introspection_c/arduinobot_msgs/srv/detail/euler_to_quaternion__type_support.c.o[0m
[7.024s] [35m[1mConsolidate compiler generated dependencies of target arduinobot_msgs__rosidl_typesupport_fastrtps_c[0m
[7.036s] [ 61%] Built target arduinobot_msgs__rosidl_typesupport_cpp
[7.282s] [ 65%] [32mBuilding CXX object CMakeFiles/arduinobot_msgs__rosidl_typesupport_fastrtps_c.dir/rosidl_typesupport_fastrtps_c/arduinobot_msgs/srv/detail/quaternion_to_euler__type_support_c.cpp.o[0m
[7.283s] [ 68%] [32mBuilding CXX object CMakeFiles/arduinobot_msgs__rosidl_typesupport_fastrtps_c.dir/rosidl_typesupport_fastrtps_c/arduinobot_msgs/srv/detail/euler_to_quaternion__type_support_c.cpp.o[0m
[7.283s] [ 65%] [32mBuilding CXX object CMakeFiles/arduinobot_msgs__rosidl_typesupport_fastrtps_c.dir/rosidl_typesupport_fastrtps_c/arduinobot_msgs/srv/detail/add_two_ints__type_support_c.cpp.o[0m
[7.305s] [ 70%] [32m[1mLinking CXX shared library libarduinobot_msgs__rosidl_typesupport_introspection_cpp.so[0m
[7.311s] [ 72%] [32m[1mLinking C shared library libarduinobot_msgs__rosidl_typesupport_introspection_c.so[0m
[7.311s] [ 72%] Built target arduinobot_msgs__rosidl_typesupport_c
[7.555s] [ 72%] Built target arduinobot_msgs__rosidl_typesupport_introspection_c
[7.563s] [ 74%] [32m[1mLinking CXX shared library libarduinobot_msgs__rosidl_typesupport_fastrtps_cpp.so[0m
[7.569s] [ 74%] Built target arduinobot_msgs__rosidl_typesupport_introspection_cpp
[7.737s] [ 74%] Built target arduinobot_msgs__rosidl_typesupport_fastrtps_cpp
[7.830s] [ 76%] [32m[1mLinking CXX shared library libarduinobot_msgs__rosidl_typesupport_fastrtps_c.so[0m
[7.962s] [ 76%] Built target arduinobot_msgs__rosidl_typesupport_fastrtps_c
[8.012s] [ 76%] Built target arduinobot_msgs
[8.061s] [ 78%] [34m[1mGenerating Python code for ROS interfaces[0m
[8.725s] [ 78%] Built target arduinobot_msgs__py
[8.751s] [35m[1mConsolidate compiler generated dependencies of target arduinobot_msgs__rosidl_generator_py[0m
[8.781s] [ 85%] [32mBuilding C object CMakeFiles/arduinobot_msgs__rosidl_generator_py.dir/rosidl_generator_py/arduinobot_msgs/srv/_euler_to_quaternion_s.c.o[0m
[8.781s] [ 85%] [32mBuilding C object CMakeFiles/arduinobot_msgs__rosidl_generator_py.dir/rosidl_generator_py/arduinobot_msgs/srv/_add_two_ints_s.c.o[0m
[8.782s] [ 85%] [32mBuilding C object CMakeFiles/arduinobot_msgs__rosidl_generator_py.dir/rosidl_generator_py/arduinobot_msgs/srv/_quaternion_to_euler_s.c.o[0m
[8.918s] [ 87%] [32m[1mLinking C shared library rosidl_generator_py/arduinobot_msgs/libarduinobot_msgs__rosidl_generator_py.so[0m
[8.990s] [ 87%] Built target arduinobot_msgs__rosidl_generator_py
[9.015s] [35m[1mConsolidate compiler generated dependencies of target arduinobot_msgs__rosidl_typesupport_fastrtps_c__pyext[0m
[9.015s] [35m[1mConsolidate compiler generated dependencies of target arduinobot_msgs__rosidl_typesupport_introspection_c__pyext[0m
[9.015s] [35m[1mConsolidate compiler generated dependencies of target arduinobot_msgs__rosidl_typesupport_c__pyext[0m
[9.044s] [ 93%] [32mBuilding C object CMakeFiles/arduinobot_msgs__rosidl_typesupport_c__pyext.dir/rosidl_generator_py/arduinobot_msgs/_arduinobot_msgs_s.ep.rosidl_typesupport_c.c.o[0m
[9.044s] [ 93%] [32mBuilding C object CMakeFiles/arduinobot_msgs__rosidl_typesupport_fastrtps_c__pyext.dir/rosidl_generator_py/arduinobot_msgs/_arduinobot_msgs_s.ep.rosidl_typesupport_fastrtps_c.c.o[0m
[9.044s] [ 93%] [32mBuilding C object CMakeFiles/arduinobot_msgs__rosidl_typesupport_introspection_c__pyext.dir/rosidl_generator_py/arduinobot_msgs/_arduinobot_msgs_s.ep.rosidl_typesupport_introspection_c.c.o[0m
[9.165s] [ 97%] [32m[1mLinking C shared library rosidl_generator_py/arduinobot_msgs/arduinobot_msgs_s__rosidl_typesupport_introspection_c.cpython-310-x86_64-linux-gnu.so[0m
[9.165s] [ 97%] [32m[1mLinking C shared library rosidl_generator_py/arduinobot_msgs/arduinobot_msgs_s__rosidl_typesupport_c.cpython-310-x86_64-linux-gnu.so[0m
[9.167s] [100%] [32m[1mLinking C shared library rosidl_generator_py/arduinobot_msgs/arduinobot_msgs_s__rosidl_typesupport_fastrtps_c.cpython-310-x86_64-linux-gnu.so[0m
[9.226s] [100%] Built target arduinobot_msgs__rosidl_typesupport_c__pyext
[9.226s] [100%] Built target arduinobot_msgs__rosidl_typesupport_introspection_c__pyext
[9.232s] [100%] Built target arduinobot_msgs__rosidl_typesupport_fastrtps_c__pyext
[9.257s] Invoked command in '/home/jitesh/arduinobot_ws/build/arduinobot_msgs' returned '0': CMAKE_PREFIX_PATH=/home/jitesh/ws_moveit2/install/pilz_industrial_motion_planner_testutils:/home/jitesh/ws_moveit2/install/panda_moveit_config:/home/jitesh/ws_moveit2/install/mrm_moveit_config:/home/jitesh/ws_moveit2/install/moveit_runtime:/home/jitesh/ws_moveit2/install/moveit2_tutorials:/home/jitesh/ws_moveit2/install/moveit:/home/jitesh/ws_moveit2/install/moveit_planners:/home/jitesh/ws_moveit2/install/pilz_industrial_motion_planner:/home/jitesh/ws_moveit2/install/mtc_tutorial:/home/jitesh/ws_moveit2/install/hello_moveit:/home/jitesh/ws_moveit2/install/moveit_visual_tools:/home/jitesh/ws_moveit2/install/moveit_task_constructor_visualization:/home/jitesh/ws_moveit2/install/moveit_task_constructor_demo:/home/jitesh/ws_moveit2/install/moveit_task_constructor_capabilities:/home/jitesh/ws_moveit2/install/moveit_task_constructor_core:/home/jitesh/ws_moveit2/install/moveit_ros_control_interface:/home/jitesh/ws_moveit2/install/moveit_plugins:/home/jitesh/ws_moveit2/install/moveit_simple_controller_manager:/home/jitesh/ws_moveit2/install/moveit_setup_assistant:/home/jitesh/ws_moveit2/install/moveit_setup_srdf_plugins:/home/jitesh/ws_moveit2/install/moveit_setup_core_plugins:/home/jitesh/ws_moveit2/install/moveit_setup_controllers:/home/jitesh/ws_moveit2/install/moveit_setup_app_plugins:/home/jitesh/ws_moveit2/install/moveit_setup_framework:/home/jitesh/ws_moveit2/install/moveit_servo:/home/jitesh/ws_moveit2/install/moveit_ros:/home/jitesh/ws_moveit2/install/moveit_ros_visualization:/home/jitesh/ws_moveit2/install/moveit_hybrid_planning:/home/jitesh/ws_moveit2/install/moveit_ros_planning_interface:/home/jitesh/ws_moveit2/install/moveit_ros_benchmarks:/home/jitesh/ws_moveit2/install/moveit_ros_warehouse:/home/jitesh/ws_moveit2/install/moveit_ros_robot_interaction:/home/jitesh/ws_moveit2/install/moveit_ros_perception:/home/jitesh/ws_moveit2/install/moveit_resources_prbt_pg70_support:/home/jitesh/ws_moveit2/install/moveit_resources_prbt_moveit_config:/home/jitesh/ws_moveit2/install/moveit_ros_move_group:/home/jitesh/ws_moveit2/install/moveit_planners_ompl:/home/jitesh/ws_moveit2/install/moveit_ros_planning:/home/jitesh/ws_moveit2/install/moveit_ros_occupancy_map_monitor:/home/jitesh/ws_moveit2/install/moveit_resources_prbt_ikfast_manipulator_plugin:/home/jitesh/ws_moveit2/install/moveit_planners_chomp:/home/jitesh/ws_moveit2/install/moveit_kinematics:/home/jitesh/ws_moveit2/install/moveit_chomp_optimizer_adapter:/home/jitesh/ws_moveit2/install/chomp_motion_planner:/home/jitesh/ws_moveit2/install/moveit_core:/home/jitesh/ws_moveit2/install/srdfdom:/home/jitesh/ws_moveit2/install/rviz_marker_tools:/home/jitesh/ws_moveit2/install/rosparam_shortcuts:/home/jitesh/ws_moveit2/install/mrm_description:/home/jitesh/ws_moveit2/install/moveit_task_constructor_msgs:/home/jitesh/ws_moveit2/install/moveit_resources_prbt_support:/home/jitesh/ws_moveit2/install/moveit_resources:/home/jitesh/ws_moveit2/install/moveit_resources_pr2_description:/home/jitesh/ws_moveit2/install/moveit_resources_panda_moveit_config:/home/jitesh/ws_moveit2/install/moveit_resources_panda_description:/home/jitesh/ws_moveit2/install/moveit_resources_fanuc_moveit_config:/home/jitesh/ws_moveit2/install/moveit_resources_fanuc_description:/home/jitesh/ws_moveit2/install/moveit_common:/home/jitesh/bookros2_ws/install/urdf_test:/home/jitesh/bookros2_ws/install/tiago_simulation:/home/jitesh/bookros2_ws/install/tiago_robot:/home/jitesh/bookros2_ws/install/tiago_navigation:/home/jitesh/bookros2_ws/install/tiago_gazebo:/home/jitesh/bookros2_ws/install/tiago_moveit_config:/home/jitesh/bookros2_ws/install/tiago_laser_sensors:/home/jitesh/bookros2_ws/install/tiago_bringup:/home/jitesh/bookros2_ws/install/tiago_description:/home/jitesh/bookros2_ws/install/tiago_controller_configuration:/home/jitesh/bookros2_ws/install/tiago_2dnav:/home/jitesh/bookros2_ws/install/pmb2_robot:/home/jitesh/bookros2_ws/install/pmb2_navigation:/home/jitesh/bookros2_ws/install/pmb2_2dnav:/home/jitesh/bookros2_ws/install/pmb2_maps:/home/jitesh/bookros2_ws/install/pmb2_laser_sensors:/home/jitesh/bookros2_ws/install/pmb2_bringup:/home/jitesh/bookros2_ws/install/pmb2_description:/home/jitesh/bookros2_ws/install/pmb2_controller_configuration:/home/jitesh/bookros2_ws/install/pal_gripper:/home/jitesh/bookros2_ws/install/pal_gripper_description:/home/jitesh/bookros2_ws/install/pal_gripper_controller_configuration:/home/jitesh/bookros2_ws/install/pal_gazebo_worlds:/home/jitesh/bookros2_ws/install/hey5_description:/home/jitesh/bookros2_ws/install/groot:/home/jitesh/bookros2_ws/install/br2_vff_avoidance:/home/jitesh/bookros2_ws/install/br2_tracking:/home/jitesh/bookros2_ws/install/br2_tracking_msgs:/home/jitesh/bookros2_ws/install/br2_tiago:/home/jitesh/bookros2_ws/install/br2_tf2_detector:/home/jitesh/bookros2_ws/install/br2_navigation:/home/jitesh/bookros2_ws/install/br2_fsm_bumpgo_cpp:/home/jitesh/bookros2_ws/install/br2_bt_patrolling:/home/jitesh/bookros2_ws/install/br2_bt_bumpgo:/home/jitesh/bookros2_ws/install/br2_basics:/home/jitesh/roboarm_ws/install/mrm_description:/home/jitesh/ws_moveit2/install/moveit_configs_utils:/home/jitesh/ws_moveit2/install/launch_param_builder:/home/jitesh/bookros2_ws/install/launch_pal:/home/jitesh/bookros2_ws/install/br2_fsm_bumpgo_py:/home/jitesh/roboarm_ws/install/my_robot_arm:/home/jitesh/ros2_ws/install/py_srvcli:/home/jitesh/ros2_ws/install/py_pubsub:/opt/ros/humble:/home/jitesh/ros2_ws/install/urdf_tutorial:/home/jitesh/ros2_ws/install/tutorial_interfaces:/home/jitesh/ros2_ws/install/turtlesim:/home/jitesh/ros2_ws/install/polygon_plugins:/home/jitesh/ros2_ws/install/polygon_base:/home/jitesh/ros2_ws/install/my_package:/home/jitesh/ros2_ws/install/more_interfaces:/home/jitesh/ros2_ws/install/dolly:/home/jitesh/ros2_ws/install/dolly_tests:/home/jitesh/ros2_ws/install/dolly_ignition:/home/jitesh/ros2_ws/install/dolly_gazebo:/home/jitesh/ros2_ws/install/dolly_follow:/home/jitesh/ros2_ws/install/cpp_pubsub:/home/jitesh/ros2_ws/install/cpp_parameter:/home/jitesh/ros2_ws/install/action_tutorials_cpp:/home/jitesh/ros2_ws/install/action_tutorials_interfaces /usr/bin/cmake --build /home/jitesh/arduinobot_ws/build/arduinobot_msgs -- -j12 -l12
[9.627s] Invoking command in '/home/jitesh/arduinobot_ws/build/arduinobot_msgs': CMAKE_PREFIX_PATH=/home/jitesh/ws_moveit2/install/pilz_industrial_motion_planner_testutils:/home/jitesh/ws_moveit2/install/panda_moveit_config:/home/jitesh/ws_moveit2/install/mrm_moveit_config:/home/jitesh/ws_moveit2/install/moveit_runtime:/home/jitesh/ws_moveit2/install/moveit2_tutorials:/home/jitesh/ws_moveit2/install/moveit:/home/jitesh/ws_moveit2/install/moveit_planners:/home/jitesh/ws_moveit2/install/pilz_industrial_motion_planner:/home/jitesh/ws_moveit2/install/mtc_tutorial:/home/jitesh/ws_moveit2/install/hello_moveit:/home/jitesh/ws_moveit2/install/moveit_visual_tools:/home/jitesh/ws_moveit2/install/moveit_task_constructor_visualization:/home/jitesh/ws_moveit2/install/moveit_task_constructor_demo:/home/jitesh/ws_moveit2/install/moveit_task_constructor_capabilities:/home/jitesh/ws_moveit2/install/moveit_task_constructor_core:/home/jitesh/ws_moveit2/install/moveit_ros_control_interface:/home/jitesh/ws_moveit2/install/moveit_plugins:/home/jitesh/ws_moveit2/install/moveit_simple_controller_manager:/home/jitesh/ws_moveit2/install/moveit_setup_assistant:/home/jitesh/ws_moveit2/install/moveit_setup_srdf_plugins:/home/jitesh/ws_moveit2/install/moveit_setup_core_plugins:/home/jitesh/ws_moveit2/install/moveit_setup_controllers:/home/jitesh/ws_moveit2/install/moveit_setup_app_plugins:/home/jitesh/ws_moveit2/install/moveit_setup_framework:/home/jitesh/ws_moveit2/install/moveit_servo:/home/jitesh/ws_moveit2/install/moveit_ros:/home/jitesh/ws_moveit2/install/moveit_ros_visualization:/home/jitesh/ws_moveit2/install/moveit_hybrid_planning:/home/jitesh/ws_moveit2/install/moveit_ros_planning_interface:/home/jitesh/ws_moveit2/install/moveit_ros_benchmarks:/home/jitesh/ws_moveit2/install/moveit_ros_warehouse:/home/jitesh/ws_moveit2/install/moveit_ros_robot_interaction:/home/jitesh/ws_moveit2/install/moveit_ros_perception:/home/jitesh/ws_moveit2/install/moveit_resources_prbt_pg70_support:/home/jitesh/ws_moveit2/install/moveit_resources_prbt_moveit_config:/home/jitesh/ws_moveit2/install/moveit_ros_move_group:/home/jitesh/ws_moveit2/install/moveit_planners_ompl:/home/jitesh/ws_moveit2/install/moveit_ros_planning:/home/jitesh/ws_moveit2/install/moveit_ros_occupancy_map_monitor:/home/jitesh/ws_moveit2/install/moveit_resources_prbt_ikfast_manipulator_plugin:/home/jitesh/ws_moveit2/install/moveit_planners_chomp:/home/jitesh/ws_moveit2/install/moveit_kinematics:/home/jitesh/ws_moveit2/install/moveit_chomp_optimizer_adapter:/home/jitesh/ws_moveit2/install/chomp_motion_planner:/home/jitesh/ws_moveit2/install/moveit_core:/home/jitesh/ws_moveit2/install/srdfdom:/home/jitesh/ws_moveit2/install/rviz_marker_tools:/home/jitesh/ws_moveit2/install/rosparam_shortcuts:/home/jitesh/ws_moveit2/install/mrm_description:/home/jitesh/ws_moveit2/install/moveit_task_constructor_msgs:/home/jitesh/ws_moveit2/install/moveit_resources_prbt_support:/home/jitesh/ws_moveit2/install/moveit_resources:/home/jitesh/ws_moveit2/install/moveit_resources_pr2_description:/home/jitesh/ws_moveit2/install/moveit_resources_panda_moveit_config:/home/jitesh/ws_moveit2/install/moveit_resources_panda_description:/home/jitesh/ws_moveit2/install/moveit_resources_fanuc_moveit_config:/home/jitesh/ws_moveit2/install/moveit_resources_fanuc_description:/home/jitesh/ws_moveit2/install/moveit_common:/home/jitesh/bookros2_ws/install/urdf_test:/home/jitesh/bookros2_ws/install/tiago_simulation:/home/jitesh/bookros2_ws/install/tiago_robot:/home/jitesh/bookros2_ws/install/tiago_navigation:/home/jitesh/bookros2_ws/install/tiago_gazebo:/home/jitesh/bookros2_ws/install/tiago_moveit_config:/home/jitesh/bookros2_ws/install/tiago_laser_sensors:/home/jitesh/bookros2_ws/install/tiago_bringup:/home/jitesh/bookros2_ws/install/tiago_description:/home/jitesh/bookros2_ws/install/tiago_controller_configuration:/home/jitesh/bookros2_ws/install/tiago_2dnav:/home/jitesh/bookros2_ws/install/pmb2_robot:/home/jitesh/bookros2_ws/install/pmb2_navigation:/home/jitesh/bookros2_ws/install/pmb2_2dnav:/home/jitesh/bookros2_ws/install/pmb2_maps:/home/jitesh/bookros2_ws/install/pmb2_laser_sensors:/home/jitesh/bookros2_ws/install/pmb2_bringup:/home/jitesh/bookros2_ws/install/pmb2_description:/home/jitesh/bookros2_ws/install/pmb2_controller_configuration:/home/jitesh/bookros2_ws/install/pal_gripper:/home/jitesh/bookros2_ws/install/pal_gripper_description:/home/jitesh/bookros2_ws/install/pal_gripper_controller_configuration:/home/jitesh/bookros2_ws/install/pal_gazebo_worlds:/home/jitesh/bookros2_ws/install/hey5_description:/home/jitesh/bookros2_ws/install/groot:/home/jitesh/bookros2_ws/install/br2_vff_avoidance:/home/jitesh/bookros2_ws/install/br2_tracking:/home/jitesh/bookros2_ws/install/br2_tracking_msgs:/home/jitesh/bookros2_ws/install/br2_tiago:/home/jitesh/bookros2_ws/install/br2_tf2_detector:/home/jitesh/bookros2_ws/install/br2_navigation:/home/jitesh/bookros2_ws/install/br2_fsm_bumpgo_cpp:/home/jitesh/bookros2_ws/install/br2_bt_patrolling:/home/jitesh/bookros2_ws/install/br2_bt_bumpgo:/home/jitesh/bookros2_ws/install/br2_basics:/home/jitesh/roboarm_ws/install/mrm_description:/home/jitesh/ws_moveit2/install/moveit_configs_utils:/home/jitesh/ws_moveit2/install/launch_param_builder:/home/jitesh/bookros2_ws/install/launch_pal:/home/jitesh/bookros2_ws/install/br2_fsm_bumpgo_py:/home/jitesh/roboarm_ws/install/my_robot_arm:/home/jitesh/ros2_ws/install/py_srvcli:/home/jitesh/ros2_ws/install/py_pubsub:/opt/ros/humble:/home/jitesh/ros2_ws/install/urdf_tutorial:/home/jitesh/ros2_ws/install/tutorial_interfaces:/home/jitesh/ros2_ws/install/turtlesim:/home/jitesh/ros2_ws/install/polygon_plugins:/home/jitesh/ros2_ws/install/polygon_base:/home/jitesh/ros2_ws/install/my_package:/home/jitesh/ros2_ws/install/more_interfaces:/home/jitesh/ros2_ws/install/dolly:/home/jitesh/ros2_ws/install/dolly_tests:/home/jitesh/ros2_ws/install/dolly_ignition:/home/jitesh/ros2_ws/install/dolly_gazebo:/home/jitesh/ros2_ws/install/dolly_follow:/home/jitesh/ros2_ws/install/cpp_pubsub:/home/jitesh/ros2_ws/install/cpp_parameter:/home/jitesh/ros2_ws/install/action_tutorials_cpp:/home/jitesh/ros2_ws/install/action_tutorials_interfaces /usr/bin/cmake --install /home/jitesh/arduinobot_ws/build/arduinobot_msgs
[9.643s] -- Install configuration: ""
[9.643s] -- Installing: /home/jitesh/arduinobot_ws/install/arduinobot_msgs/share/ament_index/resource_index/rosidl_interfaces/arduinobot_msgs
[9.644s] -- Up-to-date: /home/jitesh/arduinobot_ws/install/arduinobot_msgs/include/arduinobot_msgs/arduinobot_msgs
[9.644s] -- Up-to-date: /home/jitesh/arduinobot_ws/install/arduinobot_msgs/include/arduinobot_msgs/arduinobot_msgs/srv
[9.644s] -- Installing: /home/jitesh/arduinobot_ws/install/arduinobot_msgs/include/arduinobot_msgs/arduinobot_msgs/srv/add_two_ints.h
[9.644s] -- Up-to-date: /home/jitesh/arduinobot_ws/install/arduinobot_msgs/include/arduinobot_msgs/arduinobot_msgs/srv/detail
[9.644s] -- Installing: /home/jitesh/arduinobot_ws/install/arduinobot_msgs/include/arduinobot_msgs/arduinobot_msgs/srv/detail/euler_to_quaternion__type_support.h
[9.644s] -- Installing: /home/jitesh/arduinobot_ws/install/arduinobot_msgs/include/arduinobot_msgs/arduinobot_msgs/srv/detail/add_two_ints__functions.c
[9.644s] -- Installing: /home/jitesh/arduinobot_ws/install/arduinobot_msgs/include/arduinobot_msgs/arduinobot_msgs/srv/detail/euler_to_quaternion__functions.h
[9.644s] -- Installing: /home/jitesh/arduinobot_ws/install/arduinobot_msgs/include/arduinobot_msgs/arduinobot_msgs/srv/detail/euler_to_quaternion__functions.c
[9.645s] -- Installing: /home/jitesh/arduinobot_ws/install/arduinobot_msgs/include/arduinobot_msgs/arduinobot_msgs/srv/detail/quaternion_to_euler__type_support.h
[9.645s] -- Installing: /home/jitesh/arduinobot_ws/install/arduinobot_msgs/include/arduinobot_msgs/arduinobot_msgs/srv/detail/euler_to_quaternion__struct.h
[9.645s] -- Installing: /home/jitesh/arduinobot_ws/install/arduinobot_msgs/include/arduinobot_msgs/arduinobot_msgs/srv/detail/quaternion_to_euler__functions.h
[9.645s] -- Installing: /home/jitesh/arduinobot_ws/install/arduinobot_msgs/include/arduinobot_msgs/arduinobot_msgs/srv/detail/quaternion_to_euler__struct.h
[9.645s] -- Installing: /home/jitesh/arduinobot_ws/install/arduinobot_msgs/include/arduinobot_msgs/arduinobot_msgs/srv/detail/add_two_ints__functions.h
[9.645s] -- Installing: /home/jitesh/arduinobot_ws/install/arduinobot_msgs/include/arduinobot_msgs/arduinobot_msgs/srv/detail/add_two_ints__struct.h
[9.645s] -- Installing: /home/jitesh/arduinobot_ws/install/arduinobot_msgs/include/arduinobot_msgs/arduinobot_msgs/srv/detail/quaternion_to_euler__functions.c
[9.645s] -- Installing: /home/jitesh/arduinobot_ws/install/arduinobot_msgs/include/arduinobot_msgs/arduinobot_msgs/srv/detail/add_two_ints__type_support.h
[9.645s] -- Installing: /home/jitesh/arduinobot_ws/install/arduinobot_msgs/include/arduinobot_msgs/arduinobot_msgs/srv/euler_to_quaternion.h
[9.645s] -- Installing: /home/jitesh/arduinobot_ws/install/arduinobot_msgs/include/arduinobot_msgs/arduinobot_msgs/srv/quaternion_to_euler.h
[9.645s] -- Up-to-date: /home/jitesh/arduinobot_ws/install/arduinobot_msgs/include/arduinobot_msgs/arduinobot_msgs/msg
[9.645s] -- Up-to-date: /home/jitesh/arduinobot_ws/install/arduinobot_msgs/include/arduinobot_msgs/arduinobot_msgs/msg/rosidl_generator_c__visibility_control.h
[9.645s] -- Up-to-date: /home/jitesh/arduinobot_ws/install/arduinobot_msgs/share/arduinobot_msgs/environment/library_path.sh
[9.645s] -- Installing: /home/jitesh/arduinobot_ws/install/arduinobot_msgs/share/arduinobot_msgs/environment/library_path.dsv
[9.653s] -- Installing: /home/jitesh/arduinobot_ws/install/arduinobot_msgs/lib/libarduinobot_msgs__rosidl_generator_c.so
[9.654s] -- Set runtime path of "/home/jitesh/arduinobot_ws/install/arduinobot_msgs/lib/libarduinobot_msgs__rosidl_generator_c.so" to ""
[9.654s] -- Up-to-date: /home/jitesh/arduinobot_ws/install/arduinobot_msgs/include/arduinobot_msgs/arduinobot_msgs
[9.654s] -- Up-to-date: /home/jitesh/arduinobot_ws/install/arduinobot_msgs/include/arduinobot_msgs/arduinobot_msgs/srv
[9.654s] -- Up-to-date: /home/jitesh/arduinobot_ws/install/arduinobot_msgs/include/arduinobot_msgs/arduinobot_msgs/srv/detail
[9.654s] -- Installing: /home/jitesh/arduinobot_ws/install/arduinobot_msgs/include/arduinobot_msgs/arduinobot_msgs/srv/detail/add_two_ints__rosidl_typesupport_fastrtps_c.h
[9.655s] -- Installing: /home/jitesh/arduinobot_ws/install/arduinobot_msgs/include/arduinobot_msgs/arduinobot_msgs/srv/detail/quaternion_to_euler__rosidl_typesupport_fastrtps_c.h
[9.655s] -- Installing: /home/jitesh/arduinobot_ws/install/arduinobot_msgs/include/arduinobot_msgs/arduinobot_msgs/srv/detail/euler_to_quaternion__rosidl_typesupport_fastrtps_c.h
[9.656s] -- Up-to-date: /home/jitesh/arduinobot_ws/install/arduinobot_msgs/include/arduinobot_msgs/arduinobot_msgs/msg
[9.656s] -- Up-to-date: /home/jitesh/arduinobot_ws/install/arduinobot_msgs/include/arduinobot_msgs/arduinobot_msgs/msg/rosidl_typesupport_fastrtps_c__visibility_control.h
[9.656s] -- Installing: /home/jitesh/arduinobot_ws/install/arduinobot_msgs/lib/libarduinobot_msgs__rosidl_typesupport_fastrtps_c.so
[9.656s] -- Set runtime path of "/home/jitesh/arduinobot_ws/install/arduinobot_msgs/lib/libarduinobot_msgs__rosidl_typesupport_fastrtps_c.so" to ""
[9.656s] -- Up-to-date: /home/jitesh/arduinobot_ws/install/arduinobot_msgs/include/arduinobot_msgs/arduinobot_msgs
[9.657s] -- Up-to-date: /home/jitesh/arduinobot_ws/install/arduinobot_msgs/include/arduinobot_msgs/arduinobot_msgs/srv
[9.657s] -- Installing: /home/jitesh/arduinobot_ws/install/arduinobot_msgs/include/arduinobot_msgs/arduinobot_msgs/srv/quaternion_to_euler.hpp
[9.657s] -- Up-to-date: /home/jitesh/arduinobot_ws/install/arduinobot_msgs/include/arduinobot_msgs/arduinobot_msgs/srv/detail
[9.657s] -- Installing: /home/jitesh/arduinobot_ws/install/arduinobot_msgs/include/arduinobot_msgs/arduinobot_msgs/srv/detail/add_two_ints__struct.hpp
[9.657s] -- Installing: /home/jitesh/arduinobot_ws/install/arduinobot_msgs/include/arduinobot_msgs/arduinobot_msgs/srv/detail/add_two_ints__builder.hpp
[9.657s] -- Installing: /home/jitesh/arduinobot_ws/install/arduinobot_msgs/include/arduinobot_msgs/arduinobot_msgs/srv/detail/quaternion_to_euler__builder.hpp
[9.657s] -- Installing: /home/jitesh/arduinobot_ws/install/arduinobot_msgs/include/arduinobot_msgs/arduinobot_msgs/srv/detail/euler_to_quaternion__traits.hpp
[9.657s] -- Installing: /home/jitesh/arduinobot_ws/install/arduinobot_msgs/include/arduinobot_msgs/arduinobot_msgs/srv/detail/quaternion_to_euler__struct.hpp
[9.658s] -- Installing: /home/jitesh/arduinobot_ws/install/arduinobot_msgs/include/arduinobot_msgs/arduinobot_msgs/srv/detail/quaternion_to_euler__traits.hpp
[9.658s] -- Installing: /home/jitesh/arduinobot_ws/install/arduinobot_msgs/include/arduinobot_msgs/arduinobot_msgs/srv/detail/euler_to_quaternion__struct.hpp
[9.658s] -- Installing: /home/jitesh/arduinobot_ws/install/arduinobot_msgs/include/arduinobot_msgs/arduinobot_msgs/srv/detail/add_two_ints__traits.hpp
[9.658s] -- Installing: /home/jitesh/arduinobot_ws/install/arduinobot_msgs/include/arduinobot_msgs/arduinobot_msgs/srv/detail/euler_to_quaternion__builder.hpp
[9.658s] -- Installing: /home/jitesh/arduinobot_ws/install/arduinobot_msgs/include/arduinobot_msgs/arduinobot_msgs/srv/euler_to_quaternion.hpp
[9.658s] -- Installing: /home/jitesh/arduinobot_ws/install/arduinobot_msgs/include/arduinobot_msgs/arduinobot_msgs/srv/add_two_ints.hpp
[9.659s] -- Up-to-date: /home/jitesh/arduinobot_ws/install/arduinobot_msgs/include/arduinobot_msgs/arduinobot_msgs
[9.659s] -- Up-to-date: /home/jitesh/arduinobot_ws/install/arduinobot_msgs/include/arduinobot_msgs/arduinobot_msgs/srv
[9.659s] -- Up-to-date: /home/jitesh/arduinobot_ws/install/arduinobot_msgs/include/arduinobot_msgs/arduinobot_msgs/srv/detail
[9.659s] -- Installing: /home/jitesh/arduinobot_ws/install/arduinobot_msgs/include/arduinobot_msgs/arduinobot_msgs/srv/detail/quaternion_to_euler__rosidl_typesupport_fastrtps_cpp.hpp
[9.659s] -- Up-to-date: /home/jitesh/arduinobot_ws/install/arduinobot_msgs/include/arduinobot_msgs/arduinobot_msgs/srv/detail/dds_fastrtps
[9.659s] -- Installing: /home/jitesh/arduinobot_ws/install/arduinobot_msgs/include/arduinobot_msgs/arduinobot_msgs/srv/detail/euler_to_quaternion__rosidl_typesupport_fastrtps_cpp.hpp
[9.659s] -- Installing: /home/jitesh/arduinobot_ws/install/arduinobot_msgs/include/arduinobot_msgs/arduinobot_msgs/srv/detail/add_two_ints__rosidl_typesupport_fastrtps_cpp.hpp
[9.659s] -- Up-to-date: /home/jitesh/arduinobot_ws/install/arduinobot_msgs/include/arduinobot_msgs/arduinobot_msgs/msg
[9.659s] -- Up-to-date: /home/jitesh/arduinobot_ws/install/arduinobot_msgs/include/arduinobot_msgs/arduinobot_msgs/msg/rosidl_typesupport_fastrtps_cpp__visibility_control.h
[9.660s] -- Installing: /home/jitesh/arduinobot_ws/install/arduinobot_msgs/lib/libarduinobot_msgs__rosidl_typesupport_fastrtps_cpp.so
[9.660s] -- Set runtime path of "/home/jitesh/arduinobot_ws/install/arduinobot_msgs/lib/libarduinobot_msgs__rosidl_typesupport_fastrtps_cpp.so" to ""
[9.660s] -- Up-to-date: /home/jitesh/arduinobot_ws/install/arduinobot_msgs/include/arduinobot_msgs/arduinobot_msgs
[9.660s] -- Up-to-date: /home/jitesh/arduinobot_ws/install/arduinobot_msgs/include/arduinobot_msgs/arduinobot_msgs/srv
[9.660s] -- Up-to-date: /home/jitesh/arduinobot_ws/install/arduinobot_msgs/include/arduinobot_msgs/arduinobot_msgs/srv/detail
[9.660s] -- Installing: /home/jitesh/arduinobot_ws/install/arduinobot_msgs/include/arduinobot_msgs/arduinobot_msgs/srv/detail/add_two_ints__rosidl_typesupport_introspection_c.h
[9.661s] -- Installing: /home/jitesh/arduinobot_ws/install/arduinobot_msgs/include/arduinobot_msgs/arduinobot_msgs/srv/detail/euler_to_quaternion__type_support.c
[9.661s] -- Installing: /home/jitesh/arduinobot_ws/install/arduinobot_msgs/include/arduinobot_msgs/arduinobot_msgs/srv/detail/quaternion_to_euler__rosidl_typesupport_introspection_c.h
[9.661s] -- Installing: /home/jitesh/arduinobot_ws/install/arduinobot_msgs/include/arduinobot_msgs/arduinobot_msgs/srv/detail/add_two_ints__type_support.c
[9.661s] -- Installing: /home/jitesh/arduinobot_ws/install/arduinobot_msgs/include/arduinobot_msgs/arduinobot_msgs/srv/detail/quaternion_to_euler__type_support.c
[9.661s] -- Installing: /home/jitesh/arduinobot_ws/install/arduinobot_msgs/include/arduinobot_msgs/arduinobot_msgs/srv/detail/euler_to_quaternion__rosidl_typesupport_introspection_c.h
[9.661s] -- Up-to-date: /home/jitesh/arduinobot_ws/install/arduinobot_msgs/include/arduinobot_msgs/arduinobot_msgs/msg
[9.662s] -- Up-to-date: /home/jitesh/arduinobot_ws/install/arduinobot_msgs/include/arduinobot_msgs/arduinobot_msgs/msg/rosidl_typesupport_introspection_c__visibility_control.h
[9.662s] -- Installing: /home/jitesh/arduinobot_ws/install/arduinobot_msgs/lib/libarduinobot_msgs__rosidl_typesupport_introspection_c.so
[9.662s] -- Set runtime path of "/home/jitesh/arduinobot_ws/install/arduinobot_msgs/lib/libarduinobot_msgs__rosidl_typesupport_introspection_c.so" to ""
[9.663s] -- Installing: /home/jitesh/arduinobot_ws/install/arduinobot_msgs/lib/libarduinobot_msgs__rosidl_typesupport_c.so
[9.663s] -- Set runtime path of "/home/jitesh/arduinobot_ws/install/arduinobot_msgs/lib/libarduinobot_msgs__rosidl_typesupport_c.so" to ""
[9.663s] -- Up-to-date: /home/jitesh/arduinobot_ws/install/arduinobot_msgs/include/arduinobot_msgs/arduinobot_msgs
[9.663s] -- Up-to-date: /home/jitesh/arduinobot_ws/install/arduinobot_msgs/include/arduinobot_msgs/arduinobot_msgs/srv
[9.663s] -- Up-to-date: /home/jitesh/arduinobot_ws/install/arduinobot_msgs/include/arduinobot_msgs/arduinobot_msgs/srv/detail
[9.663s] -- Installing: /home/jitesh/arduinobot_ws/install/arduinobot_msgs/include/arduinobot_msgs/arduinobot_msgs/srv/detail/quaternion_to_euler__rosidl_typesupport_introspection_cpp.hpp
[9.663s] -- Installing: /home/jitesh/arduinobot_ws/install/arduinobot_msgs/include/arduinobot_msgs/arduinobot_msgs/srv/detail/add_two_ints__rosidl_typesupport_introspection_cpp.hpp
[9.664s] -- Installing: /home/jitesh/arduinobot_ws/install/arduinobot_msgs/include/arduinobot_msgs/arduinobot_msgs/srv/detail/euler_to_quaternion__rosidl_typesupport_introspection_cpp.hpp
[9.664s] -- Installing: /home/jitesh/arduinobot_ws/install/arduinobot_msgs/include/arduinobot_msgs/arduinobot_msgs/srv/detail/quaternion_to_euler__type_support.cpp
[9.664s] -- Installing: /home/jitesh/arduinobot_ws/install/arduinobot_msgs/include/arduinobot_msgs/arduinobot_msgs/srv/detail/euler_to_quaternion__type_support.cpp
[9.664s] -- Installing: /home/jitesh/arduinobot_ws/install/arduinobot_msgs/include/arduinobot_msgs/arduinobot_msgs/srv/detail/add_two_ints__type_support.cpp
[9.664s] -- Installing: /home/jitesh/arduinobot_ws/install/arduinobot_msgs/lib/libarduinobot_msgs__rosidl_typesupport_introspection_cpp.so
[9.665s] -- Set runtime path of "/home/jitesh/arduinobot_ws/install/arduinobot_msgs/lib/libarduinobot_msgs__rosidl_typesupport_introspection_cpp.so" to ""
[9.665s] -- Installing: /home/jitesh/arduinobot_ws/install/arduinobot_msgs/lib/libarduinobot_msgs__rosidl_typesupport_cpp.so
[9.666s] -- Set runtime path of "/home/jitesh/arduinobot_ws/install/arduinobot_msgs/lib/libarduinobot_msgs__rosidl_typesupport_cpp.so" to ""
[9.666s] -- Up-to-date: /home/jitesh/arduinobot_ws/install/arduinobot_msgs/share/arduinobot_msgs/environment/pythonpath.sh
[9.666s] -- Installing: /home/jitesh/arduinobot_ws/install/arduinobot_msgs/share/arduinobot_msgs/environment/pythonpath.dsv
[9.666s] -- Up-to-date: /home/jitesh/arduinobot_ws/install/arduinobot_msgs/local/lib/python3.10/dist-packages/arduinobot_msgs-0.0.0-py3.10.egg-info
[9.666s] -- Installing: /home/jitesh/arduinobot_ws/install/arduinobot_msgs/local/lib/python3.10/dist-packages/arduinobot_msgs-0.0.0-py3.10.egg-info/top_level.txt
[9.666s] -- Installing: /home/jitesh/arduinobot_ws/install/arduinobot_msgs/local/lib/python3.10/dist-packages/arduinobot_msgs-0.0.0-py3.10.egg-info/PKG-INFO
[9.667s] -- Installing: /home/jitesh/arduinobot_ws/install/arduinobot_msgs/local/lib/python3.10/dist-packages/arduinobot_msgs-0.0.0-py3.10.egg-info/dependency_links.txt
[9.667s] -- Installing: /home/jitesh/arduinobot_ws/install/arduinobot_msgs/local/lib/python3.10/dist-packages/arduinobot_msgs-0.0.0-py3.10.egg-info/SOURCES.txt
[9.667s] -- Up-to-date: /home/jitesh/arduinobot_ws/install/arduinobot_msgs/local/lib/python3.10/dist-packages/arduinobot_msgs
[9.667s] -- Installing: /home/jitesh/arduinobot_ws/install/arduinobot_msgs/local/lib/python3.10/dist-packages/arduinobot_msgs/_arduinobot_msgs_s.ep.rosidl_typesupport_c.c
[9.667s] -- Installing: /home/jitesh/arduinobot_ws/install/arduinobot_msgs/local/lib/python3.10/dist-packages/arduinobot_msgs/arduinobot_msgs_s__rosidl_typesupport_c.cpython-310-x86_64-linux-gnu.so
[9.668s] -- Installing: /home/jitesh/arduinobot_ws/install/arduinobot_msgs/local/lib/python3.10/dist-packages/arduinobot_msgs/arduinobot_msgs_s__rosidl_typesupport_introspection_c.cpython-310-x86_64-linux-gnu.so
[9.668s] -- Installing: /home/jitesh/arduinobot_ws/install/arduinobot_msgs/local/lib/python3.10/dist-packages/arduinobot_msgs/arduinobot_msgs_s__rosidl_typesupport_fastrtps_c.cpython-310-x86_64-linux-gnu.so
[9.668s] -- Installing: /home/jitesh/arduinobot_ws/install/arduinobot_msgs/local/lib/python3.10/dist-packages/arduinobot_msgs/_arduinobot_msgs_s.ep.rosidl_typesupport_introspection_c.c
[9.668s] -- Up-to-date: /home/jitesh/arduinobot_ws/install/arduinobot_msgs/local/lib/python3.10/dist-packages/arduinobot_msgs/srv
[9.668s] -- Installing: /home/jitesh/arduinobot_ws/install/arduinobot_msgs/local/lib/python3.10/dist-packages/arduinobot_msgs/srv/_quaternion_to_euler_s.c
[9.668s] -- Installing: /home/jitesh/arduinobot_ws/install/arduinobot_msgs/local/lib/python3.10/dist-packages/arduinobot_msgs/srv/_quaternion_to_euler.py
[9.669s] -- Installing: /home/jitesh/arduinobot_ws/install/arduinobot_msgs/local/lib/python3.10/dist-packages/arduinobot_msgs/srv/_add_two_ints_s.c
[9.669s] -- Installing: /home/jitesh/arduinobot_ws/install/arduinobot_msgs/local/lib/python3.10/dist-packages/arduinobot_msgs/srv/_euler_to_quaternion_s.c
[9.669s] -- Installing: /home/jitesh/arduinobot_ws/install/arduinobot_msgs/local/lib/python3.10/dist-packages/arduinobot_msgs/srv/_euler_to_quaternion.py
[9.669s] -- Installing: /home/jitesh/arduinobot_ws/install/arduinobot_msgs/local/lib/python3.10/dist-packages/arduinobot_msgs/srv/_add_two_ints.py
[9.669s] -- Installing: /home/jitesh/arduinobot_ws/install/arduinobot_msgs/local/lib/python3.10/dist-packages/arduinobot_msgs/srv/__init__.py
[9.669s] -- Installing: /home/jitesh/arduinobot_ws/install/arduinobot_msgs/local/lib/python3.10/dist-packages/arduinobot_msgs/libarduinobot_msgs__rosidl_generator_py.so
[9.670s] -- Installing: /home/jitesh/arduinobot_ws/install/arduinobot_msgs/local/lib/python3.10/dist-packages/arduinobot_msgs/_arduinobot_msgs_s.ep.rosidl_typesupport_fastrtps_c.c
[9.670s] -- Installing: /home/jitesh/arduinobot_ws/install/arduinobot_msgs/local/lib/python3.10/dist-packages/arduinobot_msgs/__init__.py
[9.714s] Listing '/home/jitesh/arduinobot_ws/install/arduinobot_msgs/local/lib/python3.10/dist-packages/arduinobot_msgs'...
[9.714s] Compiling '/home/jitesh/arduinobot_ws/install/arduinobot_msgs/local/lib/python3.10/dist-packages/arduinobot_msgs/__init__.py'...
[9.714s] Listing '/home/jitesh/arduinobot_ws/install/arduinobot_msgs/local/lib/python3.10/dist-packages/arduinobot_msgs/srv'...
[9.714s] Compiling '/home/jitesh/arduinobot_ws/install/arduinobot_msgs/local/lib/python3.10/dist-packages/arduinobot_msgs/srv/__init__.py'...
[9.714s] Compiling '/home/jitesh/arduinobot_ws/install/arduinobot_msgs/local/lib/python3.10/dist-packages/arduinobot_msgs/srv/_add_two_ints.py'...
[9.714s] Compiling '/home/jitesh/arduinobot_ws/install/arduinobot_msgs/local/lib/python3.10/dist-packages/arduinobot_msgs/srv/_euler_to_quaternion.py'...
[9.714s] Compiling '/home/jitesh/arduinobot_ws/install/arduinobot_msgs/local/lib/python3.10/dist-packages/arduinobot_msgs/srv/_quaternion_to_euler.py'...
[9.719s] -- Installing: /home/jitesh/arduinobot_ws/install/arduinobot_msgs/local/lib/python3.10/dist-packages/arduinobot_msgs/arduinobot_msgs_s__rosidl_typesupport_fastrtps_c.cpython-310-x86_64-linux-gnu.so
[9.720s] -- Set runtime path of "/home/jitesh/arduinobot_ws/install/arduinobot_msgs/local/lib/python3.10/dist-packages/arduinobot_msgs/arduinobot_msgs_s__rosidl_typesupport_fastrtps_c.cpython-310-x86_64-linux-gnu.so" to ""
[9.720s] -- Installing: /home/jitesh/arduinobot_ws/install/arduinobot_msgs/local/lib/python3.10/dist-packages/arduinobot_msgs/arduinobot_msgs_s__rosidl_typesupport_introspection_c.cpython-310-x86_64-linux-gnu.so
[9.721s] -- Set runtime path of "/home/jitesh/arduinobot_ws/install/arduinobot_msgs/local/lib/python3.10/dist-packages/arduinobot_msgs/arduinobot_msgs_s__rosidl_typesupport_introspection_c.cpython-310-x86_64-linux-gnu.so" to ""
[9.721s] -- Installing: /home/jitesh/arduinobot_ws/install/arduinobot_msgs/local/lib/python3.10/dist-packages/arduinobot_msgs/arduinobot_msgs_s__rosidl_typesupport_c.cpython-310-x86_64-linux-gnu.so
[9.721s] -- Set runtime path of "/home/jitesh/arduinobot_ws/install/arduinobot_msgs/local/lib/python3.10/dist-packages/arduinobot_msgs/arduinobot_msgs_s__rosidl_typesupport_c.cpython-310-x86_64-linux-gnu.so" to ""
[9.721s] -- Installing: /home/jitesh/arduinobot_ws/install/arduinobot_msgs/lib/libarduinobot_msgs__rosidl_generator_py.so
[9.722s] -- Set runtime path of "/home/jitesh/arduinobot_ws/install/arduinobot_msgs/lib/libarduinobot_msgs__rosidl_generator_py.so" to ""
[9.722s] -- Up-to-date: /home/jitesh/arduinobot_ws/install/arduinobot_msgs/share/arduinobot_msgs/srv/AddTwoInts.idl
[9.722s] -- Installing: /home/jitesh/arduinobot_ws/install/arduinobot_msgs/share/arduinobot_msgs/srv/EulerToQuaternion.idl
[9.722s] -- Installing: /home/jitesh/arduinobot_ws/install/arduinobot_msgs/share/arduinobot_msgs/srv/QuaternionToEuler.idl
[9.723s] -- Up-to-date: /home/jitesh/arduinobot_ws/install/arduinobot_msgs/share/arduinobot_msgs/srv/AddTwoInts.srv
[9.723s] -- Up-to-date: /home/jitesh/arduinobot_ws/install/arduinobot_msgs/share/arduinobot_msgs/srv/AddTwoInts_Request.msg
[9.723s] -- Up-to-date: /home/jitesh/arduinobot_ws/install/arduinobot_msgs/share/arduinobot_msgs/srv/AddTwoInts_Response.msg
[9.723s] -- Installing: /home/jitesh/arduinobot_ws/install/arduinobot_msgs/share/arduinobot_msgs/srv/EulerToQuaternion.srv
[9.723s] -- Installing: /home/jitesh/arduinobot_ws/install/arduinobot_msgs/share/arduinobot_msgs/srv/EulerToQuaternion_Request.msg
[9.723s] -- Installing: /home/jitesh/arduinobot_ws/install/arduinobot_msgs/share/arduinobot_msgs/srv/EulerToQuaternion_Response.msg
[9.723s] -- Installing: /home/jitesh/arduinobot_ws/install/arduinobot_msgs/share/arduinobot_msgs/srv/QuaternionToEuler.srv
[9.724s] -- Installing: /home/jitesh/arduinobot_ws/install/arduinobot_msgs/share/arduinobot_msgs/srv/QuaternionToEuler_Request.msg
[9.724s] -- Installing: /home/jitesh/arduinobot_ws/install/arduinobot_msgs/share/arduinobot_msgs/srv/QuaternionToEuler_Response.msg
[9.724s] -- Up-to-date: /home/jitesh/arduinobot_ws/install/arduinobot_msgs/share/ament_index/resource_index/package_run_dependencies/arduinobot_msgs
[9.724s] -- Up-to-date: /home/jitesh/arduinobot_ws/install/arduinobot_msgs/share/ament_index/resource_index/parent_prefix_path/arduinobot_msgs
[9.725s] -- Up-to-date: /home/jitesh/arduinobot_ws/install/arduinobot_msgs/share/arduinobot_msgs/environment/ament_prefix_path.sh
[9.725s] -- Installing: /home/jitesh/arduinobot_ws/install/arduinobot_msgs/share/arduinobot_msgs/environment/ament_prefix_path.dsv
[9.725s] -- Up-to-date: /home/jitesh/arduinobot_ws/install/arduinobot_msgs/share/arduinobot_msgs/environment/path.sh
[9.726s] -- Installing: /home/jitesh/arduinobot_ws/install/arduinobot_msgs/share/arduinobot_msgs/environment/path.dsv
[9.726s] -- Up-to-date: /home/jitesh/arduinobot_ws/install/arduinobot_msgs/share/arduinobot_msgs/local_setup.bash
[9.726s] -- Up-to-date: /home/jitesh/arduinobot_ws/install/arduinobot_msgs/share/arduinobot_msgs/local_setup.sh
[9.726s] -- Up-to-date: /home/jitesh/arduinobot_ws/install/arduinobot_msgs/share/arduinobot_msgs/local_setup.zsh
[9.727s] -- Installing: /home/jitesh/arduinobot_ws/install/arduinobot_msgs/share/arduinobot_msgs/local_setup.dsv
[9.727s] -- Installing: /home/jitesh/arduinobot_ws/install/arduinobot_msgs/share/arduinobot_msgs/package.dsv
[9.727s] -- Up-to-date: /home/jitesh/arduinobot_ws/install/arduinobot_msgs/share/ament_index/resource_index/packages/arduinobot_msgs
[9.727s] -- Up-to-date: /home/jitesh/arduinobot_ws/install/arduinobot_msgs/share/arduinobot_msgs/cmake/export_arduinobot_msgs__rosidl_generator_cExport.cmake
[9.727s] -- Up-to-date: /home/jitesh/arduinobot_ws/install/arduinobot_msgs/share/arduinobot_msgs/cmake/export_arduinobot_msgs__rosidl_generator_cExport-noconfig.cmake
[9.727s] -- Up-to-date: /home/jitesh/arduinobot_ws/install/arduinobot_msgs/share/arduinobot_msgs/cmake/export_arduinobot_msgs__rosidl_typesupport_fastrtps_cExport.cmake
[9.728s] -- Up-to-date: /home/jitesh/arduinobot_ws/install/arduinobot_msgs/share/arduinobot_msgs/cmake/export_arduinobot_msgs__rosidl_typesupport_fastrtps_cExport-noconfig.cmake
[9.728s] -- Up-to-date: /home/jitesh/arduinobot_ws/install/arduinobot_msgs/share/arduinobot_msgs/cmake/export_arduinobot_msgs__rosidl_generator_cppExport.cmake
[9.728s] -- Up-to-date: /home/jitesh/arduinobot_ws/install/arduinobot_msgs/share/arduinobot_msgs/cmake/export_arduinobot_msgs__rosidl_typesupport_fastrtps_cppExport.cmake
[9.728s] -- Up-to-date: /home/jitesh/arduinobot_ws/install/arduinobot_msgs/share/arduinobot_msgs/cmake/export_arduinobot_msgs__rosidl_typesupport_fastrtps_cppExport-noconfig.cmake
[9.729s] -- Up-to-date: /home/jitesh/arduinobot_ws/install/arduinobot_msgs/share/arduinobot_msgs/cmake/arduinobot_msgs__rosidl_typesupport_introspection_cExport.cmake
[9.730s] -- Up-to-date: /home/jitesh/arduinobot_ws/install/arduinobot_msgs/share/arduinobot_msgs/cmake/arduinobot_msgs__rosidl_typesupport_introspection_cExport-noconfig.cmake
[9.730s] -- Up-to-date: /home/jitesh/arduinobot_ws/install/arduinobot_msgs/share/arduinobot_msgs/cmake/arduinobot_msgs__rosidl_typesupport_cExport.cmake
[9.731s] -- Up-to-date: /home/jitesh/arduinobot_ws/install/arduinobot_msgs/share/arduinobot_msgs/cmake/arduinobot_msgs__rosidl_typesupport_cExport-noconfig.cmake
[9.731s] -- Up-to-date: /home/jitesh/arduinobot_ws/install/arduinobot_msgs/share/arduinobot_msgs/cmake/arduinobot_msgs__rosidl_typesupport_introspection_cppExport.cmake
[9.731s] -- Up-to-date: /home/jitesh/arduinobot_ws/install/arduinobot_msgs/share/arduinobot_msgs/cmake/arduinobot_msgs__rosidl_typesupport_introspection_cppExport-noconfig.cmake
[9.732s] -- Up-to-date: /home/jitesh/arduinobot_ws/install/arduinobot_msgs/share/arduinobot_msgs/cmake/arduinobot_msgs__rosidl_typesupport_cppExport.cmake
[9.732s] -- Up-to-date: /home/jitesh/arduinobot_ws/install/arduinobot_msgs/share/arduinobot_msgs/cmake/arduinobot_msgs__rosidl_typesupport_cppExport-noconfig.cmake
[9.732s] -- Up-to-date: /home/jitesh/arduinobot_ws/install/arduinobot_msgs/share/arduinobot_msgs/cmake/export_arduinobot_msgs__rosidl_generator_pyExport.cmake
[9.733s] -- Up-to-date: /home/jitesh/arduinobot_ws/install/arduinobot_msgs/share/arduinobot_msgs/cmake/export_arduinobot_msgs__rosidl_generator_pyExport-noconfig.cmake
[9.733s] -- Installing: /home/jitesh/arduinobot_ws/install/arduinobot_msgs/share/arduinobot_msgs/cmake/rosidl_cmake-extras.cmake
[9.733s] -- Up-to-date: /home/jitesh/arduinobot_ws/install/arduinobot_msgs/share/arduinobot_msgs/cmake/ament_cmake_export_include_directories-extras.cmake
[9.734s] -- Up-to-date: /home/jitesh/arduinobot_ws/install/arduinobot_msgs/share/arduinobot_msgs/cmake/ament_cmake_export_libraries-extras.cmake
[9.734s] -- Up-to-date: /home/jitesh/arduinobot_ws/install/arduinobot_msgs/share/arduinobot_msgs/cmake/ament_cmake_export_targets-extras.cmake
[9.734s] -- Up-to-date: /home/jitesh/arduinobot_ws/install/arduinobot_msgs/share/arduinobot_msgs/cmake/rosidl_cmake_export_typesupport_targets-extras.cmake
[9.735s] -- Up-to-date: /home/jitesh/arduinobot_ws/install/arduinobot_msgs/share/arduinobot_msgs/cmake/ament_cmake_export_dependencies-extras.cmake
[9.735s] -- Up-to-date: /home/jitesh/arduinobot_ws/install/arduinobot_msgs/share/arduinobot_msgs/cmake/rosidl_cmake_export_typesupport_libraries-extras.cmake
[9.735s] -- Up-to-date: /home/jitesh/arduinobot_ws/install/arduinobot_msgs/share/arduinobot_msgs/cmake/arduinobot_msgsConfig.cmake
[9.736s] -- Up-to-date: /home/jitesh/arduinobot_ws/install/arduinobot_msgs/share/arduinobot_msgs/cmake/arduinobot_msgsConfig-version.cmake
[9.736s] -- Up-to-date: /home/jitesh/arduinobot_ws/install/arduinobot_msgs/share/arduinobot_msgs/package.xml
[9.737s] Invoked command in '/home/jitesh/arduinobot_ws/build/arduinobot_msgs' returned '0': CMAKE_PREFIX_PATH=/home/jitesh/ws_moveit2/install/pilz_industrial_motion_planner_testutils:/home/jitesh/ws_moveit2/install/panda_moveit_config:/home/jitesh/ws_moveit2/install/mrm_moveit_config:/home/jitesh/ws_moveit2/install/moveit_runtime:/home/jitesh/ws_moveit2/install/moveit2_tutorials:/home/jitesh/ws_moveit2/install/moveit:/home/jitesh/ws_moveit2/install/moveit_planners:/home/jitesh/ws_moveit2/install/pilz_industrial_motion_planner:/home/jitesh/ws_moveit2/install/mtc_tutorial:/home/jitesh/ws_moveit2/install/hello_moveit:/home/jitesh/ws_moveit2/install/moveit_visual_tools:/home/jitesh/ws_moveit2/install/moveit_task_constructor_visualization:/home/jitesh/ws_moveit2/install/moveit_task_constructor_demo:/home/jitesh/ws_moveit2/install/moveit_task_constructor_capabilities:/home/jitesh/ws_moveit2/install/moveit_task_constructor_core:/home/jitesh/ws_moveit2/install/moveit_ros_control_interface:/home/jitesh/ws_moveit2/install/moveit_plugins:/home/jitesh/ws_moveit2/install/moveit_simple_controller_manager:/home/jitesh/ws_moveit2/install/moveit_setup_assistant:/home/jitesh/ws_moveit2/install/moveit_setup_srdf_plugins:/home/jitesh/ws_moveit2/install/moveit_setup_core_plugins:/home/jitesh/ws_moveit2/install/moveit_setup_controllers:/home/jitesh/ws_moveit2/install/moveit_setup_app_plugins:/home/jitesh/ws_moveit2/install/moveit_setup_framework:/home/jitesh/ws_moveit2/install/moveit_servo:/home/jitesh/ws_moveit2/install/moveit_ros:/home/jitesh/ws_moveit2/install/moveit_ros_visualization:/home/jitesh/ws_moveit2/install/moveit_hybrid_planning:/home/jitesh/ws_moveit2/install/moveit_ros_planning_interface:/home/jitesh/ws_moveit2/install/moveit_ros_benchmarks:/home/jitesh/ws_moveit2/install/moveit_ros_warehouse:/home/jitesh/ws_moveit2/install/moveit_ros_robot_interaction:/home/jitesh/ws_moveit2/install/moveit_ros_perception:/home/jitesh/ws_moveit2/install/moveit_resources_prbt_pg70_support:/home/jitesh/ws_moveit2/install/moveit_resources_prbt_moveit_config:/home/jitesh/ws_moveit2/install/moveit_ros_move_group:/home/jitesh/ws_moveit2/install/moveit_planners_ompl:/home/jitesh/ws_moveit2/install/moveit_ros_planning:/home/jitesh/ws_moveit2/install/moveit_ros_occupancy_map_monitor:/home/jitesh/ws_moveit2/install/moveit_resources_prbt_ikfast_manipulator_plugin:/home/jitesh/ws_moveit2/install/moveit_planners_chomp:/home/jitesh/ws_moveit2/install/moveit_kinematics:/home/jitesh/ws_moveit2/install/moveit_chomp_optimizer_adapter:/home/jitesh/ws_moveit2/install/chomp_motion_planner:/home/jitesh/ws_moveit2/install/moveit_core:/home/jitesh/ws_moveit2/install/srdfdom:/home/jitesh/ws_moveit2/install/rviz_marker_tools:/home/jitesh/ws_moveit2/install/rosparam_shortcuts:/home/jitesh/ws_moveit2/install/mrm_description:/home/jitesh/ws_moveit2/install/moveit_task_constructor_msgs:/home/jitesh/ws_moveit2/install/moveit_resources_prbt_support:/home/jitesh/ws_moveit2/install/moveit_resources:/home/jitesh/ws_moveit2/install/moveit_resources_pr2_description:/home/jitesh/ws_moveit2/install/moveit_resources_panda_moveit_config:/home/jitesh/ws_moveit2/install/moveit_resources_panda_description:/home/jitesh/ws_moveit2/install/moveit_resources_fanuc_moveit_config:/home/jitesh/ws_moveit2/install/moveit_resources_fanuc_description:/home/jitesh/ws_moveit2/install/moveit_common:/home/jitesh/bookros2_ws/install/urdf_test:/home/jitesh/bookros2_ws/install/tiago_simulation:/home/jitesh/bookros2_ws/install/tiago_robot:/home/jitesh/bookros2_ws/install/tiago_navigation:/home/jitesh/bookros2_ws/install/tiago_gazebo:/home/jitesh/bookros2_ws/install/tiago_moveit_config:/home/jitesh/bookros2_ws/install/tiago_laser_sensors:/home/jitesh/bookros2_ws/install/tiago_bringup:/home/jitesh/bookros2_ws/install/tiago_description:/home/jitesh/bookros2_ws/install/tiago_controller_configuration:/home/jitesh/bookros2_ws/install/tiago_2dnav:/home/jitesh/bookros2_ws/install/pmb2_robot:/home/jitesh/bookros2_ws/install/pmb2_navigation:/home/jitesh/bookros2_ws/install/pmb2_2dnav:/home/jitesh/bookros2_ws/install/pmb2_maps:/home/jitesh/bookros2_ws/install/pmb2_laser_sensors:/home/jitesh/bookros2_ws/install/pmb2_bringup:/home/jitesh/bookros2_ws/install/pmb2_description:/home/jitesh/bookros2_ws/install/pmb2_controller_configuration:/home/jitesh/bookros2_ws/install/pal_gripper:/home/jitesh/bookros2_ws/install/pal_gripper_description:/home/jitesh/bookros2_ws/install/pal_gripper_controller_configuration:/home/jitesh/bookros2_ws/install/pal_gazebo_worlds:/home/jitesh/bookros2_ws/install/hey5_description:/home/jitesh/bookros2_ws/install/groot:/home/jitesh/bookros2_ws/install/br2_vff_avoidance:/home/jitesh/bookros2_ws/install/br2_tracking:/home/jitesh/bookros2_ws/install/br2_tracking_msgs:/home/jitesh/bookros2_ws/install/br2_tiago:/home/jitesh/bookros2_ws/install/br2_tf2_detector:/home/jitesh/bookros2_ws/install/br2_navigation:/home/jitesh/bookros2_ws/install/br2_fsm_bumpgo_cpp:/home/jitesh/bookros2_ws/install/br2_bt_patrolling:/home/jitesh/bookros2_ws/install/br2_bt_bumpgo:/home/jitesh/bookros2_ws/install/br2_basics:/home/jitesh/roboarm_ws/install/mrm_description:/home/jitesh/ws_moveit2/install/moveit_configs_utils:/home/jitesh/ws_moveit2/install/launch_param_builder:/home/jitesh/bookros2_ws/install/launch_pal:/home/jitesh/bookros2_ws/install/br2_fsm_bumpgo_py:/home/jitesh/roboarm_ws/install/my_robot_arm:/home/jitesh/ros2_ws/install/py_srvcli:/home/jitesh/ros2_ws/install/py_pubsub:/opt/ros/humble:/home/jitesh/ros2_ws/install/urdf_tutorial:/home/jitesh/ros2_ws/install/tutorial_interfaces:/home/jitesh/ros2_ws/install/turtlesim:/home/jitesh/ros2_ws/install/polygon_plugins:/home/jitesh/ros2_ws/install/polygon_base:/home/jitesh/ros2_ws/install/my_package:/home/jitesh/ros2_ws/install/more_interfaces:/home/jitesh/ros2_ws/install/dolly:/home/jitesh/ros2_ws/install/dolly_tests:/home/jitesh/ros2_ws/install/dolly_ignition:/home/jitesh/ros2_ws/install/dolly_gazebo:/home/jitesh/ros2_ws/install/dolly_follow:/home/jitesh/ros2_ws/install/cpp_pubsub:/home/jitesh/ros2_ws/install/cpp_parameter:/home/jitesh/ros2_ws/install/action_tutorials_cpp:/home/jitesh/ros2_ws/install/action_tutorials_interfaces /usr/bin/cmake --install /home/jitesh/arduinobot_ws/build/arduinobot_msgs
