[0.283s] Invoking command in '/home/jitesh/arduinobot_ws/build/arduinobot_description': CMAKE_PREFIX_PATH=${CMAKE_PREFIX_PATH}:/home/jitesh/ws_moveit2/install/moveit_configs_utils:/home/jitesh/ws_moveit2/install/launch_param_builder:/home/jitesh/bookros2_ws/install/launch_pal:/home/jitesh/bookros2_ws/install/br2_fsm_bumpgo_py:/home/jitesh/roboarm_ws/install/my_robot_arm:/home/jitesh/ros2_ws/install/urdf_tutorial:/home/jitesh/ros2_ws/install/py_srvcli:/home/jitesh/ros2_ws/install/py_pubsub:/home/jitesh/ros2_ws/install/my_robot_controller:/home/jitesh/ros2_ws/install/cpp_pubsub:/opt/ros/humble /usr/bin/cmake --build /home/jitesh/arduinobot_ws/build/arduinobot_description -- -j12 -l12
[0.335s] -- Found ament_cmake: 1.3.6 (/opt/ros/humble/share/ament_cmake/cmake)
[0.581s] -- Found ament_lint_auto: 0.12.9 (/opt/ros/humble/share/ament_lint_auto/cmake)
[0.679s] -- Added test 'flake8' to check Python code syntax and style conventions
[0.680s] -- Added test 'lint_cmake' to check CMake code style
[0.680s] -- Added test 'pep257' to check Python code against some of the docstring style conventions in PEP 257
[0.683s] -- Added test 'xmllint' to check XML markup files
[0.705s] -- Configuring done
[0.710s] -- Generating done
[0.719s] -- Build files have been written to: /home/jitesh/arduinobot_ws/build/arduinobot_description
[0.781s] Invoked command in '/home/jitesh/arduinobot_ws/build/arduinobot_description' returned '0': CMAKE_PREFIX_PATH=${CMAKE_PREFIX_PATH}:/home/jitesh/ws_moveit2/install/moveit_configs_utils:/home/jitesh/ws_moveit2/install/launch_param_builder:/home/jitesh/bookros2_ws/install/launch_pal:/home/jitesh/bookros2_ws/install/br2_fsm_bumpgo_py:/home/jitesh/roboarm_ws/install/my_robot_arm:/home/jitesh/ros2_ws/install/urdf_tutorial:/home/jitesh/ros2_ws/install/py_srvcli:/home/jitesh/ros2_ws/install/py_pubsub:/home/jitesh/ros2_ws/install/my_robot_controller:/home/jitesh/ros2_ws/install/cpp_pubsub:/opt/ros/humble /usr/bin/cmake --build /home/jitesh/arduinobot_ws/build/arduinobot_description -- -j12 -l12
[0.863s] Invoking command in '/home/jitesh/arduinobot_ws/build/arduinobot_description': CMAKE_PREFIX_PATH=${CMAKE_PREFIX_PATH}:/home/jitesh/ws_moveit2/install/moveit_configs_utils:/home/jitesh/ws_moveit2/install/launch_param_builder:/home/jitesh/bookros2_ws/install/launch_pal:/home/jitesh/bookros2_ws/install/br2_fsm_bumpgo_py:/home/jitesh/roboarm_ws/install/my_robot_arm:/home/jitesh/ros2_ws/install/urdf_tutorial:/home/jitesh/ros2_ws/install/py_srvcli:/home/jitesh/ros2_ws/install/py_pubsub:/home/jitesh/ros2_ws/install/my_robot_controller:/home/jitesh/ros2_ws/install/cpp_pubsub:/opt/ros/humble /usr/bin/cmake --install /home/jitesh/arduinobot_ws/build/arduinobot_description
[0.881s] -- Install configuration: ""
[0.881s] -- Up-to-date: /home/jitesh/arduinobot_ws/install/arduinobot_description/share/arduinobot_description/meshes
[0.881s] -- Up-to-date: /home/jitesh/arduinobot_ws/install/arduinobot_description/share/arduinobot_description/meshes/plate.STL
[0.882s] -- Up-to-date: /home/jitesh/arduinobot_ws/install/arduinobot_description/share/arduinobot_description/meshes/forward_drive_arm.STL
[0.882s] -- Up-to-date: /home/jitesh/arduinobot_ws/install/arduinobot_description/share/arduinobot_description/meshes/link.STL
[0.882s] -- Up-to-date: /home/jitesh/arduinobot_ws/install/arduinobot_description/share/arduinobot_description/meshes/left_finger.STL
[0.882s] -- Up-to-date: /home/jitesh/arduinobot_ws/install/arduinobot_description/share/arduinobot_description/meshes/triangular_link.STL
[0.882s] -- Up-to-date: /home/jitesh/arduinobot_ws/install/arduinobot_description/share/arduinobot_description/meshes/base_plate.STL
[0.882s] -- Up-to-date: /home/jitesh/arduinobot_ws/install/arduinobot_description/share/arduinobot_description/meshes/horizontal_arm.STL
[0.882s] -- Up-to-date: /home/jitesh/arduinobot_ws/install/arduinobot_description/share/arduinobot_description/meshes/basement.STL
[0.882s] -- Up-to-date: /home/jitesh/arduinobot_ws/install/arduinobot_description/share/arduinobot_description/meshes/round_plate.STL
[0.883s] -- Up-to-date: /home/jitesh/arduinobot_ws/install/arduinobot_description/share/arduinobot_description/meshes/claw_support.STL
[0.883s] -- Up-to-date: /home/jitesh/arduinobot_ws/install/arduinobot_description/share/arduinobot_description/meshes/right_finger.STL
[0.883s] -- Up-to-date: /home/jitesh/arduinobot_ws/install/arduinobot_description/share/arduinobot_description/meshes/vertical_drive_arm.STL
[0.884s] -- Up-to-date: /home/jitesh/arduinobot_ws/install/arduinobot_description/share/arduinobot_description/meshes/servo_plate.STL
[0.884s] -- Up-to-date: /home/jitesh/arduinobot_ws/install/arduinobot_description/share/arduinobot_description/urdf
[0.884s] -- Up-to-date: /home/jitesh/arduinobot_ws/install/arduinobot_description/share/arduinobot_description/urdf/arduinobot.urdf.xacro
[0.885s] -- Up-to-date: /home/jitesh/arduinobot_ws/install/arduinobot_description/share/arduinobot_description/urdf/arduinobot_ros2_control.xacro
[0.885s] -- Up-to-date: /home/jitesh/arduinobot_ws/install/arduinobot_description/share/arduinobot_description/urdf/arduinobot_gazebo.xacro
[0.885s] -- Up-to-date: /home/jitesh/arduinobot_ws/install/arduinobot_description/share/arduinobot_description/launch
[0.886s] -- Up-to-date: /home/jitesh/arduinobot_ws/install/arduinobot_description/share/arduinobot_description/launch/display.launch.py
[0.886s] -- Up-to-date: /home/jitesh/arduinobot_ws/install/arduinobot_description/share/arduinobot_description/launch/gazebo.launch.py
[0.886s] -- Up-to-date: /home/jitesh/arduinobot_ws/install/arduinobot_description/share/arduinobot_description/rviz
[0.887s] -- Up-to-date: /home/jitesh/arduinobot_ws/install/arduinobot_description/share/arduinobot_description/rviz/display.rviz
[0.887s] -- Up-to-date: /home/jitesh/arduinobot_ws/install/arduinobot_description/share/ament_index/resource_index/package_run_dependencies/arduinobot_description
[0.887s] -- Installing: /home/jitesh/arduinobot_ws/install/arduinobot_description/share/ament_index/resource_index/parent_prefix_path/arduinobot_description
[0.888s] -- Installing: /home/jitesh/arduinobot_ws/install/arduinobot_description/share/arduinobot_description/environment/ament_prefix_path.sh
[0.888s] -- Installing: /home/jitesh/arduinobot_ws/install/arduinobot_description/share/arduinobot_description/environment/ament_prefix_path.dsv
[0.889s] -- Installing: /home/jitesh/arduinobot_ws/install/arduinobot_description/share/arduinobot_description/environment/path.sh
[0.889s] -- Installing: /home/jitesh/arduinobot_ws/install/arduinobot_description/share/arduinobot_description/environment/path.dsv
[0.889s] -- Up-to-date: /home/jitesh/arduinobot_ws/install/arduinobot_description/share/arduinobot_description/local_setup.bash
[0.890s] -- Up-to-date: /home/jitesh/arduinobot_ws/install/arduinobot_description/share/arduinobot_description/local_setup.sh
[0.890s] -- Up-to-date: /home/jitesh/arduinobot_ws/install/arduinobot_description/share/arduinobot_description/local_setup.zsh
[0.890s] -- Installing: /home/jitesh/arduinobot_ws/install/arduinobot_description/share/arduinobot_description/local_setup.dsv
[0.890s] -- Installing: /home/jitesh/arduinobot_ws/install/arduinobot_description/share/arduinobot_description/package.dsv
[0.891s] -- Up-to-date: /home/jitesh/arduinobot_ws/install/arduinobot_description/share/ament_index/resource_index/packages/arduinobot_description
[0.891s] -- Up-to-date: /home/jitesh/arduinobot_ws/install/arduinobot_description/share/arduinobot_description/cmake/arduinobot_descriptionConfig.cmake
[0.891s] -- Up-to-date: /home/jitesh/arduinobot_ws/install/arduinobot_description/share/arduinobot_description/cmake/arduinobot_descriptionConfig-version.cmake
[0.891s] -- Up-to-date: /home/jitesh/arduinobot_ws/install/arduinobot_description/share/arduinobot_description/package.xml
[0.976s] Invoked command in '/home/jitesh/arduinobot_ws/build/arduinobot_description' returned '0': CMAKE_PREFIX_PATH=${CMAKE_PREFIX_PATH}:/home/jitesh/ws_moveit2/install/moveit_configs_utils:/home/jitesh/ws_moveit2/install/launch_param_builder:/home/jitesh/bookros2_ws/install/launch_pal:/home/jitesh/bookros2_ws/install/br2_fsm_bumpgo_py:/home/jitesh/roboarm_ws/install/my_robot_arm:/home/jitesh/ros2_ws/install/urdf_tutorial:/home/jitesh/ros2_ws/install/py_srvcli:/home/jitesh/ros2_ws/install/py_pubsub:/home/jitesh/ros2_ws/install/my_robot_controller:/home/jitesh/ros2_ws/install/cpp_pubsub:/opt/ros/humble /usr/bin/cmake --install /home/jitesh/arduinobot_ws/build/arduinobot_description
