[35m[1mConsolidate compiler generated dependencies of target simple_serial_transmitter[0m
[ 50%] [32mBuilding CXX object CMakeFiles/simple_serial_transmitter.dir/src/simple_serial_transmitter.cpp.o[0m
[ 50%] Built target ament_cmake_python_copy_arduinobot_firmware
running egg_info
writing arduinobot_firmware.egg-info/PKG-INFO
writing dependency_links to arduinobot_firmware.egg-info/dependency_links.txt
writing top-level names to arduinobot_firmware.egg-info/top_level.txt
reading manifest file 'arduinobot_firmware.egg-info/SOURCES.txt'
writing manifest file 'arduinobot_firmware.egg-info/SOURCES.txt'
[ 50%] Built target ament_cmake_python_build_arduinobot_firmware_egg
[01m[K/home/jitesh/arduinobot_ws/src/arduinobot_firmware/src/simple_serial_transmitter.cpp:37:2:[m[K [01;31m[Kerror: [m[Kexpected ‘[01m[K;[m[K’ after class definition
   37 | }
      |  [01;31m[K^[m[K
      |  [32m[K;[m[K
[01m[K/home/jitesh/arduinobot_ws/src/arduinobot_firmware/src/simple_serial_transmitter.cpp:[m[K In constructor ‘[01m[KSimpleSerialTransmitter::SimpleSerialTransmitter()[m[K’:
[01m[K/home/jitesh/arduinobot_ws/src/arduinobot_firmware/src/simple_serial_transmitter.cpp:16:20:[m[K [01;31m[Kerror: [m[K‘[01m[Kcreat_subscription[m[K’ was not declared in this scope; did you mean ‘[01m[Kcreate_subscription[m[K’?
   16 |             sub_ = [01;31m[Kcreat_subscription[m[K<std_msgs::msg::String>("serial_transmitter",10 ,std::bind(&SimpleSerialTransmitter::msgCallback, this, _1))
      |                    [01;31m[K^~~~~~~~~~~~~~~~~~[m[K
      |                    [32m[Kcreate_subscription[m[K
[01m[K/home/jitesh/arduinobot_ws/src/arduinobot_firmware/src/simple_serial_transmitter.cpp:16:60:[m[K [01;31m[Kerror: [m[Kexpected primary-expression before ‘[01m[K>[m[K’ token
   16 |             sub_ = creat_subscription<std_msgs::msg::String[01;31m[K>[m[K("serial_transmitter",10 ,std::bind(&SimpleSerialTransmitter::msgCallback, this, _1))
      |                                                            [01;31m[K^[m[K
[01m[K/home/jitesh/arduinobot_ws/src/arduinobot_firmware/src/simple_serial_transmitter.cpp:16:62:[m[K [01;35m[Kwarning: [m[Kleft operand of comma operator has no effect [[01;35m[K]8;;https://gcc.gnu.org/onlinedocs/gcc/Warning-Options.html#index-Wunused-value-Wunused-value]8;;[m[K]
   16 |             sub_ = creat_subscription<std_msgs::msg::String>([01;35m[K"serial_transmitter"[m[K,10 ,std::bind(&SimpleSerialTransmitter::msgCallback, this, _1))
      |                                                              [01;35m[K^~~~~~~~~~~~~~~~~~~~[m[K
[01m[K/home/jitesh/arduinobot_ws/src/arduinobot_firmware/src/simple_serial_transmitter.cpp:16:144:[m[K [01;35m[Kwarning: [m[Kright operand of comma operator has no effect [[01;35m[K]8;;https://gcc.gnu.org/onlinedocs/gcc/Warning-Options.html#index-Wunused-value-Wunused-value]8;;[m[K]
   16 |             sub_ = creat_subscription<std_msgs::msg::String>("serial_transmitter",10 ,std::bind(&SimpleSerialTransmitter::msgCallback, this, _1[01;35m[K)[m[K)
      |                                                                                                                                                [01;35m[K^[m[K
gmake[2]: *** [CMakeFiles/simple_serial_transmitter.dir/build.make:76: CMakeFiles/simple_serial_transmitter.dir/src/simple_serial_transmitter.cpp.o] Error 1
gmake[1]: *** [CMakeFiles/Makefile2:192: CMakeFiles/simple_serial_transmitter.dir/all] Error 2
gmake: *** [Makefile:146: all] Error 2
