[1.011s] Invoking command in '/home/jitesh/arduinobot_ws/src/arduinobot_py_examples': PYTHONPATH=/home/jitesh/arduinobot_ws/build/arduinobot_py_examples/prefix_override:/home/jitesh/arduinobot_ws/install/arduinobot_py_examples/lib/python3.10/site-packages:${PYTHONPATH} /usr/bin/python3 setup.py egg_info --egg-base ../../build/arduinobot_py_examples build --build-base /home/jitesh/arduinobot_ws/build/arduinobot_py_examples/build install --record /home/jitesh/arduinobot_ws/build/arduinobot_py_examples/install.log --single-version-externally-managed
[1.265s] running egg_info
[1.266s] writing ../../build/arduinobot_py_examples/arduinobot_py_examples.egg-info/PKG-INFO
[1.266s] writing dependency_links to ../../build/arduinobot_py_examples/arduinobot_py_examples.egg-info/dependency_links.txt
[1.266s] writing entry points to ../../build/arduinobot_py_examples/arduinobot_py_examples.egg-info/entry_points.txt
[1.266s] writing requirements to ../../build/arduinobot_py_examples/arduinobot_py_examples.egg-info/requires.txt
[1.266s] writing top-level names to ../../build/arduinobot_py_examples/arduinobot_py_examples.egg-info/top_level.txt
[1.269s] reading manifest file '../../build/arduinobot_py_examples/arduinobot_py_examples.egg-info/SOURCES.txt'
[1.270s] writing manifest file '../../build/arduinobot_py_examples/arduinobot_py_examples.egg-info/SOURCES.txt'
[1.270s] running build
[1.270s] running build_py
[1.270s] copying arduinobot_py_examples/simple_parameter.py -> /home/jitesh/arduinobot_ws/build/arduinobot_py_examples/build/lib/arduinobot_py_examples
[1.270s] running install
[1.271s] running install_lib
[1.271s] copying /home/jitesh/arduinobot_ws/build/arduinobot_py_examples/build/lib/arduinobot_py_examples/simple_parameter.py -> /home/jitesh/arduinobot_ws/install/arduinobot_py_examples/lib/python3.10/site-packages/arduinobot_py_examples
[1.272s] byte-compiling /home/jitesh/arduinobot_ws/install/arduinobot_py_examples/lib/python3.10/site-packages/arduinobot_py_examples/simple_parameter.py to simple_parameter.cpython-310.pyc
[1.273s] running install_data
[1.274s] running install_egg_info
[1.276s] removing '/home/jitesh/arduinobot_ws/install/arduinobot_py_examples/lib/python3.10/site-packages/arduinobot_py_examples-0.0.0-py3.10.egg-info' (and everything under it)
[1.276s] Copying ../../build/arduinobot_py_examples/arduinobot_py_examples.egg-info to /home/jitesh/arduinobot_ws/install/arduinobot_py_examples/lib/python3.10/site-packages/arduinobot_py_examples-0.0.0-py3.10.egg-info
[1.277s] running install_scripts
[1.296s] Installing simple_parameter script to /home/jitesh/arduinobot_ws/install/arduinobot_py_examples/lib/arduinobot_py_examples
[1.297s] Installing simple_publisher script to /home/jitesh/arduinobot_ws/install/arduinobot_py_examples/lib/arduinobot_py_examples
[1.297s] Installing simple_subscriber script to /home/jitesh/arduinobot_ws/install/arduinobot_py_examples/lib/arduinobot_py_examples
[1.297s] writing list of installed files to '/home/jitesh/arduinobot_ws/build/arduinobot_py_examples/install.log'
[1.338s] Invoked command in '/home/jitesh/arduinobot_ws/src/arduinobot_py_examples' returned '0': PYTHONPATH=/home/jitesh/arduinobot_ws/build/arduinobot_py_examples/prefix_override:/home/jitesh/arduinobot_ws/install/arduinobot_py_examples/lib/python3.10/site-packages:${PYTHONPATH} /usr/bin/python3 setup.py egg_info --egg-base ../../build/arduinobot_py_examples build --build-base /home/jitesh/arduinobot_ws/build/arduinobot_py_examples/build install --record /home/jitesh/arduinobot_ws/build/arduinobot_py_examples/install.log --single-version-externally-managed
