[2.124s] Invoking command in '/home/jitesh/arduinobot_ws/build/arduinobot_msgs': CMAKE_PREFIX_PATH=/home/jitesh/arduinobot_ws/install/arduinobot_utils:/home/jitesh/arduinobot_ws/install/arduinobot_msgs:/home/jitesh/arduinobot_ws/install/arduinobot_moveit:/home/jitesh/arduinobot_ws/install/arduinobot_description:/home/jitesh/arduinobot_ws/install/arduinobot_cpp_examples:/home/jitesh/arduinobot_ws/install/arduinobot_controller:/home/jitesh/ws_moveit2/install/pilz_industrial_motion_planner_testutils:/home/jitesh/ws_moveit2/install/panda_moveit_config:/home/jitesh/ws_moveit2/install/mrm_moveit_config:/home/jitesh/ws_moveit2/install/moveit_runtime:/home/jitesh/ws_moveit2/install/moveit2_tutorials:/home/jitesh/ws_moveit2/install/moveit:/home/jitesh/ws_moveit2/install/moveit_planners:/home/jitesh/ws_moveit2/install/pilz_industrial_motion_planner:/home/jitesh/ws_moveit2/install/mtc_tutorial:/home/jitesh/ws_moveit2/install/hello_moveit:/home/jitesh/ws_moveit2/install/moveit_visual_tools:/home/jitesh/ws_moveit2/install/moveit_task_constructor_visualization:/home/jitesh/ws_moveit2/install/moveit_task_constructor_demo:/home/jitesh/ws_moveit2/install/moveit_task_constructor_capabilities:/home/jitesh/ws_moveit2/install/moveit_task_constructor_core:/home/jitesh/ws_moveit2/install/moveit_ros_control_interface:/home/jitesh/ws_moveit2/install/moveit_plugins:/home/jitesh/ws_moveit2/install/moveit_simple_controller_manager:/home/jitesh/ws_moveit2/install/moveit_setup_assistant:/home/jitesh/ws_moveit2/install/moveit_setup_srdf_plugins:/home/jitesh/ws_moveit2/install/moveit_setup_core_plugins:/home/jitesh/ws_moveit2/install/moveit_setup_controllers:/home/jitesh/ws_moveit2/install/moveit_setup_app_plugins:/home/jitesh/ws_moveit2/install/moveit_setup_framework:/home/jitesh/ws_moveit2/install/moveit_servo:/home/jitesh/ws_moveit2/install/moveit_ros:/home/jitesh/ws_moveit2/install/moveit_ros_visualization:/home/jitesh/ws_moveit2/install/moveit_hybrid_planning:/home/jitesh/ws_moveit2/install/moveit_ros_planning_interface:/home/jitesh/ws_moveit2/install/moveit_ros_benchmarks:/home/jitesh/ws_moveit2/install/moveit_ros_warehouse:/home/jitesh/ws_moveit2/install/moveit_ros_robot_interaction:/home/jitesh/ws_moveit2/install/moveit_ros_perception:/home/jitesh/ws_moveit2/install/moveit_resources_prbt_pg70_support:/home/jitesh/ws_moveit2/install/moveit_resources_prbt_moveit_config:/home/jitesh/ws_moveit2/install/moveit_ros_move_group:/home/jitesh/ws_moveit2/install/moveit_planners_ompl:/home/jitesh/ws_moveit2/install/moveit_ros_planning:/home/jitesh/ws_moveit2/install/moveit_ros_occupancy_map_monitor:/home/jitesh/ws_moveit2/install/moveit_resources_prbt_ikfast_manipulator_plugin:/home/jitesh/ws_moveit2/install/moveit_planners_chomp:/home/jitesh/ws_moveit2/install/moveit_kinematics:/home/jitesh/ws_moveit2/install/moveit_chomp_optimizer_adapter:/home/jitesh/ws_moveit2/install/chomp_motion_planner:/home/jitesh/ws_moveit2/install/moveit_core:/home/jitesh/ws_moveit2/install/srdfdom:/home/jitesh/ws_moveit2/install/rviz_marker_tools:/home/jitesh/ws_moveit2/install/rosparam_shortcuts:/home/jitesh/ws_moveit2/install/mrm_description:/home/jitesh/ws_moveit2/install/moveit_task_constructor_msgs:/home/jitesh/ws_moveit2/install/moveit_resources_prbt_support:/home/jitesh/ws_moveit2/install/moveit_resources:/home/jitesh/ws_moveit2/install/moveit_resources_pr2_description:/home/jitesh/ws_moveit2/install/moveit_resources_panda_moveit_config:/home/jitesh/ws_moveit2/install/moveit_resources_panda_description:/home/jitesh/ws_moveit2/install/moveit_resources_fanuc_moveit_config:/home/jitesh/ws_moveit2/install/moveit_resources_fanuc_description:/home/jitesh/ws_moveit2/install/moveit_common:/home/jitesh/bookros2_ws/install/urdf_test:/home/jitesh/bookros2_ws/install/tiago_simulation:/home/jitesh/bookros2_ws/install/tiago_robot:/home/jitesh/bookros2_ws/install/tiago_navigation:/home/jitesh/bookros2_ws/install/tiago_gazebo:/home/jitesh/bookros2_ws/install/tiago_moveit_config:/home/jitesh/bookros2_ws/install/tiago_laser_sensors:/home/jitesh/bookros2_ws/install/tiago_bringup:/home/jitesh/bookros2_ws/install/tiago_description:/home/jitesh/bookros2_ws/install/tiago_controller_configuration:/home/jitesh/bookros2_ws/install/tiago_2dnav:/home/jitesh/bookros2_ws/install/pmb2_robot:/home/jitesh/bookros2_ws/install/pmb2_navigation:/home/jitesh/bookros2_ws/install/pmb2_2dnav:/home/jitesh/bookros2_ws/install/pmb2_maps:/home/jitesh/bookros2_ws/install/pmb2_laser_sensors:/home/jitesh/bookros2_ws/install/pmb2_bringup:/home/jitesh/bookros2_ws/install/pmb2_description:/home/jitesh/bookros2_ws/install/pmb2_controller_configuration:/home/jitesh/bookros2_ws/install/pal_gripper:/home/jitesh/bookros2_ws/install/pal_gripper_description:/home/jitesh/bookros2_ws/install/pal_gripper_controller_configuration:/home/jitesh/bookros2_ws/install/pal_gazebo_worlds:/home/jitesh/bookros2_ws/install/hey5_description:/home/jitesh/bookros2_ws/install/groot:/home/jitesh/bookros2_ws/install/br2_vff_avoidance:/home/jitesh/bookros2_ws/install/br2_tracking:/home/jitesh/bookros2_ws/install/br2_tracking_msgs:/home/jitesh/bookros2_ws/install/br2_tiago:/home/jitesh/bookros2_ws/install/br2_tf2_detector:/home/jitesh/bookros2_ws/install/br2_navigation:/home/jitesh/bookros2_ws/install/br2_fsm_bumpgo_cpp:/home/jitesh/bookros2_ws/install/br2_bt_patrolling:/home/jitesh/bookros2_ws/install/br2_bt_bumpgo:/home/jitesh/bookros2_ws/install/br2_basics:/home/jitesh/roboarm_ws/install/mrm_description:/home/jitesh/arduinobot_ws/install/arduinobot_py_examples:/home/jitesh/ws_moveit2/install/moveit_configs_utils:/home/jitesh/ws_moveit2/install/launch_param_builder:/home/jitesh/bookros2_ws/install/launch_pal:/home/jitesh/bookros2_ws/install/br2_fsm_bumpgo_py:/home/jitesh/roboarm_ws/install/my_robot_arm:/home/jitesh/ros2_ws/install/py_srvcli:/home/jitesh/ros2_ws/install/py_pubsub:/opt/ros/humble:/home/jitesh/ros2_ws/install/urdf_tutorial:/home/jitesh/ros2_ws/install/tutorial_interfaces:/home/jitesh/ros2_ws/install/turtlesim:/home/jitesh/ros2_ws/install/polygon_plugins:/home/jitesh/ros2_ws/install/polygon_base:/home/jitesh/ros2_ws/install/my_package:/home/jitesh/ros2_ws/install/more_interfaces:/home/jitesh/ros2_ws/install/dolly:/home/jitesh/ros2_ws/install/dolly_tests:/home/jitesh/ros2_ws/install/dolly_ignition:/home/jitesh/ros2_ws/install/dolly_gazebo:/home/jitesh/ros2_ws/install/dolly_follow:/home/jitesh/ros2_ws/install/cpp_pubsub:/home/jitesh/ros2_ws/install/cpp_parameter:/home/jitesh/ros2_ws/install/action_tutorials_cpp:/home/jitesh/ros2_ws/install/action_tutorials_interfaces /usr/bin/cmake --build /home/jitesh/arduinobot_ws/build/arduinobot_msgs -- -j12 -l12
[2.658s] [  2%] Built target arduinobot_msgs__cpp
[2.660s] [ 12%] Built target arduinobot_msgs__rosidl_generator_c
[2.860s] [ 12%] Built target ament_cmake_python_copy_arduinobot_msgs
[3.028s] [ 23%] Built target arduinobot_msgs__rosidl_typesupport_cpp
[3.040s] [ 34%] Built target arduinobot_msgs__rosidl_typesupport_fastrtps_c
[3.063s] [ 44%] Built target arduinobot_msgs__rosidl_typesupport_fastrtps_cpp
[3.125s] [ 55%] Built target arduinobot_msgs__rosidl_typesupport_introspection_cpp
[3.128s] [ 68%] Built target arduinobot_msgs__rosidl_typesupport_introspection_c
[3.129s] [ 76%] Built target arduinobot_msgs__rosidl_typesupport_c
[3.351s] [ 76%] Built target arduinobot_msgs
[3.475s] [ 78%] Built target arduinobot_msgs__py
[3.683s] [ 87%] Built target arduinobot_msgs__rosidl_generator_py
[3.932s] [ 95%] Built target arduinobot_msgs__rosidl_typesupport_introspection_c__pyext
[3.933s] [ 95%] Built target arduinobot_msgs__rosidl_typesupport_fastrtps_c__pyext
[3.940s] [100%] Built target arduinobot_msgs__rosidl_typesupport_c__pyext
[4.188s] running egg_info
[4.189s] writing arduinobot_msgs.egg-info/PKG-INFO
[4.189s] writing dependency_links to arduinobot_msgs.egg-info/dependency_links.txt
[4.189s] writing top-level names to arduinobot_msgs.egg-info/top_level.txt
[4.230s] reading manifest file 'arduinobot_msgs.egg-info/SOURCES.txt'
[4.241s] writing manifest file 'arduinobot_msgs.egg-info/SOURCES.txt'
[4.440s] [100%] Built target ament_cmake_python_build_arduinobot_msgs_egg
[5.263s] Invoked command in '/home/jitesh/arduinobot_ws/build/arduinobot_msgs' returned '0': CMAKE_PREFIX_PATH=/home/jitesh/arduinobot_ws/install/arduinobot_utils:/home/jitesh/arduinobot_ws/install/arduinobot_msgs:/home/jitesh/arduinobot_ws/install/arduinobot_moveit:/home/jitesh/arduinobot_ws/install/arduinobot_description:/home/jitesh/arduinobot_ws/install/arduinobot_cpp_examples:/home/jitesh/arduinobot_ws/install/arduinobot_controller:/home/jitesh/ws_moveit2/install/pilz_industrial_motion_planner_testutils:/home/jitesh/ws_moveit2/install/panda_moveit_config:/home/jitesh/ws_moveit2/install/mrm_moveit_config:/home/jitesh/ws_moveit2/install/moveit_runtime:/home/jitesh/ws_moveit2/install/moveit2_tutorials:/home/jitesh/ws_moveit2/install/moveit:/home/jitesh/ws_moveit2/install/moveit_planners:/home/jitesh/ws_moveit2/install/pilz_industrial_motion_planner:/home/jitesh/ws_moveit2/install/mtc_tutorial:/home/jitesh/ws_moveit2/install/hello_moveit:/home/jitesh/ws_moveit2/install/moveit_visual_tools:/home/jitesh/ws_moveit2/install/moveit_task_constructor_visualization:/home/jitesh/ws_moveit2/install/moveit_task_constructor_demo:/home/jitesh/ws_moveit2/install/moveit_task_constructor_capabilities:/home/jitesh/ws_moveit2/install/moveit_task_constructor_core:/home/jitesh/ws_moveit2/install/moveit_ros_control_interface:/home/jitesh/ws_moveit2/install/moveit_plugins:/home/jitesh/ws_moveit2/install/moveit_simple_controller_manager:/home/jitesh/ws_moveit2/install/moveit_setup_assistant:/home/jitesh/ws_moveit2/install/moveit_setup_srdf_plugins:/home/jitesh/ws_moveit2/install/moveit_setup_core_plugins:/home/jitesh/ws_moveit2/install/moveit_setup_controllers:/home/jitesh/ws_moveit2/install/moveit_setup_app_plugins:/home/jitesh/ws_moveit2/install/moveit_setup_framework:/home/jitesh/ws_moveit2/install/moveit_servo:/home/jitesh/ws_moveit2/install/moveit_ros:/home/jitesh/ws_moveit2/install/moveit_ros_visualization:/home/jitesh/ws_moveit2/install/moveit_hybrid_planning:/home/jitesh/ws_moveit2/install/moveit_ros_planning_interface:/home/jitesh/ws_moveit2/install/moveit_ros_benchmarks:/home/jitesh/ws_moveit2/install/moveit_ros_warehouse:/home/jitesh/ws_moveit2/install/moveit_ros_robot_interaction:/home/jitesh/ws_moveit2/install/moveit_ros_perception:/home/jitesh/ws_moveit2/install/moveit_resources_prbt_pg70_support:/home/jitesh/ws_moveit2/install/moveit_resources_prbt_moveit_config:/home/jitesh/ws_moveit2/install/moveit_ros_move_group:/home/jitesh/ws_moveit2/install/moveit_planners_ompl:/home/jitesh/ws_moveit2/install/moveit_ros_planning:/home/jitesh/ws_moveit2/install/moveit_ros_occupancy_map_monitor:/home/jitesh/ws_moveit2/install/moveit_resources_prbt_ikfast_manipulator_plugin:/home/jitesh/ws_moveit2/install/moveit_planners_chomp:/home/jitesh/ws_moveit2/install/moveit_kinematics:/home/jitesh/ws_moveit2/install/moveit_chomp_optimizer_adapter:/home/jitesh/ws_moveit2/install/chomp_motion_planner:/home/jitesh/ws_moveit2/install/moveit_core:/home/jitesh/ws_moveit2/install/srdfdom:/home/jitesh/ws_moveit2/install/rviz_marker_tools:/home/jitesh/ws_moveit2/install/rosparam_shortcuts:/home/jitesh/ws_moveit2/install/mrm_description:/home/jitesh/ws_moveit2/install/moveit_task_constructor_msgs:/home/jitesh/ws_moveit2/install/moveit_resources_prbt_support:/home/jitesh/ws_moveit2/install/moveit_resources:/home/jitesh/ws_moveit2/install/moveit_resources_pr2_description:/home/jitesh/ws_moveit2/install/moveit_resources_panda_moveit_config:/home/jitesh/ws_moveit2/install/moveit_resources_panda_description:/home/jitesh/ws_moveit2/install/moveit_resources_fanuc_moveit_config:/home/jitesh/ws_moveit2/install/moveit_resources_fanuc_description:/home/jitesh/ws_moveit2/install/moveit_common:/home/jitesh/bookros2_ws/install/urdf_test:/home/jitesh/bookros2_ws/install/tiago_simulation:/home/jitesh/bookros2_ws/install/tiago_robot:/home/jitesh/bookros2_ws/install/tiago_navigation:/home/jitesh/bookros2_ws/install/tiago_gazebo:/home/jitesh/bookros2_ws/install/tiago_moveit_config:/home/jitesh/bookros2_ws/install/tiago_laser_sensors:/home/jitesh/bookros2_ws/install/tiago_bringup:/home/jitesh/bookros2_ws/install/tiago_description:/home/jitesh/bookros2_ws/install/tiago_controller_configuration:/home/jitesh/bookros2_ws/install/tiago_2dnav:/home/jitesh/bookros2_ws/install/pmb2_robot:/home/jitesh/bookros2_ws/install/pmb2_navigation:/home/jitesh/bookros2_ws/install/pmb2_2dnav:/home/jitesh/bookros2_ws/install/pmb2_maps:/home/jitesh/bookros2_ws/install/pmb2_laser_sensors:/home/jitesh/bookros2_ws/install/pmb2_bringup:/home/jitesh/bookros2_ws/install/pmb2_description:/home/jitesh/bookros2_ws/install/pmb2_controller_configuration:/home/jitesh/bookros2_ws/install/pal_gripper:/home/jitesh/bookros2_ws/install/pal_gripper_description:/home/jitesh/bookros2_ws/install/pal_gripper_controller_configuration:/home/jitesh/bookros2_ws/install/pal_gazebo_worlds:/home/jitesh/bookros2_ws/install/hey5_description:/home/jitesh/bookros2_ws/install/groot:/home/jitesh/bookros2_ws/install/br2_vff_avoidance:/home/jitesh/bookros2_ws/install/br2_tracking:/home/jitesh/bookros2_ws/install/br2_tracking_msgs:/home/jitesh/bookros2_ws/install/br2_tiago:/home/jitesh/bookros2_ws/install/br2_tf2_detector:/home/jitesh/bookros2_ws/install/br2_navigation:/home/jitesh/bookros2_ws/install/br2_fsm_bumpgo_cpp:/home/jitesh/bookros2_ws/install/br2_bt_patrolling:/home/jitesh/bookros2_ws/install/br2_bt_bumpgo:/home/jitesh/bookros2_ws/install/br2_basics:/home/jitesh/roboarm_ws/install/mrm_description:/home/jitesh/arduinobot_ws/install/arduinobot_py_examples:/home/jitesh/ws_moveit2/install/moveit_configs_utils:/home/jitesh/ws_moveit2/install/launch_param_builder:/home/jitesh/bookros2_ws/install/launch_pal:/home/jitesh/bookros2_ws/install/br2_fsm_bumpgo_py:/home/jitesh/roboarm_ws/install/my_robot_arm:/home/jitesh/ros2_ws/install/py_srvcli:/home/jitesh/ros2_ws/install/py_pubsub:/opt/ros/humble:/home/jitesh/ros2_ws/install/urdf_tutorial:/home/jitesh/ros2_ws/install/tutorial_interfaces:/home/jitesh/ros2_ws/install/turtlesim:/home/jitesh/ros2_ws/install/polygon_plugins:/home/jitesh/ros2_ws/install/polygon_base:/home/jitesh/ros2_ws/install/my_package:/home/jitesh/ros2_ws/install/more_interfaces:/home/jitesh/ros2_ws/install/dolly:/home/jitesh/ros2_ws/install/dolly_tests:/home/jitesh/ros2_ws/install/dolly_ignition:/home/jitesh/ros2_ws/install/dolly_gazebo:/home/jitesh/ros2_ws/install/dolly_follow:/home/jitesh/ros2_ws/install/cpp_pubsub:/home/jitesh/ros2_ws/install/cpp_parameter:/home/jitesh/ros2_ws/install/action_tutorials_cpp:/home/jitesh/ros2_ws/install/action_tutorials_interfaces /usr/bin/cmake --build /home/jitesh/arduinobot_ws/build/arduinobot_msgs -- -j12 -l12
[6.931s] Invoking command in '/home/jitesh/arduinobot_ws/build/arduinobot_msgs': CMAKE_PREFIX_PATH=/home/jitesh/arduinobot_ws/install/arduinobot_utils:/home/jitesh/arduinobot_ws/install/arduinobot_msgs:/home/jitesh/arduinobot_ws/install/arduinobot_moveit:/home/jitesh/arduinobot_ws/install/arduinobot_description:/home/jitesh/arduinobot_ws/install/arduinobot_cpp_examples:/home/jitesh/arduinobot_ws/install/arduinobot_controller:/home/jitesh/ws_moveit2/install/pilz_industrial_motion_planner_testutils:/home/jitesh/ws_moveit2/install/panda_moveit_config:/home/jitesh/ws_moveit2/install/mrm_moveit_config:/home/jitesh/ws_moveit2/install/moveit_runtime:/home/jitesh/ws_moveit2/install/moveit2_tutorials:/home/jitesh/ws_moveit2/install/moveit:/home/jitesh/ws_moveit2/install/moveit_planners:/home/jitesh/ws_moveit2/install/pilz_industrial_motion_planner:/home/jitesh/ws_moveit2/install/mtc_tutorial:/home/jitesh/ws_moveit2/install/hello_moveit:/home/jitesh/ws_moveit2/install/moveit_visual_tools:/home/jitesh/ws_moveit2/install/moveit_task_constructor_visualization:/home/jitesh/ws_moveit2/install/moveit_task_constructor_demo:/home/jitesh/ws_moveit2/install/moveit_task_constructor_capabilities:/home/jitesh/ws_moveit2/install/moveit_task_constructor_core:/home/jitesh/ws_moveit2/install/moveit_ros_control_interface:/home/jitesh/ws_moveit2/install/moveit_plugins:/home/jitesh/ws_moveit2/install/moveit_simple_controller_manager:/home/jitesh/ws_moveit2/install/moveit_setup_assistant:/home/jitesh/ws_moveit2/install/moveit_setup_srdf_plugins:/home/jitesh/ws_moveit2/install/moveit_setup_core_plugins:/home/jitesh/ws_moveit2/install/moveit_setup_controllers:/home/jitesh/ws_moveit2/install/moveit_setup_app_plugins:/home/jitesh/ws_moveit2/install/moveit_setup_framework:/home/jitesh/ws_moveit2/install/moveit_servo:/home/jitesh/ws_moveit2/install/moveit_ros:/home/jitesh/ws_moveit2/install/moveit_ros_visualization:/home/jitesh/ws_moveit2/install/moveit_hybrid_planning:/home/jitesh/ws_moveit2/install/moveit_ros_planning_interface:/home/jitesh/ws_moveit2/install/moveit_ros_benchmarks:/home/jitesh/ws_moveit2/install/moveit_ros_warehouse:/home/jitesh/ws_moveit2/install/moveit_ros_robot_interaction:/home/jitesh/ws_moveit2/install/moveit_ros_perception:/home/jitesh/ws_moveit2/install/moveit_resources_prbt_pg70_support:/home/jitesh/ws_moveit2/install/moveit_resources_prbt_moveit_config:/home/jitesh/ws_moveit2/install/moveit_ros_move_group:/home/jitesh/ws_moveit2/install/moveit_planners_ompl:/home/jitesh/ws_moveit2/install/moveit_ros_planning:/home/jitesh/ws_moveit2/install/moveit_ros_occupancy_map_monitor:/home/jitesh/ws_moveit2/install/moveit_resources_prbt_ikfast_manipulator_plugin:/home/jitesh/ws_moveit2/install/moveit_planners_chomp:/home/jitesh/ws_moveit2/install/moveit_kinematics:/home/jitesh/ws_moveit2/install/moveit_chomp_optimizer_adapter:/home/jitesh/ws_moveit2/install/chomp_motion_planner:/home/jitesh/ws_moveit2/install/moveit_core:/home/jitesh/ws_moveit2/install/srdfdom:/home/jitesh/ws_moveit2/install/rviz_marker_tools:/home/jitesh/ws_moveit2/install/rosparam_shortcuts:/home/jitesh/ws_moveit2/install/mrm_description:/home/jitesh/ws_moveit2/install/moveit_task_constructor_msgs:/home/jitesh/ws_moveit2/install/moveit_resources_prbt_support:/home/jitesh/ws_moveit2/install/moveit_resources:/home/jitesh/ws_moveit2/install/moveit_resources_pr2_description:/home/jitesh/ws_moveit2/install/moveit_resources_panda_moveit_config:/home/jitesh/ws_moveit2/install/moveit_resources_panda_description:/home/jitesh/ws_moveit2/install/moveit_resources_fanuc_moveit_config:/home/jitesh/ws_moveit2/install/moveit_resources_fanuc_description:/home/jitesh/ws_moveit2/install/moveit_common:/home/jitesh/bookros2_ws/install/urdf_test:/home/jitesh/bookros2_ws/install/tiago_simulation:/home/jitesh/bookros2_ws/install/tiago_robot:/home/jitesh/bookros2_ws/install/tiago_navigation:/home/jitesh/bookros2_ws/install/tiago_gazebo:/home/jitesh/bookros2_ws/install/tiago_moveit_config:/home/jitesh/bookros2_ws/install/tiago_laser_sensors:/home/jitesh/bookros2_ws/install/tiago_bringup:/home/jitesh/bookros2_ws/install/tiago_description:/home/jitesh/bookros2_ws/install/tiago_controller_configuration:/home/jitesh/bookros2_ws/install/tiago_2dnav:/home/jitesh/bookros2_ws/install/pmb2_robot:/home/jitesh/bookros2_ws/install/pmb2_navigation:/home/jitesh/bookros2_ws/install/pmb2_2dnav:/home/jitesh/bookros2_ws/install/pmb2_maps:/home/jitesh/bookros2_ws/install/pmb2_laser_sensors:/home/jitesh/bookros2_ws/install/pmb2_bringup:/home/jitesh/bookros2_ws/install/pmb2_description:/home/jitesh/bookros2_ws/install/pmb2_controller_configuration:/home/jitesh/bookros2_ws/install/pal_gripper:/home/jitesh/bookros2_ws/install/pal_gripper_description:/home/jitesh/bookros2_ws/install/pal_gripper_controller_configuration:/home/jitesh/bookros2_ws/install/pal_gazebo_worlds:/home/jitesh/bookros2_ws/install/hey5_description:/home/jitesh/bookros2_ws/install/groot:/home/jitesh/bookros2_ws/install/br2_vff_avoidance:/home/jitesh/bookros2_ws/install/br2_tracking:/home/jitesh/bookros2_ws/install/br2_tracking_msgs:/home/jitesh/bookros2_ws/install/br2_tiago:/home/jitesh/bookros2_ws/install/br2_tf2_detector:/home/jitesh/bookros2_ws/install/br2_navigation:/home/jitesh/bookros2_ws/install/br2_fsm_bumpgo_cpp:/home/jitesh/bookros2_ws/install/br2_bt_patrolling:/home/jitesh/bookros2_ws/install/br2_bt_bumpgo:/home/jitesh/bookros2_ws/install/br2_basics:/home/jitesh/roboarm_ws/install/mrm_description:/home/jitesh/arduinobot_ws/install/arduinobot_py_examples:/home/jitesh/ws_moveit2/install/moveit_configs_utils:/home/jitesh/ws_moveit2/install/launch_param_builder:/home/jitesh/bookros2_ws/install/launch_pal:/home/jitesh/bookros2_ws/install/br2_fsm_bumpgo_py:/home/jitesh/roboarm_ws/install/my_robot_arm:/home/jitesh/ros2_ws/install/py_srvcli:/home/jitesh/ros2_ws/install/py_pubsub:/opt/ros/humble:/home/jitesh/ros2_ws/install/urdf_tutorial:/home/jitesh/ros2_ws/install/tutorial_interfaces:/home/jitesh/ros2_ws/install/turtlesim:/home/jitesh/ros2_ws/install/polygon_plugins:/home/jitesh/ros2_ws/install/polygon_base:/home/jitesh/ros2_ws/install/my_package:/home/jitesh/ros2_ws/install/more_interfaces:/home/jitesh/ros2_ws/install/dolly:/home/jitesh/ros2_ws/install/dolly_tests:/home/jitesh/ros2_ws/install/dolly_ignition:/home/jitesh/ros2_ws/install/dolly_gazebo:/home/jitesh/ros2_ws/install/dolly_follow:/home/jitesh/ros2_ws/install/cpp_pubsub:/home/jitesh/ros2_ws/install/cpp_parameter:/home/jitesh/ros2_ws/install/action_tutorials_cpp:/home/jitesh/ros2_ws/install/action_tutorials_interfaces /usr/bin/cmake --install /home/jitesh/arduinobot_ws/build/arduinobot_msgs
[6.984s] -- Install configuration: ""
[6.989s] -- Up-to-date: /home/jitesh/arduinobot_ws/install/arduinobot_msgs/share/ament_index/resource_index/rosidl_interfaces/arduinobot_msgs
[6.991s] -- Up-to-date: /home/jitesh/arduinobot_ws/install/arduinobot_msgs/include/arduinobot_msgs/arduinobot_msgs
[6.993s] -- Up-to-date: /home/jitesh/arduinobot_ws/install/arduinobot_msgs/include/arduinobot_msgs/arduinobot_msgs/srv
[6.994s] -- Up-to-date: /home/jitesh/arduinobot_ws/install/arduinobot_msgs/include/arduinobot_msgs/arduinobot_msgs/srv/add_two_ints.h
[6.995s] -- Up-to-date: /home/jitesh/arduinobot_ws/install/arduinobot_msgs/include/arduinobot_msgs/arduinobot_msgs/srv/detail
[6.995s] -- Up-to-date: /home/jitesh/arduinobot_ws/install/arduinobot_msgs/include/arduinobot_msgs/arduinobot_msgs/srv/detail/euler_to_quaternion__type_support.h
[6.996s] -- Up-to-date: /home/jitesh/arduinobot_ws/install/arduinobot_msgs/include/arduinobot_msgs/arduinobot_msgs/srv/detail/add_two_ints__functions.c
[6.997s] -- Up-to-date: /home/jitesh/arduinobot_ws/install/arduinobot_msgs/include/arduinobot_msgs/arduinobot_msgs/srv/detail/euler_to_quaternion__functions.h
[6.997s] -- Up-to-date: /home/jitesh/arduinobot_ws/install/arduinobot_msgs/include/arduinobot_msgs/arduinobot_msgs/srv/detail/euler_to_quaternion__functions.c
[6.998s] -- Up-to-date: /home/jitesh/arduinobot_ws/install/arduinobot_msgs/include/arduinobot_msgs/arduinobot_msgs/srv/detail/quaternion_to_euler__type_support.h
[6.999s] -- Up-to-date: /home/jitesh/arduinobot_ws/install/arduinobot_msgs/include/arduinobot_msgs/arduinobot_msgs/srv/detail/euler_to_quaternion__struct.h
[6.999s] -- Up-to-date: /home/jitesh/arduinobot_ws/install/arduinobot_msgs/include/arduinobot_msgs/arduinobot_msgs/srv/detail/quaternion_to_euler__functions.h
[7.000s] -- Up-to-date: /home/jitesh/arduinobot_ws/install/arduinobot_msgs/include/arduinobot_msgs/arduinobot_msgs/srv/detail/quaternion_to_euler__struct.h
[7.001s] -- Up-to-date: /home/jitesh/arduinobot_ws/install/arduinobot_msgs/include/arduinobot_msgs/arduinobot_msgs/srv/detail/add_two_ints__functions.h
[7.002s] -- Up-to-date: /home/jitesh/arduinobot_ws/install/arduinobot_msgs/include/arduinobot_msgs/arduinobot_msgs/srv/detail/add_two_ints__struct.h
[7.003s] -- Up-to-date: /home/jitesh/arduinobot_ws/install/arduinobot_msgs/include/arduinobot_msgs/arduinobot_msgs/srv/detail/quaternion_to_euler__functions.c
[7.004s] -- Up-to-date: /home/jitesh/arduinobot_ws/install/arduinobot_msgs/include/arduinobot_msgs/arduinobot_msgs/srv/detail/add_two_ints__type_support.h
[7.006s] -- Up-to-date: /home/jitesh/arduinobot_ws/install/arduinobot_msgs/include/arduinobot_msgs/arduinobot_msgs/srv/euler_to_quaternion.h
[7.008s] -- Up-to-date: /home/jitesh/arduinobot_ws/install/arduinobot_msgs/include/arduinobot_msgs/arduinobot_msgs/srv/quaternion_to_euler.h
[7.008s] -- Up-to-date: /home/jitesh/arduinobot_ws/install/arduinobot_msgs/include/arduinobot_msgs/arduinobot_msgs/msg
[7.010s] -- Up-to-date: /home/jitesh/arduinobot_ws/install/arduinobot_msgs/include/arduinobot_msgs/arduinobot_msgs/msg/rosidl_generator_c__visibility_control.h
[7.011s] -- Up-to-date: /home/jitesh/arduinobot_ws/install/arduinobot_msgs/share/arduinobot_msgs/environment/library_path.sh
[7.012s] -- Up-to-date: /home/jitesh/arduinobot_ws/install/arduinobot_msgs/share/arduinobot_msgs/environment/library_path.dsv
[7.013s] -- Up-to-date: /home/jitesh/arduinobot_ws/install/arduinobot_msgs/lib/libarduinobot_msgs__rosidl_generator_c.so
[7.014s] -- Up-to-date: /home/jitesh/arduinobot_ws/install/arduinobot_msgs/include/arduinobot_msgs/arduinobot_msgs
[7.016s] -- Up-to-date: /home/jitesh/arduinobot_ws/install/arduinobot_msgs/include/arduinobot_msgs/arduinobot_msgs/srv
[7.018s] -- Up-to-date: /home/jitesh/arduinobot_ws/install/arduinobot_msgs/include/arduinobot_msgs/arduinobot_msgs/srv/detail
[7.020s] -- Up-to-date: /home/jitesh/arduinobot_ws/install/arduinobot_msgs/include/arduinobot_msgs/arduinobot_msgs/srv/detail/add_two_ints__rosidl_typesupport_fastrtps_c.h
[7.022s] -- Up-to-date: /home/jitesh/arduinobot_ws/install/arduinobot_msgs/include/arduinobot_msgs/arduinobot_msgs/srv/detail/quaternion_to_euler__rosidl_typesupport_fastrtps_c.h
[7.023s] -- Up-to-date: /home/jitesh/arduinobot_ws/install/arduinobot_msgs/include/arduinobot_msgs/arduinobot_msgs/srv/detail/euler_to_quaternion__rosidl_typesupport_fastrtps_c.h
[7.024s] -- Up-to-date: /home/jitesh/arduinobot_ws/install/arduinobot_msgs/include/arduinobot_msgs/arduinobot_msgs/msg
[7.025s] -- Up-to-date: /home/jitesh/arduinobot_ws/install/arduinobot_msgs/include/arduinobot_msgs/arduinobot_msgs/msg/rosidl_typesupport_fastrtps_c__visibility_control.h
[7.026s] -- Up-to-date: /home/jitesh/arduinobot_ws/install/arduinobot_msgs/lib/libarduinobot_msgs__rosidl_typesupport_fastrtps_c.so
[7.030s] -- Up-to-date: /home/jitesh/arduinobot_ws/install/arduinobot_msgs/include/arduinobot_msgs/arduinobot_msgs
[7.031s] -- Up-to-date: /home/jitesh/arduinobot_ws/install/arduinobot_msgs/include/arduinobot_msgs/arduinobot_msgs/srv
[7.037s] -- Up-to-date: /home/jitesh/arduinobot_ws/install/arduinobot_msgs/include/arduinobot_msgs/arduinobot_msgs/srv/quaternion_to_euler.hpp
[7.039s] -- Up-to-date: /home/jitesh/arduinobot_ws/install/arduinobot_msgs/include/arduinobot_msgs/arduinobot_msgs/srv/detail
[7.040s] -- Up-to-date: /home/jitesh/arduinobot_ws/install/arduinobot_msgs/include/arduinobot_msgs/arduinobot_msgs/srv/detail/add_two_ints__struct.hpp
[7.042s] -- Up-to-date: /home/jitesh/arduinobot_ws/install/arduinobot_msgs/include/arduinobot_msgs/arduinobot_msgs/srv/detail/add_two_ints__builder.hpp
[7.043s] -- Up-to-date: /home/jitesh/arduinobot_ws/install/arduinobot_msgs/include/arduinobot_msgs/arduinobot_msgs/srv/detail/quaternion_to_euler__builder.hpp
[7.044s] -- Up-to-date: /home/jitesh/arduinobot_ws/install/arduinobot_msgs/include/arduinobot_msgs/arduinobot_msgs/srv/detail/euler_to_quaternion__traits.hpp
[7.044s] -- Up-to-date: /home/jitesh/arduinobot_ws/install/arduinobot_msgs/include/arduinobot_msgs/arduinobot_msgs/srv/detail/quaternion_to_euler__struct.hpp
[7.045s] -- Up-to-date: /home/jitesh/arduinobot_ws/install/arduinobot_msgs/include/arduinobot_msgs/arduinobot_msgs/srv/detail/quaternion_to_euler__traits.hpp
[7.046s] -- Up-to-date: /home/jitesh/arduinobot_ws/install/arduinobot_msgs/include/arduinobot_msgs/arduinobot_msgs/srv/detail/euler_to_quaternion__struct.hpp
[7.047s] -- Up-to-date: /home/jitesh/arduinobot_ws/install/arduinobot_msgs/include/arduinobot_msgs/arduinobot_msgs/srv/detail/add_two_ints__traits.hpp
[7.048s] -- Up-to-date: /home/jitesh/arduinobot_ws/install/arduinobot_msgs/include/arduinobot_msgs/arduinobot_msgs/srv/detail/euler_to_quaternion__builder.hpp
[7.050s] -- Up-to-date: /home/jitesh/arduinobot_ws/install/arduinobot_msgs/include/arduinobot_msgs/arduinobot_msgs/srv/euler_to_quaternion.hpp
[7.053s] -- Up-to-date: /home/jitesh/arduinobot_ws/install/arduinobot_msgs/include/arduinobot_msgs/arduinobot_msgs/srv/add_two_ints.hpp
[7.055s] -- Up-to-date: /home/jitesh/arduinobot_ws/install/arduinobot_msgs/include/arduinobot_msgs/arduinobot_msgs
[7.056s] -- Up-to-date: /home/jitesh/arduinobot_ws/install/arduinobot_msgs/include/arduinobot_msgs/arduinobot_msgs/srv
[7.057s] -- Up-to-date: /home/jitesh/arduinobot_ws/install/arduinobot_msgs/include/arduinobot_msgs/arduinobot_msgs/srv/detail
[7.059s] -- Up-to-date: /home/jitesh/arduinobot_ws/install/arduinobot_msgs/include/arduinobot_msgs/arduinobot_msgs/srv/detail/quaternion_to_euler__rosidl_typesupport_fastrtps_cpp.hpp
[7.060s] -- Up-to-date: /home/jitesh/arduinobot_ws/install/arduinobot_msgs/include/arduinobot_msgs/arduinobot_msgs/srv/detail/dds_fastrtps
[7.061s] -- Up-to-date: /home/jitesh/arduinobot_ws/install/arduinobot_msgs/include/arduinobot_msgs/arduinobot_msgs/srv/detail/euler_to_quaternion__rosidl_typesupport_fastrtps_cpp.hpp
[7.062s] -- Up-to-date: /home/jitesh/arduinobot_ws/install/arduinobot_msgs/include/arduinobot_msgs/arduinobot_msgs/srv/detail/add_two_ints__rosidl_typesupport_fastrtps_cpp.hpp
[7.063s] -- Up-to-date: /home/jitesh/arduinobot_ws/install/arduinobot_msgs/include/arduinobot_msgs/arduinobot_msgs/msg
[7.065s] -- Up-to-date: /home/jitesh/arduinobot_ws/install/arduinobot_msgs/include/arduinobot_msgs/arduinobot_msgs/msg/rosidl_typesupport_fastrtps_cpp__visibility_control.h
[7.067s] -- Up-to-date: /home/jitesh/arduinobot_ws/install/arduinobot_msgs/lib/libarduinobot_msgs__rosidl_typesupport_fastrtps_cpp.so
[7.068s] -- Up-to-date: /home/jitesh/arduinobot_ws/install/arduinobot_msgs/include/arduinobot_msgs/arduinobot_msgs
[7.069s] -- Up-to-date: /home/jitesh/arduinobot_ws/install/arduinobot_msgs/include/arduinobot_msgs/arduinobot_msgs/srv
[7.072s] -- Up-to-date: /home/jitesh/arduinobot_ws/install/arduinobot_msgs/include/arduinobot_msgs/arduinobot_msgs/srv/detail
[7.073s] -- Up-to-date: /home/jitesh/arduinobot_ws/install/arduinobot_msgs/include/arduinobot_msgs/arduinobot_msgs/srv/detail/add_two_ints__rosidl_typesupport_introspection_c.h
[7.074s] -- Up-to-date: /home/jitesh/arduinobot_ws/install/arduinobot_msgs/include/arduinobot_msgs/arduinobot_msgs/srv/detail/euler_to_quaternion__type_support.c
[7.075s] -- Up-to-date: /home/jitesh/arduinobot_ws/install/arduinobot_msgs/include/arduinobot_msgs/arduinobot_msgs/srv/detail/quaternion_to_euler__rosidl_typesupport_introspection_c.h
[7.076s] -- Up-to-date: /home/jitesh/arduinobot_ws/install/arduinobot_msgs/include/arduinobot_msgs/arduinobot_msgs/srv/detail/add_two_ints__type_support.c
[7.078s] -- Up-to-date: /home/jitesh/arduinobot_ws/install/arduinobot_msgs/include/arduinobot_msgs/arduinobot_msgs/srv/detail/quaternion_to_euler__type_support.c
[7.079s] -- Up-to-date: /home/jitesh/arduinobot_ws/install/arduinobot_msgs/include/arduinobot_msgs/arduinobot_msgs/srv/detail/euler_to_quaternion__rosidl_typesupport_introspection_c.h
[7.080s] -- Up-to-date: /home/jitesh/arduinobot_ws/install/arduinobot_msgs/include/arduinobot_msgs/arduinobot_msgs/msg
[7.081s] -- Up-to-date: /home/jitesh/arduinobot_ws/install/arduinobot_msgs/include/arduinobot_msgs/arduinobot_msgs/msg/rosidl_typesupport_introspection_c__visibility_control.h
[7.082s] -- Up-to-date: /home/jitesh/arduinobot_ws/install/arduinobot_msgs/lib/libarduinobot_msgs__rosidl_typesupport_introspection_c.so
[7.083s] -- Up-to-date: /home/jitesh/arduinobot_ws/install/arduinobot_msgs/lib/libarduinobot_msgs__rosidl_typesupport_c.so
[7.084s] -- Up-to-date: /home/jitesh/arduinobot_ws/install/arduinobot_msgs/include/arduinobot_msgs/arduinobot_msgs
[7.085s] -- Up-to-date: /home/jitesh/arduinobot_ws/install/arduinobot_msgs/include/arduinobot_msgs/arduinobot_msgs/srv
[7.086s] -- Up-to-date: /home/jitesh/arduinobot_ws/install/arduinobot_msgs/include/arduinobot_msgs/arduinobot_msgs/srv/detail
[7.087s] -- Up-to-date: /home/jitesh/arduinobot_ws/install/arduinobot_msgs/include/arduinobot_msgs/arduinobot_msgs/srv/detail/quaternion_to_euler__rosidl_typesupport_introspection_cpp.hpp
[7.087s] -- Up-to-date: /home/jitesh/arduinobot_ws/install/arduinobot_msgs/include/arduinobot_msgs/arduinobot_msgs/srv/detail/add_two_ints__rosidl_typesupport_introspection_cpp.hpp
[7.092s] -- Up-to-date: /home/jitesh/arduinobot_ws/install/arduinobot_msgs/include/arduinobot_msgs/arduinobot_msgs/srv/detail/euler_to_quaternion__rosidl_typesupport_introspection_cpp.hpp
[7.093s] -- Up-to-date: /home/jitesh/arduinobot_ws/install/arduinobot_msgs/include/arduinobot_msgs/arduinobot_msgs/srv/detail/quaternion_to_euler__type_support.cpp
[7.094s] -- Up-to-date: /home/jitesh/arduinobot_ws/install/arduinobot_msgs/include/arduinobot_msgs/arduinobot_msgs/srv/detail/euler_to_quaternion__type_support.cpp
[7.095s] -- Up-to-date: /home/jitesh/arduinobot_ws/install/arduinobot_msgs/include/arduinobot_msgs/arduinobot_msgs/srv/detail/add_two_ints__type_support.cpp
[7.096s] -- Up-to-date: /home/jitesh/arduinobot_ws/install/arduinobot_msgs/lib/libarduinobot_msgs__rosidl_typesupport_introspection_cpp.so
[7.097s] -- Up-to-date: /home/jitesh/arduinobot_ws/install/arduinobot_msgs/lib/libarduinobot_msgs__rosidl_typesupport_cpp.so
[7.098s] -- Up-to-date: /home/jitesh/arduinobot_ws/install/arduinobot_msgs/share/arduinobot_msgs/environment/pythonpath.sh
[7.100s] -- Up-to-date: /home/jitesh/arduinobot_ws/install/arduinobot_msgs/share/arduinobot_msgs/environment/pythonpath.dsv
[7.101s] -- Up-to-date: /home/jitesh/arduinobot_ws/install/arduinobot_msgs/local/lib/python3.10/dist-packages/arduinobot_msgs-0.0.0-py3.10.egg-info
[7.102s] -- Installing: /home/jitesh/arduinobot_ws/install/arduinobot_msgs/local/lib/python3.10/dist-packages/arduinobot_msgs-0.0.0-py3.10.egg-info/top_level.txt
[7.103s] -- Installing: /home/jitesh/arduinobot_ws/install/arduinobot_msgs/local/lib/python3.10/dist-packages/arduinobot_msgs-0.0.0-py3.10.egg-info/PKG-INFO
[7.104s] -- Installing: /home/jitesh/arduinobot_ws/install/arduinobot_msgs/local/lib/python3.10/dist-packages/arduinobot_msgs-0.0.0-py3.10.egg-info/dependency_links.txt
[7.105s] -- Installing: /home/jitesh/arduinobot_ws/install/arduinobot_msgs/local/lib/python3.10/dist-packages/arduinobot_msgs-0.0.0-py3.10.egg-info/SOURCES.txt
[7.106s] -- Up-to-date: /home/jitesh/arduinobot_ws/install/arduinobot_msgs/local/lib/python3.10/dist-packages/arduinobot_msgs
[7.107s] -- Up-to-date: /home/jitesh/arduinobot_ws/install/arduinobot_msgs/local/lib/python3.10/dist-packages/arduinobot_msgs/_arduinobot_msgs_s.ep.rosidl_typesupport_c.c
[7.108s] -- Up-to-date: /home/jitesh/arduinobot_ws/install/arduinobot_msgs/local/lib/python3.10/dist-packages/arduinobot_msgs/arduinobot_msgs_s__rosidl_typesupport_c.cpython-310-x86_64-linux-gnu.so
[7.109s] -- Up-to-date: /home/jitesh/arduinobot_ws/install/arduinobot_msgs/local/lib/python3.10/dist-packages/arduinobot_msgs/arduinobot_msgs_s__rosidl_typesupport_introspection_c.cpython-310-x86_64-linux-gnu.so
[7.110s] -- Up-to-date: /home/jitesh/arduinobot_ws/install/arduinobot_msgs/local/lib/python3.10/dist-packages/arduinobot_msgs/arduinobot_msgs_s__rosidl_typesupport_fastrtps_c.cpython-310-x86_64-linux-gnu.so
[7.110s] -- Up-to-date: /home/jitesh/arduinobot_ws/install/arduinobot_msgs/local/lib/python3.10/dist-packages/arduinobot_msgs/_arduinobot_msgs_s.ep.rosidl_typesupport_introspection_c.c
[7.111s] -- Up-to-date: /home/jitesh/arduinobot_ws/install/arduinobot_msgs/local/lib/python3.10/dist-packages/arduinobot_msgs/srv
[7.112s] -- Up-to-date: /home/jitesh/arduinobot_ws/install/arduinobot_msgs/local/lib/python3.10/dist-packages/arduinobot_msgs/srv/_quaternion_to_euler_s.c
[7.113s] -- Up-to-date: /home/jitesh/arduinobot_ws/install/arduinobot_msgs/local/lib/python3.10/dist-packages/arduinobot_msgs/srv/_quaternion_to_euler.py
[7.117s] -- Up-to-date: /home/jitesh/arduinobot_ws/install/arduinobot_msgs/local/lib/python3.10/dist-packages/arduinobot_msgs/srv/_add_two_ints_s.c
[7.118s] -- Up-to-date: /home/jitesh/arduinobot_ws/install/arduinobot_msgs/local/lib/python3.10/dist-packages/arduinobot_msgs/srv/_euler_to_quaternion_s.c
[7.119s] -- Up-to-date: /home/jitesh/arduinobot_ws/install/arduinobot_msgs/local/lib/python3.10/dist-packages/arduinobot_msgs/srv/_euler_to_quaternion.py
[7.120s] -- Up-to-date: /home/jitesh/arduinobot_ws/install/arduinobot_msgs/local/lib/python3.10/dist-packages/arduinobot_msgs/srv/_add_two_ints.py
[7.121s] -- Up-to-date: /home/jitesh/arduinobot_ws/install/arduinobot_msgs/local/lib/python3.10/dist-packages/arduinobot_msgs/srv/__init__.py
[7.125s] -- Up-to-date: /home/jitesh/arduinobot_ws/install/arduinobot_msgs/local/lib/python3.10/dist-packages/arduinobot_msgs/libarduinobot_msgs__rosidl_generator_py.so
[7.126s] -- Up-to-date: /home/jitesh/arduinobot_ws/install/arduinobot_msgs/local/lib/python3.10/dist-packages/arduinobot_msgs/_arduinobot_msgs_s.ep.rosidl_typesupport_fastrtps_c.c
[7.127s] -- Up-to-date: /home/jitesh/arduinobot_ws/install/arduinobot_msgs/local/lib/python3.10/dist-packages/arduinobot_msgs/__init__.py
[7.399s] Listing '/home/jitesh/arduinobot_ws/install/arduinobot_msgs/local/lib/python3.10/dist-packages/arduinobot_msgs'...
[7.400s] Listing '/home/jitesh/arduinobot_ws/install/arduinobot_msgs/local/lib/python3.10/dist-packages/arduinobot_msgs/srv'...
[7.423s] -- Up-to-date: /home/jitesh/arduinobot_ws/install/arduinobot_msgs/local/lib/python3.10/dist-packages/arduinobot_msgs/arduinobot_msgs_s__rosidl_typesupport_fastrtps_c.cpython-310-x86_64-linux-gnu.so
[7.423s] -- Up-to-date: /home/jitesh/arduinobot_ws/install/arduinobot_msgs/local/lib/python3.10/dist-packages/arduinobot_msgs/arduinobot_msgs_s__rosidl_typesupport_introspection_c.cpython-310-x86_64-linux-gnu.so
[7.423s] -- Up-to-date: /home/jitesh/arduinobot_ws/install/arduinobot_msgs/local/lib/python3.10/dist-packages/arduinobot_msgs/arduinobot_msgs_s__rosidl_typesupport_c.cpython-310-x86_64-linux-gnu.so
[7.424s] -- Up-to-date: /home/jitesh/arduinobot_ws/install/arduinobot_msgs/lib/libarduinobot_msgs__rosidl_generator_py.so
[7.424s] -- Up-to-date: /home/jitesh/arduinobot_ws/install/arduinobot_msgs/share/arduinobot_msgs/srv/AddTwoInts.idl
[7.424s] -- Up-to-date: /home/jitesh/arduinobot_ws/install/arduinobot_msgs/share/arduinobot_msgs/srv/EulerToQuaternion.idl
[7.424s] -- Up-to-date: /home/jitesh/arduinobot_ws/install/arduinobot_msgs/share/arduinobot_msgs/srv/QuaternionToEuler.idl
[7.424s] -- Up-to-date: /home/jitesh/arduinobot_ws/install/arduinobot_msgs/share/arduinobot_msgs/srv/AddTwoInts.srv
[7.424s] -- Up-to-date: /home/jitesh/arduinobot_ws/install/arduinobot_msgs/share/arduinobot_msgs/srv/AddTwoInts_Request.msg
[7.424s] -- Up-to-date: /home/jitesh/arduinobot_ws/install/arduinobot_msgs/share/arduinobot_msgs/srv/AddTwoInts_Response.msg
[7.425s] -- Up-to-date: /home/jitesh/arduinobot_ws/install/arduinobot_msgs/share/arduinobot_msgs/srv/EulerToQuaternion.srv
[7.425s] -- Up-to-date: /home/jitesh/arduinobot_ws/install/arduinobot_msgs/share/arduinobot_msgs/srv/EulerToQuaternion_Request.msg
[7.425s] -- Up-to-date: /home/jitesh/arduinobot_ws/install/arduinobot_msgs/share/arduinobot_msgs/srv/EulerToQuaternion_Response.msg
[7.425s] -- Up-to-date: /home/jitesh/arduinobot_ws/install/arduinobot_msgs/share/arduinobot_msgs/srv/QuaternionToEuler.srv
[7.425s] -- Up-to-date: /home/jitesh/arduinobot_ws/install/arduinobot_msgs/share/arduinobot_msgs/srv/QuaternionToEuler_Request.msg
[7.425s] -- Up-to-date: /home/jitesh/arduinobot_ws/install/arduinobot_msgs/share/arduinobot_msgs/srv/QuaternionToEuler_Response.msg
[7.425s] -- Up-to-date: /home/jitesh/arduinobot_ws/install/arduinobot_msgs/share/ament_index/resource_index/package_run_dependencies/arduinobot_msgs
[7.425s] -- Up-to-date: /home/jitesh/arduinobot_ws/install/arduinobot_msgs/share/ament_index/resource_index/parent_prefix_path/arduinobot_msgs
[7.425s] -- Up-to-date: /home/jitesh/arduinobot_ws/install/arduinobot_msgs/share/arduinobot_msgs/environment/ament_prefix_path.sh
[7.425s] -- Up-to-date: /home/jitesh/arduinobot_ws/install/arduinobot_msgs/share/arduinobot_msgs/environment/ament_prefix_path.dsv
[7.426s] -- Up-to-date: /home/jitesh/arduinobot_ws/install/arduinobot_msgs/share/arduinobot_msgs/environment/path.sh
[7.426s] -- Up-to-date: /home/jitesh/arduinobot_ws/install/arduinobot_msgs/share/arduinobot_msgs/environment/path.dsv
[7.426s] -- Up-to-date: /home/jitesh/arduinobot_ws/install/arduinobot_msgs/share/arduinobot_msgs/local_setup.bash
[7.426s] -- Up-to-date: /home/jitesh/arduinobot_ws/install/arduinobot_msgs/share/arduinobot_msgs/local_setup.sh
[7.426s] -- Up-to-date: /home/jitesh/arduinobot_ws/install/arduinobot_msgs/share/arduinobot_msgs/local_setup.zsh
[7.426s] -- Up-to-date: /home/jitesh/arduinobot_ws/install/arduinobot_msgs/share/arduinobot_msgs/local_setup.dsv
[7.427s] -- Installing: /home/jitesh/arduinobot_ws/install/arduinobot_msgs/share/arduinobot_msgs/package.dsv
[7.427s] -- Up-to-date: /home/jitesh/arduinobot_ws/install/arduinobot_msgs/share/ament_index/resource_index/packages/arduinobot_msgs
[7.436s] -- Up-to-date: /home/jitesh/arduinobot_ws/install/arduinobot_msgs/share/arduinobot_msgs/cmake/export_arduinobot_msgs__rosidl_generator_cExport.cmake
[7.437s] -- Up-to-date: /home/jitesh/arduinobot_ws/install/arduinobot_msgs/share/arduinobot_msgs/cmake/export_arduinobot_msgs__rosidl_generator_cExport-noconfig.cmake
[7.438s] -- Up-to-date: /home/jitesh/arduinobot_ws/install/arduinobot_msgs/share/arduinobot_msgs/cmake/export_arduinobot_msgs__rosidl_typesupport_fastrtps_cExport.cmake
[7.439s] -- Up-to-date: /home/jitesh/arduinobot_ws/install/arduinobot_msgs/share/arduinobot_msgs/cmake/export_arduinobot_msgs__rosidl_typesupport_fastrtps_cExport-noconfig.cmake
[7.440s] -- Up-to-date: /home/jitesh/arduinobot_ws/install/arduinobot_msgs/share/arduinobot_msgs/cmake/export_arduinobot_msgs__rosidl_generator_cppExport.cmake
[7.441s] -- Up-to-date: /home/jitesh/arduinobot_ws/install/arduinobot_msgs/share/arduinobot_msgs/cmake/export_arduinobot_msgs__rosidl_typesupport_fastrtps_cppExport.cmake
[7.443s] -- Up-to-date: /home/jitesh/arduinobot_ws/install/arduinobot_msgs/share/arduinobot_msgs/cmake/export_arduinobot_msgs__rosidl_typesupport_fastrtps_cppExport-noconfig.cmake
[7.444s] -- Up-to-date: /home/jitesh/arduinobot_ws/install/arduinobot_msgs/share/arduinobot_msgs/cmake/arduinobot_msgs__rosidl_typesupport_introspection_cExport.cmake
[7.445s] -- Up-to-date: /home/jitesh/arduinobot_ws/install/arduinobot_msgs/share/arduinobot_msgs/cmake/arduinobot_msgs__rosidl_typesupport_introspection_cExport-noconfig.cmake
[7.445s] -- Up-to-date: /home/jitesh/arduinobot_ws/install/arduinobot_msgs/share/arduinobot_msgs/cmake/arduinobot_msgs__rosidl_typesupport_cExport.cmake
[7.446s] -- Up-to-date: /home/jitesh/arduinobot_ws/install/arduinobot_msgs/share/arduinobot_msgs/cmake/arduinobot_msgs__rosidl_typesupport_cExport-noconfig.cmake
[7.449s] -- Up-to-date: /home/jitesh/arduinobot_ws/install/arduinobot_msgs/share/arduinobot_msgs/cmake/arduinobot_msgs__rosidl_typesupport_introspection_cppExport.cmake
[7.450s] -- Up-to-date: /home/jitesh/arduinobot_ws/install/arduinobot_msgs/share/arduinobot_msgs/cmake/arduinobot_msgs__rosidl_typesupport_introspection_cppExport-noconfig.cmake
[7.452s] -- Up-to-date: /home/jitesh/arduinobot_ws/install/arduinobot_msgs/share/arduinobot_msgs/cmake/arduinobot_msgs__rosidl_typesupport_cppExport.cmake
[7.454s] -- Up-to-date: /home/jitesh/arduinobot_ws/install/arduinobot_msgs/share/arduinobot_msgs/cmake/arduinobot_msgs__rosidl_typesupport_cppExport-noconfig.cmake
[7.457s] -- Up-to-date: /home/jitesh/arduinobot_ws/install/arduinobot_msgs/share/arduinobot_msgs/cmake/export_arduinobot_msgs__rosidl_generator_pyExport.cmake
[7.458s] -- Up-to-date: /home/jitesh/arduinobot_ws/install/arduinobot_msgs/share/arduinobot_msgs/cmake/export_arduinobot_msgs__rosidl_generator_pyExport-noconfig.cmake
[7.459s] -- Up-to-date: /home/jitesh/arduinobot_ws/install/arduinobot_msgs/share/arduinobot_msgs/cmake/rosidl_cmake-extras.cmake
[7.459s] -- Up-to-date: /home/jitesh/arduinobot_ws/install/arduinobot_msgs/share/arduinobot_msgs/cmake/ament_cmake_export_include_directories-extras.cmake
[7.460s] -- Up-to-date: /home/jitesh/arduinobot_ws/install/arduinobot_msgs/share/arduinobot_msgs/cmake/ament_cmake_export_libraries-extras.cmake
[7.461s] -- Up-to-date: /home/jitesh/arduinobot_ws/install/arduinobot_msgs/share/arduinobot_msgs/cmake/ament_cmake_export_targets-extras.cmake
[7.462s] -- Up-to-date: /home/jitesh/arduinobot_ws/install/arduinobot_msgs/share/arduinobot_msgs/cmake/rosidl_cmake_export_typesupport_targets-extras.cmake
[7.462s] -- Up-to-date: /home/jitesh/arduinobot_ws/install/arduinobot_msgs/share/arduinobot_msgs/cmake/ament_cmake_export_dependencies-extras.cmake
[7.463s] -- Up-to-date: /home/jitesh/arduinobot_ws/install/arduinobot_msgs/share/arduinobot_msgs/cmake/rosidl_cmake_export_typesupport_libraries-extras.cmake
[7.464s] -- Up-to-date: /home/jitesh/arduinobot_ws/install/arduinobot_msgs/share/arduinobot_msgs/cmake/arduinobot_msgsConfig.cmake
[7.465s] -- Up-to-date: /home/jitesh/arduinobot_ws/install/arduinobot_msgs/share/arduinobot_msgs/cmake/arduinobot_msgsConfig-version.cmake
[7.466s] -- Up-to-date: /home/jitesh/arduinobot_ws/install/arduinobot_msgs/share/arduinobot_msgs/package.xml
[7.486s] Invoked command in '/home/jitesh/arduinobot_ws/build/arduinobot_msgs' returned '0': CMAKE_PREFIX_PATH=/home/jitesh/arduinobot_ws/install/arduinobot_utils:/home/jitesh/arduinobot_ws/install/arduinobot_msgs:/home/jitesh/arduinobot_ws/install/arduinobot_moveit:/home/jitesh/arduinobot_ws/install/arduinobot_description:/home/jitesh/arduinobot_ws/install/arduinobot_cpp_examples:/home/jitesh/arduinobot_ws/install/arduinobot_controller:/home/jitesh/ws_moveit2/install/pilz_industrial_motion_planner_testutils:/home/jitesh/ws_moveit2/install/panda_moveit_config:/home/jitesh/ws_moveit2/install/mrm_moveit_config:/home/jitesh/ws_moveit2/install/moveit_runtime:/home/jitesh/ws_moveit2/install/moveit2_tutorials:/home/jitesh/ws_moveit2/install/moveit:/home/jitesh/ws_moveit2/install/moveit_planners:/home/jitesh/ws_moveit2/install/pilz_industrial_motion_planner:/home/jitesh/ws_moveit2/install/mtc_tutorial:/home/jitesh/ws_moveit2/install/hello_moveit:/home/jitesh/ws_moveit2/install/moveit_visual_tools:/home/jitesh/ws_moveit2/install/moveit_task_constructor_visualization:/home/jitesh/ws_moveit2/install/moveit_task_constructor_demo:/home/jitesh/ws_moveit2/install/moveit_task_constructor_capabilities:/home/jitesh/ws_moveit2/install/moveit_task_constructor_core:/home/jitesh/ws_moveit2/install/moveit_ros_control_interface:/home/jitesh/ws_moveit2/install/moveit_plugins:/home/jitesh/ws_moveit2/install/moveit_simple_controller_manager:/home/jitesh/ws_moveit2/install/moveit_setup_assistant:/home/jitesh/ws_moveit2/install/moveit_setup_srdf_plugins:/home/jitesh/ws_moveit2/install/moveit_setup_core_plugins:/home/jitesh/ws_moveit2/install/moveit_setup_controllers:/home/jitesh/ws_moveit2/install/moveit_setup_app_plugins:/home/jitesh/ws_moveit2/install/moveit_setup_framework:/home/jitesh/ws_moveit2/install/moveit_servo:/home/jitesh/ws_moveit2/install/moveit_ros:/home/jitesh/ws_moveit2/install/moveit_ros_visualization:/home/jitesh/ws_moveit2/install/moveit_hybrid_planning:/home/jitesh/ws_moveit2/install/moveit_ros_planning_interface:/home/jitesh/ws_moveit2/install/moveit_ros_benchmarks:/home/jitesh/ws_moveit2/install/moveit_ros_warehouse:/home/jitesh/ws_moveit2/install/moveit_ros_robot_interaction:/home/jitesh/ws_moveit2/install/moveit_ros_perception:/home/jitesh/ws_moveit2/install/moveit_resources_prbt_pg70_support:/home/jitesh/ws_moveit2/install/moveit_resources_prbt_moveit_config:/home/jitesh/ws_moveit2/install/moveit_ros_move_group:/home/jitesh/ws_moveit2/install/moveit_planners_ompl:/home/jitesh/ws_moveit2/install/moveit_ros_planning:/home/jitesh/ws_moveit2/install/moveit_ros_occupancy_map_monitor:/home/jitesh/ws_moveit2/install/moveit_resources_prbt_ikfast_manipulator_plugin:/home/jitesh/ws_moveit2/install/moveit_planners_chomp:/home/jitesh/ws_moveit2/install/moveit_kinematics:/home/jitesh/ws_moveit2/install/moveit_chomp_optimizer_adapter:/home/jitesh/ws_moveit2/install/chomp_motion_planner:/home/jitesh/ws_moveit2/install/moveit_core:/home/jitesh/ws_moveit2/install/srdfdom:/home/jitesh/ws_moveit2/install/rviz_marker_tools:/home/jitesh/ws_moveit2/install/rosparam_shortcuts:/home/jitesh/ws_moveit2/install/mrm_description:/home/jitesh/ws_moveit2/install/moveit_task_constructor_msgs:/home/jitesh/ws_moveit2/install/moveit_resources_prbt_support:/home/jitesh/ws_moveit2/install/moveit_resources:/home/jitesh/ws_moveit2/install/moveit_resources_pr2_description:/home/jitesh/ws_moveit2/install/moveit_resources_panda_moveit_config:/home/jitesh/ws_moveit2/install/moveit_resources_panda_description:/home/jitesh/ws_moveit2/install/moveit_resources_fanuc_moveit_config:/home/jitesh/ws_moveit2/install/moveit_resources_fanuc_description:/home/jitesh/ws_moveit2/install/moveit_common:/home/jitesh/bookros2_ws/install/urdf_test:/home/jitesh/bookros2_ws/install/tiago_simulation:/home/jitesh/bookros2_ws/install/tiago_robot:/home/jitesh/bookros2_ws/install/tiago_navigation:/home/jitesh/bookros2_ws/install/tiago_gazebo:/home/jitesh/bookros2_ws/install/tiago_moveit_config:/home/jitesh/bookros2_ws/install/tiago_laser_sensors:/home/jitesh/bookros2_ws/install/tiago_bringup:/home/jitesh/bookros2_ws/install/tiago_description:/home/jitesh/bookros2_ws/install/tiago_controller_configuration:/home/jitesh/bookros2_ws/install/tiago_2dnav:/home/jitesh/bookros2_ws/install/pmb2_robot:/home/jitesh/bookros2_ws/install/pmb2_navigation:/home/jitesh/bookros2_ws/install/pmb2_2dnav:/home/jitesh/bookros2_ws/install/pmb2_maps:/home/jitesh/bookros2_ws/install/pmb2_laser_sensors:/home/jitesh/bookros2_ws/install/pmb2_bringup:/home/jitesh/bookros2_ws/install/pmb2_description:/home/jitesh/bookros2_ws/install/pmb2_controller_configuration:/home/jitesh/bookros2_ws/install/pal_gripper:/home/jitesh/bookros2_ws/install/pal_gripper_description:/home/jitesh/bookros2_ws/install/pal_gripper_controller_configuration:/home/jitesh/bookros2_ws/install/pal_gazebo_worlds:/home/jitesh/bookros2_ws/install/hey5_description:/home/jitesh/bookros2_ws/install/groot:/home/jitesh/bookros2_ws/install/br2_vff_avoidance:/home/jitesh/bookros2_ws/install/br2_tracking:/home/jitesh/bookros2_ws/install/br2_tracking_msgs:/home/jitesh/bookros2_ws/install/br2_tiago:/home/jitesh/bookros2_ws/install/br2_tf2_detector:/home/jitesh/bookros2_ws/install/br2_navigation:/home/jitesh/bookros2_ws/install/br2_fsm_bumpgo_cpp:/home/jitesh/bookros2_ws/install/br2_bt_patrolling:/home/jitesh/bookros2_ws/install/br2_bt_bumpgo:/home/jitesh/bookros2_ws/install/br2_basics:/home/jitesh/roboarm_ws/install/mrm_description:/home/jitesh/arduinobot_ws/install/arduinobot_py_examples:/home/jitesh/ws_moveit2/install/moveit_configs_utils:/home/jitesh/ws_moveit2/install/launch_param_builder:/home/jitesh/bookros2_ws/install/launch_pal:/home/jitesh/bookros2_ws/install/br2_fsm_bumpgo_py:/home/jitesh/roboarm_ws/install/my_robot_arm:/home/jitesh/ros2_ws/install/py_srvcli:/home/jitesh/ros2_ws/install/py_pubsub:/opt/ros/humble:/home/jitesh/ros2_ws/install/urdf_tutorial:/home/jitesh/ros2_ws/install/tutorial_interfaces:/home/jitesh/ros2_ws/install/turtlesim:/home/jitesh/ros2_ws/install/polygon_plugins:/home/jitesh/ros2_ws/install/polygon_base:/home/jitesh/ros2_ws/install/my_package:/home/jitesh/ros2_ws/install/more_interfaces:/home/jitesh/ros2_ws/install/dolly:/home/jitesh/ros2_ws/install/dolly_tests:/home/jitesh/ros2_ws/install/dolly_ignition:/home/jitesh/ros2_ws/install/dolly_gazebo:/home/jitesh/ros2_ws/install/dolly_follow:/home/jitesh/ros2_ws/install/cpp_pubsub:/home/jitesh/ros2_ws/install/cpp_parameter:/home/jitesh/ros2_ws/install/action_tutorials_cpp:/home/jitesh/ros2_ws/install/action_tutorials_interfaces /usr/bin/cmake --install /home/jitesh/arduinobot_ws/build/arduinobot_msgs
